<?xml version="1.0" encoding="UTF-8"?>
<robot generator="Robot 3.2.2 (Python 3.8.5 on win32)" generated="20220421 13:36:28.259" rpa="false">
<suite id="s1" name="Features" source="D:\pyCharmProject\pmrms-testing\Features">
<suite id="s1-s1" name="01 Login Admin" source="D:\pyCharmProject\pmrms-testing\Features\01_Login_Admin.robot">
<test id="s1-s1-t1" name="Login Admin">
<kw name="Scenario 1: Login with username valid and password blank">
<doc>Feature: Login Invalid</doc>
<kw name="Given Login page is open" library="login">
<kw name="Open Browser" library="browser">
<kw name="Start Testcase Headless" library="browser">
<kw name="Evaluate" library="BuiltIn">
<doc>Evaluates the given expression in Python and returns the result.</doc>
<arguments>
<arg>sys.modules['selenium.webdriver'].ChromeOptions()</arg>
</arguments>
<assign>
<var>${options}</var>
</assign>
<msg timestamp="20220421 13:36:28.658" level="INFO">${options} = &lt;selenium.webdriver.chrome.options.Options object at 0x0398CB38&gt;</msg>
<status status="PASS" starttime="20220421 13:36:28.657" endtime="20220421 13:36:28.658"></status>
</kw>
<kw name="Call Method" library="BuiltIn">
<doc>Calls the named method of the given object with the provided arguments.</doc>
<arguments>
<arg>${options}</arg>
<arg>add_argument</arg>
<arg>--ignore-certificate-errors</arg>
</arguments>
<status status="PASS" starttime="20220421 13:36:28.658" endtime="20220421 13:36:28.658"></status>
</kw>
<kw name="Call Method" library="BuiltIn">
<doc>Calls the named method of the given object with the provided arguments.</doc>
<arguments>
<arg>${options}</arg>
<arg>add_argument</arg>
<arg>--ignore-ssl-errors</arg>
</arguments>
<status status="PASS" starttime="20220421 13:36:28.659" endtime="20220421 13:36:28.659"></status>
</kw>
<kw name="Call Method" library="BuiltIn">
<doc>Calls the named method of the given object with the provided arguments.</doc>
<arguments>
<arg>${options}</arg>
<arg>add_argument</arg>
<arg>--disable-notifications</arg>
</arguments>
<status status="PASS" starttime="20220421 13:36:28.659" endtime="20220421 13:36:28.659"></status>
</kw>
<kw name="Call Method" library="BuiltIn">
<doc>Calls the named method of the given object with the provided arguments.</doc>
<arguments>
<arg>${options}</arg>
<arg>add_argument</arg>
<arg>--no-sandbox</arg>
</arguments>
<status status="PASS" starttime="20220421 13:36:28.660" endtime="20220421 13:36:28.660"></status>
</kw>
<kw name="Call Method" library="BuiltIn">
<doc>Calls the named method of the given object with the provided arguments.</doc>
<arguments>
<arg>${options}</arg>
<arg>add_argument</arg>
<arg>--disable-gpu</arg>
</arguments>
<status status="PASS" starttime="20220421 13:36:28.660" endtime="20220421 13:36:28.660"></status>
</kw>
<kw name="Call Method" library="BuiltIn">
<doc>Calls the named method of the given object with the provided arguments.</doc>
<arguments>
<arg>${options}</arg>
<arg>add_argument</arg>
<arg>--window-size\=1366,768</arg>
</arguments>
<status status="PASS" starttime="20220421 13:36:28.661" endtime="20220421 13:36:28.661"></status>
</kw>
<kw name="Call Method" library="BuiltIn">
<doc>Calls the named method of the given object with the provided arguments.</doc>
<arguments>
<arg>${options}</arg>
<arg>add_argument</arg>
<arg>--disable-dev-shm-usage</arg>
</arguments>
<status status="PASS" starttime="20220421 13:36:28.661" endtime="20220421 13:36:28.661"></status>
</kw>
<kw name="Create Webdriver" library="SeleniumLibrary">
<doc>Creates an instance of Selenium WebDriver.</doc>
<arguments>
<arg>Chrome</arg>
<arg>chrome_options=${options}</arg>
</arguments>
<msg timestamp="20220421 13:36:28.662" level="INFO">Creating an instance of the Chrome WebDriver.</msg>
<status status="PASS" starttime="20220421 13:36:28.661" endtime="20220421 13:36:29.990"></status>
</kw>
<status status="PASS" starttime="20220421 13:36:28.656" endtime="20220421 13:36:29.991"></status>
</kw>
<kw name="Go To" library="SeleniumLibrary">
<doc>Navigates the active browser instance to the provided ``url``.</doc>
<arguments>
<arg>${chrome_browser}</arg>
</arguments>
<msg timestamp="20220421 13:36:29.993" level="INFO">Opening url 'http://pmrms.greatpmo.com/admin/login'</msg>
<status status="PASS" starttime="20220421 13:36:29.992" endtime="20220421 13:37:01.721"></status>
</kw>
<status status="PASS" starttime="20220421 13:36:28.656" endtime="20220421 13:37:01.722"></status>
</kw>
<status status="PASS" starttime="20220421 13:36:28.656" endtime="20220421 13:37:01.723"></status>
</kw>
<kw name="And Input Valid Username" library="login">
<kw name="Input Text" library="SeleniumLibrary">
<doc>Types the given ``text`` into text field identified by ``locator``.</doc>
<arguments>
<arg>${username}</arg>
<arg>${adm_usr}</arg>
</arguments>
<msg timestamp="20220421 13:37:01.731" level="INFO">Typing text 'ptm15@madrasah.kemenag.go.id' into text field '//input[@id='email']'.</msg>
<status status="PASS" starttime="20220421 13:37:01.728" endtime="20220421 13:37:01.991"></status>
</kw>
<status status="PASS" starttime="20220421 13:37:01.725" endtime="20220421 13:37:01.991"></status>
</kw>
<kw name="Click Button Submit" library="login">
<kw name="Execute Javascript" library="SeleniumLibrary">
<doc>Executes the given JavaScript code with possible arguments.</doc>
<arguments>
<arg>document.evaluate("${btnSubmit}",</arg>
<arg>document, null, XPathResult.ORDERED_NODE_SNAPSHOT_TYPE, null).</arg>
<arg>snapshotItem(0).click();</arg>
</arguments>
<msg timestamp="20220421 13:37:01.994" level="INFO">Executing JavaScript:
document.evaluate("//button[@class='btn']",document, null, XPathResult.ORDERED_NODE_SNAPSHOT_TYPE, null).snapshotItem(0).click();
Without any arguments.</msg>
<status status="PASS" starttime="20220421 13:37:01.992" endtime="20220421 13:37:02.006"></status>
</kw>
<status status="PASS" starttime="20220421 13:37:01.992" endtime="20220421 13:37:02.006"></status>
</kw>
<kw name="Verify Notif Blank Password" library="login">
<kw name="Wait Until Element Is Visible" library="SeleniumLibrary">
<doc>Waits until element ``locator`` is visible.</doc>
<arguments>
<arg>${blank_pwd}</arg>
</arguments>
<status status="PASS" starttime="20220421 13:37:02.009" endtime="20220421 13:37:02.057"></status>
</kw>
<kw name="Page Should Contain Element" library="SeleniumLibrary">
<doc>Verifies that element ``locator`` is found on the current page.</doc>
<arguments>
<arg>${blank_pwd}</arg>
</arguments>
<msg timestamp="20220421 13:37:02.070" level="INFO">Current page contains element '//ngb-alert[text()='Password tidak boleh kosong']'.</msg>
<status status="PASS" starttime="20220421 13:37:02.057" endtime="20220421 13:37:02.070"></status>
</kw>
<status status="PASS" starttime="20220421 13:37:02.006" endtime="20220421 13:37:02.071"></status>
</kw>
<kw name="Finish Testcase" library="browser" type="teardown">
<kw name="Close Browser" library="SeleniumLibrary">
<doc>Closes the current browser.</doc>
<status status="PASS" starttime="20220421 13:37:02.073" endtime="20220421 13:37:04.483"></status>
</kw>
<status status="PASS" starttime="20220421 13:37:02.071" endtime="20220421 13:37:04.483"></status>
</kw>
<status status="PASS" starttime="20220421 13:36:28.655" endtime="20220421 13:37:04.484"></status>
</kw>
<kw name="Scenario 2: Login with username blank and password valid">
<doc>Feature: Login Invalid</doc>
<kw name="Given Login page is open" library="login">
<kw name="Open Browser" library="browser">
<kw name="Start Testcase Headless" library="browser">
<kw name="Evaluate" library="BuiltIn">
<doc>Evaluates the given expression in Python and returns the result.</doc>
<arguments>
<arg>sys.modules['selenium.webdriver'].ChromeOptions()</arg>
</arguments>
<assign>
<var>${options}</var>
</assign>
<msg timestamp="20220421 13:37:04.493" level="INFO">${options} = &lt;selenium.webdriver.chrome.options.Options object at 0x04073A90&gt;</msg>
<status status="PASS" starttime="20220421 13:37:04.491" endtime="20220421 13:37:04.493"></status>
</kw>
<kw name="Call Method" library="BuiltIn">
<doc>Calls the named method of the given object with the provided arguments.</doc>
<arguments>
<arg>${options}</arg>
<arg>add_argument</arg>
<arg>--ignore-certificate-errors</arg>
</arguments>
<status status="PASS" starttime="20220421 13:37:04.493" endtime="20220421 13:37:04.495"></status>
</kw>
<kw name="Call Method" library="BuiltIn">
<doc>Calls the named method of the given object with the provided arguments.</doc>
<arguments>
<arg>${options}</arg>
<arg>add_argument</arg>
<arg>--ignore-ssl-errors</arg>
</arguments>
<status status="PASS" starttime="20220421 13:37:04.495" endtime="20220421 13:37:04.496"></status>
</kw>
<kw name="Call Method" library="BuiltIn">
<doc>Calls the named method of the given object with the provided arguments.</doc>
<arguments>
<arg>${options}</arg>
<arg>add_argument</arg>
<arg>--disable-notifications</arg>
</arguments>
<status status="PASS" starttime="20220421 13:37:04.496" endtime="20220421 13:37:04.497"></status>
</kw>
<kw name="Call Method" library="BuiltIn">
<doc>Calls the named method of the given object with the provided arguments.</doc>
<arguments>
<arg>${options}</arg>
<arg>add_argument</arg>
<arg>--no-sandbox</arg>
</arguments>
<status status="PASS" starttime="20220421 13:37:04.498" endtime="20220421 13:37:04.499"></status>
</kw>
<kw name="Call Method" library="BuiltIn">
<doc>Calls the named method of the given object with the provided arguments.</doc>
<arguments>
<arg>${options}</arg>
<arg>add_argument</arg>
<arg>--disable-gpu</arg>
</arguments>
<status status="PASS" starttime="20220421 13:37:04.499" endtime="20220421 13:37:04.500"></status>
</kw>
<kw name="Call Method" library="BuiltIn">
<doc>Calls the named method of the given object with the provided arguments.</doc>
<arguments>
<arg>${options}</arg>
<arg>add_argument</arg>
<arg>--window-size\=1366,768</arg>
</arguments>
<status status="PASS" starttime="20220421 13:37:04.501" endtime="20220421 13:37:04.502"></status>
</kw>
<kw name="Call Method" library="BuiltIn">
<doc>Calls the named method of the given object with the provided arguments.</doc>
<arguments>
<arg>${options}</arg>
<arg>add_argument</arg>
<arg>--disable-dev-shm-usage</arg>
</arguments>
<status status="PASS" starttime="20220421 13:37:04.502" endtime="20220421 13:37:04.504"></status>
</kw>
<kw name="Create Webdriver" library="SeleniumLibrary">
<doc>Creates an instance of Selenium WebDriver.</doc>
<arguments>
<arg>Chrome</arg>
<arg>chrome_options=${options}</arg>
</arguments>
<msg timestamp="20220421 13:37:04.505" level="INFO">Creating an instance of the Chrome WebDriver.</msg>
<status status="PASS" starttime="20220421 13:37:04.504" endtime="20220421 13:37:05.674"></status>
</kw>
<status status="PASS" starttime="20220421 13:37:04.490" endtime="20220421 13:37:05.675"></status>
</kw>
<kw name="Go To" library="SeleniumLibrary">
<doc>Navigates the active browser instance to the provided ``url``.</doc>
<arguments>
<arg>${chrome_browser}</arg>
</arguments>
<msg timestamp="20220421 13:37:05.676" level="INFO">Opening url 'http://pmrms.greatpmo.com/admin/login'</msg>
<status status="PASS" starttime="20220421 13:37:05.675" endtime="20220421 13:37:29.547"></status>
</kw>
<status status="PASS" starttime="20220421 13:37:04.488" endtime="20220421 13:37:29.548"></status>
</kw>
<status status="PASS" starttime="20220421 13:37:04.486" endtime="20220421 13:37:29.549"></status>
</kw>
<kw name="And Input Valid Password" library="login">
<kw name="Input Text" library="SeleniumLibrary">
<doc>Types the given ``text`` into text field identified by ``locator``.</doc>
<arguments>
<arg>${pwd}</arg>
<arg>${adm_pwd}</arg>
</arguments>
<msg timestamp="20220421 13:37:29.554" level="INFO">Typing text 'User@madrasah2022' into text field '//input[@type='password']'.</msg>
<status status="PASS" starttime="20220421 13:37:29.553" endtime="20220421 13:37:29.868"></status>
</kw>
<status status="PASS" starttime="20220421 13:37:29.551" endtime="20220421 13:37:29.868"></status>
</kw>
<kw name="When Click button submit" library="login">
<kw name="Execute Javascript" library="SeleniumLibrary">
<doc>Executes the given JavaScript code with possible arguments.</doc>
<arguments>
<arg>document.evaluate("${btnSubmit}",</arg>
<arg>document, null, XPathResult.ORDERED_NODE_SNAPSHOT_TYPE, null).</arg>
<arg>snapshotItem(0).click();</arg>
</arguments>
<msg timestamp="20220421 13:37:29.870" level="INFO">Executing JavaScript:
document.evaluate("//button[@class='btn']",document, null, XPathResult.ORDERED_NODE_SNAPSHOT_TYPE, null).snapshotItem(0).click();
Without any arguments.</msg>
<status status="PASS" starttime="20220421 13:37:29.870" endtime="20220421 13:37:29.881"></status>
</kw>
<status status="PASS" starttime="20220421 13:37:29.869" endtime="20220421 13:37:29.881"></status>
</kw>
<kw name="Verify Notif blank username" library="login">
<kw name="Wait Until Element Is Visible" library="SeleniumLibrary">
<doc>Waits until element ``locator`` is visible.</doc>
<arguments>
<arg>${blank_usr}</arg>
</arguments>
<status status="PASS" starttime="20220421 13:37:29.882" endtime="20220421 13:37:29.924"></status>
</kw>
<kw name="Page Should Contain Element" library="SeleniumLibrary">
<doc>Verifies that element ``locator`` is found on the current page.</doc>
<arguments>
<arg>${blank_usr}</arg>
</arguments>
<msg timestamp="20220421 13:37:29.939" level="INFO">Current page contains element '//ngb-alert[text()='Email Tidak Boleh Kosong']'.</msg>
<status status="PASS" starttime="20220421 13:37:29.925" endtime="20220421 13:37:29.940"></status>
</kw>
<status status="PASS" starttime="20220421 13:37:29.881" endtime="20220421 13:37:29.940"></status>
</kw>
<kw name="Finish Testcase" library="browser" type="teardown">
<kw name="Close Browser" library="SeleniumLibrary">
<doc>Closes the current browser.</doc>
<status status="PASS" starttime="20220421 13:37:29.941" endtime="20220421 13:37:32.313"></status>
</kw>
<status status="PASS" starttime="20220421 13:37:29.940" endtime="20220421 13:37:32.313"></status>
</kw>
<status status="PASS" starttime="20220421 13:37:04.485" endtime="20220421 13:37:32.314"></status>
</kw>
<kw name="Scenario 3: Login with username blank and password blank">
<doc>Feature: Login Invalid</doc>
<kw name="Given Login page is open" library="login">
<kw name="Open Browser" library="browser">
<kw name="Start Testcase Headless" library="browser">
<kw name="Evaluate" library="BuiltIn">
<doc>Evaluates the given expression in Python and returns the result.</doc>
<arguments>
<arg>sys.modules['selenium.webdriver'].ChromeOptions()</arg>
</arguments>
<assign>
<var>${options}</var>
</assign>
<msg timestamp="20220421 13:37:32.322" level="INFO">${options} = &lt;selenium.webdriver.chrome.options.Options object at 0x04080E08&gt;</msg>
<status status="PASS" starttime="20220421 13:37:32.320" endtime="20220421 13:37:32.322"></status>
</kw>
<kw name="Call Method" library="BuiltIn">
<doc>Calls the named method of the given object with the provided arguments.</doc>
<arguments>
<arg>${options}</arg>
<arg>add_argument</arg>
<arg>--ignore-certificate-errors</arg>
</arguments>
<status status="PASS" starttime="20220421 13:37:32.323" endtime="20220421 13:37:32.324"></status>
</kw>
<kw name="Call Method" library="BuiltIn">
<doc>Calls the named method of the given object with the provided arguments.</doc>
<arguments>
<arg>${options}</arg>
<arg>add_argument</arg>
<arg>--ignore-ssl-errors</arg>
</arguments>
<status status="PASS" starttime="20220421 13:37:32.324" endtime="20220421 13:37:32.325"></status>
</kw>
<kw name="Call Method" library="BuiltIn">
<doc>Calls the named method of the given object with the provided arguments.</doc>
<arguments>
<arg>${options}</arg>
<arg>add_argument</arg>
<arg>--disable-notifications</arg>
</arguments>
<status status="PASS" starttime="20220421 13:37:32.325" endtime="20220421 13:37:32.326"></status>
</kw>
<kw name="Call Method" library="BuiltIn">
<doc>Calls the named method of the given object with the provided arguments.</doc>
<arguments>
<arg>${options}</arg>
<arg>add_argument</arg>
<arg>--no-sandbox</arg>
</arguments>
<status status="PASS" starttime="20220421 13:37:32.327" endtime="20220421 13:37:32.329"></status>
</kw>
<kw name="Call Method" library="BuiltIn">
<doc>Calls the named method of the given object with the provided arguments.</doc>
<arguments>
<arg>${options}</arg>
<arg>add_argument</arg>
<arg>--disable-gpu</arg>
</arguments>
<status status="PASS" starttime="20220421 13:37:32.329" endtime="20220421 13:37:32.330"></status>
</kw>
<kw name="Call Method" library="BuiltIn">
<doc>Calls the named method of the given object with the provided arguments.</doc>
<arguments>
<arg>${options}</arg>
<arg>add_argument</arg>
<arg>--window-size\=1366,768</arg>
</arguments>
<status status="PASS" starttime="20220421 13:37:32.331" endtime="20220421 13:37:32.333"></status>
</kw>
<kw name="Call Method" library="BuiltIn">
<doc>Calls the named method of the given object with the provided arguments.</doc>
<arguments>
<arg>${options}</arg>
<arg>add_argument</arg>
<arg>--disable-dev-shm-usage</arg>
</arguments>
<status status="PASS" starttime="20220421 13:37:32.333" endtime="20220421 13:37:32.334"></status>
</kw>
<kw name="Create Webdriver" library="SeleniumLibrary">
<doc>Creates an instance of Selenium WebDriver.</doc>
<arguments>
<arg>Chrome</arg>
<arg>chrome_options=${options}</arg>
</arguments>
<msg timestamp="20220421 13:37:32.336" level="INFO">Creating an instance of the Chrome WebDriver.</msg>
<status status="PASS" starttime="20220421 13:37:32.335" endtime="20220421 13:37:33.516"></status>
</kw>
<status status="PASS" starttime="20220421 13:37:32.319" endtime="20220421 13:37:33.516"></status>
</kw>
<kw name="Go To" library="SeleniumLibrary">
<doc>Navigates the active browser instance to the provided ``url``.</doc>
<arguments>
<arg>${chrome_browser}</arg>
</arguments>
<msg timestamp="20220421 13:37:33.516" level="INFO">Opening url 'http://pmrms.greatpmo.com/admin/login'</msg>
<status status="PASS" starttime="20220421 13:37:33.516" endtime="20220421 13:37:47.877"></status>
</kw>
<status status="PASS" starttime="20220421 13:37:32.318" endtime="20220421 13:37:47.877"></status>
</kw>
<status status="PASS" starttime="20220421 13:37:32.317" endtime="20220421 13:37:47.877"></status>
</kw>
<kw name="When Click button submit" library="login">
<kw name="Execute Javascript" library="SeleniumLibrary">
<doc>Executes the given JavaScript code with possible arguments.</doc>
<arguments>
<arg>document.evaluate("${btnSubmit}",</arg>
<arg>document, null, XPathResult.ORDERED_NODE_SNAPSHOT_TYPE, null).</arg>
<arg>snapshotItem(0).click();</arg>
</arguments>
<msg timestamp="20220421 13:37:47.880" level="INFO">Executing JavaScript:
document.evaluate("//button[@class='btn']",document, null, XPathResult.ORDERED_NODE_SNAPSHOT_TYPE, null).snapshotItem(0).click();
Without any arguments.</msg>
<status status="PASS" starttime="20220421 13:37:47.879" endtime="20220421 13:37:47.896"></status>
</kw>
<status status="PASS" starttime="20220421 13:37:47.878" endtime="20220421 13:37:47.897"></status>
</kw>
<kw name="Verify Notif blank username &amp; password" library="login">
<kw name="Wait Until Element Is Visible" library="SeleniumLibrary">
<doc>Waits until element ``locator`` is visible.</doc>
<arguments>
<arg>${blank_usr_pwd}</arg>
</arguments>
<status status="PASS" starttime="20220421 13:37:47.898" endtime="20220421 13:37:47.970"></status>
</kw>
<kw name="Page Should Contain Element" library="SeleniumLibrary">
<doc>Verifies that element ``locator`` is found on the current page.</doc>
<arguments>
<arg>${blank_usr_pwd}</arg>
</arguments>
<msg timestamp="20220421 13:37:47.983" level="INFO">Current page contains element '//ngb-alert[text()='Form tidak boleh kosong']'.</msg>
<status status="PASS" starttime="20220421 13:37:47.971" endtime="20220421 13:37:47.984"></status>
</kw>
<status status="PASS" starttime="20220421 13:37:47.897" endtime="20220421 13:37:47.984"></status>
</kw>
<kw name="Finish Testcase" library="browser" type="teardown">
<kw name="Close Browser" library="SeleniumLibrary">
<doc>Closes the current browser.</doc>
<status status="PASS" starttime="20220421 13:37:47.985" endtime="20220421 13:37:50.387"></status>
</kw>
<status status="PASS" starttime="20220421 13:37:47.984" endtime="20220421 13:37:50.387"></status>
</kw>
<status status="PASS" starttime="20220421 13:37:32.315" endtime="20220421 13:37:50.387"></status>
</kw>
<kw name="Scenario 4: Login with username tidak diketahui">
<doc>Feature: Login Invalid</doc>
<kw name="Given Login page is open" library="login">
<kw name="Open Browser" library="browser">
<kw name="Start Testcase Headless" library="browser">
<kw name="Evaluate" library="BuiltIn">
<doc>Evaluates the given expression in Python and returns the result.</doc>
<arguments>
<arg>sys.modules['selenium.webdriver'].ChromeOptions()</arg>
</arguments>
<assign>
<var>${options}</var>
</assign>
<msg timestamp="20220421 13:37:50.395" level="INFO">${options} = &lt;selenium.webdriver.chrome.options.Options object at 0x04088838&gt;</msg>
<status status="PASS" starttime="20220421 13:37:50.394" endtime="20220421 13:37:50.395"></status>
</kw>
<kw name="Call Method" library="BuiltIn">
<doc>Calls the named method of the given object with the provided arguments.</doc>
<arguments>
<arg>${options}</arg>
<arg>add_argument</arg>
<arg>--ignore-certificate-errors</arg>
</arguments>
<status status="PASS" starttime="20220421 13:37:50.395" endtime="20220421 13:37:50.396"></status>
</kw>
<kw name="Call Method" library="BuiltIn">
<doc>Calls the named method of the given object with the provided arguments.</doc>
<arguments>
<arg>${options}</arg>
<arg>add_argument</arg>
<arg>--ignore-ssl-errors</arg>
</arguments>
<status status="PASS" starttime="20220421 13:37:50.397" endtime="20220421 13:37:50.398"></status>
</kw>
<kw name="Call Method" library="BuiltIn">
<doc>Calls the named method of the given object with the provided arguments.</doc>
<arguments>
<arg>${options}</arg>
<arg>add_argument</arg>
<arg>--disable-notifications</arg>
</arguments>
<status status="PASS" starttime="20220421 13:37:50.398" endtime="20220421 13:37:50.399"></status>
</kw>
<kw name="Call Method" library="BuiltIn">
<doc>Calls the named method of the given object with the provided arguments.</doc>
<arguments>
<arg>${options}</arg>
<arg>add_argument</arg>
<arg>--no-sandbox</arg>
</arguments>
<status status="PASS" starttime="20220421 13:37:50.399" endtime="20220421 13:37:50.400"></status>
</kw>
<kw name="Call Method" library="BuiltIn">
<doc>Calls the named method of the given object with the provided arguments.</doc>
<arguments>
<arg>${options}</arg>
<arg>add_argument</arg>
<arg>--disable-gpu</arg>
</arguments>
<status status="PASS" starttime="20220421 13:37:50.401" endtime="20220421 13:37:50.402"></status>
</kw>
<kw name="Call Method" library="BuiltIn">
<doc>Calls the named method of the given object with the provided arguments.</doc>
<arguments>
<arg>${options}</arg>
<arg>add_argument</arg>
<arg>--window-size\=1366,768</arg>
</arguments>
<status status="PASS" starttime="20220421 13:37:50.402" endtime="20220421 13:37:50.406"></status>
</kw>
<kw name="Call Method" library="BuiltIn">
<doc>Calls the named method of the given object with the provided arguments.</doc>
<arguments>
<arg>${options}</arg>
<arg>add_argument</arg>
<arg>--disable-dev-shm-usage</arg>
</arguments>
<status status="PASS" starttime="20220421 13:37:50.406" endtime="20220421 13:37:50.407"></status>
</kw>
<kw name="Create Webdriver" library="SeleniumLibrary">
<doc>Creates an instance of Selenium WebDriver.</doc>
<arguments>
<arg>Chrome</arg>
<arg>chrome_options=${options}</arg>
</arguments>
<msg timestamp="20220421 13:37:50.409" level="INFO">Creating an instance of the Chrome WebDriver.</msg>
<status status="PASS" starttime="20220421 13:37:50.408" endtime="20220421 13:37:51.575"></status>
</kw>
<status status="PASS" starttime="20220421 13:37:50.392" endtime="20220421 13:37:51.575"></status>
</kw>
<kw name="Go To" library="SeleniumLibrary">
<doc>Navigates the active browser instance to the provided ``url``.</doc>
<arguments>
<arg>${chrome_browser}</arg>
</arguments>
<msg timestamp="20220421 13:37:51.576" level="INFO">Opening url 'http://pmrms.greatpmo.com/admin/login'</msg>
<status status="PASS" starttime="20220421 13:37:51.575" endtime="20220421 13:38:15.237"></status>
</kw>
<status status="PASS" starttime="20220421 13:37:50.391" endtime="20220421 13:38:15.238"></status>
</kw>
<status status="PASS" starttime="20220421 13:37:50.390" endtime="20220421 13:38:15.238"></status>
</kw>
<kw name="And Input Valid Username" library="login">
<kw name="Input Text" library="SeleniumLibrary">
<doc>Types the given ``text`` into text field identified by ``locator``.</doc>
<arguments>
<arg>${username}</arg>
<arg>${adm_usr}</arg>
</arguments>
<msg timestamp="20220421 13:38:15.240" level="INFO">Typing text 'ptm15@madrasah.kemenag.go.id' into text field '//input[@id='email']'.</msg>
<status status="PASS" starttime="20220421 13:38:15.239" endtime="20220421 13:38:15.417"></status>
</kw>
<status status="PASS" starttime="20220421 13:38:15.238" endtime="20220421 13:38:15.418"></status>
</kw>
<kw name="And Input Invalid Password" library="login">
<kw name="Input Text" library="SeleniumLibrary">
<doc>Types the given ``text`` into text field identified by ``locator``.</doc>
<arguments>
<arg>${pwd}</arg>
<arg>${adm_pwd_wrong}</arg>
</arguments>
<msg timestamp="20220421 13:38:15.420" level="INFO">Typing text '1234567890' into text field '//input[@type='password']'.</msg>
<status status="PASS" starttime="20220421 13:38:15.419" endtime="20220421 13:38:15.576"></status>
</kw>
<status status="PASS" starttime="20220421 13:38:15.418" endtime="20220421 13:38:15.576"></status>
</kw>
<kw name="When Click button submit" library="login">
<kw name="Execute Javascript" library="SeleniumLibrary">
<doc>Executes the given JavaScript code with possible arguments.</doc>
<arguments>
<arg>document.evaluate("${btnSubmit}",</arg>
<arg>document, null, XPathResult.ORDERED_NODE_SNAPSHOT_TYPE, null).</arg>
<arg>snapshotItem(0).click();</arg>
</arguments>
<msg timestamp="20220421 13:38:15.578" level="INFO">Executing JavaScript:
document.evaluate("//button[@class='btn']",document, null, XPathResult.ORDERED_NODE_SNAPSHOT_TYPE, null).snapshotItem(0).click();
Without any arguments.</msg>
<status status="PASS" starttime="20220421 13:38:15.577" endtime="20220421 13:38:15.591"></status>
</kw>
<status status="PASS" starttime="20220421 13:38:15.577" endtime="20220421 13:38:15.592"></status>
</kw>
<kw name="Verify Notif Pengguna tidak diketahui" library="login">
<kw name="Wait Until Element Is Visible" library="SeleniumLibrary">
<doc>Waits until element ``locator`` is visible.</doc>
<arguments>
<arg>${usr_tdk_diketahui}</arg>
</arguments>
<status status="PASS" starttime="20220421 13:38:15.593" endtime="20220421 13:38:15.639"></status>
</kw>
<kw name="Page Should Contain Element" library="SeleniumLibrary">
<doc>Verifies that element ``locator`` is found on the current page.</doc>
<arguments>
<arg>${usr_tdk_diketahui}</arg>
</arguments>
<msg timestamp="20220421 13:38:15.653" level="INFO">Current page contains element '//ngb-alert[text()='Pengguna tidak diketahui']'.</msg>
<status status="PASS" starttime="20220421 13:38:15.640" endtime="20220421 13:38:15.653"></status>
</kw>
<status status="PASS" starttime="20220421 13:38:15.592" endtime="20220421 13:38:15.653"></status>
</kw>
<kw name="Finish Testcase" library="browser" type="teardown">
<kw name="Close Browser" library="SeleniumLibrary">
<doc>Closes the current browser.</doc>
<status status="PASS" starttime="20220421 13:38:15.655" endtime="20220421 13:38:18.040"></status>
</kw>
<status status="PASS" starttime="20220421 13:38:15.654" endtime="20220421 13:38:18.040"></status>
</kw>
<status status="PASS" starttime="20220421 13:37:50.389" endtime="20220421 13:38:18.040"></status>
</kw>
<kw name="Scenario 5: Login with username valid and password valid">
<doc>Feature: Login Valid</doc>
<kw name="Given Login page is open" library="login">
<kw name="Open Browser" library="browser">
<kw name="Start Testcase Headless" library="browser">
<kw name="Evaluate" library="BuiltIn">
<doc>Evaluates the given expression in Python and returns the result.</doc>
<arguments>
<arg>sys.modules['selenium.webdriver'].ChromeOptions()</arg>
</arguments>
<assign>
<var>${options}</var>
</assign>
<msg timestamp="20220421 13:38:18.048" level="INFO">${options} = &lt;selenium.webdriver.chrome.options.Options object at 0x0398CB98&gt;</msg>
<status status="PASS" starttime="20220421 13:38:18.047" endtime="20220421 13:38:18.048"></status>
</kw>
<kw name="Call Method" library="BuiltIn">
<doc>Calls the named method of the given object with the provided arguments.</doc>
<arguments>
<arg>${options}</arg>
<arg>add_argument</arg>
<arg>--ignore-certificate-errors</arg>
</arguments>
<status status="PASS" starttime="20220421 13:38:18.049" endtime="20220421 13:38:18.049"></status>
</kw>
<kw name="Call Method" library="BuiltIn">
<doc>Calls the named method of the given object with the provided arguments.</doc>
<arguments>
<arg>${options}</arg>
<arg>add_argument</arg>
<arg>--ignore-ssl-errors</arg>
</arguments>
<status status="PASS" starttime="20220421 13:38:18.050" endtime="20220421 13:38:18.051"></status>
</kw>
<kw name="Call Method" library="BuiltIn">
<doc>Calls the named method of the given object with the provided arguments.</doc>
<arguments>
<arg>${options}</arg>
<arg>add_argument</arg>
<arg>--disable-notifications</arg>
</arguments>
<status status="PASS" starttime="20220421 13:38:18.052" endtime="20220421 13:38:18.053"></status>
</kw>
<kw name="Call Method" library="BuiltIn">
<doc>Calls the named method of the given object with the provided arguments.</doc>
<arguments>
<arg>${options}</arg>
<arg>add_argument</arg>
<arg>--no-sandbox</arg>
</arguments>
<status status="PASS" starttime="20220421 13:38:18.054" endtime="20220421 13:38:18.056"></status>
</kw>
<kw name="Call Method" library="BuiltIn">
<doc>Calls the named method of the given object with the provided arguments.</doc>
<arguments>
<arg>${options}</arg>
<arg>add_argument</arg>
<arg>--disable-gpu</arg>
</arguments>
<status status="PASS" starttime="20220421 13:38:18.056" endtime="20220421 13:38:18.058"></status>
</kw>
<kw name="Call Method" library="BuiltIn">
<doc>Calls the named method of the given object with the provided arguments.</doc>
<arguments>
<arg>${options}</arg>
<arg>add_argument</arg>
<arg>--window-size\=1366,768</arg>
</arguments>
<status status="PASS" starttime="20220421 13:38:18.058" endtime="20220421 13:38:18.058"></status>
</kw>
<kw name="Call Method" library="BuiltIn">
<doc>Calls the named method of the given object with the provided arguments.</doc>
<arguments>
<arg>${options}</arg>
<arg>add_argument</arg>
<arg>--disable-dev-shm-usage</arg>
</arguments>
<status status="PASS" starttime="20220421 13:38:18.059" endtime="20220421 13:38:18.060"></status>
</kw>
<kw name="Create Webdriver" library="SeleniumLibrary">
<doc>Creates an instance of Selenium WebDriver.</doc>
<arguments>
<arg>Chrome</arg>
<arg>chrome_options=${options}</arg>
</arguments>
<msg timestamp="20220421 13:38:18.061" level="INFO">Creating an instance of the Chrome WebDriver.</msg>
<status status="PASS" starttime="20220421 13:38:18.060" endtime="20220421 13:38:19.225"></status>
</kw>
<status status="PASS" starttime="20220421 13:38:18.046" endtime="20220421 13:38:19.225"></status>
</kw>
<kw name="Go To" library="SeleniumLibrary">
<doc>Navigates the active browser instance to the provided ``url``.</doc>
<arguments>
<arg>${chrome_browser}</arg>
</arguments>
<msg timestamp="20220421 13:38:19.225" level="INFO">Opening url 'http://pmrms.greatpmo.com/admin/login'</msg>
<status status="PASS" starttime="20220421 13:38:19.225" endtime="20220421 13:38:23.341"></status>
</kw>
<status status="PASS" starttime="20220421 13:38:18.045" endtime="20220421 13:38:23.341"></status>
</kw>
<status status="PASS" starttime="20220421 13:38:18.043" endtime="20220421 13:38:23.342"></status>
</kw>
<kw name="And Input Valid Username" library="login">
<kw name="Input Text" library="SeleniumLibrary">
<doc>Types the given ``text`` into text field identified by ``locator``.</doc>
<arguments>
<arg>${username}</arg>
<arg>${adm_usr}</arg>
</arguments>
<msg timestamp="20220421 13:38:23.343" level="INFO">Typing text 'ptm15@madrasah.kemenag.go.id' into text field '//input[@id='email']'.</msg>
<status status="PASS" starttime="20220421 13:38:23.343" endtime="20220421 13:38:23.612"></status>
</kw>
<status status="PASS" starttime="20220421 13:38:23.342" endtime="20220421 13:38:23.612"></status>
</kw>
<kw name="And Input Valid Password" library="login">
<kw name="Input Text" library="SeleniumLibrary">
<doc>Types the given ``text`` into text field identified by ``locator``.</doc>
<arguments>
<arg>${pwd}</arg>
<arg>${adm_pwd}</arg>
</arguments>
<msg timestamp="20220421 13:38:23.614" level="INFO">Typing text 'User@madrasah2022' into text field '//input[@type='password']'.</msg>
<status status="PASS" starttime="20220421 13:38:23.613" endtime="20220421 13:38:23.772"></status>
</kw>
<status status="PASS" starttime="20220421 13:38:23.613" endtime="20220421 13:38:23.773"></status>
</kw>
<kw name="When Click button submit" library="login">
<kw name="Execute Javascript" library="SeleniumLibrary">
<doc>Executes the given JavaScript code with possible arguments.</doc>
<arguments>
<arg>document.evaluate("${btnSubmit}",</arg>
<arg>document, null, XPathResult.ORDERED_NODE_SNAPSHOT_TYPE, null).</arg>
<arg>snapshotItem(0).click();</arg>
</arguments>
<msg timestamp="20220421 13:38:23.775" level="INFO">Executing JavaScript:
document.evaluate("//button[@class='btn']",document, null, XPathResult.ORDERED_NODE_SNAPSHOT_TYPE, null).snapshotItem(0).click();
Without any arguments.</msg>
<status status="PASS" starttime="20220421 13:38:23.774" endtime="20220421 13:38:23.792"></status>
</kw>
<status status="PASS" starttime="20220421 13:38:23.773" endtime="20220421 13:38:23.792"></status>
</kw>
<kw name="Verify Home Page Penanggung Jawab is open" library="login">
<kw name="Wait Until Element Is Visible" library="SeleniumLibrary">
<doc>Waits until element ``locator`` is visible.</doc>
<arguments>
<arg>${Verify_Profile}</arg>
<arg>timeout=30s</arg>
</arguments>
<status status="PASS" starttime="20220421 13:38:23.793" endtime="20220421 13:38:25.423"></status>
</kw>
<kw name="Page Should Contain Element" library="SeleniumLibrary">
<doc>Verifies that element ``locator`` is found on the current page.</doc>
<arguments>
<arg>${Verify_Profile}</arg>
</arguments>
<msg timestamp="20220421 13:38:25.439" level="INFO">Current page contains element 'css= .profile-button'.</msg>
<status status="PASS" starttime="20220421 13:38:25.425" endtime="20220421 13:38:25.439"></status>
</kw>
<status status="PASS" starttime="20220421 13:38:23.793" endtime="20220421 13:38:25.439"></status>
</kw>
<kw name="Finish Testcase" library="browser" type="teardown">
<kw name="Close Browser" library="SeleniumLibrary">
<doc>Closes the current browser.</doc>
<status status="PASS" starttime="20220421 13:38:25.441" endtime="20220421 13:38:27.828"></status>
</kw>
<status status="PASS" starttime="20220421 13:38:25.440" endtime="20220421 13:38:27.828"></status>
</kw>
<status status="PASS" starttime="20220421 13:38:18.042" endtime="20220421 13:38:27.829"></status>
</kw>
<kw name="Finish Testcase" library="browser" type="teardown">
<kw name="Close Browser" library="SeleniumLibrary">
<doc>Closes the current browser.</doc>
<status status="PASS" starttime="20220421 13:38:27.832" endtime="20220421 13:38:27.833"></status>
</kw>
<status status="PASS" starttime="20220421 13:38:27.831" endtime="20220421 13:38:27.834"></status>
</kw>
<doc>Regression Login Admin</doc>
<tags>
<tag>Functionality</tag>
</tags>
<status status="PASS" starttime="20220421 13:36:28.654" endtime="20220421 13:38:27.834" critical="yes"></status>
</test>
<doc>Regression Test Login Admin</doc>
<status status="PASS" starttime="20220421 13:36:28.302" endtime="20220421 13:38:27.841"></status>
</suite>
<suite id="s1-s2" name="02 Login Role Komponen" source="D:\pyCharmProject\pmrms-testing\Features\02_Login_Role_Komponen.robot">
<test id="s1-s2-t1" name="Login Role Komponen">
<kw name="Scenario 1: Login with username valid and password blank">
<doc>Feature: Login Invalid</doc>
<kw name="Given Login page is open" library="login">
<kw name="Open Browser" library="browser">
<kw name="Start Testcase Headless" library="browser">
<kw name="Evaluate" library="BuiltIn">
<doc>Evaluates the given expression in Python and returns the result.</doc>
<arguments>
<arg>sys.modules['selenium.webdriver'].ChromeOptions()</arg>
</arguments>
<assign>
<var>${options}</var>
</assign>
<msg timestamp="20220421 13:38:27.886" level="INFO">${options} = &lt;selenium.webdriver.chrome.options.Options object at 0x03987880&gt;</msg>
<status status="PASS" starttime="20220421 13:38:27.884" endtime="20220421 13:38:27.886"></status>
</kw>
<kw name="Call Method" library="BuiltIn">
<doc>Calls the named method of the given object with the provided arguments.</doc>
<arguments>
<arg>${options}</arg>
<arg>add_argument</arg>
<arg>--ignore-certificate-errors</arg>
</arguments>
<status status="PASS" starttime="20220421 13:38:27.887" endtime="20220421 13:38:27.888"></status>
</kw>
<kw name="Call Method" library="BuiltIn">
<doc>Calls the named method of the given object with the provided arguments.</doc>
<arguments>
<arg>${options}</arg>
<arg>add_argument</arg>
<arg>--ignore-ssl-errors</arg>
</arguments>
<status status="PASS" starttime="20220421 13:38:27.888" endtime="20220421 13:38:27.889"></status>
</kw>
<kw name="Call Method" library="BuiltIn">
<doc>Calls the named method of the given object with the provided arguments.</doc>
<arguments>
<arg>${options}</arg>
<arg>add_argument</arg>
<arg>--disable-notifications</arg>
</arguments>
<status status="PASS" starttime="20220421 13:38:27.890" endtime="20220421 13:38:27.891"></status>
</kw>
<kw name="Call Method" library="BuiltIn">
<doc>Calls the named method of the given object with the provided arguments.</doc>
<arguments>
<arg>${options}</arg>
<arg>add_argument</arg>
<arg>--no-sandbox</arg>
</arguments>
<status status="PASS" starttime="20220421 13:38:27.891" endtime="20220421 13:38:27.892"></status>
</kw>
<kw name="Call Method" library="BuiltIn">
<doc>Calls the named method of the given object with the provided arguments.</doc>
<arguments>
<arg>${options}</arg>
<arg>add_argument</arg>
<arg>--disable-gpu</arg>
</arguments>
<status status="PASS" starttime="20220421 13:38:27.892" endtime="20220421 13:38:27.893"></status>
</kw>
<kw name="Call Method" library="BuiltIn">
<doc>Calls the named method of the given object with the provided arguments.</doc>
<arguments>
<arg>${options}</arg>
<arg>add_argument</arg>
<arg>--window-size\=1366,768</arg>
</arguments>
<status status="PASS" starttime="20220421 13:38:27.894" endtime="20220421 13:38:27.894"></status>
</kw>
<kw name="Call Method" library="BuiltIn">
<doc>Calls the named method of the given object with the provided arguments.</doc>
<arguments>
<arg>${options}</arg>
<arg>add_argument</arg>
<arg>--disable-dev-shm-usage</arg>
</arguments>
<status status="PASS" starttime="20220421 13:38:27.895" endtime="20220421 13:38:27.895"></status>
</kw>
<kw name="Create Webdriver" library="SeleniumLibrary">
<doc>Creates an instance of Selenium WebDriver.</doc>
<arguments>
<arg>Chrome</arg>
<arg>chrome_options=${options}</arg>
</arguments>
<msg timestamp="20220421 13:38:27.896" level="INFO">Creating an instance of the Chrome WebDriver.</msg>
<status status="PASS" starttime="20220421 13:38:27.896" endtime="20220421 13:38:29.073"></status>
</kw>
<status status="PASS" starttime="20220421 13:38:27.883" endtime="20220421 13:38:29.073"></status>
</kw>
<kw name="Go To" library="SeleniumLibrary">
<doc>Navigates the active browser instance to the provided ``url``.</doc>
<arguments>
<arg>${chrome_browser}</arg>
</arguments>
<msg timestamp="20220421 13:38:29.074" level="INFO">Opening url 'http://pmrms.greatpmo.com/admin/login'</msg>
<status status="PASS" starttime="20220421 13:38:29.073" endtime="20220421 13:38:54.047"></status>
</kw>
<status status="PASS" starttime="20220421 13:38:27.882" endtime="20220421 13:38:54.048"></status>
</kw>
<status status="PASS" starttime="20220421 13:38:27.881" endtime="20220421 13:38:54.048"></status>
</kw>
<kw name="Input Valid Username role komponen 4" library="login">
<kw name="Input Text" library="SeleniumLibrary">
<doc>Types the given ``text`` into text field identified by ``locator``.</doc>
<arguments>
<arg>${username}</arg>
<arg>${usr_role4}</arg>
</arguments>
<msg timestamp="20220421 13:38:54.051" level="INFO">Typing text 'ptm16@madrasah.kemenag.go.id' into text field '//input[@id='email']'.</msg>
<status status="PASS" starttime="20220421 13:38:54.051" endtime="20220421 13:38:54.305"></status>
</kw>
<status status="PASS" starttime="20220421 13:38:54.050" endtime="20220421 13:38:54.306"></status>
</kw>
<kw name="Click Button Submit" library="login">
<kw name="Execute Javascript" library="SeleniumLibrary">
<doc>Executes the given JavaScript code with possible arguments.</doc>
<arguments>
<arg>document.evaluate("${btnSubmit}",</arg>
<arg>document, null, XPathResult.ORDERED_NODE_SNAPSHOT_TYPE, null).</arg>
<arg>snapshotItem(0).click();</arg>
</arguments>
<msg timestamp="20220421 13:38:54.309" level="INFO">Executing JavaScript:
document.evaluate("//button[@class='btn']",document, null, XPathResult.ORDERED_NODE_SNAPSHOT_TYPE, null).snapshotItem(0).click();
Without any arguments.</msg>
<status status="PASS" starttime="20220421 13:38:54.307" endtime="20220421 13:38:54.334"></status>
</kw>
<status status="PASS" starttime="20220421 13:38:54.306" endtime="20220421 13:38:54.334"></status>
</kw>
<kw name="Verify Notif Blank Password" library="login">
<kw name="Wait Until Element Is Visible" library="SeleniumLibrary">
<doc>Waits until element ``locator`` is visible.</doc>
<arguments>
<arg>${blank_pwd}</arg>
</arguments>
<status status="PASS" starttime="20220421 13:38:54.336" endtime="20220421 13:38:54.392"></status>
</kw>
<kw name="Page Should Contain Element" library="SeleniumLibrary">
<doc>Verifies that element ``locator`` is found on the current page.</doc>
<arguments>
<arg>${blank_pwd}</arg>
</arguments>
<msg timestamp="20220421 13:38:54.408" level="INFO">Current page contains element '//ngb-alert[text()='Password tidak boleh kosong']'.</msg>
<status status="PASS" starttime="20220421 13:38:54.393" endtime="20220421 13:38:54.408"></status>
</kw>
<status status="PASS" starttime="20220421 13:38:54.335" endtime="20220421 13:38:54.408"></status>
</kw>
<kw name="Finish Testcase" library="browser" type="teardown">
<kw name="Close Browser" library="SeleniumLibrary">
<doc>Closes the current browser.</doc>
<status status="PASS" starttime="20220421 13:38:54.410" endtime="20220421 13:38:56.876"></status>
</kw>
<status status="PASS" starttime="20220421 13:38:54.409" endtime="20220421 13:38:56.877"></status>
</kw>
<status status="PASS" starttime="20220421 13:38:27.880" endtime="20220421 13:38:56.877"></status>
</kw>
<kw name="Scenario 2: Login with username blank and password valid">
<doc>Feature: Login Invalid</doc>
<kw name="Given Login page is open" library="login">
<kw name="Open Browser" library="browser">
<kw name="Start Testcase Headless" library="browser">
<kw name="Evaluate" library="BuiltIn">
<doc>Evaluates the given expression in Python and returns the result.</doc>
<arguments>
<arg>sys.modules['selenium.webdriver'].ChromeOptions()</arg>
</arguments>
<assign>
<var>${options}</var>
</assign>
<msg timestamp="20220421 13:38:56.886" level="INFO">${options} = &lt;selenium.webdriver.chrome.options.Options object at 0x04088850&gt;</msg>
<status status="PASS" starttime="20220421 13:38:56.885" endtime="20220421 13:38:56.886"></status>
</kw>
<kw name="Call Method" library="BuiltIn">
<doc>Calls the named method of the given object with the provided arguments.</doc>
<arguments>
<arg>${options}</arg>
<arg>add_argument</arg>
<arg>--ignore-certificate-errors</arg>
</arguments>
<status status="PASS" starttime="20220421 13:38:56.887" endtime="20220421 13:38:56.888"></status>
</kw>
<kw name="Call Method" library="BuiltIn">
<doc>Calls the named method of the given object with the provided arguments.</doc>
<arguments>
<arg>${options}</arg>
<arg>add_argument</arg>
<arg>--ignore-ssl-errors</arg>
</arguments>
<status status="PASS" starttime="20220421 13:38:56.888" endtime="20220421 13:38:56.889"></status>
</kw>
<kw name="Call Method" library="BuiltIn">
<doc>Calls the named method of the given object with the provided arguments.</doc>
<arguments>
<arg>${options}</arg>
<arg>add_argument</arg>
<arg>--disable-notifications</arg>
</arguments>
<status status="PASS" starttime="20220421 13:38:56.889" endtime="20220421 13:38:56.891"></status>
</kw>
<kw name="Call Method" library="BuiltIn">
<doc>Calls the named method of the given object with the provided arguments.</doc>
<arguments>
<arg>${options}</arg>
<arg>add_argument</arg>
<arg>--no-sandbox</arg>
</arguments>
<status status="PASS" starttime="20220421 13:38:56.891" endtime="20220421 13:38:56.892"></status>
</kw>
<kw name="Call Method" library="BuiltIn">
<doc>Calls the named method of the given object with the provided arguments.</doc>
<arguments>
<arg>${options}</arg>
<arg>add_argument</arg>
<arg>--disable-gpu</arg>
</arguments>
<status status="PASS" starttime="20220421 13:38:56.892" endtime="20220421 13:38:56.893"></status>
</kw>
<kw name="Call Method" library="BuiltIn">
<doc>Calls the named method of the given object with the provided arguments.</doc>
<arguments>
<arg>${options}</arg>
<arg>add_argument</arg>
<arg>--window-size\=1366,768</arg>
</arguments>
<status status="PASS" starttime="20220421 13:38:56.894" endtime="20220421 13:38:56.895"></status>
</kw>
<kw name="Call Method" library="BuiltIn">
<doc>Calls the named method of the given object with the provided arguments.</doc>
<arguments>
<arg>${options}</arg>
<arg>add_argument</arg>
<arg>--disable-dev-shm-usage</arg>
</arguments>
<status status="PASS" starttime="20220421 13:38:56.895" endtime="20220421 13:38:56.896"></status>
</kw>
<kw name="Create Webdriver" library="SeleniumLibrary">
<doc>Creates an instance of Selenium WebDriver.</doc>
<arguments>
<arg>Chrome</arg>
<arg>chrome_options=${options}</arg>
</arguments>
<msg timestamp="20220421 13:38:56.897" level="INFO">Creating an instance of the Chrome WebDriver.</msg>
<status status="PASS" starttime="20220421 13:38:56.896" endtime="20220421 13:38:58.113"></status>
</kw>
<status status="PASS" starttime="20220421 13:38:56.883" endtime="20220421 13:38:58.113"></status>
</kw>
<kw name="Go To" library="SeleniumLibrary">
<doc>Navigates the active browser instance to the provided ``url``.</doc>
<arguments>
<arg>${chrome_browser}</arg>
</arguments>
<msg timestamp="20220421 13:38:58.113" level="INFO">Opening url 'http://pmrms.greatpmo.com/admin/login'</msg>
<status status="PASS" starttime="20220421 13:38:58.113" endtime="20220421 13:39:23.363"></status>
</kw>
<status status="PASS" starttime="20220421 13:38:56.882" endtime="20220421 13:39:23.363"></status>
</kw>
<status status="PASS" starttime="20220421 13:38:56.880" endtime="20220421 13:39:23.364"></status>
</kw>
<kw name="And Input Valid Password Role" library="login">
<kw name="Input Text" library="SeleniumLibrary">
<doc>Types the given ``text`` into text field identified by ``locator``.</doc>
<arguments>
<arg>${pwd}</arg>
<arg>${user_pwd}</arg>
</arguments>
<msg timestamp="20220421 13:39:23.366" level="INFO">Typing text 'User@madrasah2022' into text field '//input[@type='password']'.</msg>
<status status="PASS" starttime="20220421 13:39:23.365" endtime="20220421 13:39:23.603"></status>
</kw>
<status status="PASS" starttime="20220421 13:39:23.364" endtime="20220421 13:39:23.603"></status>
</kw>
<kw name="When Click button submit" library="login">
<kw name="Execute Javascript" library="SeleniumLibrary">
<doc>Executes the given JavaScript code with possible arguments.</doc>
<arguments>
<arg>document.evaluate("${btnSubmit}",</arg>
<arg>document, null, XPathResult.ORDERED_NODE_SNAPSHOT_TYPE, null).</arg>
<arg>snapshotItem(0).click();</arg>
</arguments>
<msg timestamp="20220421 13:39:23.605" level="INFO">Executing JavaScript:
document.evaluate("//button[@class='btn']",document, null, XPathResult.ORDERED_NODE_SNAPSHOT_TYPE, null).snapshotItem(0).click();
Without any arguments.</msg>
<status status="PASS" starttime="20220421 13:39:23.605" endtime="20220421 13:39:23.622"></status>
</kw>
<status status="PASS" starttime="20220421 13:39:23.604" endtime="20220421 13:39:23.622"></status>
</kw>
<kw name="Verify Notif blank username" library="login">
<kw name="Wait Until Element Is Visible" library="SeleniumLibrary">
<doc>Waits until element ``locator`` is visible.</doc>
<arguments>
<arg>${blank_usr}</arg>
</arguments>
<status status="PASS" starttime="20220421 13:39:23.624" endtime="20220421 13:39:23.678"></status>
</kw>
<kw name="Page Should Contain Element" library="SeleniumLibrary">
<doc>Verifies that element ``locator`` is found on the current page.</doc>
<arguments>
<arg>${blank_usr}</arg>
</arguments>
<msg timestamp="20220421 13:39:23.691" level="INFO">Current page contains element '//ngb-alert[text()='Email Tidak Boleh Kosong']'.</msg>
<status status="PASS" starttime="20220421 13:39:23.678" endtime="20220421 13:39:23.691"></status>
</kw>
<status status="PASS" starttime="20220421 13:39:23.622" endtime="20220421 13:39:23.692"></status>
</kw>
<kw name="Finish Testcase" library="browser" type="teardown">
<kw name="Close Browser" library="SeleniumLibrary">
<doc>Closes the current browser.</doc>
<status status="PASS" starttime="20220421 13:39:23.693" endtime="20220421 13:39:26.049"></status>
</kw>
<status status="PASS" starttime="20220421 13:39:23.692" endtime="20220421 13:39:26.049"></status>
</kw>
<status status="PASS" starttime="20220421 13:38:56.879" endtime="20220421 13:39:26.050"></status>
</kw>
<kw name="Scenario 3: Login with username blank and password blank">
<doc>Feature: Login Invalid</doc>
<kw name="Given Login page is open" library="login">
<kw name="Open Browser" library="browser">
<kw name="Start Testcase Headless" library="browser">
<kw name="Evaluate" library="BuiltIn">
<doc>Evaluates the given expression in Python and returns the result.</doc>
<arguments>
<arg>sys.modules['selenium.webdriver'].ChromeOptions()</arg>
</arguments>
<assign>
<var>${options}</var>
</assign>
<msg timestamp="20220421 13:39:26.059" level="INFO">${options} = &lt;selenium.webdriver.chrome.options.Options object at 0x04080B68&gt;</msg>
<status status="PASS" starttime="20220421 13:39:26.057" endtime="20220421 13:39:26.059"></status>
</kw>
<kw name="Call Method" library="BuiltIn">
<doc>Calls the named method of the given object with the provided arguments.</doc>
<arguments>
<arg>${options}</arg>
<arg>add_argument</arg>
<arg>--ignore-certificate-errors</arg>
</arguments>
<status status="PASS" starttime="20220421 13:39:26.059" endtime="20220421 13:39:26.060"></status>
</kw>
<kw name="Call Method" library="BuiltIn">
<doc>Calls the named method of the given object with the provided arguments.</doc>
<arguments>
<arg>${options}</arg>
<arg>add_argument</arg>
<arg>--ignore-ssl-errors</arg>
</arguments>
<status status="PASS" starttime="20220421 13:39:26.061" endtime="20220421 13:39:26.062"></status>
</kw>
<kw name="Call Method" library="BuiltIn">
<doc>Calls the named method of the given object with the provided arguments.</doc>
<arguments>
<arg>${options}</arg>
<arg>add_argument</arg>
<arg>--disable-notifications</arg>
</arguments>
<status status="PASS" starttime="20220421 13:39:26.062" endtime="20220421 13:39:26.063"></status>
</kw>
<kw name="Call Method" library="BuiltIn">
<doc>Calls the named method of the given object with the provided arguments.</doc>
<arguments>
<arg>${options}</arg>
<arg>add_argument</arg>
<arg>--no-sandbox</arg>
</arguments>
<status status="PASS" starttime="20220421 13:39:26.063" endtime="20220421 13:39:26.064"></status>
</kw>
<kw name="Call Method" library="BuiltIn">
<doc>Calls the named method of the given object with the provided arguments.</doc>
<arguments>
<arg>${options}</arg>
<arg>add_argument</arg>
<arg>--disable-gpu</arg>
</arguments>
<status status="PASS" starttime="20220421 13:39:26.065" endtime="20220421 13:39:26.065"></status>
</kw>
<kw name="Call Method" library="BuiltIn">
<doc>Calls the named method of the given object with the provided arguments.</doc>
<arguments>
<arg>${options}</arg>
<arg>add_argument</arg>
<arg>--window-size\=1366,768</arg>
</arguments>
<status status="PASS" starttime="20220421 13:39:26.066" endtime="20220421 13:39:26.067"></status>
</kw>
<kw name="Call Method" library="BuiltIn">
<doc>Calls the named method of the given object with the provided arguments.</doc>
<arguments>
<arg>${options}</arg>
<arg>add_argument</arg>
<arg>--disable-dev-shm-usage</arg>
</arguments>
<status status="PASS" starttime="20220421 13:39:26.068" endtime="20220421 13:39:26.068"></status>
</kw>
<kw name="Create Webdriver" library="SeleniumLibrary">
<doc>Creates an instance of Selenium WebDriver.</doc>
<arguments>
<arg>Chrome</arg>
<arg>chrome_options=${options}</arg>
</arguments>
<msg timestamp="20220421 13:39:26.070" level="INFO">Creating an instance of the Chrome WebDriver.</msg>
<status status="PASS" starttime="20220421 13:39:26.069" endtime="20220421 13:39:27.265"></status>
</kw>
<status status="PASS" starttime="20220421 13:39:26.056" endtime="20220421 13:39:27.266"></status>
</kw>
<kw name="Go To" library="SeleniumLibrary">
<doc>Navigates the active browser instance to the provided ``url``.</doc>
<arguments>
<arg>${chrome_browser}</arg>
</arguments>
<msg timestamp="20220421 13:39:27.267" level="INFO">Opening url 'http://pmrms.greatpmo.com/admin/login'</msg>
<status status="PASS" starttime="20220421 13:39:27.266" endtime="20220421 13:39:41.887"></status>
</kw>
<status status="PASS" starttime="20220421 13:39:26.054" endtime="20220421 13:39:41.888"></status>
</kw>
<status status="PASS" starttime="20220421 13:39:26.053" endtime="20220421 13:39:41.889"></status>
</kw>
<kw name="When Click button submit" library="login">
<kw name="Execute Javascript" library="SeleniumLibrary">
<doc>Executes the given JavaScript code with possible arguments.</doc>
<arguments>
<arg>document.evaluate("${btnSubmit}",</arg>
<arg>document, null, XPathResult.ORDERED_NODE_SNAPSHOT_TYPE, null).</arg>
<arg>snapshotItem(0).click();</arg>
</arguments>
<msg timestamp="20220421 13:39:41.894" level="INFO">Executing JavaScript:
document.evaluate("//button[@class='btn']",document, null, XPathResult.ORDERED_NODE_SNAPSHOT_TYPE, null).snapshotItem(0).click();
Without any arguments.</msg>
<status status="PASS" starttime="20220421 13:39:41.892" endtime="20220421 13:39:41.950"></status>
</kw>
<status status="PASS" starttime="20220421 13:39:41.890" endtime="20220421 13:39:41.951"></status>
</kw>
<kw name="Verify Notif blank username &amp; password" library="login">
<kw name="Wait Until Element Is Visible" library="SeleniumLibrary">
<doc>Waits until element ``locator`` is visible.</doc>
<arguments>
<arg>${blank_usr_pwd}</arg>
</arguments>
<status status="PASS" starttime="20220421 13:39:41.953" endtime="20220421 13:39:42.033"></status>
</kw>
<kw name="Page Should Contain Element" library="SeleniumLibrary">
<doc>Verifies that element ``locator`` is found on the current page.</doc>
<arguments>
<arg>${blank_usr_pwd}</arg>
</arguments>
<msg timestamp="20220421 13:39:42.050" level="INFO">Current page contains element '//ngb-alert[text()='Form tidak boleh kosong']'.</msg>
<status status="PASS" starttime="20220421 13:39:42.034" endtime="20220421 13:39:42.050"></status>
</kw>
<status status="PASS" starttime="20220421 13:39:41.952" endtime="20220421 13:39:42.051"></status>
</kw>
<kw name="Finish Testcase" library="browser" type="teardown">
<kw name="Close Browser" library="SeleniumLibrary">
<doc>Closes the current browser.</doc>
<status status="PASS" starttime="20220421 13:39:42.053" endtime="20220421 13:39:44.465"></status>
</kw>
<status status="PASS" starttime="20220421 13:39:42.051" endtime="20220421 13:39:44.466"></status>
</kw>
<status status="PASS" starttime="20220421 13:39:26.052" endtime="20220421 13:39:44.467"></status>
</kw>
<kw name="Scenario 4: Login with username tidak diketahui">
<doc>Feature: Login Invalid</doc>
<kw name="Given Login page is open" library="login">
<kw name="Open Browser" library="browser">
<kw name="Start Testcase Headless" library="browser">
<kw name="Evaluate" library="BuiltIn">
<doc>Evaluates the given expression in Python and returns the result.</doc>
<arguments>
<arg>sys.modules['selenium.webdriver'].ChromeOptions()</arg>
</arguments>
<assign>
<var>${options}</var>
</assign>
<msg timestamp="20220421 13:39:44.474" level="INFO">${options} = &lt;selenium.webdriver.chrome.options.Options object at 0x0409FE50&gt;</msg>
<status status="PASS" starttime="20220421 13:39:44.473" endtime="20220421 13:39:44.474"></status>
</kw>
<kw name="Call Method" library="BuiltIn">
<doc>Calls the named method of the given object with the provided arguments.</doc>
<arguments>
<arg>${options}</arg>
<arg>add_argument</arg>
<arg>--ignore-certificate-errors</arg>
</arguments>
<status status="PASS" starttime="20220421 13:39:44.474" endtime="20220421 13:39:44.475"></status>
</kw>
<kw name="Call Method" library="BuiltIn">
<doc>Calls the named method of the given object with the provided arguments.</doc>
<arguments>
<arg>${options}</arg>
<arg>add_argument</arg>
<arg>--ignore-ssl-errors</arg>
</arguments>
<status status="PASS" starttime="20220421 13:39:44.476" endtime="20220421 13:39:44.477"></status>
</kw>
<kw name="Call Method" library="BuiltIn">
<doc>Calls the named method of the given object with the provided arguments.</doc>
<arguments>
<arg>${options}</arg>
<arg>add_argument</arg>
<arg>--disable-notifications</arg>
</arguments>
<status status="PASS" starttime="20220421 13:39:44.478" endtime="20220421 13:39:44.479"></status>
</kw>
<kw name="Call Method" library="BuiltIn">
<doc>Calls the named method of the given object with the provided arguments.</doc>
<arguments>
<arg>${options}</arg>
<arg>add_argument</arg>
<arg>--no-sandbox</arg>
</arguments>
<status status="PASS" starttime="20220421 13:39:44.479" endtime="20220421 13:39:44.480"></status>
</kw>
<kw name="Call Method" library="BuiltIn">
<doc>Calls the named method of the given object with the provided arguments.</doc>
<arguments>
<arg>${options}</arg>
<arg>add_argument</arg>
<arg>--disable-gpu</arg>
</arguments>
<status status="PASS" starttime="20220421 13:39:44.480" endtime="20220421 13:39:44.482"></status>
</kw>
<kw name="Call Method" library="BuiltIn">
<doc>Calls the named method of the given object with the provided arguments.</doc>
<arguments>
<arg>${options}</arg>
<arg>add_argument</arg>
<arg>--window-size\=1366,768</arg>
</arguments>
<status status="PASS" starttime="20220421 13:39:44.482" endtime="20220421 13:39:44.483"></status>
</kw>
<kw name="Call Method" library="BuiltIn">
<doc>Calls the named method of the given object with the provided arguments.</doc>
<arguments>
<arg>${options}</arg>
<arg>add_argument</arg>
<arg>--disable-dev-shm-usage</arg>
</arguments>
<status status="PASS" starttime="20220421 13:39:44.484" endtime="20220421 13:39:44.485"></status>
</kw>
<kw name="Create Webdriver" library="SeleniumLibrary">
<doc>Creates an instance of Selenium WebDriver.</doc>
<arguments>
<arg>Chrome</arg>
<arg>chrome_options=${options}</arg>
</arguments>
<msg timestamp="20220421 13:39:44.486" level="INFO">Creating an instance of the Chrome WebDriver.</msg>
<status status="PASS" starttime="20220421 13:39:44.485" endtime="20220421 13:39:45.665"></status>
</kw>
<status status="PASS" starttime="20220421 13:39:44.472" endtime="20220421 13:39:45.665"></status>
</kw>
<kw name="Go To" library="SeleniumLibrary">
<doc>Navigates the active browser instance to the provided ``url``.</doc>
<arguments>
<arg>${chrome_browser}</arg>
</arguments>
<msg timestamp="20220421 13:39:45.666" level="INFO">Opening url 'http://pmrms.greatpmo.com/admin/login'</msg>
<status status="PASS" starttime="20220421 13:39:45.665" endtime="20220421 13:39:54.812"></status>
</kw>
<status status="PASS" starttime="20220421 13:39:44.470" endtime="20220421 13:39:54.812"></status>
</kw>
<status status="PASS" starttime="20220421 13:39:44.469" endtime="20220421 13:39:54.813"></status>
</kw>
<kw name="Input Valid Username role komponen 4" library="login">
<kw name="Input Text" library="SeleniumLibrary">
<doc>Types the given ``text`` into text field identified by ``locator``.</doc>
<arguments>
<arg>${username}</arg>
<arg>${usr_role4}</arg>
</arguments>
<msg timestamp="20220421 13:39:54.814" level="INFO">Typing text 'ptm16@madrasah.kemenag.go.id' into text field '//input[@id='email']'.</msg>
<status status="PASS" starttime="20220421 13:39:54.814" endtime="20220421 13:39:54.976"></status>
</kw>
<status status="PASS" starttime="20220421 13:39:54.813" endtime="20220421 13:39:54.976"></status>
</kw>
<kw name="And Input Invalid Password" library="login">
<kw name="Input Text" library="SeleniumLibrary">
<doc>Types the given ``text`` into text field identified by ``locator``.</doc>
<arguments>
<arg>${pwd}</arg>
<arg>${adm_pwd_wrong}</arg>
</arguments>
<msg timestamp="20220421 13:39:54.978" level="INFO">Typing text '1234567890' into text field '//input[@type='password']'.</msg>
<status status="PASS" starttime="20220421 13:39:54.977" endtime="20220421 13:39:55.116"></status>
</kw>
<status status="PASS" starttime="20220421 13:39:54.976" endtime="20220421 13:39:55.117"></status>
</kw>
<kw name="When Click button submit" library="login">
<kw name="Execute Javascript" library="SeleniumLibrary">
<doc>Executes the given JavaScript code with possible arguments.</doc>
<arguments>
<arg>document.evaluate("${btnSubmit}",</arg>
<arg>document, null, XPathResult.ORDERED_NODE_SNAPSHOT_TYPE, null).</arg>
<arg>snapshotItem(0).click();</arg>
</arguments>
<msg timestamp="20220421 13:39:55.119" level="INFO">Executing JavaScript:
document.evaluate("//button[@class='btn']",document, null, XPathResult.ORDERED_NODE_SNAPSHOT_TYPE, null).snapshotItem(0).click();
Without any arguments.</msg>
<status status="PASS" starttime="20220421 13:39:55.118" endtime="20220421 13:39:55.130"></status>
</kw>
<status status="PASS" starttime="20220421 13:39:55.117" endtime="20220421 13:39:55.130"></status>
</kw>
<kw name="Verify Notif Pengguna tidak diketahui" library="login">
<kw name="Wait Until Element Is Visible" library="SeleniumLibrary">
<doc>Waits until element ``locator`` is visible.</doc>
<arguments>
<arg>${usr_tdk_diketahui}</arg>
</arguments>
<status status="PASS" starttime="20220421 13:39:55.132" endtime="20220421 13:39:55.177"></status>
</kw>
<kw name="Page Should Contain Element" library="SeleniumLibrary">
<doc>Verifies that element ``locator`` is found on the current page.</doc>
<arguments>
<arg>${usr_tdk_diketahui}</arg>
</arguments>
<msg timestamp="20220421 13:39:55.190" level="INFO">Current page contains element '//ngb-alert[text()='Pengguna tidak diketahui']'.</msg>
<status status="PASS" starttime="20220421 13:39:55.177" endtime="20220421 13:39:55.190"></status>
</kw>
<status status="PASS" starttime="20220421 13:39:55.131" endtime="20220421 13:39:55.190"></status>
</kw>
<kw name="Finish Testcase" library="browser" type="teardown">
<kw name="Close Browser" library="SeleniumLibrary">
<doc>Closes the current browser.</doc>
<status status="PASS" starttime="20220421 13:39:55.191" endtime="20220421 13:39:57.637"></status>
</kw>
<status status="PASS" starttime="20220421 13:39:55.190" endtime="20220421 13:39:57.637"></status>
</kw>
<status status="PASS" starttime="20220421 13:39:44.468" endtime="20220421 13:39:57.638"></status>
</kw>
<kw name="Scenario 5: Login with username valid and password valid">
<doc>Feature: Login Valid</doc>
<kw name="Given Login page is open" library="login">
<kw name="Open Browser" library="browser">
<kw name="Start Testcase Headless" library="browser">
<kw name="Evaluate" library="BuiltIn">
<doc>Evaluates the given expression in Python and returns the result.</doc>
<arguments>
<arg>sys.modules['selenium.webdriver'].ChromeOptions()</arg>
</arguments>
<assign>
<var>${options}</var>
</assign>
<msg timestamp="20220421 13:39:57.646" level="INFO">${options} = &lt;selenium.webdriver.chrome.options.Options object at 0x039B9A60&gt;</msg>
<status status="PASS" starttime="20220421 13:39:57.644" endtime="20220421 13:39:57.646"></status>
</kw>
<kw name="Call Method" library="BuiltIn">
<doc>Calls the named method of the given object with the provided arguments.</doc>
<arguments>
<arg>${options}</arg>
<arg>add_argument</arg>
<arg>--ignore-certificate-errors</arg>
</arguments>
<status status="PASS" starttime="20220421 13:39:57.647" endtime="20220421 13:39:57.648"></status>
</kw>
<kw name="Call Method" library="BuiltIn">
<doc>Calls the named method of the given object with the provided arguments.</doc>
<arguments>
<arg>${options}</arg>
<arg>add_argument</arg>
<arg>--ignore-ssl-errors</arg>
</arguments>
<status status="PASS" starttime="20220421 13:39:57.648" endtime="20220421 13:39:57.649"></status>
</kw>
<kw name="Call Method" library="BuiltIn">
<doc>Calls the named method of the given object with the provided arguments.</doc>
<arguments>
<arg>${options}</arg>
<arg>add_argument</arg>
<arg>--disable-notifications</arg>
</arguments>
<status status="PASS" starttime="20220421 13:39:57.650" endtime="20220421 13:39:57.651"></status>
</kw>
<kw name="Call Method" library="BuiltIn">
<doc>Calls the named method of the given object with the provided arguments.</doc>
<arguments>
<arg>${options}</arg>
<arg>add_argument</arg>
<arg>--no-sandbox</arg>
</arguments>
<status status="PASS" starttime="20220421 13:39:57.652" endtime="20220421 13:39:57.653"></status>
</kw>
<kw name="Call Method" library="BuiltIn">
<doc>Calls the named method of the given object with the provided arguments.</doc>
<arguments>
<arg>${options}</arg>
<arg>add_argument</arg>
<arg>--disable-gpu</arg>
</arguments>
<status status="PASS" starttime="20220421 13:39:57.654" endtime="20220421 13:39:57.655"></status>
</kw>
<kw name="Call Method" library="BuiltIn">
<doc>Calls the named method of the given object with the provided arguments.</doc>
<arguments>
<arg>${options}</arg>
<arg>add_argument</arg>
<arg>--window-size\=1366,768</arg>
</arguments>
<status status="PASS" starttime="20220421 13:39:57.655" endtime="20220421 13:39:57.656"></status>
</kw>
<kw name="Call Method" library="BuiltIn">
<doc>Calls the named method of the given object with the provided arguments.</doc>
<arguments>
<arg>${options}</arg>
<arg>add_argument</arg>
<arg>--disable-dev-shm-usage</arg>
</arguments>
<status status="PASS" starttime="20220421 13:39:57.657" endtime="20220421 13:39:57.657"></status>
</kw>
<kw name="Create Webdriver" library="SeleniumLibrary">
<doc>Creates an instance of Selenium WebDriver.</doc>
<arguments>
<arg>Chrome</arg>
<arg>chrome_options=${options}</arg>
</arguments>
<msg timestamp="20220421 13:39:57.659" level="INFO">Creating an instance of the Chrome WebDriver.</msg>
<status status="PASS" starttime="20220421 13:39:57.658" endtime="20220421 13:39:58.857"></status>
</kw>
<status status="PASS" starttime="20220421 13:39:57.643" endtime="20220421 13:39:58.857"></status>
</kw>
<kw name="Go To" library="SeleniumLibrary">
<doc>Navigates the active browser instance to the provided ``url``.</doc>
<arguments>
<arg>${chrome_browser}</arg>
</arguments>
<msg timestamp="20220421 13:39:58.858" level="INFO">Opening url 'http://pmrms.greatpmo.com/admin/login'</msg>
<status status="PASS" starttime="20220421 13:39:58.857" endtime="20220421 13:40:08.705"></status>
</kw>
<status status="PASS" starttime="20220421 13:39:57.642" endtime="20220421 13:40:08.705"></status>
</kw>
<status status="PASS" starttime="20220421 13:39:57.640" endtime="20220421 13:40:08.706"></status>
</kw>
<kw name="Input Valid Username role komponen 4" library="login">
<kw name="Input Text" library="SeleniumLibrary">
<doc>Types the given ``text`` into text field identified by ``locator``.</doc>
<arguments>
<arg>${username}</arg>
<arg>${usr_role4}</arg>
</arguments>
<msg timestamp="20220421 13:40:08.707" level="INFO">Typing text 'ptm16@madrasah.kemenag.go.id' into text field '//input[@id='email']'.</msg>
<status status="PASS" starttime="20220421 13:40:08.707" endtime="20220421 13:40:08.888"></status>
</kw>
<status status="PASS" starttime="20220421 13:40:08.706" endtime="20220421 13:40:08.889"></status>
</kw>
<kw name="And Input Valid Password Role" library="login">
<kw name="Input Text" library="SeleniumLibrary">
<doc>Types the given ``text`` into text field identified by ``locator``.</doc>
<arguments>
<arg>${pwd}</arg>
<arg>${user_pwd}</arg>
</arguments>
<msg timestamp="20220421 13:40:08.890" level="INFO">Typing text 'User@madrasah2022' into text field '//input[@type='password']'.</msg>
<status status="PASS" starttime="20220421 13:40:08.890" endtime="20220421 13:40:09.046"></status>
</kw>
<status status="PASS" starttime="20220421 13:40:08.889" endtime="20220421 13:40:09.046"></status>
</kw>
<kw name="When Click button submit" library="login">
<kw name="Execute Javascript" library="SeleniumLibrary">
<doc>Executes the given JavaScript code with possible arguments.</doc>
<arguments>
<arg>document.evaluate("${btnSubmit}",</arg>
<arg>document, null, XPathResult.ORDERED_NODE_SNAPSHOT_TYPE, null).</arg>
<arg>snapshotItem(0).click();</arg>
</arguments>
<msg timestamp="20220421 13:40:09.048" level="INFO">Executing JavaScript:
document.evaluate("//button[@class='btn']",document, null, XPathResult.ORDERED_NODE_SNAPSHOT_TYPE, null).snapshotItem(0).click();
Without any arguments.</msg>
<status status="PASS" starttime="20220421 13:40:09.047" endtime="20220421 13:40:09.063"></status>
</kw>
<status status="PASS" starttime="20220421 13:40:09.047" endtime="20220421 13:40:09.063"></status>
</kw>
<kw name="Then Verify Home Page Penanggung Jawab is open" library="login">
<kw name="Wait Until Element Is Visible" library="SeleniumLibrary">
<doc>Waits until element ``locator`` is visible.</doc>
<arguments>
<arg>${Verify_Profile}</arg>
<arg>timeout=30s</arg>
</arguments>
<status status="PASS" starttime="20220421 13:40:09.064" endtime="20220421 13:40:10.576"></status>
</kw>
<kw name="Page Should Contain Element" library="SeleniumLibrary">
<doc>Verifies that element ``locator`` is found on the current page.</doc>
<arguments>
<arg>${Verify_Profile}</arg>
</arguments>
<msg timestamp="20220421 13:40:10.589" level="INFO">Current page contains element 'css= .profile-button'.</msg>
<status status="PASS" starttime="20220421 13:40:10.576" endtime="20220421 13:40:10.589"></status>
</kw>
<status status="PASS" starttime="20220421 13:40:09.063" endtime="20220421 13:40:10.590"></status>
</kw>
<kw name="Finish Testcase" library="browser" type="teardown">
<kw name="Close Browser" library="SeleniumLibrary">
<doc>Closes the current browser.</doc>
<status status="PASS" starttime="20220421 13:40:10.590" endtime="20220421 13:40:13.006"></status>
</kw>
<status status="PASS" starttime="20220421 13:40:10.590" endtime="20220421 13:40:13.006"></status>
</kw>
<status status="PASS" starttime="20220421 13:39:57.639" endtime="20220421 13:40:13.006"></status>
</kw>
<kw name="Finish Testcase" library="browser" type="teardown">
<kw name="Close Browser" library="SeleniumLibrary">
<doc>Closes the current browser.</doc>
<status status="PASS" starttime="20220421 13:40:13.009" endtime="20220421 13:40:13.009"></status>
</kw>
<status status="PASS" starttime="20220421 13:40:13.007" endtime="20220421 13:40:13.010"></status>
</kw>
<doc>Regression Login Role Komponen</doc>
<tags>
<tag>Functionality</tag>
</tags>
<status status="PASS" starttime="20220421 13:38:27.878" endtime="20220421 13:40:13.011" critical="yes"></status>
</test>
<doc>Regression Test Login Role Komponen</doc>
<status status="PASS" starttime="20220421 13:38:27.848" endtime="20220421 13:40:13.017"></status>
</suite>
<suite id="s1-s3" name="03 Login Staff Administrasi" source="D:\pyCharmProject\pmrms-testing\Features\03_Login_Staff_Administrasi.robot">
<test id="s1-s3-t1" name="Login Staff Administrasi">
<kw name="Scenario 1: Login with username valid and password blank">
<doc>Feature: Login Invalid</doc>
<kw name="Given Login page is open" library="login">
<kw name="Open Browser" library="browser">
<kw name="Start Testcase Headless" library="browser">
<kw name="Evaluate" library="BuiltIn">
<doc>Evaluates the given expression in Python and returns the result.</doc>
<arguments>
<arg>sys.modules['selenium.webdriver'].ChromeOptions()</arg>
</arguments>
<assign>
<var>${options}</var>
</assign>
<msg timestamp="20220421 13:40:13.045" level="INFO">${options} = &lt;selenium.webdriver.chrome.options.Options object at 0x04080748&gt;</msg>
<status status="PASS" starttime="20220421 13:40:13.043" endtime="20220421 13:40:13.045"></status>
</kw>
<kw name="Call Method" library="BuiltIn">
<doc>Calls the named method of the given object with the provided arguments.</doc>
<arguments>
<arg>${options}</arg>
<arg>add_argument</arg>
<arg>--ignore-certificate-errors</arg>
</arguments>
<status status="PASS" starttime="20220421 13:40:13.045" endtime="20220421 13:40:13.045"></status>
</kw>
<kw name="Call Method" library="BuiltIn">
<doc>Calls the named method of the given object with the provided arguments.</doc>
<arguments>
<arg>${options}</arg>
<arg>add_argument</arg>
<arg>--ignore-ssl-errors</arg>
</arguments>
<status status="PASS" starttime="20220421 13:40:13.045" endtime="20220421 13:40:13.046"></status>
</kw>
<kw name="Call Method" library="BuiltIn">
<doc>Calls the named method of the given object with the provided arguments.</doc>
<arguments>
<arg>${options}</arg>
<arg>add_argument</arg>
<arg>--disable-notifications</arg>
</arguments>
<status status="PASS" starttime="20220421 13:40:13.046" endtime="20220421 13:40:13.047"></status>
</kw>
<kw name="Call Method" library="BuiltIn">
<doc>Calls the named method of the given object with the provided arguments.</doc>
<arguments>
<arg>${options}</arg>
<arg>add_argument</arg>
<arg>--no-sandbox</arg>
</arguments>
<status status="PASS" starttime="20220421 13:40:13.047" endtime="20220421 13:40:13.048"></status>
</kw>
<kw name="Call Method" library="BuiltIn">
<doc>Calls the named method of the given object with the provided arguments.</doc>
<arguments>
<arg>${options}</arg>
<arg>add_argument</arg>
<arg>--disable-gpu</arg>
</arguments>
<status status="PASS" starttime="20220421 13:40:13.048" endtime="20220421 13:40:13.049"></status>
</kw>
<kw name="Call Method" library="BuiltIn">
<doc>Calls the named method of the given object with the provided arguments.</doc>
<arguments>
<arg>${options}</arg>
<arg>add_argument</arg>
<arg>--window-size\=1366,768</arg>
</arguments>
<status status="PASS" starttime="20220421 13:40:13.049" endtime="20220421 13:40:13.049"></status>
</kw>
<kw name="Call Method" library="BuiltIn">
<doc>Calls the named method of the given object with the provided arguments.</doc>
<arguments>
<arg>${options}</arg>
<arg>add_argument</arg>
<arg>--disable-dev-shm-usage</arg>
</arguments>
<status status="PASS" starttime="20220421 13:40:13.050" endtime="20220421 13:40:13.050"></status>
</kw>
<kw name="Create Webdriver" library="SeleniumLibrary">
<doc>Creates an instance of Selenium WebDriver.</doc>
<arguments>
<arg>Chrome</arg>
<arg>chrome_options=${options}</arg>
</arguments>
<msg timestamp="20220421 13:40:13.051" level="INFO">Creating an instance of the Chrome WebDriver.</msg>
<status status="PASS" starttime="20220421 13:40:13.050" endtime="20220421 13:40:14.269"></status>
</kw>
<status status="PASS" starttime="20220421 13:40:13.042" endtime="20220421 13:40:14.269"></status>
</kw>
<kw name="Go To" library="SeleniumLibrary">
<doc>Navigates the active browser instance to the provided ``url``.</doc>
<arguments>
<arg>${chrome_browser}</arg>
</arguments>
<msg timestamp="20220421 13:40:14.270" level="INFO">Opening url 'http://pmrms.greatpmo.com/admin/login'</msg>
<status status="PASS" starttime="20220421 13:40:14.269" endtime="20220421 13:40:28.717"></status>
</kw>
<status status="PASS" starttime="20220421 13:40:13.041" endtime="20220421 13:40:28.718"></status>
</kw>
<status status="PASS" starttime="20220421 13:40:13.041" endtime="20220421 13:40:28.718"></status>
</kw>
<kw name="Input Valid Username staff administrasi" library="login">
<kw name="Input Text" library="SeleniumLibrary">
<doc>Types the given ``text`` into text field identified by ``locator``.</doc>
<arguments>
<arg>${username}</arg>
<arg>${usr_staffAdmin}</arg>
</arguments>
<msg timestamp="20220421 13:40:28.719" level="INFO">Typing text 'ptm22@madrasah.kemenag.go.id' into text field '//input[@id='email']'.</msg>
<status status="PASS" starttime="20220421 13:40:28.719" endtime="20220421 13:40:28.919"></status>
</kw>
<status status="PASS" starttime="20220421 13:40:28.718" endtime="20220421 13:40:28.919"></status>
</kw>
<kw name="Click Button Submit" library="login">
<kw name="Execute Javascript" library="SeleniumLibrary">
<doc>Executes the given JavaScript code with possible arguments.</doc>
<arguments>
<arg>document.evaluate("${btnSubmit}",</arg>
<arg>document, null, XPathResult.ORDERED_NODE_SNAPSHOT_TYPE, null).</arg>
<arg>snapshotItem(0).click();</arg>
</arguments>
<msg timestamp="20220421 13:40:28.921" level="INFO">Executing JavaScript:
document.evaluate("//button[@class='btn']",document, null, XPathResult.ORDERED_NODE_SNAPSHOT_TYPE, null).snapshotItem(0).click();
Without any arguments.</msg>
<status status="PASS" starttime="20220421 13:40:28.920" endtime="20220421 13:40:28.940"></status>
</kw>
<status status="PASS" starttime="20220421 13:40:28.919" endtime="20220421 13:40:28.941"></status>
</kw>
<kw name="Verify Notif Blank Password" library="login">
<kw name="Wait Until Element Is Visible" library="SeleniumLibrary">
<doc>Waits until element ``locator`` is visible.</doc>
<arguments>
<arg>${blank_pwd}</arg>
</arguments>
<status status="PASS" starttime="20220421 13:40:28.942" endtime="20220421 13:40:28.989"></status>
</kw>
<kw name="Page Should Contain Element" library="SeleniumLibrary">
<doc>Verifies that element ``locator`` is found on the current page.</doc>
<arguments>
<arg>${blank_pwd}</arg>
</arguments>
<msg timestamp="20220421 13:40:29.002" level="INFO">Current page contains element '//ngb-alert[text()='Password tidak boleh kosong']'.</msg>
<status status="PASS" starttime="20220421 13:40:28.989" endtime="20220421 13:40:29.002"></status>
</kw>
<status status="PASS" starttime="20220421 13:40:28.941" endtime="20220421 13:40:29.003"></status>
</kw>
<kw name="Finish Testcase" library="browser" type="teardown">
<kw name="Close Browser" library="SeleniumLibrary">
<doc>Closes the current browser.</doc>
<status status="PASS" starttime="20220421 13:40:29.004" endtime="20220421 13:40:31.458"></status>
</kw>
<status status="PASS" starttime="20220421 13:40:29.003" endtime="20220421 13:40:31.459"></status>
</kw>
<status status="PASS" starttime="20220421 13:40:13.040" endtime="20220421 13:40:31.459"></status>
</kw>
<kw name="Scenario 2: Login with username blank and password valid">
<doc>Feature: Login Invalid</doc>
<kw name="Given Login page is open" library="login">
<kw name="Open Browser" library="browser">
<kw name="Start Testcase Headless" library="browser">
<kw name="Evaluate" library="BuiltIn">
<doc>Evaluates the given expression in Python and returns the result.</doc>
<arguments>
<arg>sys.modules['selenium.webdriver'].ChromeOptions()</arg>
</arguments>
<assign>
<var>${options}</var>
</assign>
<msg timestamp="20220421 13:40:31.465" level="INFO">${options} = &lt;selenium.webdriver.chrome.options.Options object at 0x00630C40&gt;</msg>
[...]
</arguments>
<msg timestamp="20220421 13:46:17.356" level="INFO">Clicking element '//div[7]//label[contains(.,'Iya')]'.</msg>
<status status="PASS" starttime="20220421 13:46:17.356" endtime="20220421 13:46:17.450"></status>
</kw>
<kw name="Click Element" library="SeleniumLibrary">
<doc>Click element identified by ``locator``.</doc>
<arguments>
<arg>${simpanQuality}</arg>
</arguments>
<msg timestamp="20220421 13:46:17.451" level="INFO">Clicking element '//button[text()=' Simpan ']'.</msg>
<status status="PASS" starttime="20220421 13:46:17.451" endtime="20220421 13:46:17.532"></status>
</kw>
<status status="PASS" starttime="20220421 13:46:15.853" endtime="20220421 13:46:17.532"></status>
</kw>
<status status="PASS" starttime="20220421 13:46:07.708" endtime="20220421 13:46:17.533"></status>
</kw>
<kw name="Scenario 13: Coordinator Melakukan Approval">
<kw name="Click Button Setuju" library="kegiatan">
<kw name="Wait Until Element Is Visible" library="SeleniumLibrary">
<doc>Waits until element ``locator`` is visible.</doc>
<arguments>
<arg>${btnSetuju}</arg>
</arguments>
<status status="PASS" starttime="20220421 13:46:17.536" endtime="20220421 13:46:17.581"></status>
</kw>
<kw name="Execute Javascript" library="SeleniumLibrary">
<doc>Executes the given JavaScript code with possible arguments.</doc>
<arguments>
<arg>document.evaluate("${btnSetuju}",</arg>
<arg>document, null, XPathResult.ORDERED_NODE_SNAPSHOT_TYPE, null).</arg>
<arg>snapshotItem(0).click();</arg>
</arguments>
<msg timestamp="20220421 13:46:17.582" level="INFO">Executing JavaScript:
document.evaluate("//label[.='Setuju']",document, null, XPathResult.ORDERED_NODE_SNAPSHOT_TYPE, null).snapshotItem(0).click();
Without any arguments.</msg>
<status status="PASS" starttime="20220421 13:46:17.581" endtime="20220421 13:46:17.672"></status>
</kw>
<status status="PASS" starttime="20220421 13:46:17.535" endtime="20220421 13:46:17.673"></status>
</kw>
<kw name="Input Catatan" library="kegiatan">
<kw name="Input Text" library="SeleniumLibrary">
<doc>Types the given ``text`` into text field identified by ``locator``.</doc>
<arguments>
<arg>${catatan}</arg>
<arg>automation testing</arg>
</arguments>
<msg timestamp="20220421 13:46:17.673" level="INFO">Typing text 'automation testing' into text field '//label[text()='Catatan :']/following::textarea'.</msg>
<status status="PASS" starttime="20220421 13:46:17.673" endtime="20220421 13:46:17.893"></status>
</kw>
<status status="PASS" starttime="20220421 13:46:17.673" endtime="20220421 13:46:17.893"></status>
</kw>
<kw name="Click Button Kirim" library="kegiatan">
<kw name="Execute Javascript" library="SeleniumLibrary">
<doc>Executes the given JavaScript code with possible arguments.</doc>
<arguments>
<arg>document.evaluate("${btnKirim}",</arg>
<arg>document, null, XPathResult.ORDERED_NODE_SNAPSHOT_TYPE, null).</arg>
<arg>snapshotItem(0).click();</arg>
</arguments>
<msg timestamp="20220421 13:46:17.896" level="INFO">Executing JavaScript:
document.evaluate("//label[.='Kirim']",document, null, XPathResult.ORDERED_NODE_SNAPSHOT_TYPE, null).snapshotItem(0).click();
Without any arguments.</msg>
<status status="PASS" starttime="20220421 13:46:17.895" endtime="20220421 13:46:17.908"></status>
</kw>
<status status="PASS" starttime="20220421 13:46:17.894" endtime="20220421 13:46:17.908"></status>
</kw>
<status status="PASS" starttime="20220421 13:46:17.534" endtime="20220421 13:46:17.908"></status>
</kw>
<kw name="Finish Testcase" library="browser" type="teardown">
<kw name="Close Browser" library="SeleniumLibrary">
<doc>Closes the current browser.</doc>
<status status="PASS" starttime="20220421 13:46:17.910" endtime="20220421 13:46:20.416"></status>
</kw>
<status status="PASS" starttime="20220421 13:46:17.909" endtime="20220421 13:46:20.417"></status>
</kw>
<doc>Regression Menu Kegiatan</doc>
<tags>
<tag>Functionality</tag>
</tags>
<status status="PASS" starttime="20220421 13:45:18.926" endtime="20220421 13:46:20.418" critical="yes"></status>
</test>
<doc>Regression Test Menu Kegiatan</doc>
<status status="PASS" starttime="20220421 13:45:18.869" endtime="20220421 13:46:20.421"></status>
</suite>
<suite id="s1-s13" name="16 Event" source="D:\pyCharmProject\pmrms-testing\Features\16_Event.robot">
<test id="s1-s13-t1" name="Menu Event">
<kw name="Scenario 1: Login with username valid and password valid">
<kw name="Given Login page is open" library="login">
<kw name="Open Browser" library="browser">
<kw name="Start Testcase Headless" library="browser">
<kw name="Evaluate" library="BuiltIn">
<doc>Evaluates the given expression in Python and returns the result.</doc>
<arguments>
<arg>sys.modules['selenium.webdriver'].ChromeOptions()</arg>
</arguments>
<assign>
<var>${options}</var>
</assign>
<msg timestamp="20220421 13:46:20.497" level="INFO">${options} = &lt;selenium.webdriver.chrome.options.Options object at 0x00EC9EC8&gt;</msg>
<status status="PASS" starttime="20220421 13:46:20.496" endtime="20220421 13:46:20.497"></status>
</kw>
<kw name="Call Method" library="BuiltIn">
<doc>Calls the named method of the given object with the provided arguments.</doc>
<arguments>
<arg>${options}</arg>
<arg>add_argument</arg>
<arg>--ignore-certificate-errors</arg>
</arguments>
<status status="PASS" starttime="20220421 13:46:20.497" endtime="20220421 13:46:20.498"></status>
</kw>
<kw name="Call Method" library="BuiltIn">
<doc>Calls the named method of the given object with the provided arguments.</doc>
<arguments>
<arg>${options}</arg>
<arg>add_argument</arg>
<arg>--ignore-ssl-errors</arg>
</arguments>
<status status="PASS" starttime="20220421 13:46:20.499" endtime="20220421 13:46:20.500"></status>
</kw>
<kw name="Call Method" library="BuiltIn">
<doc>Calls the named method of the given object with the provided arguments.</doc>
<arguments>
<arg>${options}</arg>
<arg>add_argument</arg>
<arg>--disable-notifications</arg>
</arguments>
<status status="PASS" starttime="20220421 13:46:20.501" endtime="20220421 13:46:20.502"></status>
</kw>
<kw name="Call Method" library="BuiltIn">
<doc>Calls the named method of the given object with the provided arguments.</doc>
<arguments>
<arg>${options}</arg>
<arg>add_argument</arg>
<arg>--no-sandbox</arg>
</arguments>
<status status="PASS" starttime="20220421 13:46:20.502" endtime="20220421 13:46:20.503"></status>
</kw>
<kw name="Call Method" library="BuiltIn">
<doc>Calls the named method of the given object with the provided arguments.</doc>
<arguments>
<arg>${options}</arg>
<arg>add_argument</arg>
<arg>--disable-gpu</arg>
</arguments>
<status status="PASS" starttime="20220421 13:46:20.503" endtime="20220421 13:46:20.504"></status>
</kw>
<kw name="Call Method" library="BuiltIn">
<doc>Calls the named method of the given object with the provided arguments.</doc>
<arguments>
<arg>${options}</arg>
<arg>add_argument</arg>
<arg>--window-size\=1366,768</arg>
</arguments>
<status status="PASS" starttime="20220421 13:46:20.504" endtime="20220421 13:46:20.505"></status>
</kw>
<kw name="Call Method" library="BuiltIn">
<doc>Calls the named method of the given object with the provided arguments.</doc>
<arguments>
<arg>${options}</arg>
<arg>add_argument</arg>
<arg>--disable-dev-shm-usage</arg>
</arguments>
<status status="PASS" starttime="20220421 13:46:20.506" endtime="20220421 13:46:20.506"></status>
</kw>
<kw name="Create Webdriver" library="SeleniumLibrary">
<doc>Creates an instance of Selenium WebDriver.</doc>
<arguments>
<arg>Chrome</arg>
<arg>chrome_options=${options}</arg>
</arguments>
<msg timestamp="20220421 13:46:20.508" level="INFO">Creating an instance of the Chrome WebDriver.</msg>
<status status="PASS" starttime="20220421 13:46:20.507" endtime="20220421 13:46:21.848"></status>
</kw>
<status status="PASS" starttime="20220421 13:46:20.494" endtime="20220421 13:46:21.849"></status>
</kw>
<kw name="Go To" library="SeleniumLibrary">
<doc>Navigates the active browser instance to the provided ``url``.</doc>
<arguments>
<arg>${chrome_browser}</arg>
</arguments>
<msg timestamp="20220421 13:46:21.851" level="INFO">Opening url 'http://pmrms.greatpmo.com/admin/login'</msg>
<status status="PASS" starttime="20220421 13:46:21.849" endtime="20220421 13:46:37.793"></status>
</kw>
<status status="PASS" starttime="20220421 13:46:20.493" endtime="20220421 13:46:37.793"></status>
</kw>
<status status="PASS" starttime="20220421 13:46:20.492" endtime="20220421 13:46:37.793"></status>
</kw>
<kw name="And Input Valid Username" library="login">
<kw name="Input Text" library="SeleniumLibrary">
<doc>Types the given ``text`` into text field identified by ``locator``.</doc>
<arguments>
<arg>${username}</arg>
<arg>${adm_usr}</arg>
</arguments>
<msg timestamp="20220421 13:46:37.796" level="INFO">Typing text 'ptm15@madrasah.kemenag.go.id' into text field '//input[@id='email']'.</msg>
<status status="PASS" starttime="20220421 13:46:37.795" endtime="20220421 13:46:37.993"></status>
</kw>
<status status="PASS" starttime="20220421 13:46:37.794" endtime="20220421 13:46:37.994"></status>
</kw>
<kw name="And Input Valid Password" library="login">
<kw name="Input Text" library="SeleniumLibrary">
<doc>Types the given ``text`` into text field identified by ``locator``.</doc>
<arguments>
<arg>${pwd}</arg>
<arg>${adm_pwd}</arg>
</arguments>
<msg timestamp="20220421 13:46:37.996" level="INFO">Typing text 'User@madrasah2022' into text field '//input[@type='password']'.</msg>
<status status="PASS" starttime="20220421 13:46:37.995" endtime="20220421 13:46:38.168"></status>
</kw>
<status status="PASS" starttime="20220421 13:46:37.994" endtime="20220421 13:46:38.168"></status>
</kw>
<kw name="When Click button submit" library="login">
<kw name="Execute Javascript" library="SeleniumLibrary">
<doc>Executes the given JavaScript code with possible arguments.</doc>
<arguments>
<arg>document.evaluate("${btnSubmit}",</arg>
<arg>document, null, XPathResult.ORDERED_NODE_SNAPSHOT_TYPE, null).</arg>
<arg>snapshotItem(0).click();</arg>
</arguments>
<msg timestamp="20220421 13:46:38.169" level="INFO">Executing JavaScript:
document.evaluate("//button[@class='btn']",document, null, XPathResult.ORDERED_NODE_SNAPSHOT_TYPE, null).snapshotItem(0).click();
Without any arguments.</msg>
<status status="PASS" starttime="20220421 13:46:38.169" endtime="20220421 13:46:38.188"></status>
</kw>
<status status="PASS" starttime="20220421 13:46:38.168" endtime="20220421 13:46:38.188"></status>
</kw>
<kw name="Then Verify Home Page is open" library="login">
<kw name="Wait Until Element Is Visible" library="SeleniumLibrary">
<doc>Waits until element ``locator`` is visible.</doc>
<arguments>
<arg>${Verify_Home_Admin}</arg>
<arg>timeout=30s</arg>
</arguments>
<status status="PASS" starttime="20220421 13:46:38.189" endtime="20220421 13:46:40.389"></status>
</kw>
<kw name="Page Should Contain Element" library="SeleniumLibrary">
<doc>Verifies that element ``locator`` is found on the current page.</doc>
<arguments>
<arg>${Verify_Home_Admin}</arg>
</arguments>
<msg timestamp="20220421 13:46:40.402" level="INFO">Current page contains element '//span[text()='User Administrator']'.</msg>
<status status="PASS" starttime="20220421 13:46:40.389" endtime="20220421 13:46:40.402"></status>
</kw>
<status status="PASS" starttime="20220421 13:46:38.188" endtime="20220421 13:46:40.402"></status>
</kw>
<status status="PASS" starttime="20220421 13:46:20.491" endtime="20220421 13:46:40.403"></status>
</kw>
<kw name="Scenario 2: User mengklik sidebar menu Event">
<kw name="Click Menu Event" library="event">
<kw name="Wait Until Element Is Visible" library="SeleniumLibrary">
<doc>Waits until element ``locator`` is visible.</doc>
<arguments>
<arg>${menuEvent}</arg>
<arg>timeout=30s</arg>
</arguments>
<status status="PASS" starttime="20220421 13:46:40.405" endtime="20220421 13:46:40.936"></status>
</kw>
<kw name="Click Element" library="SeleniumLibrary">
<doc>Click element identified by ``locator``.</doc>
<arguments>
<arg>${menuEvent}</arg>
</arguments>
<msg timestamp="20220421 13:46:40.938" level="INFO">Clicking element '//a[@href='/activity/event']'.</msg>
<status status="PASS" starttime="20220421 13:46:40.936" endtime="20220421 13:46:41.062"></status>
</kw>
<status status="PASS" starttime="20220421 13:46:40.404" endtime="20220421 13:46:41.062"></status>
</kw>
<kw name="Verify Page Event" library="event">
<kw name="Wait Until Element Is Visible" library="SeleniumLibrary">
<doc>Waits until element ``locator`` is visible.</doc>
<arguments>
<arg>${verifyEvent}</arg>
<arg>timeout=30s</arg>
</arguments>
<status status="PASS" starttime="20220421 13:46:41.065" endtime="20220421 13:46:42.886"></status>
</kw>
<kw name="Page Should Contain Element" library="SeleniumLibrary">
<doc>Verifies that element ``locator`` is found on the current page.</doc>
<arguments>
<arg>${verifyEvent}</arg>
</arguments>
<msg timestamp="20220421 13:46:42.898" level="INFO">Current page contains element '//label[@class='title-header']'.</msg>
<status status="PASS" starttime="20220421 13:46:42.887" endtime="20220421 13:46:42.899"></status>
</kw>
<status status="PASS" starttime="20220421 13:46:41.064" endtime="20220421 13:46:42.899"></status>
</kw>
<status status="PASS" starttime="20220421 13:46:40.403" endtime="20220421 13:46:42.900"></status>
</kw>
<kw name="Scenario 3: User melakukan pencarian dengan data tidak sesuai">
<kw name="Search Pencarian No Data" library="event">
<kw name="Wait Until Element Is Visible" library="SeleniumLibrary">
<doc>Waits until element ``locator`` is visible.</doc>
<arguments>
<arg>${inputCari}</arg>
</arguments>
<status status="PASS" starttime="20220421 13:46:42.903" endtime="20220421 13:46:43.526"></status>
</kw>
<kw name="Input Text" library="SeleniumLibrary">
<doc>Types the given ``text`` into text field identified by ``locator``.</doc>
<arguments>
<arg>${inputCari}</arg>
<arg>testing123</arg>
</arguments>
<msg timestamp="20220421 13:46:43.529" level="INFO">Typing text 'testing123' into text field '//input[contains(@class,'form-control ng-untouched')]'.</msg>
<status status="PASS" starttime="20220421 13:46:43.527" endtime="20220421 13:46:43.894"></status>
</kw>
<status status="PASS" starttime="20220421 13:46:42.902" endtime="20220421 13:46:43.895"></status>
</kw>
<kw name="Click Button Cari" library="event">
<kw name="Click Element" library="SeleniumLibrary">
<doc>Click element identified by ``locator``.</doc>
<arguments>
<arg>${btnCari}</arg>
</arguments>
<msg timestamp="20220421 13:46:43.899" level="INFO">Clicking element '//button[text()='Cari']'.</msg>
<status status="PASS" starttime="20220421 13:46:43.899" endtime="20220421 13:46:44.083"></status>
</kw>
<status status="PASS" starttime="20220421 13:46:43.896" endtime="20220421 13:46:44.083"></status>
</kw>
<kw name="Verify No Data" library="event">
<kw name="Wait Until Element Is Visible" library="SeleniumLibrary">
<doc>Waits until element ``locator`` is visible.</doc>
<arguments>
<arg>${noData}</arg>
<arg>timeout=30s</arg>
</arguments>
<status status="PASS" starttime="20220421 13:46:44.084" endtime="20220421 13:46:44.141"></status>
</kw>
<kw name="Page Should Contain Element" library="SeleniumLibrary">
<doc>Verifies that element ``locator`` is found on the current page.</doc>
<arguments>
<arg>${noData}</arg>
</arguments>
<msg timestamp="20220421 13:46:44.153" level="INFO">Current page contains element '//td[text()='No data!']'.</msg>
<status status="PASS" starttime="20220421 13:46:44.141" endtime="20220421 13:46:44.154"></status>
</kw>
<status status="PASS" starttime="20220421 13:46:44.083" endtime="20220421 13:46:44.154"></status>
</kw>
<status status="PASS" starttime="20220421 13:46:42.901" endtime="20220421 13:46:44.154"></status>
</kw>
<kw name="Scenario 4: User melakukan pencarian data by nama kegiatan">
<kw name="Search Pencarian by Nama Kegiatan" library="event">
<kw name="Go To" library="SeleniumLibrary">
<doc>Navigates the active browser instance to the provided ``url``.</doc>
<arguments>
<arg>http://pmrms.greatpmo.com/activity/event</arg>
</arguments>
<msg timestamp="20220421 13:46:44.156" level="INFO">Opening url 'http://pmrms.greatpmo.com/activity/event'</msg>
<status status="PASS" starttime="20220421 13:46:44.156" endtime="20220421 13:46:45.261"></status>
</kw>
<kw name="Wait Until Element Is Visible" library="SeleniumLibrary">
<doc>Waits until element ``locator`` is visible.</doc>
<arguments>
<arg>${inputCari}</arg>
</arguments>
<status status="PASS" starttime="20220421 13:46:45.261" endtime="20220421 13:46:45.821"></status>
</kw>
<kw name="Input Text" library="SeleniumLibrary">
<doc>Types the given ``text`` into text field identified by ``locator``.</doc>
<arguments>
<arg>${inputCari}</arg>
<arg>Automation Testing</arg>
</arguments>
<msg timestamp="20220421 13:46:45.823" level="INFO">Typing text 'Automation Testing' into text field '//input[contains(@class,'form-control ng-untouched')]'.</msg>
<status status="PASS" starttime="20220421 13:46:45.822" endtime="20220421 13:46:46.009"></status>
</kw>
<status status="PASS" starttime="20220421 13:46:44.155" endtime="20220421 13:46:46.010"></status>
</kw>
<kw name="Click Button Cari" library="event">
<kw name="Click Element" library="SeleniumLibrary">
<doc>Click element identified by ``locator``.</doc>
<arguments>
<arg>${btnCari}</arg>
</arguments>
<msg timestamp="20220421 13:46:46.011" level="INFO">Clicking element '//button[text()='Cari']'.</msg>
<status status="PASS" starttime="20220421 13:46:46.011" endtime="20220421 13:46:46.099"></status>
</kw>
<status status="PASS" starttime="20220421 13:46:46.010" endtime="20220421 13:46:46.099"></status>
</kw>
<status status="PASS" starttime="20220421 13:46:44.155" endtime="20220421 13:46:46.100"></status>
</kw>
<kw name="Finish Testcase" library="browser" type="teardown">
<kw name="Close Browser" library="SeleniumLibrary">
<doc>Closes the current browser.</doc>
<status status="PASS" starttime="20220421 13:46:46.102" endtime="20220421 13:46:48.560"></status>
</kw>
<status status="PASS" starttime="20220421 13:46:46.101" endtime="20220421 13:46:48.561"></status>
</kw>
<doc>Regression Menu Event</doc>
<tags>
<tag>Functionality</tag>
</tags>
<status status="PASS" starttime="20220421 13:46:20.489" endtime="20220421 13:46:48.562" critical="yes"></status>
</test>
<doc>Regression Test Menu Event</doc>
<status status="PASS" starttime="20220421 13:46:20.428" endtime="20220421 13:46:48.568"></status>
</suite>
<status status="PASS" starttime="20220421 13:36:28.262" endtime="20220421 13:46:48.583"></status>
</suite>
<statistics>
<total>
<stat pass="13" fail="0">Critical Tests</stat>
<stat pass="13" fail="0">All Tests</stat>
</total>
<tag>
<stat pass="13" fail="0">Functionality</stat>
</tag>
<suite>
<stat pass="13" fail="0" id="s1" name="Features">Features</stat>
<stat pass="1" fail="0" id="s1-s1" name="01 Login Admin">Features.01 Login Admin</stat>
<stat pass="1" fail="0" id="s1-s2" name="02 Login Role Komponen">Features.02 Login Role Komponen</stat>
<stat pass="1" fail="0" id="s1-s3" name="03 Login Staff Administrasi">Features.03 Login Staff Administrasi</stat>
<stat pass="1" fail="0" id="s1-s4" name="04 Lupa Password">Features.04 Lupa Password</stat>
<stat pass="1" fail="0" id="s1-s5" name="05 Awp">Features.05 Awp</stat>
<stat pass="1" fail="0" id="s1-s6" name="06 Project Component">Features.06 Project Component</stat>
<stat pass="1" fail="0" id="s1-s7" name="07 Profile">Features.07 Profile</stat>
<stat pass="1" fail="0" id="s1-s8" name="08 Konfigurasi">Features.08 Konfigurasi</stat>
<stat pass="1" fail="0" id="s1-s9" name="09 Daftar Tugas">Features.09 Daftar Tugas</stat>
<stat pass="1" fail="0" id="s1-s10" name="11 Administrasi DirektoriStaff">Features.11 Administrasi DirektoriStaff</stat>
<stat pass="1" fail="0" id="s1-s11" name="13 Pustaka">Features.13 Pustaka</stat>
<stat pass="1" fail="0" id="s1-s12" name="15 Kegiatan">Features.15 Kegiatan</stat>
<stat pass="1" fail="0" id="s1-s13" name="16 Event">Features.16 Event</stat>
</suite>
</statistics>
<errors>
</errors>
</robot>
