<?xml version="1.0" encoding="UTF-8"?>
<robot generator="Robot 3.2.2 (Python 3.8.5 on win32)" generated="20220304 08:22:24.302" rpa="false">
<suite id="s1" name="13 Pustaka" source="D:\pyCharmProject\pmrms-testing\Features\13_Pustaka.robot">
<test id="s1-t1" name="Menu Pustaka">
<kw name="Scenario 1: Login with username valid and password valid">
<kw name="Given Login page is open" library="login">
<kw name="Open Browser" library="browser">
<kw name="Start Testcase Headless" library="browser">
<kw name="Evaluate" library="BuiltIn">
<doc>Evaluates the given expression in Python and returns the result.</doc>
<arguments>
<arg>sys.modules['selenium.webdriver'].ChromeOptions()</arg>
</arguments>
<assign>
<var>${options}</var>
</assign>
<msg timestamp="20220304 08:22:24.567" level="INFO">${options} = &lt;selenium.webdriver.chrome.options.Options object at 0x03A9E748&gt;</msg>
<status status="PASS" starttime="20220304 08:22:24.567" endtime="20220304 08:22:24.567"></status>
</kw>
<kw name="Call Method" library="BuiltIn">
<doc>Calls the named method of the given object with the provided arguments.</doc>
<arguments>
<arg>${options}</arg>
<arg>add_argument</arg>
<arg>--disable-notifications</arg>
</arguments>
<status status="PASS" starttime="20220304 08:22:24.567" endtime="20220304 08:22:24.568"></status>
</kw>
<kw name="Call Method" library="BuiltIn">
<doc>Calls the named method of the given object with the provided arguments.</doc>
<arguments>
<arg>${options}</arg>
<arg>add_argument</arg>
<arg>--no-sandbox</arg>
</arguments>
<status status="PASS" starttime="20220304 08:22:24.568" endtime="20220304 08:22:24.568"></status>
</kw>
<kw name="Call Method" library="BuiltIn">
<doc>Calls the named method of the given object with the provided arguments.</doc>
<arguments>
<arg>${options}</arg>
<arg>add_argument</arg>
<arg>--disable-gpu</arg>
</arguments>
<status status="PASS" starttime="20220304 08:22:24.568" endtime="20220304 08:22:24.569"></status>
</kw>
<kw name="Call Method" library="BuiltIn">
<doc>Calls the named method of the given object with the provided arguments.</doc>
<arguments>
<arg>${options}</arg>
<arg>add_argument</arg>
<arg>--window-size\=1366,768</arg>
</arguments>
<status status="PASS" starttime="20220304 08:22:24.569" endtime="20220304 08:22:24.569"></status>
</kw>
<kw name="Call Method" library="BuiltIn">
<doc>Calls the named method of the given object with the provided arguments.</doc>
<arguments>
<arg>${options}</arg>
<arg>add_argument</arg>
<arg>--disable-dev-shm-usage</arg>
</arguments>
<status status="PASS" starttime="20220304 08:22:24.569" endtime="20220304 08:22:24.569"></status>
</kw>
<kw name="Create Webdriver" library="SeleniumLibrary">
<doc>Creates an instance of Selenium WebDriver.</doc>
<arguments>
<arg>Chrome</arg>
<arg>chrome_options=${options}</arg>
</arguments>
<msg timestamp="20220304 08:22:24.570" level="INFO">Creating an instance of the Chrome WebDriver.</msg>
<status status="PASS" starttime="20220304 08:22:24.570" endtime="20220304 08:22:25.795"></status>
</kw>
<status status="PASS" starttime="20220304 08:22:24.566" endtime="20220304 08:22:25.796"></status>
</kw>
<kw name="Go To" library="SeleniumLibrary">
<doc>Navigates the active browser instance to the provided ``url``.</doc>
<arguments>
<arg>${chrome_browser}</arg>
</arguments>
<msg timestamp="20220304 08:22:25.797" level="INFO">Opening url 'http://pmrms.greatpmo.com/admin/login'</msg>
<status status="PASS" starttime="20220304 08:22:25.797" endtime="20220304 08:22:29.167"></status>
</kw>
<status status="PASS" starttime="20220304 08:22:24.566" endtime="20220304 08:22:29.168"></status>
</kw>
<status status="PASS" starttime="20220304 08:22:24.565" endtime="20220304 08:22:29.168"></status>
</kw>
<kw name="And Input Valid Username" library="login">
<kw name="Input Text" library="SeleniumLibrary">
<doc>Types the given ``text`` into text field identified by ``locator``.</doc>
<arguments>
<arg>${username}</arg>
<arg>${adm_usr}</arg>
</arguments>
<msg timestamp="20220304 08:22:29.169" level="INFO">Typing text 'ptm15@madrasah.kemenag.go.id' into text field '//input[@id='email']'.</msg>
<status status="PASS" starttime="20220304 08:22:29.169" endtime="20220304 08:22:29.336"></status>
</kw>
<status status="PASS" starttime="20220304 08:22:29.168" endtime="20220304 08:22:29.336"></status>
</kw>
<kw name="And Input Valid Password" library="login">
<kw name="Input Text" library="SeleniumLibrary">
<doc>Types the given ``text`` into text field identified by ``locator``.</doc>
<arguments>
<arg>${pwd}</arg>
<arg>${adm_pwd}</arg>
</arguments>
<msg timestamp="20220304 08:22:29.338" level="INFO">Typing text 'User@madrasah2022' into text field '//input[@type='password']'.</msg>
<status status="PASS" starttime="20220304 08:22:29.337" endtime="20220304 08:22:29.484"></status>
</kw>
<status status="PASS" starttime="20220304 08:22:29.337" endtime="20220304 08:22:29.484"></status>
</kw>
<kw name="When Click button submit" library="login">
<kw name="Execute Javascript" library="SeleniumLibrary">
<doc>Executes the given JavaScript code with possible arguments.</doc>
<arguments>
<arg>document.evaluate("${btnSubmit}",</arg>
<arg>document, null, XPathResult.ORDERED_NODE_SNAPSHOT_TYPE, null).</arg>
<arg>snapshotItem(0).click();</arg>
</arguments>
<msg timestamp="20220304 08:22:29.486" level="INFO">Executing JavaScript:
document.evaluate("//button[@class='btn']",document, null, XPathResult.ORDERED_NODE_SNAPSHOT_TYPE, null).snapshotItem(0).click();
Without any arguments.</msg>
<status status="PASS" starttime="20220304 08:22:29.485" endtime="20220304 08:22:29.505"></status>
</kw>
<status status="PASS" starttime="20220304 08:22:29.485" endtime="20220304 08:22:29.505"></status>
</kw>
<kw name="Then Verify Home Page is open" library="login">
<kw name="Wait Until Element Is Visible" library="SeleniumLibrary">
<doc>Waits until element ``locator`` is visible.</doc>
<arguments>
<arg>${Verify_Home_Admin}</arg>
<arg>timeout=30s</arg>
</arguments>
<status status="PASS" starttime="20220304 08:22:29.506" endtime="20220304 08:22:33.146"></status>
</kw>
<kw name="Page Should Contain Element" library="SeleniumLibrary">
<doc>Verifies that element ``locator`` is found on the current page.</doc>
<arguments>
<arg>${Verify_Home_Admin}</arg>
</arguments>
<msg timestamp="20220304 08:22:33.155" level="INFO">Current page contains element '//span[text()='User Administrator']'.</msg>
<status status="PASS" starttime="20220304 08:22:33.146" endtime="20220304 08:22:33.155"></status>
</kw>
<status status="PASS" starttime="20220304 08:22:29.506" endtime="20220304 08:22:33.156"></status>
</kw>
<status status="PASS" starttime="20220304 08:22:24.565" endtime="20220304 08:22:33.156"></status>
</kw>
<kw name="Scenario 2: User mengklik menu pustaka">
<kw name="Click Menu Pustaka" library="pustaka">
<kw name="Wait Until Element Is Visible" library="SeleniumLibrary">
<doc>Waits until element ``locator`` is visible.</doc>
<arguments>
<arg>${menuPustaka}</arg>
</arguments>
<status status="PASS" starttime="20220304 08:22:33.157" endtime="20220304 08:22:34.286"></status>
</kw>
<kw name="Click Element" library="SeleniumLibrary">
<doc>Click element identified by ``locator``.</doc>
<arguments>
<arg>${menuPustaka}</arg>
</arguments>
<msg timestamp="20220304 08:22:34.286" level="INFO">Clicking element '//a[contains(.,'Pustaka')]'.</msg>
<status status="PASS" starttime="20220304 08:22:34.286" endtime="20220304 08:22:34.356"></status>
</kw>
<status status="PASS" starttime="20220304 08:22:33.157" endtime="20220304 08:22:34.357"></status>
</kw>
<kw name="Verify Page Dokumen Umum" library="pustaka">
<kw name="Wait Until Element Is Visible" library="SeleniumLibrary">
<doc>Waits until element ``locator`` is visible.</doc>
<arguments>
<arg>${verifyDokumenUmum}</arg>
</arguments>
<status status="PASS" starttime="20220304 08:22:34.358" endtime="20220304 08:22:35.708"></status>
</kw>
<kw name="Page Should Contain Element" library="SeleniumLibrary">
<doc>Verifies that element ``locator`` is found on the current page.</doc>
<arguments>
<arg>${verifyDokumenUmum}</arg>
</arguments>
<msg timestamp="20220304 08:22:35.718" level="INFO">Current page contains element '//label[text()='Dokumen Umum']'.</msg>
<status status="PASS" starttime="20220304 08:22:35.709" endtime="20220304 08:22:35.718"></status>
</kw>
<status status="PASS" starttime="20220304 08:22:34.357" endtime="20220304 08:22:35.718"></status>
</kw>
<status status="PASS" starttime="20220304 08:22:33.156" endtime="20220304 08:22:35.719"></status>
</kw>
<kw name="Scenario 3: User mengklik button upload file">
<kw name="Click Button Upload File" library="pustaka">
<kw name="Click Element" library="SeleniumLibrary">
<doc>Click element identified by ``locator``.</doc>
<arguments>
<arg>${btnUploadFile}</arg>
</arguments>
<msg timestamp="20220304 08:22:35.722" level="INFO">Clicking element '//button[text()='Upload File']'.</msg>
<status status="PASS" starttime="20220304 08:22:35.722" endtime="20220304 08:22:35.850"></status>
</kw>
<status status="PASS" starttime="20220304 08:22:35.721" endtime="20220304 08:22:35.851"></status>
</kw>
<kw name="Verify Page Upload File" library="pustaka">
<kw name="Wait Until Element Is Visible" library="SeleniumLibrary">
<doc>Waits until element ``locator`` is visible.</doc>
<arguments>
<arg>${verifyUploadFile}</arg>
</arguments>
<status status="PASS" starttime="20220304 08:22:35.851" endtime="20220304 08:22:35.882"></status>
</kw>
<kw name="Page Should Contain Element" library="SeleniumLibrary">
<doc>Verifies that element ``locator`` is found on the current page.</doc>
<arguments>
<arg>${verifyUploadFile}</arg>
</arguments>
<msg timestamp="20220304 08:22:35.893" level="INFO">Current page contains element '//label[text()='Upload File']'.</msg>
<status status="PASS" starttime="20220304 08:22:35.882" endtime="20220304 08:22:35.893"></status>
</kw>
<status status="PASS" starttime="20220304 08:22:35.851" endtime="20220304 08:22:35.893"></status>
</kw>
<status status="PASS" starttime="20220304 08:22:35.720" endtime="20220304 08:22:35.894"></status>
</kw>
<kw name="Scenario 4: User Mengklik button batal from page upload file">
<kw name="Click Button Batal" library="pustaka">
<kw name="Wait Until Element Is Visible" library="SeleniumLibrary">
<doc>Waits until element ``locator`` is visible.</doc>
<arguments>
<arg>${btnBatal}</arg>
</arguments>
<status status="PASS" starttime="20220304 08:22:35.896" endtime="20220304 08:22:35.928"></status>
</kw>
<kw name="Execute Javascript" library="SeleniumLibrary">
<doc>Executes the given JavaScript code with possible arguments.</doc>
<arguments>
<arg>document.evaluate("${btnBatal}",</arg>
<arg>document, null, XPathResult.ORDERED_NODE_SNAPSHOT_TYPE, null).</arg>
<arg>snapshotItem(0).click();</arg>
</arguments>
<msg timestamp="20220304 08:22:35.929" level="INFO">Executing JavaScript:
document.evaluate("//button[text()='Batal']",document, null, XPathResult.ORDERED_NODE_SNAPSHOT_TYPE, null).snapshotItem(0).click();
Without any arguments.</msg>
<status status="PASS" starttime="20220304 08:22:35.928" endtime="20220304 08:22:35.987"></status>
</kw>
<status status="PASS" starttime="20220304 08:22:35.895" endtime="20220304 08:22:35.988"></status>
</kw>
<kw name="Verify Page Dokumen Umum" library="pustaka">
<kw name="Wait Until Element Is Visible" library="SeleniumLibrary">
<doc>Waits until element ``locator`` is visible.</doc>
<arguments>
<arg>${verifyDokumenUmum}</arg>
</arguments>
<status status="PASS" starttime="20220304 08:22:35.989" endtime="20220304 08:22:36.018"></status>
</kw>
<kw name="Page Should Contain Element" library="SeleniumLibrary">
<doc>Verifies that element ``locator`` is found on the current page.</doc>
<arguments>
<arg>${verifyDokumenUmum}</arg>
</arguments>
<msg timestamp="20220304 08:22:36.030" level="INFO">Current page contains element '//label[text()='Dokumen Umum']'.</msg>
<status status="PASS" starttime="20220304 08:22:36.019" endtime="20220304 08:22:36.030"></status>
</kw>
<status status="PASS" starttime="20220304 08:22:35.988" endtime="20220304 08:22:36.031"></status>
</kw>
<status status="PASS" starttime="20220304 08:22:35.895" endtime="20220304 08:22:36.031"></status>
</kw>
<kw name="Finish Testcase" library="browser" type="teardown">
<kw name="Close Browser" library="SeleniumLibrary">
<doc>Closes the current browser.</doc>
<status status="PASS" starttime="20220304 08:22:36.032" endtime="20220304 08:22:38.478"></status>
</kw>
<status status="PASS" starttime="20220304 08:22:36.032" endtime="20220304 08:22:38.478"></status>
</kw>
<doc>Regression Menu Pustaka</doc>
<tags>
<tag>Functionality</tag>
</tags>
<status status="PASS" starttime="20220304 08:22:24.564" endtime="20220304 08:22:38.479" critical="yes"></status>
</test>
<doc>Regression Test Menu Pustaka</doc>
<status status="PASS" starttime="20220304 08:22:24.304" endtime="20220304 08:22:38.483"></status>
</suite>
<statistics>
<total>
<stat pass="1" fail="0">Critical Tests</stat>
<stat pass="1" fail="0">All Tests</stat>
</total>
<tag>
<stat pass="1" fail="0">Functionality</stat>
</tag>
<suite>
<stat pass="1" fail="0" id="s1" name="13 Pustaka">13 Pustaka</stat>
</suite>
</statistics>
<errors>
</errors>
</robot>
