<?xml version="1.0" encoding="UTF-8"?>
<robot generator="Robot 3.2.2 (Python 3.8.5 on win32)" generated="20220225 07:58:19.683" rpa="false">
<suite id="s1" name="Features" source="D:\pyCharmProject\pmrms-testing\Features">
<suite id="s1-s1" name="01 Login Admin" source="D:\pyCharmProject\pmrms-testing\Features\01_Login_Admin.robot">
<test id="s1-s1-t1" name="Login Admin">
<kw name="Scenario 1: Login with username valid and password blank">
<doc>Feature: Login Invalid</doc>
<kw name="Given Login page is open" library="login">
<kw name="Open Browser" library="browser">
<kw name="Start Testcase Headless" library="browser">
<kw name="Evaluate" library="BuiltIn">
<doc>Evaluates the given expression in Python and returns the result.</doc>
<arguments>
<arg>sys.modules['selenium.webdriver'].ChromeOptions()</arg>
</arguments>
<assign>
<var>${options}</var>
</assign>
<msg timestamp="20220225 07:58:20.035" level="INFO">${options} = &lt;selenium.webdriver.chrome.options.Options object at 0x039FEFD0&gt;</msg>
<status status="PASS" starttime="20220225 07:58:20.035" endtime="20220225 07:58:20.035"></status>
</kw>
<kw name="Call Method" library="BuiltIn">
<doc>Calls the named method of the given object with the provided arguments.</doc>
<arguments>
<arg>${options}</arg>
<arg>add_argument</arg>
<arg>--disable-notifications</arg>
</arguments>
<status status="PASS" starttime="20220225 07:58:20.035" endtime="20220225 07:58:20.036"></status>
</kw>
<kw name="Call Method" library="BuiltIn">
<doc>Calls the named method of the given object with the provided arguments.</doc>
<arguments>
<arg>${options}</arg>
<arg>add_argument</arg>
<arg>--no-sandbox</arg>
</arguments>
<status status="PASS" starttime="20220225 07:58:20.036" endtime="20220225 07:58:20.037"></status>
</kw>
<kw name="Call Method" library="BuiltIn">
<doc>Calls the named method of the given object with the provided arguments.</doc>
<arguments>
<arg>${options}</arg>
<arg>add_argument</arg>
<arg>--disable-gpu</arg>
</arguments>
<status status="PASS" starttime="20220225 07:58:20.037" endtime="20220225 07:58:20.037"></status>
</kw>
<kw name="Call Method" library="BuiltIn">
<doc>Calls the named method of the given object with the provided arguments.</doc>
<arguments>
<arg>${options}</arg>
<arg>add_argument</arg>
<arg>--window-size\=1366,768</arg>
</arguments>
<status status="PASS" starttime="20220225 07:58:20.037" endtime="20220225 07:58:20.038"></status>
</kw>
<kw name="Call Method" library="BuiltIn">
<doc>Calls the named method of the given object with the provided arguments.</doc>
<arguments>
<arg>${options}</arg>
<arg>add_argument</arg>
<arg>--headless</arg>
</arguments>
<status status="PASS" starttime="20220225 07:58:20.038" endtime="20220225 07:58:20.039"></status>
</kw>
<kw name="Call Method" library="BuiltIn">
<doc>Calls the named method of the given object with the provided arguments.</doc>
<arguments>
<arg>${options}</arg>
<arg>add_argument</arg>
<arg>--disable-dev-shm-usage</arg>
</arguments>
<status status="PASS" starttime="20220225 07:58:20.039" endtime="20220225 07:58:20.039"></status>
</kw>
<kw name="Create Webdriver" library="SeleniumLibrary">
<doc>Creates an instance of Selenium WebDriver.</doc>
<arguments>
<arg>Chrome</arg>
<arg>chrome_options=${options}</arg>
</arguments>
<msg timestamp="20220225 07:58:20.040" level="INFO">Creating an instance of the Chrome WebDriver.</msg>
<status status="PASS" starttime="20220225 07:58:20.039" endtime="20220225 07:58:21.411"></status>
</kw>
<status status="PASS" starttime="20220225 07:58:20.034" endtime="20220225 07:58:21.412"></status>
</kw>
<kw name="Go To" library="SeleniumLibrary">
<doc>Navigates the active browser instance to the provided ``url``.</doc>
<arguments>
<arg>${chrome_browser}</arg>
</arguments>
<msg timestamp="20220225 07:58:21.413" level="INFO">Opening url 'http://pmrms.greatpmo.com/admin/login'</msg>
<status status="PASS" starttime="20220225 07:58:21.412" endtime="20220225 07:58:25.105"></status>
</kw>
<status status="PASS" starttime="20220225 07:58:20.034" endtime="20220225 07:58:25.106"></status>
</kw>
<status status="PASS" starttime="20220225 07:58:20.033" endtime="20220225 07:58:25.107"></status>
</kw>
<kw name="And Input Valid Username" library="login">
<kw name="Input Text" library="SeleniumLibrary">
<doc>Types the given ``text`` into text field identified by ``locator``.</doc>
<arguments>
<arg>${username}</arg>
<arg>${adm_usr}</arg>
</arguments>
<msg timestamp="20220225 07:58:25.110" level="INFO">Typing text 'ptm15@madrasah.kemenag.go.id' into text field '//input[@id='email']'.</msg>
<status status="PASS" starttime="20220225 07:58:25.109" endtime="20220225 07:58:25.260"></status>
</kw>
<status status="PASS" starttime="20220225 07:58:25.108" endtime="20220225 07:58:25.260"></status>
</kw>
<kw name="Click Button Submit" library="login">
<kw name="Execute Javascript" library="SeleniumLibrary">
<doc>Executes the given JavaScript code with possible arguments.</doc>
<arguments>
<arg>document.evaluate("${btnSubmit}",</arg>
<arg>document, null, XPathResult.ORDERED_NODE_SNAPSHOT_TYPE, null).</arg>
<arg>snapshotItem(0).click();</arg>
</arguments>
<msg timestamp="20220225 07:58:25.262" level="INFO">Executing JavaScript:
document.evaluate("//button[@class='btn']",document, null, XPathResult.ORDERED_NODE_SNAPSHOT_TYPE, null).snapshotItem(0).click();
Without any arguments.</msg>
<status status="PASS" starttime="20220225 07:58:25.261" endtime="20220225 07:58:25.272"></status>
</kw>
<status status="PASS" starttime="20220225 07:58:25.260" endtime="20220225 07:58:25.272"></status>
</kw>
<kw name="Verify Notif Blank Password" library="login">
<kw name="Wait Until Element Is Visible" library="SeleniumLibrary">
<doc>Waits until element ``locator`` is visible.</doc>
<arguments>
<arg>${blank_pwd}</arg>
</arguments>
<status status="PASS" starttime="20220225 07:58:25.273" endtime="20220225 07:58:25.308"></status>
</kw>
<kw name="Page Should Contain Element" library="SeleniumLibrary">
<doc>Verifies that element ``locator`` is found on the current page.</doc>
<arguments>
<arg>${blank_pwd}</arg>
</arguments>
<msg timestamp="20220225 07:58:25.319" level="INFO">Current page contains element '//ngb-alert[text()='Password tidak boleh kosong']'.</msg>
<status status="PASS" starttime="20220225 07:58:25.308" endtime="20220225 07:58:25.319"></status>
</kw>
<status status="PASS" starttime="20220225 07:58:25.272" endtime="20220225 07:58:25.320"></status>
</kw>
<kw name="Finish Testcase" library="browser" type="teardown">
<kw name="Close Browser" library="SeleniumLibrary">
<doc>Closes the current browser.</doc>
<status status="PASS" starttime="20220225 07:58:25.321" endtime="20220225 07:58:27.387"></status>
</kw>
<status status="PASS" starttime="20220225 07:58:25.320" endtime="20220225 07:58:27.388"></status>
</kw>
<status status="PASS" starttime="20220225 07:58:20.033" endtime="20220225 07:58:27.388"></status>
</kw>
<kw name="Scenario 2: Login with username blank and password valid">
<doc>Feature: Login Invalid</doc>
<kw name="Given Login page is open" library="login">
<kw name="Open Browser" library="browser">
<kw name="Start Testcase Headless" library="browser">
<kw name="Evaluate" library="BuiltIn">
<doc>Evaluates the given expression in Python and returns the result.</doc>
<arguments>
<arg>sys.modules['selenium.webdriver'].ChromeOptions()</arg>
</arguments>
<assign>
<var>${options}</var>
</assign>
<msg timestamp="20220225 07:58:27.395" level="INFO">${options} = &lt;selenium.webdriver.chrome.options.Options object at 0x03C7ECD0&gt;</msg>
<status status="PASS" starttime="20220225 07:58:27.394" endtime="20220225 07:58:27.395"></status>
</kw>
<kw name="Call Method" library="BuiltIn">
<doc>Calls the named method of the given object with the provided arguments.</doc>
<arguments>
<arg>${options}</arg>
<arg>add_argument</arg>
<arg>--disable-notifications</arg>
</arguments>
<status status="PASS" starttime="20220225 07:58:27.395" endtime="20220225 07:58:27.395"></status>
</kw>
<kw name="Call Method" library="BuiltIn">
<doc>Calls the named method of the given object with the provided arguments.</doc>
<arguments>
<arg>${options}</arg>
<arg>add_argument</arg>
<arg>--no-sandbox</arg>
</arguments>
<status status="PASS" starttime="20220225 07:58:27.395" endtime="20220225 07:58:27.395"></status>
</kw>
<kw name="Call Method" library="BuiltIn">
<doc>Calls the named method of the given object with the provided arguments.</doc>
<arguments>
<arg>${options}</arg>
<arg>add_argument</arg>
<arg>--disable-gpu</arg>
</arguments>
<status status="PASS" starttime="20220225 07:58:27.395" endtime="20220225 07:58:27.395"></status>
</kw>
<kw name="Call Method" library="BuiltIn">
<doc>Calls the named method of the given object with the provided arguments.</doc>
<arguments>
<arg>${options}</arg>
<arg>add_argument</arg>
<arg>--window-size\=1366,768</arg>
</arguments>
<status status="PASS" starttime="20220225 07:58:27.395" endtime="20220225 07:58:27.396"></status>
</kw>
<kw name="Call Method" library="BuiltIn">
<doc>Calls the named method of the given object with the provided arguments.</doc>
<arguments>
<arg>${options}</arg>
<arg>add_argument</arg>
<arg>--headless</arg>
</arguments>
<status status="PASS" starttime="20220225 07:58:27.396" endtime="20220225 07:58:27.396"></status>
</kw>
<kw name="Call Method" library="BuiltIn">
<doc>Calls the named method of the given object with the provided arguments.</doc>
<arguments>
<arg>${options}</arg>
<arg>add_argument</arg>
<arg>--disable-dev-shm-usage</arg>
</arguments>
<status status="PASS" starttime="20220225 07:58:27.396" endtime="20220225 07:58:27.396"></status>
</kw>
<kw name="Create Webdriver" library="SeleniumLibrary">
<doc>Creates an instance of Selenium WebDriver.</doc>
<arguments>
<arg>Chrome</arg>
<arg>chrome_options=${options}</arg>
</arguments>
<msg timestamp="20220225 07:58:27.397" level="INFO">Creating an instance of the Chrome WebDriver.</msg>
<status status="PASS" starttime="20220225 07:58:27.396" endtime="20220225 07:58:28.742"></status>
</kw>
<status status="PASS" starttime="20220225 07:58:27.393" endtime="20220225 07:58:28.743"></status>
</kw>
<kw name="Go To" library="SeleniumLibrary">
<doc>Navigates the active browser instance to the provided ``url``.</doc>
<arguments>
<arg>${chrome_browser}</arg>
</arguments>
<msg timestamp="20220225 07:58:28.744" level="INFO">Opening url 'http://pmrms.greatpmo.com/admin/login'</msg>
<status status="PASS" starttime="20220225 07:58:28.743" endtime="20220225 07:58:37.191"></status>
</kw>
<status status="PASS" starttime="20220225 07:58:27.392" endtime="20220225 07:58:37.191"></status>
</kw>
<status status="PASS" starttime="20220225 07:58:27.391" endtime="20220225 07:58:37.192"></status>
</kw>
<kw name="And Input Valid Password" library="login">
<kw name="Input Text" library="SeleniumLibrary">
<doc>Types the given ``text`` into text field identified by ``locator``.</doc>
<arguments>
<arg>${pwd}</arg>
<arg>${adm_pwd}</arg>
</arguments>
<msg timestamp="20220225 07:58:37.194" level="INFO">Typing text 'User@madrasah2022' into text field '//input[@type='password']'.</msg>
<status status="PASS" starttime="20220225 07:58:37.194" endtime="20220225 07:58:37.352"></status>
</kw>
<status status="PASS" starttime="20220225 07:58:37.192" endtime="20220225 07:58:37.353"></status>
</kw>
<kw name="When Click button submit" library="login">
<kw name="Execute Javascript" library="SeleniumLibrary">
<doc>Executes the given JavaScript code with possible arguments.</doc>
<arguments>
<arg>document.evaluate("${btnSubmit}",</arg>
<arg>document, null, XPathResult.ORDERED_NODE_SNAPSHOT_TYPE, null).</arg>
<arg>snapshotItem(0).click();</arg>
</arguments>
<msg timestamp="20220225 07:58:37.355" level="INFO">Executing JavaScript:
document.evaluate("//button[@class='btn']",document, null, XPathResult.ORDERED_NODE_SNAPSHOT_TYPE, null).snapshotItem(0).click();
Without any arguments.</msg>
<status status="PASS" starttime="20220225 07:58:37.355" endtime="20220225 07:58:37.369"></status>
</kw>
<status status="PASS" starttime="20220225 07:58:37.353" endtime="20220225 07:58:37.370"></status>
</kw>
<kw name="Verify Notif blank username" library="login">
<kw name="Wait Until Element Is Visible" library="SeleniumLibrary">
<doc>Waits until element ``locator`` is visible.</doc>
<arguments>
<arg>${blank_usr}</arg>
</arguments>
<status status="PASS" starttime="20220225 07:58:37.371" endtime="20220225 07:58:37.421"></status>
</kw>
<kw name="Page Should Contain Element" library="SeleniumLibrary">
<doc>Verifies that element ``locator`` is found on the current page.</doc>
<arguments>
<arg>${blank_usr}</arg>
</arguments>
<msg timestamp="20220225 07:58:37.435" level="INFO">Current page contains element '//ngb-alert[text()='Email Tidak Boleh Kosong']'.</msg>
<status status="PASS" starttime="20220225 07:58:37.422" endtime="20220225 07:58:37.435"></status>
</kw>
<status status="PASS" starttime="20220225 07:58:37.370" endtime="20220225 07:58:37.435"></status>
</kw>
<kw name="Finish Testcase" library="browser" type="teardown">
<kw name="Close Browser" library="SeleniumLibrary">
<doc>Closes the current browser.</doc>
<status status="PASS" starttime="20220225 07:58:37.436" endtime="20220225 07:58:39.517"></status>
</kw>
<status status="PASS" starttime="20220225 07:58:37.436" endtime="20220225 07:58:39.518"></status>
</kw>
<status status="PASS" starttime="20220225 07:58:27.390" endtime="20220225 07:58:39.518"></status>
</kw>
<kw name="Scenario 3: Login with username blank and password blank">
<doc>Feature: Login Invalid</doc>
<kw name="Given Login page is open" library="login">
<kw name="Open Browser" library="browser">
<kw name="Start Testcase Headless" library="browser">
<kw name="Evaluate" library="BuiltIn">
<doc>Evaluates the given expression in Python and returns the result.</doc>
<arguments>
<arg>sys.modules['selenium.webdriver'].ChromeOptions()</arg>
</arguments>
<assign>
<var>${options}</var>
</assign>
<msg timestamp="20220225 07:58:39.524" level="INFO">${options} = &lt;selenium.webdriver.chrome.options.Options object at 0x03A1AE08&gt;</msg>
<status status="PASS" starttime="20220225 07:58:39.524" endtime="20220225 07:58:39.524"></status>
</kw>
<kw name="Call Method" library="BuiltIn">
<doc>Calls the named method of the given object with the provided arguments.</doc>
<arguments>
<arg>${options}</arg>
<arg>add_argument</arg>
<arg>--disable-notifications</arg>
</arguments>
<status status="PASS" starttime="20220225 07:58:39.524" endtime="20220225 07:58:39.525"></status>
</kw>
<kw name="Call Method" library="BuiltIn">
<doc>Calls the named method of the given object with the provided arguments.</doc>
<arguments>
<arg>${options}</arg>
<arg>add_argument</arg>
<arg>--no-sandbox</arg>
</arguments>
<status status="PASS" starttime="20220225 07:58:39.525" endtime="20220225 07:58:39.525"></status>
</kw>
<kw name="Call Method" library="BuiltIn">
<doc>Calls the named method of the given object with the provided arguments.</doc>
<arguments>
<arg>${options}</arg>
<arg>add_argument</arg>
<arg>--disable-gpu</arg>
</arguments>
<status status="PASS" starttime="20220225 07:58:39.525" endtime="20220225 07:58:39.525"></status>
</kw>
<kw name="Call Method" library="BuiltIn">
<doc>Calls the named method of the given object with the provided arguments.</doc>
<arguments>
<arg>${options}</arg>
<arg>add_argument</arg>
<arg>--window-size\=1366,768</arg>
</arguments>
<status status="PASS" starttime="20220225 07:58:39.525" endtime="20220225 07:58:39.526"></status>
</kw>
<kw name="Call Method" library="BuiltIn">
<doc>Calls the named method of the given object with the provided arguments.</doc>
<arguments>
<arg>${options}</arg>
<arg>add_argument</arg>
<arg>--headless</arg>
</arguments>
<status status="PASS" starttime="20220225 07:58:39.526" endtime="20220225 07:58:39.526"></status>
</kw>
<kw name="Call Method" library="BuiltIn">
<doc>Calls the named method of the given object with the provided arguments.</doc>
<arguments>
<arg>${options}</arg>
<arg>add_argument</arg>
<arg>--disable-dev-shm-usage</arg>
</arguments>
<status status="PASS" starttime="20220225 07:58:39.526" endtime="20220225 07:58:39.527"></status>
</kw>
<kw name="Create Webdriver" library="SeleniumLibrary">
<doc>Creates an instance of Selenium WebDriver.</doc>
<arguments>
<arg>Chrome</arg>
<arg>chrome_options=${options}</arg>
</arguments>
<msg timestamp="20220225 07:58:39.527" level="INFO">Creating an instance of the Chrome WebDriver.</msg>
<status status="PASS" starttime="20220225 07:58:39.527" endtime="20220225 07:58:40.881"></status>
</kw>
<status status="PASS" starttime="20220225 07:58:39.523" endtime="20220225 07:58:40.881"></status>
</kw>
<kw name="Go To" library="SeleniumLibrary">
<doc>Navigates the active browser instance to the provided ``url``.</doc>
<arguments>
<arg>${chrome_browser}</arg>
</arguments>
<msg timestamp="20220225 07:58:40.882" level="INFO">Opening url 'http://pmrms.greatpmo.com/admin/login'</msg>
<status status="PASS" starttime="20220225 07:58:40.882" endtime="20220225 07:58:44.196"></status>
</kw>
<status status="PASS" starttime="20220225 07:58:39.522" endtime="20220225 07:58:44.196"></status>
</kw>
<status status="PASS" starttime="20220225 07:58:39.521" endtime="20220225 07:58:44.198"></status>
</kw>
<kw name="When Click button submit" library="login">
<kw name="Execute Javascript" library="SeleniumLibrary">
<doc>Executes the given JavaScript code with possible arguments.</doc>
<arguments>
<arg>document.evaluate("${btnSubmit}",</arg>
<arg>document, null, XPathResult.ORDERED_NODE_SNAPSHOT_TYPE, null).</arg>
<arg>snapshotItem(0).click();</arg>
</arguments>
<msg timestamp="20220225 07:58:44.200" level="INFO">Executing JavaScript:
document.evaluate("//button[@class='btn']",document, null, XPathResult.ORDERED_NODE_SNAPSHOT_TYPE, null).snapshotItem(0).click();
Without any arguments.</msg>
<status status="PASS" starttime="20220225 07:58:44.199" endtime="20220225 07:58:44.221"></status>
</kw>
<status status="PASS" starttime="20220225 07:58:44.198" endtime="20220225 07:58:44.221"></status>
</kw>
<kw name="Verify Notif blank username &amp; password" library="login">
<kw name="Wait Until Element Is Visible" library="SeleniumLibrary">
<doc>Waits until element ``locator`` is visible.</doc>
<arguments>
<arg>${blank_usr_pwd}</arg>
</arguments>
<status status="PASS" starttime="20220225 07:58:44.222" endtime="20220225 07:58:44.267"></status>
</kw>
<kw name="Page Should Contain Element" library="SeleniumLibrary">
<doc>Verifies that element ``locator`` is found on the current page.</doc>
<arguments>
<arg>${blank_usr_pwd}</arg>
</arguments>
<msg timestamp="20220225 07:58:44.279" level="INFO">Current page contains element '//ngb-alert[text()='Form tidak boleh kosong']'.</msg>
<status status="PASS" starttime="20220225 07:58:44.267" endtime="20220225 07:58:44.279"></status>
</kw>
<status status="PASS" starttime="20220225 07:58:44.222" endtime="20220225 07:58:44.279"></status>
</kw>
<kw name="Finish Testcase" library="browser" type="teardown">
<kw name="Close Browser" library="SeleniumLibrary">
<doc>Closes the current browser.</doc>
<status status="PASS" starttime="20220225 07:58:44.280" endtime="20220225 07:58:46.346"></status>
</kw>
<status status="PASS" starttime="20220225 07:58:44.280" endtime="20220225 07:58:46.346"></status>
</kw>
<status status="PASS" starttime="20220225 07:58:39.520" endtime="20220225 07:58:46.346"></status>
</kw>
<kw name="Scenario 4: Login with username tidak diketahui">
<doc>Feature: Login Invalid</doc>
<kw name="Given Login page is open" library="login">
<kw name="Open Browser" library="browser">
<kw name="Start Testcase Headless" library="browser">
<kw name="Evaluate" library="BuiltIn">
<doc>Evaluates the given expression in Python and returns the result.</doc>
<arguments>
<arg>sys.modules['selenium.webdriver'].ChromeOptions()</arg>
</arguments>
<assign>
<var>${options}</var>
</assign>
<msg timestamp="20220225 07:58:46.353" level="INFO">${options} = &lt;selenium.webdriver.chrome.options.Options object at 0x03C95700&gt;</msg>
<status status="PASS" starttime="20220225 07:58:46.352" endtime="20220225 07:58:46.354"></status>
</kw>
<kw name="Call Method" library="BuiltIn">
<doc>Calls the named method of the given object with the provided arguments.</doc>
<arguments>
<arg>${options}</arg>
<arg>add_argument</arg>
<arg>--disable-notifications</arg>
</arguments>
<status status="PASS" starttime="20220225 07:58:46.354" endtime="20220225 07:58:46.355"></status>
</kw>
<kw name="Call Method" library="BuiltIn">
<doc>Calls the named method of the given object with the provided arguments.</doc>
<arguments>
<arg>${options}</arg>
<arg>add_argument</arg>
<arg>--no-sandbox</arg>
</arguments>
<status status="PASS" starttime="20220225 07:58:46.355" endtime="20220225 07:58:46.356"></status>
</kw>
<kw name="Call Method" library="BuiltIn">
<doc>Calls the named method of the given object with the provided arguments.</doc>
<arguments>
<arg>${options}</arg>
<arg>add_argument</arg>
<arg>--disable-gpu</arg>
</arguments>
<status status="PASS" starttime="20220225 07:58:46.356" endtime="20220225 07:58:46.357"></status>
</kw>
<kw name="Call Method" library="BuiltIn">
<doc>Calls the named method of the given object with the provided arguments.</doc>
<arguments>
<arg>${options}</arg>
<arg>add_argument</arg>
<arg>--window-size\=1366,768</arg>
</arguments>
<status status="PASS" starttime="20220225 07:58:46.357" endtime="20220225 07:58:46.358"></status>
</kw>
<kw name="Call Method" library="BuiltIn">
<doc>Calls the named method of the given object with the provided arguments.</doc>
<arguments>
<arg>${options}</arg>
<arg>add_argument</arg>
<arg>--headless</arg>
</arguments>
<status status="PASS" starttime="20220225 07:58:46.358" endtime="20220225 07:58:46.359"></status>
</kw>
<kw name="Call Method" library="BuiltIn">
<doc>Calls the named method of the given object with the provided arguments.</doc>
<arguments>
<arg>${options}</arg>
<arg>add_argument</arg>
<arg>--disable-dev-shm-usage</arg>
</arguments>
<status status="PASS" starttime="20220225 07:58:46.360" endtime="20220225 07:58:46.360"></status>
</kw>
<kw name="Create Webdriver" library="SeleniumLibrary">
<doc>Creates an instance of Selenium WebDriver.</doc>
<arguments>
<arg>Chrome</arg>
<arg>chrome_options=${options}</arg>
</arguments>
<msg timestamp="20220225 07:58:46.361" level="INFO">Creating an instance of the Chrome WebDriver.</msg>
<status status="PASS" starttime="20220225 07:58:46.360" endtime="20220225 07:58:47.712"></status>
</kw>
<status status="PASS" starttime="20220225 07:58:46.351" endtime="20220225 07:58:47.712"></status>
</kw>
<kw name="Go To" library="SeleniumLibrary">
<doc>Navigates the active browser instance to the provided ``url``.</doc>
<arguments>
<arg>${chrome_browser}</arg>
</arguments>
<msg timestamp="20220225 07:58:47.713" level="INFO">Opening url 'http://pmrms.greatpmo.com/admin/login'</msg>
<status status="PASS" starttime="20220225 07:58:47.713" endtime="20220225 07:58:57.371"></status>
</kw>
<status status="PASS" starttime="20220225 07:58:46.350" endtime="20220225 07:58:57.372"></status>
</kw>
<status status="PASS" starttime="20220225 07:58:46.349" endtime="20220225 07:58:57.372"></status>
</kw>
<kw name="And Input Valid Username" library="login">
<kw name="Input Text" library="SeleniumLibrary">
<doc>Types the given ``text`` into text field identified by ``locator``.</doc>
<arguments>
<arg>${username}</arg>
<arg>${adm_usr}</arg>
</arguments>
<msg timestamp="20220225 07:58:57.373" level="INFO">Typing text 'ptm15@madrasah.kemenag.go.id' into text field '//input[@id='email']'.</msg>
<status status="PASS" starttime="20220225 07:58:57.373" endtime="20220225 07:58:57.504"></status>
</kw>
<status status="PASS" starttime="20220225 07:58:57.372" endtime="20220225 07:58:57.505"></status>
</kw>
<kw name="And Input Invalid Password" library="login">
<kw name="Input Text" library="SeleniumLibrary">
<doc>Types the given ``text`` into text field identified by ``locator``.</doc>
<arguments>
<arg>${pwd}</arg>
<arg>${adm_pwd_wrong}</arg>
</arguments>
<msg timestamp="20220225 07:58:57.505" level="INFO">Typing text '1234567890' into text field '//input[@type='password']'.</msg>
<status status="PASS" starttime="20220225 07:58:57.505" endtime="20220225 07:58:57.650"></status>
</kw>
<status status="PASS" starttime="20220225 07:58:57.505" endtime="20220225 07:58:57.651"></status>
</kw>
<kw name="When Click button submit" library="login">
<kw name="Execute Javascript" library="SeleniumLibrary">
<doc>Executes the given JavaScript code with possible arguments.</doc>
<arguments>
<arg>document.evaluate("${btnSubmit}",</arg>
<arg>document, null, XPathResult.ORDERED_NODE_SNAPSHOT_TYPE, null).</arg>
<arg>snapshotItem(0).click();</arg>
</arguments>
<msg timestamp="20220225 07:58:57.652" level="INFO">Executing JavaScript:
document.evaluate("//button[@class='btn']",document, null, XPathResult.ORDERED_NODE_SNAPSHOT_TYPE, null).snapshotItem(0).click();
Without any arguments.</msg>
<status status="PASS" starttime="20220225 07:58:57.651" endtime="20220225 07:58:57.662"></status>
</kw>
<status status="PASS" starttime="20220225 07:58:57.651" endtime="20220225 07:58:57.662"></status>
</kw>
<kw name="Verify Notif Pengguna tidak diketahui" library="login">
<kw name="Wait Until Element Is Visible" library="SeleniumLibrary">
<doc>Waits until element ``locator`` is visible.</doc>
<arguments>
<arg>${usr_tdk_diketahui}</arg>
</arguments>
<status status="PASS" starttime="20220225 07:58:57.663" endtime="20220225 07:58:57.703"></status>
</kw>
<kw name="Page Should Contain Element" library="SeleniumLibrary">
<doc>Verifies that element ``locator`` is found on the current page.</doc>
<arguments>
<arg>${usr_tdk_diketahui}</arg>
</arguments>
<msg timestamp="20220225 07:58:57.714" level="INFO">Current page contains element '//ngb-alert[text()='Pengguna tidak diketahui']'.</msg>
<status status="PASS" starttime="20220225 07:58:57.703" endtime="20220225 07:58:57.714"></status>
</kw>
<status status="PASS" starttime="20220225 07:58:57.663" endtime="20220225 07:58:57.714"></status>
</kw>
<kw name="Finish Testcase" library="browser" type="teardown">
<kw name="Close Browser" library="SeleniumLibrary">
<doc>Closes the current browser.</doc>
<status status="PASS" starttime="20220225 07:58:57.715" endtime="20220225 07:58:59.779"></status>
</kw>
<status status="PASS" starttime="20220225 07:58:57.715" endtime="20220225 07:58:59.780"></status>
</kw>
<status status="PASS" starttime="20220225 07:58:46.348" endtime="20220225 07:58:59.780"></status>
</kw>
<kw name="Scenario 5: Login with username valid and password valid">
<doc>Feature: Login Valid</doc>
<kw name="Given Login page is open" library="login">
<kw name="Open Browser" library="browser">
<kw name="Start Testcase Headless" library="browser">
<kw name="Evaluate" library="BuiltIn">
<doc>Evaluates the given expression in Python and returns the result.</doc>
<arguments>
<arg>sys.modules['selenium.webdriver'].ChromeOptions()</arg>
</arguments>
<assign>
<var>${options}</var>
</assign>
<msg timestamp="20220225 07:58:59.787" level="INFO">${options} = &lt;selenium.webdriver.chrome.options.Options object at 0x03C9B4F0&gt;</msg>
<status status="PASS" starttime="20220225 07:58:59.786" endtime="20220225 07:58:59.787"></status>
</kw>
<kw name="Call Method" library="BuiltIn">
<doc>Calls the named method of the given object with the provided arguments.</doc>
<arguments>
<arg>${options}</arg>
<arg>add_argument</arg>
<arg>--disable-notifications</arg>
</arguments>
<status status="PASS" starttime="20220225 07:58:59.787" endtime="20220225 07:58:59.787"></status>
</kw>
<kw name="Call Method" library="BuiltIn">
<doc>Calls the named method of the given object with the provided arguments.</doc>
<arguments>
<arg>${options}</arg>
<arg>add_argument</arg>
<arg>--no-sandbox</arg>
</arguments>
<status status="PASS" starttime="20220225 07:58:59.787" endtime="20220225 07:58:59.788"></status>
</kw>
<kw name="Call Method" library="BuiltIn">
<doc>Calls the named method of the given object with the provided arguments.</doc>
<arguments>
<arg>${options}</arg>
<arg>add_argument</arg>
<arg>--disable-gpu</arg>
</arguments>
<status status="PASS" starttime="20220225 07:58:59.788" endtime="20220225 07:58:59.788"></status>
</kw>
<kw name="Call Method" library="BuiltIn">
<doc>Calls the named method of the given object with the provided arguments.</doc>
<arguments>
<arg>${options}</arg>
<arg>add_argument</arg>
<arg>--window-size\=1366,768</arg>
</arguments>
<status status="PASS" starttime="20220225 07:58:59.788" endtime="20220225 07:58:59.788"></status>
</kw>
<kw name="Call Method" library="BuiltIn">
<doc>Calls the named method of the given object with the provided arguments.</doc>
<arguments>
<arg>${options}</arg>
<arg>add_argument</arg>
<arg>--headless</arg>
</arguments>
<status status="PASS" starttime="20220225 07:58:59.788" endtime="20220225 07:58:59.789"></status>
</kw>
<kw name="Call Method" library="BuiltIn">
<doc>Calls the named method of the given object with the provided arguments.</doc>
<arguments>
<arg>${options}</arg>
<arg>add_argument</arg>
<arg>--disable-dev-shm-usage</arg>
</arguments>
<status status="PASS" starttime="20220225 07:58:59.789" endtime="20220225 07:58:59.789"></status>
</kw>
<kw name="Create Webdriver" library="SeleniumLibrary">
<doc>Creates an instance of Selenium WebDriver.</doc>
<arguments>
<arg>Chrome</arg>
<arg>chrome_options=${options}</arg>
</arguments>
<msg timestamp="20220225 07:58:59.789" level="INFO">Creating an instance of the Chrome WebDriver.</msg>
<status status="PASS" starttime="20220225 07:58:59.789" endtime="20220225 07:59:01.115"></status>
</kw>
<status status="PASS" starttime="20220225 07:58:59.785" endtime="20220225 07:59:01.115"></status>
</kw>
<kw name="Go To" library="SeleniumLibrary">
<doc>Navigates the active browser instance to the provided ``url``.</doc>
<arguments>
<arg>${chrome_browser}</arg>
</arguments>
<msg timestamp="20220225 07:59:01.116" level="INFO">Opening url 'http://pmrms.greatpmo.com/admin/login'</msg>
<status status="PASS" starttime="20220225 07:59:01.116" endtime="20220225 07:59:05.410"></status>
</kw>
<status status="PASS" starttime="20220225 07:58:59.784" endtime="20220225 07:59:05.411"></status>
</kw>
<status status="PASS" starttime="20220225 07:58:59.783" endtime="20220225 07:59:05.411"></status>
</kw>
<kw name="And Input Valid Username" library="login">
<kw name="Input Text" library="SeleniumLibrary">
<doc>Types the given ``text`` into text field identified by ``locator``.</doc>
<arguments>
<arg>${username}</arg>
<arg>${adm_usr}</arg>
</arguments>
<msg timestamp="20220225 07:59:05.413" level="INFO">Typing text 'ptm15@madrasah.kemenag.go.id' into text field '//input[@id='email']'.</msg>
<status status="PASS" starttime="20220225 07:59:05.412" endtime="20220225 07:59:05.560"></status>
</kw>
<status status="PASS" starttime="20220225 07:59:05.412" endtime="20220225 07:59:05.560"></status>
</kw>
<kw name="And Input Valid Password" library="login">
<kw name="Input Text" library="SeleniumLibrary">
<doc>Types the given ``text`` into text field identified by ``locator``.</doc>
<arguments>
<arg>${pwd}</arg>
<arg>${adm_pwd}</arg>
</arguments>
<msg timestamp="20220225 07:59:05.561" level="INFO">Typing text 'User@madrasah2022' into text field '//input[@type='password']'.</msg>
<status status="PASS" starttime="20220225 07:59:05.560" endtime="20220225 07:59:05.719"></status>
</kw>
<status status="PASS" starttime="20220225 07:59:05.560" endtime="20220225 07:59:05.719"></status>
</kw>
<kw name="When Click button submit" library="login">
<kw name="Execute Javascript" library="SeleniumLibrary">
<doc>Executes the given JavaScript code with possible arguments.</doc>
<arguments>
<arg>document.evaluate("${btnSubmit}",</arg>
<arg>document, null, XPathResult.ORDERED_NODE_SNAPSHOT_TYPE, null).</arg>
<arg>snapshotItem(0).click();</arg>
</arguments>
<msg timestamp="20220225 07:59:05.720" level="INFO">Executing JavaScript:
document.evaluate("//button[@class='btn']",document, null, XPathResult.ORDERED_NODE_SNAPSHOT_TYPE, null).snapshotItem(0).click();
Without any arguments.</msg>
<status status="PASS" starttime="20220225 07:59:05.719" endtime="20220225 07:59:05.732"></status>
</kw>
<status status="PASS" starttime="20220225 07:59:05.719" endtime="20220225 07:59:05.733"></status>
</kw>
<kw name="Then Verify Home Page is open" library="login">
<kw name="Wait Until Element Is Visible" library="SeleniumLibrary">
<doc>Waits until element ``locator`` is visible.</doc>
<arguments>
<arg>${Verify_Home_Admin}</arg>
<arg>timeout=10s</arg>
</arguments>
<status status="PASS" starttime="20220225 07:59:05.733" endtime="20220225 07:59:08.406"></status>
</kw>
<kw name="Page Should Contain Element" library="SeleniumLibrary">
<doc>Verifies that element ``locator`` is found on the current page.</doc>
<arguments>
<arg>${Verify_Home_Admin}</arg>
</arguments>
<msg timestamp="20220225 07:59:08.416" level="INFO">Current page contains element '//span[text()='User Administrator']'.</msg>
<status status="PASS" starttime="20220225 07:59:08.406" endtime="20220225 07:59:08.416"></status>
</kw>
<status status="PASS" starttime="20220225 07:59:05.733" endtime="20220225 07:59:08.417"></status>
</kw>
<kw name="Finish Testcase" library="browser" type="teardown">
<kw name="Close Browser" library="SeleniumLibrary">
<doc>Closes the current browser.</doc>
<status status="PASS" starttime="20220225 07:59:08.417" endtime="20220225 07:59:10.502"></status>
</kw>
<status status="PASS" starttime="20220225 07:59:08.417" endtime="20220225 07:59:10.503"></status>
</kw>
<status status="PASS" starttime="20220225 07:58:59.782" endtime="20220225 07:59:10.503"></status>
</kw>
<doc>Regression Login Admin</doc>
<tags>
<tag>Functionality</tag>
</tags>
<status status="PASS" starttime="20220225 07:58:20.031" endtime="20220225 07:59:10.505" critical="yes"></status>
</test>
<doc>Regression Test Login Admin</doc>
<status status="PASS" starttime="20220225 07:58:19.734" endtime="20220225 07:59:10.510"></status>
</suite>
<suite id="s1-s2" name="02 Login Role Komponen 4" source="D:\pyCharmProject\pmrms-testing\Features\02_Login_Role_Komponen_4.robot">
<test id="s1-s2-t1" name="Login Role Komponen 4">
<kw name="Scenario 1: Login with username valid and password blank">
<doc>Feature: Login Invalid</doc>
<kw name="Given Login page is open" library="login">
<kw name="Open Browser" library="browser">
<kw name="Start Testcase Headless" library="browser">
<kw name="Evaluate" library="BuiltIn">
<doc>Evaluates the given expression in Python and returns the result.</doc>
<arguments>
<arg>sys.modules['selenium.webdriver'].ChromeOptions()</arg>
</arguments>
<assign>
<var>${options}</var>
</assign>
<msg timestamp="20220225 07:59:10.550" level="INFO">${options} = &lt;selenium.webdriver.chrome.options.Options object at 0x03C95AC0&gt;</msg>
<status status="PASS" starttime="20220225 07:59:10.550" endtime="20220225 07:59:10.551"></status>
</kw>
<kw name="Call Method" library="BuiltIn">
<doc>Calls the named method of the given object with the provided arguments.</doc>
<arguments>
<arg>${options}</arg>
<arg>add_argument</arg>
<arg>--disable-notifications</arg>
</arguments>
<status status="PASS" starttime="20220225 07:59:10.551" endtime="20220225 07:59:10.551"></status>
</kw>
<kw name="Call Method" library="BuiltIn">
<doc>Calls the named method of the given object with the provided arguments.</doc>
<arguments>
<arg>${options}</arg>
<arg>add_argument</arg>
<arg>--no-sandbox</arg>
</arguments>
<status status="PASS" starttime="20220225 07:59:10.552" endtime="20220225 07:59:10.552"></status>
</kw>
<kw name="Call Method" library="BuiltIn">
<doc>Calls the named method of the given object with the provided arguments.</doc>
<arguments>
<arg>${options}</arg>
<arg>add_argument</arg>
<arg>--disable-gpu</arg>
</arguments>
<status status="PASS" starttime="20220225 07:59:10.553" endtime="20220225 07:59:10.553"></status>
</kw>
<kw name="Call Method" library="BuiltIn">
<doc>Calls the named method of the given object with the provided arguments.</doc>
<arguments>
<arg>${options}</arg>
<arg>add_argument</arg>
<arg>--window-size\=1366,768</arg>
</arguments>
<status status="PASS" starttime="20220225 07:59:10.554" endtime="20220225 07:59:10.554"></status>
</kw>
<kw name="Call Method" library="BuiltIn">
<doc>Calls the named method of the given object with the provided arguments.</doc>
<arguments>
<arg>${options}</arg>
<arg>add_argument</arg>
<arg>--headless</arg>
</arguments>
<status status="PASS" starttime="20220225 07:59:10.555" endtime="20220225 07:59:10.556"></status>
</kw>
<kw name="Call Method" library="BuiltIn">
<doc>Calls the named method of the given object with the provided arguments.</doc>
<arguments>
<arg>${options}</arg>
<arg>add_argument</arg>
<arg>--disable-dev-shm-usage</arg>
</arguments>
<status status="PASS" starttime="20220225 07:59:10.556" endtime="20220225 07:59:10.557"></status>
</kw>
<kw name="Create Webdriver" library="SeleniumLibrary">
<doc>Creates an instance of Selenium WebDriver.</doc>
<arguments>
<arg>Chrome</arg>
<arg>chrome_options=${options}</arg>
</arguments>
<msg timestamp="20220225 07:59:10.558" level="INFO">Creating an instance of the Chrome WebDriver.</msg>
<status status="PASS" starttime="20220225 07:59:10.557" endtime="20220225 07:59:11.934"></status>
</kw>
<status status="PASS" starttime="20220225 07:59:10.549" endtime="20220225 07:59:11.934"></status>
</kw>
<kw name="Go To" library="SeleniumLibrary">
<doc>Navigates the active browser instance to the provided ``url``.</doc>
<arguments>
<arg>${chrome_browser}</arg>
</arguments>
<msg timestamp="20220225 07:59:11.935" level="INFO">Opening url 'http://pmrms.greatpmo.com/admin/login'</msg>
<status status="PASS" starttime="20220225 07:59:11.935" endtime="20220225 07:59:14.663"></status>
</kw>
<status status="PASS" starttime="20220225 07:59:10.547" endtime="20220225 07:59:14.664"></status>
</kw>
<status status="PASS" starttime="20220225 07:59:10.546" endtime="20220225 07:59:14.664"></status>
</kw>
<kw name="Input Valid Username role komponen 4" library="login">
<kw name="Input Text" library="SeleniumLibrary">
<doc>Types the given ``text`` into text field identified by ``locator``.</doc>
<arguments>
<arg>${username}</arg>
<arg>${usr_role4}</arg>
</arguments>
<msg timestamp="20220225 07:59:14.666" level="INFO">Typing text 'ptm16@madrasah.kemenag.go.id' into text field '//input[@id='email']'.</msg>
<status status="PASS" starttime="20220225 07:59:14.665" endtime="20220225 07:59:14.852"></status>
</kw>
<status status="PASS" starttime="20220225 07:59:14.665" endtime="20220225 07:59:14.853"></status>
</kw>
<kw name="Click Button Submit" library="login">
<kw name="Execute Javascript" library="SeleniumLibrary">
<doc>Executes the given JavaScript code with possible arguments.</doc>
<arguments>
<arg>document.evaluate("${btnSubmit}",</arg>
<arg>document, null, XPathResult.ORDERED_NODE_SNAPSHOT_TYPE, null).</arg>
<arg>snapshotItem(0).click();</arg>
</arguments>
<msg timestamp="20220225 07:59:14.854" level="INFO">Executing JavaScript:
document.evaluate("//button[@class='btn']",document, null, XPathResult.ORDERED_NODE_SNAPSHOT_TYPE, null).snapshotItem(0).click();
Without any arguments.</msg>
<status status="PASS" starttime="20220225 07:59:14.854" endtime="20220225 07:59:14.864"></status>
</kw>
<status status="PASS" starttime="20220225 07:59:14.853" endtime="20220225 07:59:14.864"></status>
</kw>
<kw name="Verify Notif Blank Password" library="login">
<kw name="Wait Until Element Is Visible" library="SeleniumLibrary">
<doc>Waits until element ``locator`` is visible.</doc>
<arguments>
<arg>${blank_pwd}</arg>
</arguments>
<status status="PASS" starttime="20220225 07:59:14.864" endtime="20220225 07:59:14.902"></status>
</kw>
<kw name="Page Should Contain Element" library="SeleniumLibrary">
<doc>Verifies that element ``locator`` is found on the current page.</doc>
<arguments>
<arg>${blank_pwd}</arg>
</arguments>
<msg timestamp="20220225 07:59:14.913" level="INFO">Current page contains element '//ngb-alert[text()='Password tidak boleh kosong']'.</msg>
<status status="PASS" starttime="20220225 07:59:14.902" endtime="20220225 07:59:14.913"></status>
</kw>
<status status="PASS" starttime="20220225 07:59:14.864" endtime="20220225 07:59:14.914"></status>
</kw>
<kw name="Finish Testcase" library="browser" type="teardown">
<kw name="Close Browser" library="SeleniumLibrary">
<doc>Closes the current browser.</doc>
<status status="PASS" starttime="20220225 07:59:14.915" endtime="20220225 07:59:16.988"></status>
</kw>
<status status="PASS" starttime="20220225 07:59:14.914" endtime="20220225 07:59:16.989"></status>
</kw>
<status status="PASS" starttime="20220225 07:59:10.545" endtime="20220225 07:59:16.989"></status>
</kw>
<kw name="Scenario 2: Login with username blank and password valid">
<doc>Feature: Login Invalid</doc>
<kw name="Given Login page is open" library="login">
<kw name="Open Browser" library="browser">
<kw name="Start Testcase Headless" library="browser">
<kw name="Evaluate" library="BuiltIn">
<doc>Evaluates the given expression in Python and returns the result.</doc>
<arguments>
<arg>sys.modules['selenium.webdriver'].ChromeOptions()</arg>
</arguments>
<assign>
<var>${options}</var>
</assign>
<msg timestamp="20220225 07:59:16.996" level="INFO">${options} = &lt;selenium.webdriver.chrome.options.Options object at 0x03C9B688&gt;</msg>
<status status="PASS" starttime="20220225 07:59:16.995" endtime="20220225 07:59:16.996"></status>
</kw>
<kw name="Call Method" library="BuiltIn">
<doc>Calls the named method of the given object with the provided arguments.</doc>
<arguments>
<arg>${options}</arg>
<arg>add_argument</arg>
<arg>--disable-notifications</arg>
</arguments>
<status status="PASS" starttime="20220225 07:59:16.996" endtime="20220225 07:59:16.996"></status>
</kw>
<kw name="Call Method" library="BuiltIn">
<doc>Calls the named method of the given object with the provided arguments.</doc>
<arguments>
<arg>${options}</arg>
<arg>add_argument</arg>
<arg>--no-sandbox</arg>
</arguments>
<status status="PASS" starttime="20220225 07:59:16.996" endtime="20220225 07:59:16.996"></status>
</kw>
<kw name="Call Method" library="BuiltIn">
<doc>Calls the named method of the given object with the provided arguments.</doc>
<arguments>
<arg>${options}</arg>
<arg>add_argument</arg>
<arg>--disable-gpu</arg>
</arguments>
<status status="PASS" starttime="20220225 07:59:16.996" endtime="20220225 07:59:16.997"></status>
</kw>
<kw name="Call Method" library="BuiltIn">
<doc>Calls the named method of the given object with the provided arguments.</doc>
<arguments>
<arg>${options}</arg>
<arg>add_argument</arg>
<arg>--window-size\=1366,768</arg>
</arguments>
<status status="PASS" starttime="20220225 07:59:16.997" endtime="20220225 07:59:16.997"></status>
</kw>
<kw name="Call Method" library="BuiltIn">
<doc>Calls the named method of the given object with the provided arguments.</doc>
<arguments>
<arg>${options}</arg>
<arg>add_argument</arg>
<arg>--headless</arg>
</arguments>
<status status="PASS" starttime="20220225 07:59:16.997" endtime="20220225 07:59:16.997"></status>
</kw>
<kw name="Call Method" library="BuiltIn">
<doc>Calls the named method of the given object with the provided arguments.</doc>
<arguments>
<arg>${options}</arg>
<arg>add_argument</arg>
<arg>--disable-dev-shm-usage</arg>
</arguments>
<status status="PASS" starttime="20220225 07:59:16.998" endtime="20220225 07:59:16.998"></status>
</kw>
<kw name="Create Webdriver" library="SeleniumLibrary">
<doc>Creates an instance of Selenium WebDriver.</doc>
<arguments>
<arg>Chrome</arg>
<arg>chrome_options=${options}</arg>
</arguments>
<msg timestamp="20220225 07:59:16.998" level="INFO">Creating an instance of the Chrome WebDriver.</msg>
<status status="PASS" starttime="20220225 07:59:16.998" endtime="20220225 07:59:18.331"></status>
</kw>
<status status="PASS" starttime="20220225 07:59:16.994" endtime="20220225 07:59:18.331"></status>
</kw>
<kw name="Go To" library="SeleniumLibrary">
<doc>Navigates the active browser instance to the provided ``url``.</doc>
<arguments>
<arg>${chrome_browser}</arg>
</arguments>
<msg timestamp="20220225 07:59:18.332" level="INFO">Opening url 'http://pmrms.greatpmo.com/admin/login'</msg>
<status status="PASS" starttime="20220225 07:59:18.332" endtime="20220225 07:59:22.294"></status>
</kw>
<status status="PASS" starttime="20220225 07:59:16.993" endtime="20220225 07:59:22.295"></status>
</kw>
<status status="PASS" starttime="20220225 07:59:16.992" endtime="20220225 07:59:22.295"></status>
</kw>
<kw name="And Input Valid Password" library="login">
<kw name="Input Text" library="SeleniumLibrary">
<doc>Types the given ``text`` into text field identified by ``locator``.</doc>
<arguments>
<arg>${pwd}</arg>
<arg>${adm_pwd}</arg>
</arguments>
<msg timestamp="20220225 07:59:22.298" level="INFO">Typing text 'User@madrasah2022' into text field '//input[@type='password']'.</msg>
<status status="PASS" starttime="20220225 07:59:22.297" endtime="20220225 07:59:22.460"></status>
</kw>
<status status="PASS" starttime="20220225 07:59:22.296" endtime="20220225 07:59:22.461"></status>
</kw>
<kw name="When Click button submit" library="login">
<kw name="Execute Javascript" library="SeleniumLibrary">
<doc>Executes the given JavaScript code with possible arguments.</doc>
<arguments>
<arg>document.evaluate("${btnSubmit}",</arg>
<arg>document, null, XPathResult.ORDERED_NODE_SNAPSHOT_TYPE, null).</arg>
<arg>snapshotItem(0).click();</arg>
</arguments>
<msg timestamp="20220225 07:59:22.462" level="INFO">Executing JavaScript:
document.evaluate("//button[@class='btn']",document, null, XPathResult.ORDERED_NODE_SNAPSHOT_TYPE, null).snapshotItem(0).click();
Without any arguments.</msg>
<status status="PASS" starttime="20220225 07:59:22.461" endtime="20220225 07:59:22.474"></status>
</kw>
<status status="PASS" starttime="20220225 07:59:22.461" endtime="20220225 07:59:22.475"></status>
</kw>
<kw name="Verify Notif blank username" library="login">
<kw name="Wait Until Element Is Visible" library="SeleniumLibrary">
<doc>Waits until element ``locator`` is visible.</doc>
<arguments>
<arg>${blank_usr}</arg>
</arguments>
<status status="PASS" starttime="20220225 07:59:22.475" endtime="20220225 07:59:22.516"></status>
</kw>
<kw name="Page Should Contain Element" library="SeleniumLibrary">
<doc>Verifies that element ``locator`` is found on the current page.</doc>
<arguments>
<arg>${blank_usr}</arg>
</arguments>
<msg timestamp="20220225 07:59:22.529" level="INFO">Current page contains element '//ngb-alert[text()='Email Tidak Boleh Kosong']'.</msg>
<status status="PASS" starttime="20220225 07:59:22.516" endtime="20220225 07:59:22.529"></status>
</kw>
<status status="PASS" starttime="20220225 07:59:22.475" endtime="20220225 07:59:22.530"></status>
</kw>
<kw name="Finish Testcase" library="browser" type="teardown">
<kw name="Close Browser" library="SeleniumLibrary">
<doc>Closes the current browser.</doc>
<status status="PASS" starttime="20220225 07:59:22.530" endtime="20220225 07:59:24.613"></status>
</kw>
<status status="PASS" starttime="20220225 07:59:22.530" endtime="20220225 07:59:24.614"></status>
</kw>
<status status="PASS" starttime="20220225 07:59:16.990" endtime="20220225 07:59:24.614"></status>
</kw>
<kw name="Scenario 3: Login with username blank and password blank">
<doc>Feature: Login Invalid</doc>
<kw name="Given Login page is open" library="login">
<kw name="Open Browser" library="browser">
<kw name="Start Testcase Headless" library="browser">
<kw name="Evaluate" library="BuiltIn">
<doc>Evaluates the given expression in Python and returns the result.</doc>
<arguments>
<arg>sys.modules['selenium.webdriver'].ChromeOptions()</arg>
</arguments>
<assign>
<var>${options}</var>
</assign>
<msg timestamp="20220225 07:59:24.621" level="INFO">${options} = &lt;selenium.webdriver.chrome.options.Options object at 0x03C9B2B0&gt;</msg>
<status status="PASS" starttime="20220225 07:59:24.620" endtime="20220225 07:59:24.621"></status>
</kw>
<kw name="Call Method" library="BuiltIn">
<doc>Calls the named method of the given object with the provided arguments.</doc>
<arguments>
<arg>${options}</arg>
<arg>add_argument</arg>
<arg>--disable-notifications</arg>
</arguments>
<status status="PASS" starttime="20220225 07:59:24.621" endtime="20220225 07:59:24.621"></status>
</kw>
<kw name="Call Method" library="BuiltIn">
<doc>Calls the named method of the given object with the provided arguments.</doc>
<arguments>
<arg>${options}</arg>
<arg>add_argument</arg>
<arg>--no-sandbox</arg>
</arguments>
<status status="PASS" starttime="20220225 07:59:24.621" endtime="20220225 07:59:24.621"></status>
</kw>
<kw name="Call Method" library="BuiltIn">
<doc>Calls the named method of the given object with the provided arguments.</doc>
<arguments>
<arg>${options}</arg>
<arg>add_argument</arg>
<arg>--disable-gpu</arg>
</arguments>
<status status="PASS" starttime="20220225 07:59:24.622" endtime="20220225 07:59:24.622"></status>
</kw>
<kw name="Call Method" library="BuiltIn">
<doc>Calls the named method of the given object with the provided arguments.</doc>
<arguments>
<arg>${options}</arg>
<arg>add_argument</arg>
<arg>--window-size\=1366,768</arg>
</arguments>
<status status="PASS" starttime="20220225 07:59:24.622" endtime="20220225 07:59:24.622"></status>
</kw>
<kw name="Call Method" library="BuiltIn">
<doc>Calls the named method of the given object with the provided arguments.</doc>
<arguments>
<arg>${options}</arg>
<arg>add_argument</arg>
<arg>--headless</arg>
</arguments>
<status status="PASS" starttime="20220225 07:59:24.622" endtime="20220225 07:59:24.623"></status>
</kw>
<kw name="Call Method" library="BuiltIn">
<doc>Calls the named method of the given object with the provided arguments.</doc>
<arguments>
<arg>${options}</arg>
<arg>add_argument</arg>
<arg>--disable-dev-shm-usage</arg>
</arguments>
<status status="PASS" starttime="20220225 07:59:24.623" endtime="20220225 07:59:24.623"></status>
</kw>
<kw name="Create Webdriver" library="SeleniumLibrary">
<doc>Creates an instance of Selenium WebDriver.</doc>
<arguments>
<arg>Chrome</arg>
<arg>chrome_options=${options}</arg>
</arguments>
<msg timestamp="20220225 07:59:24.623" level="INFO">Creating an instance of the Chrome WebDriver.</msg>
<status status="PASS" starttime="20220225 07:59:24.623" endtime="20220225 07:59:25.952"></status>
</kw>
<status status="PASS" starttime="20220225 07:59:24.619" endtime="20220225 07:59:25.952"></status>
</kw>
<kw name="Go To" library="SeleniumLibrary">
<doc>Navigates the active browser instance to the provided ``url``.</doc>
<arguments>
<arg>${chrome_browser}</arg>
</arguments>
<msg timestamp="20220225 07:59:25.953" level="INFO">Opening url 'http://pmrms.greatpmo.com/admin/login'</msg>
<status status="PASS" starttime="20220225 07:59:25.953" endtime="20220225 07:59:29.281"></status>
</kw>
<status status="PASS" starttime="20220225 07:59:24.618" endtime="20220225 07:59:29.282"></status>
</kw>
<status status="PASS" starttime="20220225 07:59:24.617" endtime="20220225 07:59:29.282"></status>
</kw>
<kw name="When Click button submit" library="login">
<kw name="Execute Javascript" library="SeleniumLibrary">
<doc>Executes the given JavaScript code with possible arguments.</doc>
<arguments>
<arg>document.evaluate("${btnSubmit}",</arg>
<arg>document, null, XPathResult.ORDERED_NODE_SNAPSHOT_TYPE, null).</arg>
<arg>snapshotItem(0).click();</arg>
</arguments>
<msg timestamp="20220225 07:59:29.285" level="INFO">Executing JavaScript:
document.evaluate("//button[@class='btn']",document, null, XPathResult.ORDERED_NODE_SNAPSHOT_TYPE, null).snapshotItem(0).click();
Without any arguments.</msg>
<status status="PASS" starttime="20220225 07:59:29.284" endtime="20220225 07:59:29.308"></status>
</kw>
<status status="PASS" starttime="20220225 07:59:29.283" endtime="20220225 07:59:29.308"></status>
</kw>
<kw name="Verify Notif blank username &amp; password" library="login">
<kw name="Wait Until Element Is Visible" library="SeleniumLibrary">
<doc>Waits until element ``locator`` is visible.</doc>
<arguments>
<arg>${blank_usr_pwd}</arg>
</arguments>
<status status="PASS" starttime="20220225 07:59:29.309" endtime="20220225 07:59:29.343"></status>
</kw>
<kw name="Page Should Contain Element" library="SeleniumLibrary">
<doc>Verifies that element ``locator`` is found on the current page.</doc>
<arguments>
<arg>${blank_usr_pwd}</arg>
</arguments>
<msg timestamp="20220225 07:59:29.350" level="INFO">Current page contains element '//ngb-alert[text()='Form tidak boleh kosong']'.</msg>
<status status="PASS" starttime="20220225 07:59:29.343" endtime="20220225 07:59:29.351"></status>
</kw>
<status status="PASS" starttime="20220225 07:59:29.309" endtime="20220225 07:59:29.351"></status>
</kw>
<kw name="Finish Testcase" library="browser" type="teardown">
<kw name="Close Browser" library="SeleniumLibrary">
<doc>Closes the current browser.</doc>
<status status="PASS" starttime="20220225 07:59:29.353" endtime="20220225 07:59:31.425"></status>
</kw>
<status status="PASS" starttime="20220225 07:59:29.352" endtime="20220225 07:59:31.426"></status>
</kw>
<status status="PASS" starttime="20220225 07:59:24.616" endtime="20220225 07:59:31.426"></status>
</kw>
<kw name="Scenario 4: Login with username tidak diketahui">
<doc>Feature: Login Invalid</doc>
<kw name="Given Login page is open" library="login">
<kw name="Open Browser" library="browser">
<kw name="Start Testcase Headless" library="browser">
<kw name="Evaluate" library="BuiltIn">
<doc>Evaluates the given expression in Python and returns the result.</doc>
<arguments>
<arg>sys.modules['selenium.webdriver'].ChromeOptions()</arg>
</arguments>
<assign>
<var>${options}</var>
</assign>
<msg timestamp="20220225 07:59:31.433" level="INFO">${options} = &lt;selenium.webdriver.chrome.options.Options object at 0x041032F8&gt;</msg>
<status status="PASS" starttime="20220225 07:59:31.432" endtime="20220225 07:59:31.433"></status>
</kw>
<kw name="Call Method" library="BuiltIn">
<doc>Calls the named method of the given object with the provided arguments.</doc>
<arguments>
<arg>${options}</arg>
<arg>add_argument</arg>
<arg>--disable-notifications</arg>
</arguments>
<status status="PASS" starttime="20220225 07:59:31.433" endtime="20220225 07:59:31.433"></status>
</kw>
<kw name="Call Method" library="BuiltIn">
<doc>Calls the named method of the given object with the provided arguments.</doc>
<arguments>
<arg>${options}</arg>
<arg>add_argument</arg>
<arg>--no-sandbox</arg>
</arguments>
<status status="PASS" starttime="20220225 07:59:31.433" endtime="20220225 07:59:31.433"></status>
</kw>
<kw name="Call Method" library="BuiltIn">
<doc>Calls the named method of the given object with the provided arguments.</doc>
<arguments>
<arg>${options}</arg>
<arg>add_argument</arg>
<arg>--disable-gpu</arg>
</arguments>
<status status="PASS" starttime="20220225 07:59:31.434" endtime="20220225 07:59:31.434"></status>
</kw>
<kw name="Call Method" library="BuiltIn">
<doc>Calls the named method of the given object with the provided arguments.</doc>
<arguments>
<arg>${options}</arg>
<arg>add_argument</arg>
<arg>--window-size\=1366,768</arg>
</arguments>
<status status="PASS" starttime="20220225 07:59:31.434" endtime="20220225 07:59:31.434"></status>
</kw>
<kw name="Call Method" library="BuiltIn">
<doc>Calls the named method of the given object with the provided arguments.</doc>
<arguments>
<arg>${options}</arg>
<arg>add_argument</arg>
<arg>--headless</arg>
</arguments>
<status status="PASS" starttime="20220225 07:59:31.434" endtime="20220225 07:59:31.435"></status>
</kw>
<kw name="Call Method" library="BuiltIn">
<doc>Calls the named method of the given object with the provided arguments.</doc>
<arguments>
<arg>${options}</arg>
<arg>add_argument</arg>
<arg>--disable-dev-shm-usage</arg>
</arguments>
<status status="PASS" starttime="20220225 07:59:31.435" endtime="20220225 07:59:31.435"></status>
</kw>
<kw name="Create Webdriver" library="SeleniumLibrary">
<doc>Creates an instance of Selenium WebDriver.</doc>
<arguments>
<arg>Chrome</arg>
<arg>chrome_options=${options}</arg>
</arguments>
<msg timestamp="20220225 07:59:31.435" level="INFO">Creating an instance of the Chrome WebDriver.</msg>
<status status="PASS" starttime="20220225 07:59:31.435" endtime="20220225 07:59:32.786"></status>
</kw>
<status status="PASS" starttime="20220225 07:59:31.431" endtime="20220225 07:59:32.786"></status>
</kw>
<kw name="Go To" library="SeleniumLibrary">
<doc>Navigates the active browser instance to the provided ``url``.</doc>
<arguments>
<arg>${chrome_browser}</arg>
</arguments>
<msg timestamp="20220225 07:59:32.787" level="INFO">Opening url 'http://pmrms.greatpmo.com/admin/login'</msg>
<status status="PASS" starttime="20220225 07:59:32.787" endtime="20220225 07:59:36.450"></status>
</kw>
<status status="PASS" starttime="20220225 07:59:31.430" endtime="20220225 07:59:36.451"></status>
</kw>
<status status="PASS" starttime="20220225 07:59:31.429" endtime="20220225 07:59:36.451"></status>
</kw>
<kw name="Input Valid Username role komponen 4" library="login">
<kw name="Input Text" library="SeleniumLibrary">
<doc>Types the given ``text`` into text field identified by ``locator``.</doc>
<arguments>
<arg>${username}</arg>
<arg>${usr_role4}</arg>
</arguments>
<msg timestamp="20220225 07:59:36.453" level="INFO">Typing text 'ptm16@madrasah.kemenag.go.id' into text field '//input[@id='email']'.</msg>
<status status="PASS" starttime="20220225 07:59:36.452" endtime="20220225 07:59:36.593"></status>
</kw>
<status status="PASS" starttime="20220225 07:59:36.451" endtime="20220225 07:59:36.593"></status>
</kw>
<kw name="And Input Invalid Password" library="login">
<kw name="Input Text" library="SeleniumLibrary">
<doc>Types the given ``text`` into text field identified by ``locator``.</doc>
<arguments>
<arg>${pwd}</arg>
<arg>${adm_pwd_wrong}</arg>
</arguments>
<msg timestamp="20220225 07:59:36.594" level="INFO">Typing text '1234567890' into text field '//input[@type='password']'.</msg>
<status status="PASS" starttime="20220225 07:59:36.593" endtime="20220225 07:59:36.740"></status>
</kw>
<status status="PASS" starttime="20220225 07:59:36.593" endtime="20220225 07:59:36.740"></status>
</kw>
<kw name="When Click button submit" library="login">
<kw name="Execute Javascript" library="SeleniumLibrary">
<doc>Executes the given JavaScript code with possible arguments.</doc>
<arguments>
<arg>document.evaluate("${btnSubmit}",</arg>
<arg>document, null, XPathResult.ORDERED_NODE_SNAPSHOT_TYPE, null).</arg>
<arg>snapshotItem(0).click();</arg>
</arguments>
<msg timestamp="20220225 07:59:36.743" level="INFO">Executing JavaScript:
document.evaluate("//button[@class='btn']",document, null, XPathResult.ORDERED_NODE_SNAPSHOT_TYPE, null).snapshotItem(0).click();
Without any arguments.</msg>
<status status="PASS" starttime="20220225 07:59:36.741" endtime="20220225 07:59:36.760"></status>
</kw>
<status status="PASS" starttime="20220225 07:59:36.741" endtime="20220225 07:59:36.761"></status>
</kw>
<kw name="Verify Notif Pengguna tidak diketahui" library="login">
<kw name="Wait Until Element Is Visible" library="SeleniumLibrary">
<doc>Waits until element ``locator`` is visible.</doc>
<arguments>
<arg>${usr_tdk_diketahui}</arg>
</arguments>
<status status="PASS" starttime="20220225 07:59:36.761" endtime="20220225 07:59:36.794"></status>
</kw>
<kw name="Page Should Contain Element" library="SeleniumLibrary">
<doc>Verifies that element ``locator`` is found on the current page.</doc>
<arguments>
<arg>${usr_tdk_diketahui}</arg>
</arguments>
<msg timestamp="20220225 07:59:36.804" level="INFO">Current page contains element '//ngb-alert[text()='Pengguna tidak diketahui']'.</msg>
<status status="PASS" starttime="20220225 07:59:36.794" endtime="20220225 07:59:36.804"></status>
</kw>
<status status="PASS" starttime="20220225 07:59:36.761" endtime="20220225 07:59:36.804"></status>
</kw>
<kw name="Finish Testcase" library="browser" type="teardown">
<kw name="Close Browser" library="SeleniumLibrary">
<doc>Closes the current browser.</doc>
<status status="PASS" starttime="20220225 07:59:36.805" endtime="20220225 07:59:38.888"></status>
</kw>
<status status="PASS" starttime="20220225 07:59:36.804" endtime="20220225 07:59:38.889"></status>
</kw>
<status status="PASS" starttime="20220225 07:59:31.427" endtime="20220225 07:59:38.889"></status>
</kw>
<kw name="Scenario 5: Login with username valid and password valid">
<doc>Feature: Login Valid</doc>
<kw name="Given Login page is open" library="login">
<kw name="Open Browser" library="browser">
<kw name="Start Testcase Headless" library="browser">
<kw name="Evaluate" library="BuiltIn">
<doc>Evaluates the given expression in Python and returns the result.</doc>
<arguments>
<arg>sys.modules['selenium.webdriver'].ChromeOptions()</arg>
</arguments>
<assign>
<var>${options}</var>
</assign>
<msg timestamp="20220225 07:59:38.895" level="INFO">${options} = &lt;selenium.webdriver.chrome.options.Options object at 0x03C9BEE0&gt;</msg>
<status status="PASS" starttime="20220225 07:59:38.895" endtime="20220225 07:59:38.895"></status>
</kw>
<kw name="Call Method" library="BuiltIn">
<doc>Calls the named method of the given object with the provided arguments.</doc>
<arguments>
<arg>${options}</arg>
<arg>add_argument</arg>
<arg>--disable-notifications</arg>
</arguments>
<status status="PASS" starttime="20220225 07:59:38.895" endtime="20220225 07:59:38.896"></status>
</kw>
<kw name="Call Method" library="BuiltIn">
<doc>Calls the named method of the given object with the provided arguments.</doc>
<arguments>
<arg>${options}</arg>
<arg>add_argument</arg>
<arg>--no-sandbox</arg>
</arguments>
<status status="PASS" starttime="20220225 07:59:38.896" endtime="20220225 07:59:38.896"></status>
</kw>
<kw name="Call Method" library="BuiltIn">
<doc>Calls the named method of the given object with the provided arguments.</doc>
<arguments>
<arg>${options}</arg>
<arg>add_argument</arg>
<arg>--disable-gpu</arg>
</arguments>
<status status="PASS" starttime="20220225 07:59:38.896" endtime="20220225 07:59:38.896"></status>
</kw>
<kw name="Call Method" library="BuiltIn">
<doc>Calls the named method of the given object with the provided arguments.</doc>
<arguments>
<arg>${options}</arg>
<arg>add_argument</arg>
<arg>--window-size\=1366,768</arg>
</arguments>
<status status="PASS" starttime="20220225 07:59:38.897" endtime="20220225 07:59:38.897"></status>
</kw>
<kw name="Call Method" library="BuiltIn">
<doc>Calls the named method of the given object with the provided arguments.</doc>
<arguments>
<arg>${options}</arg>
<arg>add_argument</arg>
<arg>--headless</arg>
</arguments>
<status status="PASS" starttime="20220225 07:59:38.897" endtime="20220225 07:59:38.897"></status>
</kw>
<kw name="Call Method" library="BuiltIn">
<doc>Calls the named method of the given object with the provided arguments.</doc>
<arguments>
<arg>${options}</arg>
<arg>add_argument</arg>
<arg>--disable-dev-shm-usage</arg>
</arguments>
<status status="PASS" starttime="20220225 07:59:38.897" endtime="20220225 07:59:38.897"></status>
</kw>
<kw name="Create Webdriver" library="SeleniumLibrary">
<doc>Creates an instance of Selenium WebDriver.</doc>
<arguments>
<arg>Chrome</arg>
<arg>chrome_options=${options}</arg>
</arguments>
<msg timestamp="20220225 07:59:38.898" level="INFO">Creating an instance of the Chrome WebDriver.</msg>
<status status="PASS" starttime="20220225 07:59:38.898" endtime="20220225 07:59:40.242"></status>
</kw>
<status status="PASS" starttime="20220225 07:59:38.894" endtime="20220225 07:59:40.242"></status>
</kw>
<kw name="Go To" library="SeleniumLibrary">
<doc>Navigates the active browser instance to the provided ``url``.</doc>
<arguments>
<arg>${chrome_browser}</arg>
</arguments>
<msg timestamp="20220225 07:59:40.242" level="INFO">Opening url 'http://pmrms.greatpmo.com/admin/login'</msg>
<status status="PASS" starttime="20220225 07:59:40.242" endtime="20220225 07:59:44.930"></status>
</kw>
<status status="PASS" starttime="20220225 07:59:38.893" endtime="20220225 07:59:44.931"></status>
</kw>
<status status="PASS" starttime="20220225 07:59:38.892" endtime="20220225 07:59:44.931"></status>
</kw>
<kw name="Input Valid Username role komponen 4" library="login">
<kw name="Input Text" library="SeleniumLibrary">
<doc>Types the given ``text`` into text field identified by ``locator``.</doc>
<arguments>
<arg>${username}</arg>
<arg>${usr_role4}</arg>
</arguments>
<msg timestamp="20220225 07:59:44.934" level="INFO">Typing text 'ptm16@madrasah.kemenag.go.id' into text field '//input[@id='email']'.</msg>
<status status="PASS" starttime="20220225 07:59:44.933" endtime="20220225 07:59:45.109"></status>
</kw>
<status status="PASS" starttime="20220225 07:59:44.932" endtime="20220225 07:59:45.109"></status>
</kw>
<kw name="And Input Valid Password" library="login">
<kw name="Input Text" library="SeleniumLibrary">
<doc>Types the given ``text`` into text field identified by ``locator``.</doc>
<arguments>
<arg>${pwd}</arg>
<arg>${adm_pwd}</arg>
</arguments>
<msg timestamp="20220225 07:59:45.110" level="INFO">Typing text 'User@madrasah2022' into text field '//input[@type='password']'.</msg>
<status status="PASS" starttime="20220225 07:59:45.110" endtime="20220225 07:59:45.257"></status>
</kw>
<status status="PASS" starttime="20220225 07:59:45.109" endtime="20220225 07:59:45.257"></status>
</kw>
<kw name="When Click button submit" library="login">
<kw name="Execute Javascript" library="SeleniumLibrary">
<doc>Executes the given JavaScript code with possible arguments.</doc>
<arguments>
<arg>document.evaluate("${btnSubmit}",</arg>
<arg>document, null, XPathResult.ORDERED_NODE_SNAPSHOT_TYPE, null).</arg>
<arg>snapshotItem(0).click();</arg>
</arguments>
<msg timestamp="20220225 07:59:45.259" level="INFO">Executing JavaScript:
document.evaluate("//button[@class='btn']",document, null, XPathResult.ORDERED_NODE_SNAPSHOT_TYPE, null).snapshotItem(0).click();
Without any arguments.</msg>
<status status="PASS" starttime="20220225 07:59:45.257" endtime="20220225 07:59:45.276"></status>
</kw>
<status status="PASS" starttime="20220225 07:59:45.257" endtime="20220225 07:59:45.277"></status>
</kw>
<kw name="Then Verify Home Page Penanggung Jawab is open" library="login">
<kw name="Wait Until Element Is Visible" library="SeleniumLibrary">
<doc>Waits until element ``locator`` is visible.</doc>
<arguments>
<arg>${Verify_PenanggungJawab}</arg>
</arguments>
<status status="PASS" starttime="20220225 07:59:45.278" endtime="20220225 07:59:46.782"></status>
</kw>
<kw name="Page Should Contain Element" library="SeleniumLibrary">
<doc>Verifies that element ``locator`` is found on the current page.</doc>
<arguments>
<arg>${Verify_PenanggungJawab}</arg>
</arguments>
<msg timestamp="20220225 07:59:46.793" level="INFO">Current page contains element 'css= .profile-button'.</msg>
<status status="PASS" starttime="20220225 07:59:46.783" endtime="20220225 07:59:46.793"></status>
</kw>
<status status="PASS" starttime="20220225 07:59:45.277" endtime="20220225 07:59:46.794"></status>
</kw>
<kw name="Finish Testcase" library="browser" type="teardown">
<kw name="Close Browser" library="SeleniumLibrary">
<doc>Closes the current browser.</doc>
<status status="PASS" starttime="20220225 07:59:46.795" endtime="20220225 07:59:48.874"></status>
</kw>
<status status="PASS" starttime="20220225 07:59:46.794" endtime="20220225 07:59:48.874"></status>
</kw>
<status status="PASS" starttime="20220225 07:59:38.891" endtime="20220225 07:59:48.875"></status>
</kw>
<doc>Regression Login Role Komponen 4</doc>
<tags>
<tag>Functionality</tag>
</tags>
<status status="PASS" starttime="20220225 07:59:10.543" endtime="20220225 07:59:48.876" critical="yes"></status>
</test>
<doc>Regression Test Login Role Komponen 4</doc>
<status status="PASS" starttime="20220225 07:59:10.518" endtime="20220225 07:59:48.881"></status>
</suite>
<suite id="s1-s3" name="03 Login Staff Administrasi" source="D:\pyCharmProject\pmrms-testing\Features\03_Login_Staff_Administrasi.robot">
<test id="s1-s3-t1" name="Login Staff Administrasi">
<kw name="Scenario 1: Login with username valid and password blank">
<doc>Feature: Login Invalid</doc>
<kw name="Given Login page is open" library="login">
<kw name="Open Browser" library="browser">
<kw name="Start Testcase Headless" library="browser">
<kw name="Evaluate" library="BuiltIn">
<doc>Evaluates the given expression in Python and returns the result.</doc>
<arguments>
<arg>sys.modules['selenium.webdriver'].ChromeOptions()</arg>
</arguments>
<assign>
<var>${options}</var>
</assign>
<msg timestamp="20220225 07:59:48.902" level="INFO">${options} = &lt;selenium.webdriver.chrome.options.Options object at 0x041034A8&gt;</msg>
<status status="PASS" starttime="20220225 07:59:48.901" endtime="20220225 07:59:48.902"></status>
</kw>
<kw name="Call Method" library="BuiltIn">
<doc>Calls the named method of the given object with the provided arguments.</doc>
<arguments>
<arg>${options}</arg>
<arg>add_argument</arg>
<arg>--disable-notifications</arg>
</arguments>
<status status="PASS" starttime="20220225 07:59:48.902" endtime="20220225 07:59:48.902"></status>
</kw>
<kw name="Call Method" library="BuiltIn">
<doc>Calls the named method of the given object with the provided arguments.</doc>
<arguments>
<arg>${options}</arg>
<arg>add_argument</arg>
<arg>--no-sandbox</arg>
</arguments>
<status status="PASS" starttime="20220225 07:59:48.902" endtime="20220225 07:59:48.902"></status>
</kw>
<kw name="Call Method" library="BuiltIn">
<doc>Calls the named method of the given object with the provided arguments.</doc>
<arguments>
<arg>${options}</arg>
<arg>add_argument</arg>
<arg>--disable-gpu</arg>
</arguments>
<status status="PASS" starttime="20220225 07:59:48.902" endtime="20220225 07:59:48.902"></status>
</kw>
<kw name="Call Method" library="BuiltIn">
<doc>Calls the named method of the given object with the provided arguments.</doc>
<arguments>
<arg>${options}</arg>
<arg>add_argument</arg>
<arg>--window-size\=1366,768</arg>
</arguments>
<status status="PASS" starttime="20220225 07:59:48.903" endtime="20220225 07:59:48.903"></status>
</kw>
<kw name="Call Method" library="BuiltIn">
<doc>Calls the named method of the given object with the provided arguments.</doc>
<arguments>
<arg>${options}</arg>
<arg>add_argument</arg>
<arg>--headless</arg>
</arguments>
<status status="PASS" starttime="20220225 07:59:48.903" endtime="20220225 07:59:48.903"></status>
</kw>
<kw name="Call Method" library="BuiltIn">
<doc>Calls the named method of the given object with the provided arguments.</doc>
<arguments>
<arg>${options}</arg>
<arg>add_argument</arg>
<arg>--disable-dev-shm-usage</arg>
</arguments>
<status status="PASS" starttime="20220225 07:59:48.903" endtime="20220225 07:59:48.903"></status>
</kw>
<kw name="Create Webdriver" library="SeleniumLibrary">
<doc>Creates an instance of Selenium WebDriver.</doc>
<arguments>
<arg>Chrome</arg>
<arg>chrome_options=${options}</arg>
</arguments>
<msg timestamp="20220225 07:59:48.905" level="INFO">Creating an instance of the Chrome WebDriver.</msg>
<status status="PASS" starttime="20220225 07:59:48.903" endtime="20220225 07:59:50.248"></status>
</kw>
<status status="PASS" starttime="20220225 07:59:48.901" endtime="20220225 07:59:50.248"></status>
</kw>
<kw name="Go To" library="SeleniumLibrary">
<doc>Navigates the active browser instance to the provided ``url``.</doc>
<arguments>
<arg>${chrome_browser}</arg>
</arguments>
<msg timestamp="20220225 07:59:50.249" level="INFO">Opening url 'http://pmrms.greatpmo.com/admin/login'</msg>
<status status="PASS" starttime="20220225 07:59:50.249" endtime="20220225 07:59:53.476"></status>
</kw>
<status status="PASS" starttime="20220225 07:59:48.901" endtime="20220225 07:59:53.476"></status>
</kw>
<status status="PASS" starttime="20220225 07:59:48.900" endtime="20220225 07:59:53.477"></status>
</kw>
<kw name="Input Valid Username staff administrasi" library="login">
<kw name="Input Text" library="SeleniumLibrary">
<doc>Types the given ``text`` into text field identified by ``locator``.</doc>
<arguments>
<arg>${username}</arg>
<arg>${usr_staffAdmin}</arg>
</arguments>
<msg timestamp="20220225 07:59:53.478" level="INFO">Typing text 'ptm22@madrasah.kemenag.go.id' into text field '//input[@id='email']'.</msg>
<status status="PASS" starttime="20220225 07:59:53.477" endtime="20220225 07:59:53.647"></status>
</kw>
<status status="PASS" starttime="20220225 07:59:53.477" endtime="20220225 07:59:53.647"></status>
</kw>
<kw name="Click Button Submit" library="login">
<kw name="Execute Javascript" library="SeleniumLibrary">
<doc>Executes the given JavaScript code with possible arguments.</doc>
<arguments>
<arg>document.evaluate("${btnSubmit}",</arg>
<arg>document, null, XPathResult.ORDERED_NODE_SNAPSHOT_TYPE, null).</arg>
<arg>snapshotItem(0).click();</arg>
</arguments>
<msg timestamp="20220225 07:59:53.649" level="INFO">Executing JavaScript:
document.evaluate("//button[@class='btn']",document, null, XPathResult.ORDERED_NODE_SNAPSHOT_TYPE, null).snapshotItem(0).click();
Without any arguments.</msg>
<status status="PASS" starttime="20220225 07:59:53.648" endtime="20220225 07:59:53.660"></status>
</kw>
<status status="PASS" starttime="20220225 07:59:53.647" endtime="20220225 07:59:53.660"></status>
</kw>
<kw name="Verify Notif Blank Password" library="login">
<kw name="Wait Until Element Is Visible" library="SeleniumLibrary">
<doc>Waits until element ``locator`` is visible.</doc>
<arguments>
<arg>${blank_pwd}</arg>
</arguments>
<status status="PASS" starttime="20220225 07:59:53.661" endtime="20220225 07:59:53.702"></status>
</kw>
<kw name="Page Should Contain Element" library="SeleniumLibrary">
<doc>Verifies that element ``locator`` is found on the current page.</doc>
<arguments>
<arg>${blank_pwd}</arg>
</arguments>
<msg timestamp="20220225 07:59:53.713" level="INFO">Current page contains element '//ngb-alert[text()='Password tidak boleh kosong']'.</msg>
<status status="PASS" starttime="20220225 07:59:53.702" endtime="20220225 07:59:53.713"></status>
</kw>
<status status="PASS" starttime="20220225 07:59:53.660" endtime="20220225 07:59:53.713"></status>
</kw>
<kw name="Finish Testcase" library="browser" type="teardown">
<kw name="Close Browser" library="SeleniumLibrary">
<doc>Closes the current browser.</doc>
<status status="PASS" starttime="20220225 07:59:53.714" endtime="20220225 07:59:55.788"></status>
</kw>
<status status="PASS" starttime="20220225 07:59:53.714" endtime="20220225 07:59:55.789"></status>
</kw>
<status status="PASS" starttime="20220225 07:59:48.900" endtime="20220225 07:59:55.789"></status>
</kw>
<kw name="Scenario 2: Login with username blank and password valid">
<doc>Feature: Login Invalid</doc>
<kw name="Given Login page is open" library="login">
<kw name="Open Browser" library="browser">
<kw name="Start Testcase Headless" library="browser">
<kw name="Evaluate" library="BuiltIn">
<doc>Evaluates the given expression in Python and returns the result.</doc>
<arguments>
<arg>sys.modules['selenium.webdriver'].ChromeOptions()</arg>
</arguments>
<assign>
<var>${options}</var>
</assign>
<msg timestamp="20220225 07:59:55.797" level="INFO">${options} = &lt;selenium.webdriver.chrome.options.Options object at 0x03A15910&gt;</msg>
<status status="PASS" starttime="20220225 07:59:55.796" endtime="20220225 07:59:55.797"></status>
</kw>
<kw name="Call Method" library="BuiltIn">
<doc>Calls the named method of the given object with the provided arguments.</doc>
<arguments>
<arg>${options}</arg>
<arg>add_argument</arg>
<arg>--disable-notifications</arg>
</arguments>
<status status="PASS" starttime="20220225 07:59:55.798" endtime="20220225 07:59:55.798"></status>
</kw>
<kw name="Call Method" library="BuiltIn">
<doc>Calls the named method of the given object with the provided arguments.</doc>
<arguments>
<arg>${options}</arg>
<arg>add_argument</arg>
<arg>--no-sandbox</arg>
</arguments>
<status status="PASS" starttime="20220225 07:59:55.799" endtime="20220225 07:59:55.800"></status>
</kw>
<kw name="Call Method" library="BuiltIn">
<doc>Calls the named method of the given object with the provided arguments.</doc>
<arguments>
<arg>${options}</arg>
<arg>add_argument</arg>
<arg>--disable-gpu</arg>
</arguments>
<status status="PASS" starttime="20220225 07:59:55.800" endtime="20220225 07:59:55.801"></status>
</kw>
<kw name="Call Method" library="BuiltIn">
<doc>Calls the named method of the given object with the provided arguments.</doc>
<arguments>
<arg>${options}</arg>
<arg>add_argument</arg>
<arg>--window-size\=1366,768</arg>
</arguments>
<status status="PASS" starttime="20220225 07:59:55.801" endtime="20220225 07:59:55.802"></status>
</kw>
<kw name="Call Method" library="BuiltIn">
<doc>Calls the named method of the given object with the provided arguments.</doc>
<arguments>
<arg>${options}</arg>
<arg>add_argument</arg>
<arg>--headless</arg>
</arguments>
<status status="PASS" starttime="20220225 07:59:55.802" endtime="20220225 07:59:55.803"></status>
</kw>
<kw name="Call Method" library="BuiltIn">
<doc>Calls the named method of the given object with the provided arguments.</doc>
<arguments>
<arg>${options}</arg>
<arg>add_argument</arg>
<arg>--disable-dev-shm-usage</arg>
</arguments>
<status status="PASS" starttime="20220225 07:59:55.803" endtime="20220225 07:59:55.804"></status>
</kw>
<kw name="Create Webdriver" library="SeleniumLibrary">
<doc>Creates an instance of Selenium WebDriver.</doc>
<arguments>
<arg>Chrome</arg>
<arg>chrome_options=${options}</arg>
</arguments>
<msg timestamp="20220225 07:59:55.806" level="INFO">Creating an instance of the Chrome WebDriver.</msg>
<status status="PASS" starttime="20220225 07:59:55.805" endtime="20220225 07:59:57.177"></status>
</kw>
<status status="PASS" starttime="20220225 07:59:55.795" endtime="20220225 07:59:57.177"></status>
</kw>
<kw name="Go To" library="SeleniumLibrary">
<doc>Navigates the active browser instance to the provided ``url``.</doc>
<arguments>
<arg>${chrome_browser}</arg>
</arguments>
<msg timestamp="20220225 07:59:57.178" level="INFO">Opening url 'http://pmrms.greatpmo.com/admin/login'</msg>
<status status="PASS" starttime="20220225 07:59:57.178" endtime="20220225 08:00:01.942"></status>
</kw>
<status status="PASS" starttime="20220225 07:59:55.793" endtime="20220225 08:00:01.942"></status>
</kw>
<status status="PASS" starttime="20220225 07:59:55.792" endtime="20220225 08:00:01.942"></status>
</kw>
<kw name="And Input Valid Password" library="login">
<kw name="Input Text" library="SeleniumLibrary">
<doc>Types the given ``text`` into text field identified by ``locator``.</doc>
<arguments>
<arg>${pwd}</arg>
<arg>${adm_pwd}</arg>
</arguments>
<msg timestamp="20220225 08:00:01.944" level="INFO">Typing text 'User@madrasah2022' into text field '//input[@type='password']'.</msg>
<status status="PASS" starttime="20220225 08:00:01.943" endtime="20220225 08:00:02.106"></status>
</kw>
<status status="PASS" starttime="20220225 08:00:01.943" endtime="20220225 08:00:02.106"></status>
</kw>
<kw name="When Click button submit" library="login">
<kw name="Execute Javascript" library="SeleniumLibrary">
<doc>Executes the given JavaScript code with possible arguments.</doc>
<arguments>
<arg>document.evaluate("${btnSubmit}",</arg>
<arg>document, null, XPathResult.ORDERED_NODE_SNAPSHOT_TYPE, null).</arg>
<arg>snapshotItem(0).click();</arg>
</arguments>
<msg timestamp="20220225 08:00:02.107" level="INFO">Executing JavaScript:
document.evaluate("//button[@class='btn']",document, null, XPathResult.ORDERED_NODE_SNAPSHOT_TYPE, null).snapshotItem(0).click();
Without any arguments.</msg>
<status status="PASS" starttime="20220225 08:00:02.107" endtime="20220225 08:00:02.118"></status>
</kw>
<status status="PASS" starttime="20220225 08:00:02.106" endtime="20220225 08:00:02.118"></status>
</kw>
[...]
<status status="PASS" starttime="20220225 08:02:19.750" endtime="20220225 08:02:19.944"></status>
</kw>
<msg timestamp="20220225 08:02:19.944" level="FAIL">Element '//button[text()='Lihat Detail']' not visible after 5 seconds.</msg>
<status status="FAIL" starttime="20220225 08:02:14.727" endtime="20220225 08:02:19.944"></status>
</kw>
<status status="FAIL" starttime="20220225 08:02:14.727" endtime="20220225 08:02:19.945"></status>
</kw>
<status status="FAIL" starttime="20220225 08:02:14.727" endtime="20220225 08:02:19.945"></status>
</kw>
<kw name="Finish Testcase" library="browser" type="teardown">
<kw name="Close Browser" library="SeleniumLibrary">
<doc>Closes the current browser.</doc>
<status status="PASS" starttime="20220225 08:02:19.947" endtime="20220225 08:02:22.060"></status>
</kw>
<status status="PASS" starttime="20220225 08:02:19.946" endtime="20220225 08:02:22.060"></status>
</kw>
<doc>Regression Test Menu Administrasi Direktori Staff</doc>
<tags>
<tag>Functionality</tag>
</tags>
<status status="FAIL" starttime="20220225 08:02:04.591" endtime="20220225 08:02:22.062" critical="yes">Element '//button[text()='Lihat Detail']' not visible after 5 seconds.</status>
</test>
<doc>Regression Test Menu Administrasi Direktori Staff</doc>
<status status="FAIL" starttime="20220225 08:02:04.558" endtime="20220225 08:02:22.070"></status>
</suite>
<suite id="s1-s12" name="12 Administrasi Kegiatan LuarKota" source="D:\pyCharmProject\pmrms-testing\Features\12_Administrasi_Kegiatan_LuarKota.robot">
<test id="s1-s12-t1" name="Menu Administrasi Kegiatan Luar Kota">
<kw name="Scenario 1: Login with username valid and password valid">
<kw name="Given Login page is open" library="login">
<kw name="Open Browser" library="browser">
<kw name="Start Testcase Headless" library="browser">
<kw name="Evaluate" library="BuiltIn">
<doc>Evaluates the given expression in Python and returns the result.</doc>
<arguments>
<arg>sys.modules['selenium.webdriver'].ChromeOptions()</arg>
</arguments>
<assign>
<var>${options}</var>
</assign>
<msg timestamp="20220225 08:02:22.113" level="INFO">${options} = &lt;selenium.webdriver.chrome.options.Options object at 0x00314B38&gt;</msg>
<status status="PASS" starttime="20220225 08:02:22.112" endtime="20220225 08:02:22.113"></status>
</kw>
<kw name="Call Method" library="BuiltIn">
<doc>Calls the named method of the given object with the provided arguments.</doc>
<arguments>
<arg>${options}</arg>
<arg>add_argument</arg>
<arg>--disable-notifications</arg>
</arguments>
<status status="PASS" starttime="20220225 08:02:22.113" endtime="20220225 08:02:22.113"></status>
</kw>
<kw name="Call Method" library="BuiltIn">
<doc>Calls the named method of the given object with the provided arguments.</doc>
<arguments>
<arg>${options}</arg>
<arg>add_argument</arg>
<arg>--no-sandbox</arg>
</arguments>
<status status="PASS" starttime="20220225 08:02:22.114" endtime="20220225 08:02:22.114"></status>
</kw>
<kw name="Call Method" library="BuiltIn">
<doc>Calls the named method of the given object with the provided arguments.</doc>
<arguments>
<arg>${options}</arg>
<arg>add_argument</arg>
<arg>--disable-gpu</arg>
</arguments>
<status status="PASS" starttime="20220225 08:02:22.114" endtime="20220225 08:02:22.115"></status>
</kw>
<kw name="Call Method" library="BuiltIn">
<doc>Calls the named method of the given object with the provided arguments.</doc>
<arguments>
<arg>${options}</arg>
<arg>add_argument</arg>
<arg>--window-size\=1366,768</arg>
</arguments>
<status status="PASS" starttime="20220225 08:02:22.115" endtime="20220225 08:02:22.115"></status>
</kw>
<kw name="Call Method" library="BuiltIn">
<doc>Calls the named method of the given object with the provided arguments.</doc>
<arguments>
<arg>${options}</arg>
<arg>add_argument</arg>
<arg>--headless</arg>
</arguments>
<status status="PASS" starttime="20220225 08:02:22.116" endtime="20220225 08:02:22.116"></status>
</kw>
<kw name="Call Method" library="BuiltIn">
<doc>Calls the named method of the given object with the provided arguments.</doc>
<arguments>
<arg>${options}</arg>
<arg>add_argument</arg>
<arg>--disable-dev-shm-usage</arg>
</arguments>
<status status="PASS" starttime="20220225 08:02:22.116" endtime="20220225 08:02:22.116"></status>
</kw>
<kw name="Create Webdriver" library="SeleniumLibrary">
<doc>Creates an instance of Selenium WebDriver.</doc>
<arguments>
<arg>Chrome</arg>
<arg>chrome_options=${options}</arg>
</arguments>
<msg timestamp="20220225 08:02:22.117" level="INFO">Creating an instance of the Chrome WebDriver.</msg>
<status status="PASS" starttime="20220225 08:02:22.116" endtime="20220225 08:02:23.469"></status>
</kw>
<status status="PASS" starttime="20220225 08:02:22.112" endtime="20220225 08:02:23.469"></status>
</kw>
<kw name="Go To" library="SeleniumLibrary">
<doc>Navigates the active browser instance to the provided ``url``.</doc>
<arguments>
<arg>${chrome_browser}</arg>
</arguments>
<msg timestamp="20220225 08:02:23.470" level="INFO">Opening url 'http://pmrms.greatpmo.com/admin/login'</msg>
<status status="PASS" starttime="20220225 08:02:23.470" endtime="20220225 08:02:27.704"></status>
</kw>
<status status="PASS" starttime="20220225 08:02:22.111" endtime="20220225 08:02:27.704"></status>
</kw>
<status status="PASS" starttime="20220225 08:02:22.111" endtime="20220225 08:02:27.704"></status>
</kw>
<kw name="And Input Valid Username" library="login">
<kw name="Input Text" library="SeleniumLibrary">
<doc>Types the given ``text`` into text field identified by ``locator``.</doc>
<arguments>
<arg>${username}</arg>
<arg>${adm_usr}</arg>
</arguments>
<msg timestamp="20220225 08:02:27.705" level="INFO">Typing text 'ptm15@madrasah.kemenag.go.id' into text field '//input[@id='email']'.</msg>
<status status="PASS" starttime="20220225 08:02:27.705" endtime="20220225 08:02:27.874"></status>
</kw>
<status status="PASS" starttime="20220225 08:02:27.704" endtime="20220225 08:02:27.874"></status>
</kw>
<kw name="And Input Valid Password" library="login">
<kw name="Input Text" library="SeleniumLibrary">
<doc>Types the given ``text`` into text field identified by ``locator``.</doc>
<arguments>
<arg>${pwd}</arg>
<arg>${adm_pwd}</arg>
</arguments>
<msg timestamp="20220225 08:02:27.876" level="INFO">Typing text 'User@madrasah2022' into text field '//input[@type='password']'.</msg>
<status status="PASS" starttime="20220225 08:02:27.876" endtime="20220225 08:02:28.006"></status>
</kw>
<status status="PASS" starttime="20220225 08:02:27.875" endtime="20220225 08:02:28.007"></status>
</kw>
<kw name="When Click button submit" library="login">
<kw name="Execute Javascript" library="SeleniumLibrary">
<doc>Executes the given JavaScript code with possible arguments.</doc>
<arguments>
<arg>document.evaluate("${btnSubmit}",</arg>
<arg>document, null, XPathResult.ORDERED_NODE_SNAPSHOT_TYPE, null).</arg>
<arg>snapshotItem(0).click();</arg>
</arguments>
<msg timestamp="20220225 08:02:28.009" level="INFO">Executing JavaScript:
document.evaluate("//button[@class='btn']",document, null, XPathResult.ORDERED_NODE_SNAPSHOT_TYPE, null).snapshotItem(0).click();
Without any arguments.</msg>
<status status="PASS" starttime="20220225 08:02:28.008" endtime="20220225 08:02:28.023"></status>
</kw>
<status status="PASS" starttime="20220225 08:02:28.007" endtime="20220225 08:02:28.023"></status>
</kw>
<kw name="Then Verify Home Page is open" library="login">
<kw name="Wait Until Element Is Visible" library="SeleniumLibrary">
<doc>Waits until element ``locator`` is visible.</doc>
<arguments>
<arg>${Verify_Home_Admin}</arg>
<arg>timeout=10s</arg>
</arguments>
<status status="PASS" starttime="20220225 08:02:28.024" endtime="20220225 08:02:30.337"></status>
</kw>
<kw name="Page Should Contain Element" library="SeleniumLibrary">
<doc>Verifies that element ``locator`` is found on the current page.</doc>
<arguments>
<arg>${Verify_Home_Admin}</arg>
</arguments>
<msg timestamp="20220225 08:02:30.351" level="INFO">Current page contains element '//span[text()='User Administrator']'.</msg>
<status status="PASS" starttime="20220225 08:02:30.337" endtime="20220225 08:02:30.351"></status>
</kw>
<status status="PASS" starttime="20220225 08:02:28.024" endtime="20220225 08:02:30.351"></status>
</kw>
<status status="PASS" starttime="20220225 08:02:22.111" endtime="20220225 08:02:30.352"></status>
</kw>
<kw name="Scenario 2: User Mengklik Menu Kegiatan Luar Kota">
<kw name="Click Menu Administrasi" library="administrasi">
<kw name="Wait Until Element Is Visible" library="SeleniumLibrary">
<doc>Waits until element ``locator`` is visible.</doc>
<arguments>
<arg>${menuAdministrasi}</arg>
</arguments>
<status status="PASS" starttime="20220225 08:02:30.354" endtime="20220225 08:02:30.838"></status>
</kw>
<kw name="Click Element" library="SeleniumLibrary">
<doc>Click element identified by ``locator``.</doc>
<arguments>
<arg>${menuAdministrasi}</arg>
</arguments>
<msg timestamp="20220225 08:02:30.838" level="INFO">Clicking element '//a[contains(.,'Administrasi')]'.</msg>
<status status="PASS" starttime="20220225 08:02:30.838" endtime="20220225 08:02:30.901"></status>
</kw>
<status status="PASS" starttime="20220225 08:02:30.353" endtime="20220225 08:02:30.901"></status>
</kw>
<kw name="Click Menu Kegiatan Luar Kota" library="administrasi">
<kw name="Click Element" library="SeleniumLibrary">
<doc>Click element identified by ``locator``.</doc>
<arguments>
<arg>${menuKegiatanLuarKota}</arg>
</arguments>
<msg timestamp="20220225 08:02:30.903" level="INFO">Clicking element '//a[contains(.,'Kegiatan Luar Kota')]'.</msg>
<status status="PASS" starttime="20220225 08:02:30.903" endtime="20220225 08:02:30.987"></status>
</kw>
<status status="PASS" starttime="20220225 08:02:30.902" endtime="20220225 08:02:30.987"></status>
</kw>
<kw name="Verify Page Kegiatan Luar Kota" library="administrasi">
<kw name="Wait Until Element Is Visible" library="SeleniumLibrary">
<doc>Waits until element ``locator`` is visible.</doc>
<arguments>
<arg>${verifyKegiatanLuarKota}</arg>
</arguments>
<status status="PASS" starttime="20220225 08:02:30.987" endtime="20220225 08:02:32.523"></status>
</kw>
<kw name="Page Should Contain Element" library="SeleniumLibrary">
<doc>Verifies that element ``locator`` is found on the current page.</doc>
<arguments>
<arg>${verifyKegiatanLuarKota}</arg>
</arguments>
<msg timestamp="20220225 08:02:32.543" level="INFO">Current page contains element '//label[text()='Kegiatan Luar Kota']'.</msg>
<status status="PASS" starttime="20220225 08:02:32.523" endtime="20220225 08:02:32.544"></status>
</kw>
<status status="PASS" starttime="20220225 08:02:30.987" endtime="20220225 08:02:32.545"></status>
</kw>
<status status="PASS" starttime="20220225 08:02:30.353" endtime="20220225 08:02:32.545"></status>
</kw>
<kw name="Scenario 3: User Mengklik Button Ajukan Kegiatan">
<kw name="Click Button Ajukan Kegiatan" library="administrasi">
<kw name="Click Element" library="SeleniumLibrary">
<doc>Click element identified by ``locator``.</doc>
<arguments>
<arg>${verifyKegiatanLuarKota}</arg>
</arguments>
<msg timestamp="20220225 08:02:32.550" level="INFO">Clicking element '//label[text()='Kegiatan Luar Kota']'.</msg>
<status status="PASS" starttime="20220225 08:02:32.549" endtime="20220225 08:02:32.653"></status>
</kw>
<kw name="Click Element" library="SeleniumLibrary">
<doc>Click element identified by ``locator``.</doc>
<arguments>
<arg>${btnAjukanKegiatan}</arg>
</arguments>
<msg timestamp="20220225 08:02:32.654" level="INFO">Clicking element '//button[text()='Ajukan Kegiatan']'.</msg>
<status status="PASS" starttime="20220225 08:02:32.653" endtime="20220225 08:02:32.770"></status>
</kw>
<status status="PASS" starttime="20220225 08:02:32.548" endtime="20220225 08:02:32.771"></status>
</kw>
<kw name="Verify Page Form Pengajuan Kegiatan" library="administrasi">
<kw name="Wait Until Element Is Visible" library="SeleniumLibrary">
<doc>Waits until element ``locator`` is visible.</doc>
<arguments>
<arg>${verifyPengajuanKegiatan}</arg>
</arguments>
<status status="PASS" starttime="20220225 08:02:32.771" endtime="20220225 08:02:33.568"></status>
</kw>
<kw name="Page Should Contain Element" library="SeleniumLibrary">
<doc>Verifies that element ``locator`` is found on the current page.</doc>
<arguments>
<arg>${verifyPengajuanKegiatan}</arg>
</arguments>
<msg timestamp="20220225 08:02:33.589" level="INFO">Current page contains element '//label[text()='Formulir Pengajuan Kegiatan di Luar Kota']'.</msg>
<status status="PASS" starttime="20220225 08:02:33.569" endtime="20220225 08:02:33.590"></status>
</kw>
<status status="PASS" starttime="20220225 08:02:32.771" endtime="20220225 08:02:33.590"></status>
</kw>
<status status="PASS" starttime="20220225 08:02:32.547" endtime="20220225 08:02:33.591"></status>
</kw>
<kw name="Scenario 4: User Mengklik Button Kembali dari page Form Pengajuan Kegiatan">
<kw name="Click Button Kembali" library="administrasi">
<kw name="Click Element" library="SeleniumLibrary">
<doc>Click element identified by ``locator``.</doc>
<arguments>
<arg>${btnKembali}</arg>
</arguments>
<msg timestamp="20220225 08:02:33.594" level="INFO">Clicking element '//label[.='Kembali']'.</msg>
<status status="PASS" starttime="20220225 08:02:33.594" endtime="20220225 08:02:33.748"></status>
</kw>
<status status="PASS" starttime="20220225 08:02:33.593" endtime="20220225 08:02:33.748"></status>
</kw>
<kw name="Verify Page Kegiatan Luar Kota" library="administrasi">
<kw name="Wait Until Element Is Visible" library="SeleniumLibrary">
<doc>Waits until element ``locator`` is visible.</doc>
<arguments>
<arg>${verifyKegiatanLuarKota}</arg>
</arguments>
<status status="PASS" starttime="20220225 08:02:33.749" endtime="20220225 08:02:34.528"></status>
</kw>
<kw name="Page Should Contain Element" library="SeleniumLibrary">
<doc>Verifies that element ``locator`` is found on the current page.</doc>
<arguments>
<arg>${verifyKegiatanLuarKota}</arg>
</arguments>
<msg timestamp="20220225 08:02:34.548" level="INFO">Current page contains element '//label[text()='Kegiatan Luar Kota']'.</msg>
<status status="PASS" starttime="20220225 08:02:34.529" endtime="20220225 08:02:34.548"></status>
</kw>
<status status="PASS" starttime="20220225 08:02:33.748" endtime="20220225 08:02:34.549"></status>
</kw>
<status status="PASS" starttime="20220225 08:02:33.592" endtime="20220225 08:02:34.549"></status>
</kw>
<kw name="Scenario 5: User Mengklik Button Batal dari page Form Pengajuan Kegiatan">
<kw name="Click Button Ajukan Kegiatan" library="administrasi">
<kw name="Click Element" library="SeleniumLibrary">
<doc>Click element identified by ``locator``.</doc>
<arguments>
<arg>${verifyKegiatanLuarKota}</arg>
</arguments>
<msg timestamp="20220225 08:02:34.553" level="INFO">Clicking element '//label[text()='Kegiatan Luar Kota']'.</msg>
<status status="PASS" starttime="20220225 08:02:34.553" endtime="20220225 08:02:34.650"></status>
</kw>
<kw name="Click Element" library="SeleniumLibrary">
<doc>Click element identified by ``locator``.</doc>
<arguments>
<arg>${btnAjukanKegiatan}</arg>
</arguments>
<msg timestamp="20220225 08:02:34.651" level="INFO">Clicking element '//button[text()='Ajukan Kegiatan']'.</msg>
<status status="PASS" starttime="20220225 08:02:34.650" endtime="20220225 08:02:34.725"></status>
</kw>
<status status="PASS" starttime="20220225 08:02:34.552" endtime="20220225 08:02:34.726"></status>
</kw>
<kw name="Click Button Batal" library="administrasi">
<kw name="Wait Until Element Is Visible" library="SeleniumLibrary">
<doc>Waits until element ``locator`` is visible.</doc>
<arguments>
<arg>${btnBatal}</arg>
</arguments>
<status status="PASS" starttime="20220225 08:02:34.726" endtime="20220225 08:02:35.748"></status>
</kw>
<kw name="Execute Javascript" library="SeleniumLibrary">
<doc>Executes the given JavaScript code with possible arguments.</doc>
<arguments>
<arg>document.evaluate("${btnBatal}",</arg>
<arg>document, null, XPathResult.ORDERED_NODE_SNAPSHOT_TYPE, null).</arg>
<arg>snapshotItem(0).click();</arg>
</arguments>
<msg timestamp="20220225 08:02:35.750" level="INFO">Executing JavaScript:
document.evaluate("//button[.='Batal']",document, null, XPathResult.ORDERED_NODE_SNAPSHOT_TYPE, null).snapshotItem(0).click();
Without any arguments.</msg>
<status status="PASS" starttime="20220225 08:02:35.749" endtime="20220225 08:02:35.788"></status>
</kw>
<status status="PASS" starttime="20220225 08:02:34.726" endtime="20220225 08:02:35.788"></status>
</kw>
<kw name="Verify Page Kegiatan Luar Kota" library="administrasi">
<kw name="Wait Until Element Is Visible" library="SeleniumLibrary">
<doc>Waits until element ``locator`` is visible.</doc>
<arguments>
<arg>${verifyKegiatanLuarKota}</arg>
</arguments>
<status status="PASS" starttime="20220225 08:02:35.789" endtime="20220225 08:02:36.058"></status>
</kw>
<kw name="Page Should Contain Element" library="SeleniumLibrary">
<doc>Verifies that element ``locator`` is found on the current page.</doc>
<arguments>
<arg>${verifyKegiatanLuarKota}</arg>
</arguments>
<msg timestamp="20220225 08:02:36.077" level="INFO">Current page contains element '//label[text()='Kegiatan Luar Kota']'.</msg>
<status status="PASS" starttime="20220225 08:02:36.059" endtime="20220225 08:02:36.077"></status>
</kw>
<status status="PASS" starttime="20220225 08:02:35.788" endtime="20220225 08:02:36.079"></status>
</kw>
<status status="PASS" starttime="20220225 08:02:34.550" endtime="20220225 08:02:36.079"></status>
</kw>
<kw name="Finish Testcase" library="browser" type="teardown">
<kw name="Close Browser" library="SeleniumLibrary">
<doc>Closes the current browser.</doc>
<status status="PASS" starttime="20220225 08:02:36.082" endtime="20220225 08:02:38.198"></status>
</kw>
<status status="PASS" starttime="20220225 08:02:36.081" endtime="20220225 08:02:38.199"></status>
</kw>
<doc>Regression Test Menu Administrasi Kegiatan Luar Kota</doc>
<tags>
<tag>Functionality</tag>
</tags>
<status status="PASS" starttime="20220225 08:02:22.110" endtime="20220225 08:02:38.200" critical="yes"></status>
</test>
<doc>Regression Test Menu Administrasi Kegiatan Luar Kota</doc>
<status status="PASS" starttime="20220225 08:02:22.079" endtime="20220225 08:02:38.205"></status>
</suite>
<status status="FAIL" starttime="20220225 07:58:19.686" endtime="20220225 08:02:38.217"></status>
</suite>
<statistics>
<total>
<stat pass="9" fail="3">Critical Tests</stat>
<stat pass="9" fail="3">All Tests</stat>
</total>
<tag>
<stat pass="9" fail="3">Functionality</stat>
</tag>
<suite>
<stat pass="9" fail="3" id="s1" name="Features">Features</stat>
<stat pass="1" fail="0" id="s1-s1" name="01 Login Admin">Features.01 Login Admin</stat>
<stat pass="1" fail="0" id="s1-s2" name="02 Login Role Komponen 4">Features.02 Login Role Komponen 4</stat>
<stat pass="1" fail="0" id="s1-s3" name="03 Login Staff Administrasi">Features.03 Login Staff Administrasi</stat>
<stat pass="1" fail="0" id="s1-s4" name="04 Lupa Password">Features.04 Lupa Password</stat>
<stat pass="1" fail="0" id="s1-s5" name="05 Awp">Features.05 Awp</stat>
<stat pass="0" fail="1" id="s1-s6" name="06 Project Component">Features.06 Project Component</stat>
<stat pass="1" fail="0" id="s1-s7" name="07 Profile">Features.07 Profile</stat>
<stat pass="0" fail="1" id="s1-s8" name="08 Konfigurasi">Features.08 Konfigurasi</stat>
<stat pass="1" fail="0" id="s1-s9" name="09 Daftar Tugas">Features.09 Daftar Tugas</stat>
<stat pass="1" fail="0" id="s1-s10" name="10 Administrasi IzinCuti">Features.10 Administrasi IzinCuti</stat>
<stat pass="0" fail="1" id="s1-s11" name="11 Administrasi DirektoriStaff">Features.11 Administrasi DirektoriStaff</stat>
<stat pass="1" fail="0" id="s1-s12" name="12 Administrasi Kegiatan LuarKota">Features.12 Administrasi Kegiatan LuarKota</stat>
</suite>
</statistics>
<errors>
</errors>
</robot>
