<?xml version="1.0" encoding="UTF-8"?>
<robot generator="Robot 3.2.2 (Python 3.8.5 on win32)" generated="20220224 22:27:48.820" rpa="false">
<suite id="s1" name="Features" source="D:\pyCharmProject\pmrms-testing\Features">
<suite id="s1-s1" name="01 Login Admin" source="D:\pyCharmProject\pmrms-testing\Features\01_Login_Admin.robot">
<test id="s1-s1-t1" name="Login Admin">
<kw name="Scenario 1: Login with username valid and password blank">
<doc>Feature: Login Invalid</doc>
<kw name="Given Login page is open" library="login">
<kw name="Open Browser" library="browser">
<kw name="Start Testcase Headless" library="browser">
<kw name="Evaluate" library="BuiltIn">
<doc>Evaluates the given expression in Python and returns the result.</doc>
<arguments>
<arg>sys.modules['selenium.webdriver'].ChromeOptions()</arg>
</arguments>
<assign>
<var>${options}</var>
</assign>
<msg timestamp="20220224 22:27:49.421" level="INFO">${options} = &lt;selenium.webdriver.chrome.options.Options object at 0x04181310&gt;</msg>
<status status="PASS" starttime="20220224 22:27:49.420" endtime="20220224 22:27:49.421"></status>
</kw>
<kw name="Call Method" library="BuiltIn">
<doc>Calls the named method of the given object with the provided arguments.</doc>
<arguments>
<arg>${options}</arg>
<arg>add_argument</arg>
<arg>--disable-notifications</arg>
</arguments>
<status status="PASS" starttime="20220224 22:27:49.421" endtime="20220224 22:27:49.421"></status>
</kw>
<kw name="Call Method" library="BuiltIn">
<doc>Calls the named method of the given object with the provided arguments.</doc>
<arguments>
<arg>${options}</arg>
<arg>add_argument</arg>
<arg>--no-sandbox</arg>
</arguments>
<status status="PASS" starttime="20220224 22:27:49.421" endtime="20220224 22:27:49.421"></status>
</kw>
<kw name="Call Method" library="BuiltIn">
<doc>Calls the named method of the given object with the provided arguments.</doc>
<arguments>
<arg>${options}</arg>
<arg>add_argument</arg>
<arg>--disable-gpu</arg>
</arguments>
<status status="PASS" starttime="20220224 22:27:49.421" endtime="20220224 22:27:49.421"></status>
</kw>
<kw name="Call Method" library="BuiltIn">
<doc>Calls the named method of the given object with the provided arguments.</doc>
<arguments>
<arg>${options}</arg>
<arg>add_argument</arg>
<arg>--start-maximized</arg>
</arguments>
<status status="PASS" starttime="20220224 22:27:49.421" endtime="20220224 22:27:49.421"></status>
</kw>
<kw name="Call Method" library="BuiltIn">
<doc>Calls the named method of the given object with the provided arguments.</doc>
<arguments>
<arg>${options}</arg>
<arg>add_argument</arg>
<arg>--disable-dev-shm-usage</arg>
</arguments>
<status status="PASS" starttime="20220224 22:27:49.421" endtime="20220224 22:27:49.421"></status>
</kw>
<kw name="Create Webdriver" library="SeleniumLibrary">
<doc>Creates an instance of Selenium WebDriver.</doc>
<arguments>
<arg>Chrome</arg>
<arg>chrome_options=${options}</arg>
</arguments>
<msg timestamp="20220224 22:27:49.421" level="INFO">Creating an instance of the Chrome WebDriver.</msg>
<status status="PASS" starttime="20220224 22:27:49.421" endtime="20220224 22:27:52.768"></status>
</kw>
<status status="PASS" starttime="20220224 22:27:49.420" endtime="20220224 22:27:52.768"></status>
</kw>
<kw name="Go To" library="SeleniumLibrary">
<doc>Navigates the active browser instance to the provided ``url``.</doc>
<arguments>
<arg>${chrome_browser}</arg>
</arguments>
<msg timestamp="20220224 22:27:52.770" level="INFO">Opening url 'http://pmrms.greatpmo.com/'</msg>
<status status="PASS" starttime="20220224 22:27:52.769" endtime="20220224 22:27:57.424"></status>
</kw>
<status status="PASS" starttime="20220224 22:27:49.420" endtime="20220224 22:27:57.425"></status>
</kw>
<status status="PASS" starttime="20220224 22:27:49.419" endtime="20220224 22:27:57.426"></status>
</kw>
<kw name="And Input Valid Username" library="login">
<kw name="Input Text" library="SeleniumLibrary">
<doc>Types the given ``text`` into text field identified by ``locator``.</doc>
<arguments>
<arg>${username}</arg>
<arg>${adm_usr}</arg>
</arguments>
<msg timestamp="20220224 22:27:57.430" level="INFO">Typing text 'ptm15@madrasah.kemenag.go.id' into text field '//input[@id='email']'.</msg>
<status status="PASS" starttime="20220224 22:27:57.429" endtime="20220224 22:27:57.818"></status>
</kw>
<status status="PASS" starttime="20220224 22:27:57.427" endtime="20220224 22:27:57.818"></status>
</kw>
<kw name="Click Button Submit" library="login">
<kw name="Execute Javascript" library="SeleniumLibrary">
<doc>Executes the given JavaScript code with possible arguments.</doc>
<arguments>
<arg>document.evaluate("${btnSubmit}",</arg>
<arg>document, null, XPathResult.ORDERED_NODE_SNAPSHOT_TYPE, null).</arg>
<arg>snapshotItem(0).click();</arg>
</arguments>
<msg timestamp="20220224 22:27:57.821" level="INFO">Executing JavaScript:
document.evaluate("//button[@class='btn']",document, null, XPathResult.ORDERED_NODE_SNAPSHOT_TYPE, null).snapshotItem(0).click();
Without any arguments.</msg>
<status status="PASS" starttime="20220224 22:27:57.819" endtime="20220224 22:27:57.831"></status>
</kw>
<status status="PASS" starttime="20220224 22:27:57.819" endtime="20220224 22:27:57.831"></status>
</kw>
<kw name="Verify Notif Blank Password" library="login">
<kw name="Wait Until Element Is Visible" library="SeleniumLibrary">
<doc>Waits until element ``locator`` is visible.</doc>
<arguments>
<arg>${blank_pwd}</arg>
</arguments>
<status status="PASS" starttime="20220224 22:27:57.832" endtime="20220224 22:27:57.903"></status>
</kw>
<kw name="Page Should Contain Element" library="SeleniumLibrary">
<doc>Verifies that element ``locator`` is found on the current page.</doc>
<arguments>
<arg>${blank_pwd}</arg>
</arguments>
<msg timestamp="20220224 22:27:57.918" level="INFO">Current page contains element '//ngb-alert[text()='Password tidak boleh kosong']'.</msg>
<status status="PASS" starttime="20220224 22:27:57.903" endtime="20220224 22:27:57.919"></status>
</kw>
<status status="PASS" starttime="20220224 22:27:57.831" endtime="20220224 22:27:57.920"></status>
</kw>
<kw name="Finish Testcase" library="browser" type="teardown">
<kw name="Close Browser" library="SeleniumLibrary">
<doc>Closes the current browser.</doc>
<status status="PASS" starttime="20220224 22:27:57.926" endtime="20220224 22:28:00.667"></status>
</kw>
<status status="PASS" starttime="20220224 22:27:57.922" endtime="20220224 22:28:00.668"></status>
</kw>
<status status="PASS" starttime="20220224 22:27:49.418" endtime="20220224 22:28:00.668"></status>
</kw>
<kw name="Scenario 2: Login with username blank and password valid">
<doc>Feature: Login Invalid</doc>
<kw name="Given Login page is open" library="login">
<kw name="Open Browser" library="browser">
<kw name="Start Testcase Headless" library="browser">
<kw name="Evaluate" library="BuiltIn">
<doc>Evaluates the given expression in Python and returns the result.</doc>
<arguments>
<arg>sys.modules['selenium.webdriver'].ChromeOptions()</arg>
</arguments>
<assign>
<var>${options}</var>
</assign>
<msg timestamp="20220224 22:28:00.675" level="INFO">${options} = &lt;selenium.webdriver.chrome.options.Options object at 0x0416DEB0&gt;</msg>
<status status="PASS" starttime="20220224 22:28:00.674" endtime="20220224 22:28:00.675"></status>
</kw>
<kw name="Call Method" library="BuiltIn">
<doc>Calls the named method of the given object with the provided arguments.</doc>
<arguments>
<arg>${options}</arg>
<arg>add_argument</arg>
<arg>--disable-notifications</arg>
</arguments>
<status status="PASS" starttime="20220224 22:28:00.675" endtime="20220224 22:28:00.677"></status>
</kw>
<kw name="Call Method" library="BuiltIn">
<doc>Calls the named method of the given object with the provided arguments.</doc>
<arguments>
<arg>${options}</arg>
<arg>add_argument</arg>
<arg>--no-sandbox</arg>
</arguments>
<status status="PASS" starttime="20220224 22:28:00.677" endtime="20220224 22:28:00.677"></status>
</kw>
<kw name="Call Method" library="BuiltIn">
<doc>Calls the named method of the given object with the provided arguments.</doc>
<arguments>
<arg>${options}</arg>
<arg>add_argument</arg>
<arg>--disable-gpu</arg>
</arguments>
<status status="PASS" starttime="20220224 22:28:00.677" endtime="20220224 22:28:00.677"></status>
</kw>
<kw name="Call Method" library="BuiltIn">
<doc>Calls the named method of the given object with the provided arguments.</doc>
<arguments>
<arg>${options}</arg>
<arg>add_argument</arg>
<arg>--start-maximized</arg>
</arguments>
<status status="PASS" starttime="20220224 22:28:00.677" endtime="20220224 22:28:00.677"></status>
</kw>
<kw name="Call Method" library="BuiltIn">
<doc>Calls the named method of the given object with the provided arguments.</doc>
<arguments>
<arg>${options}</arg>
<arg>add_argument</arg>
<arg>--disable-dev-shm-usage</arg>
</arguments>
<status status="PASS" starttime="20220224 22:28:00.677" endtime="20220224 22:28:00.677"></status>
</kw>
<kw name="Create Webdriver" library="SeleniumLibrary">
<doc>Creates an instance of Selenium WebDriver.</doc>
<arguments>
<arg>Chrome</arg>
<arg>chrome_options=${options}</arg>
</arguments>
<msg timestamp="20220224 22:28:00.677" level="INFO">Creating an instance of the Chrome WebDriver.</msg>
<status status="PASS" starttime="20220224 22:28:00.677" endtime="20220224 22:28:02.331"></status>
</kw>
<status status="PASS" starttime="20220224 22:28:00.671" endtime="20220224 22:28:02.332"></status>
</kw>
<kw name="Go To" library="SeleniumLibrary">
<doc>Navigates the active browser instance to the provided ``url``.</doc>
<arguments>
<arg>${chrome_browser}</arg>
</arguments>
<msg timestamp="20220224 22:28:02.333" level="INFO">Opening url 'http://pmrms.greatpmo.com/'</msg>
<status status="PASS" starttime="20220224 22:28:02.332" endtime="20220224 22:28:07.940"></status>
</kw>
<status status="PASS" starttime="20220224 22:28:00.671" endtime="20220224 22:28:07.940"></status>
</kw>
<status status="PASS" starttime="20220224 22:28:00.671" endtime="20220224 22:28:07.940"></status>
</kw>
<kw name="And Input Valid Password" library="login">
<kw name="Input Text" library="SeleniumLibrary">
<doc>Types the given ``text`` into text field identified by ``locator``.</doc>
<arguments>
<arg>${pwd}</arg>
<arg>${adm_pwd}</arg>
</arguments>
<msg timestamp="20220224 22:28:07.941" level="INFO">Typing text 'User@madrasah2022' into text field '//input[@type='password']'.</msg>
<status status="PASS" starttime="20220224 22:28:07.941" endtime="20220224 22:28:08.146"></status>
</kw>
<status status="PASS" starttime="20220224 22:28:07.941" endtime="20220224 22:28:08.147"></status>
</kw>
<kw name="When Click button submit" library="login">
<kw name="Execute Javascript" library="SeleniumLibrary">
<doc>Executes the given JavaScript code with possible arguments.</doc>
<arguments>
<arg>document.evaluate("${btnSubmit}",</arg>
<arg>document, null, XPathResult.ORDERED_NODE_SNAPSHOT_TYPE, null).</arg>
<arg>snapshotItem(0).click();</arg>
</arguments>
<msg timestamp="20220224 22:28:08.149" level="INFO">Executing JavaScript:
document.evaluate("//button[@class='btn']",document, null, XPathResult.ORDERED_NODE_SNAPSHOT_TYPE, null).snapshotItem(0).click();
Without any arguments.</msg>
<status status="PASS" starttime="20220224 22:28:08.148" endtime="20220224 22:28:08.160"></status>
</kw>
<status status="PASS" starttime="20220224 22:28:08.147" endtime="20220224 22:28:08.160"></status>
</kw>
<kw name="Verify Notif blank username" library="login">
<kw name="Wait Until Element Is Visible" library="SeleniumLibrary">
<doc>Waits until element ``locator`` is visible.</doc>
<arguments>
<arg>${blank_usr}</arg>
</arguments>
<status status="PASS" starttime="20220224 22:28:08.161" endtime="20220224 22:28:08.227"></status>
</kw>
<kw name="Page Should Contain Element" library="SeleniumLibrary">
<doc>Verifies that element ``locator`` is found on the current page.</doc>
<arguments>
<arg>${blank_usr}</arg>
</arguments>
<msg timestamp="20220224 22:28:08.245" level="INFO">Current page contains element '//ngb-alert[text()='Email Tidak Boleh Kosong']'.</msg>
<status status="PASS" starttime="20220224 22:28:08.228" endtime="20220224 22:28:08.246"></status>
</kw>
<status status="PASS" starttime="20220224 22:28:08.160" endtime="20220224 22:28:08.246"></status>
</kw>
<kw name="Finish Testcase" library="browser" type="teardown">
<kw name="Close Browser" library="SeleniumLibrary">
<doc>Closes the current browser.</doc>
<status status="PASS" starttime="20220224 22:28:08.247" endtime="20220224 22:28:10.906"></status>
</kw>
<status status="PASS" starttime="20220224 22:28:08.247" endtime="20220224 22:28:10.907"></status>
</kw>
<status status="PASS" starttime="20220224 22:28:00.669" endtime="20220224 22:28:10.907"></status>
</kw>
<kw name="Scenario 3: Login with username blank and password blank">
<doc>Feature: Login Invalid</doc>
<kw name="Given Login page is open" library="login">
<kw name="Open Browser" library="browser">
<kw name="Start Testcase Headless" library="browser">
<kw name="Evaluate" library="BuiltIn">
<doc>Evaluates the given expression in Python and returns the result.</doc>
<arguments>
<arg>sys.modules['selenium.webdriver'].ChromeOptions()</arg>
</arguments>
<assign>
<var>${options}</var>
</assign>
<msg timestamp="20220224 22:28:10.912" level="INFO">${options} = &lt;selenium.webdriver.chrome.options.Options object at 0x04181100&gt;</msg>
<status status="PASS" starttime="20220224 22:28:10.912" endtime="20220224 22:28:10.912"></status>
</kw>
<kw name="Call Method" library="BuiltIn">
<doc>Calls the named method of the given object with the provided arguments.</doc>
<arguments>
<arg>${options}</arg>
<arg>add_argument</arg>
<arg>--disable-notifications</arg>
</arguments>
<status status="PASS" starttime="20220224 22:28:10.912" endtime="20220224 22:28:10.912"></status>
</kw>
<kw name="Call Method" library="BuiltIn">
<doc>Calls the named method of the given object with the provided arguments.</doc>
<arguments>
<arg>${options}</arg>
<arg>add_argument</arg>
<arg>--no-sandbox</arg>
</arguments>
<status status="PASS" starttime="20220224 22:28:10.916" endtime="20220224 22:28:10.917"></status>
</kw>
<kw name="Call Method" library="BuiltIn">
<doc>Calls the named method of the given object with the provided arguments.</doc>
<arguments>
<arg>${options}</arg>
<arg>add_argument</arg>
<arg>--disable-gpu</arg>
</arguments>
<status status="PASS" starttime="20220224 22:28:10.918" endtime="20220224 22:28:10.918"></status>
</kw>
<kw name="Call Method" library="BuiltIn">
<doc>Calls the named method of the given object with the provided arguments.</doc>
<arguments>
<arg>${options}</arg>
<arg>add_argument</arg>
<arg>--start-maximized</arg>
</arguments>
<status status="PASS" starttime="20220224 22:28:10.919" endtime="20220224 22:28:10.919"></status>
</kw>
<kw name="Call Method" library="BuiltIn">
<doc>Calls the named method of the given object with the provided arguments.</doc>
<arguments>
<arg>${options}</arg>
<arg>add_argument</arg>
<arg>--disable-dev-shm-usage</arg>
</arguments>
<status status="PASS" starttime="20220224 22:28:10.919" endtime="20220224 22:28:10.919"></status>
</kw>
<kw name="Create Webdriver" library="SeleniumLibrary">
<doc>Creates an instance of Selenium WebDriver.</doc>
<arguments>
<arg>Chrome</arg>
<arg>chrome_options=${options}</arg>
</arguments>
<msg timestamp="20220224 22:28:10.919" level="INFO">Creating an instance of the Chrome WebDriver.</msg>
<status status="PASS" starttime="20220224 22:28:10.919" endtime="20220224 22:28:12.648"></status>
</kw>
<status status="PASS" starttime="20220224 22:28:10.912" endtime="20220224 22:28:12.649"></status>
</kw>
<kw name="Go To" library="SeleniumLibrary">
<doc>Navigates the active browser instance to the provided ``url``.</doc>
<arguments>
<arg>${chrome_browser}</arg>
</arguments>
<msg timestamp="20220224 22:28:12.650" level="INFO">Opening url 'http://pmrms.greatpmo.com/'</msg>
<status status="PASS" starttime="20220224 22:28:12.649" endtime="20220224 22:28:18.196"></status>
</kw>
<status status="PASS" starttime="20220224 22:28:10.911" endtime="20220224 22:28:18.198"></status>
</kw>
<status status="PASS" starttime="20220224 22:28:10.909" endtime="20220224 22:28:18.199"></status>
</kw>
<kw name="When Click button submit" library="login">
<kw name="Execute Javascript" library="SeleniumLibrary">
<doc>Executes the given JavaScript code with possible arguments.</doc>
<arguments>
<arg>document.evaluate("${btnSubmit}",</arg>
<arg>document, null, XPathResult.ORDERED_NODE_SNAPSHOT_TYPE, null).</arg>
<arg>snapshotItem(0).click();</arg>
</arguments>
<msg timestamp="20220224 22:28:18.202" level="INFO">Executing JavaScript:
document.evaluate("//button[@class='btn']",document, null, XPathResult.ORDERED_NODE_SNAPSHOT_TYPE, null).snapshotItem(0).click();
Without any arguments.</msg>
<status status="PASS" starttime="20220224 22:28:18.201" endtime="20220224 22:28:18.249"></status>
</kw>
<status status="PASS" starttime="20220224 22:28:18.199" endtime="20220224 22:28:18.250"></status>
</kw>
<kw name="Verify Notif blank username &amp; password" library="login">
<kw name="Wait Until Element Is Visible" library="SeleniumLibrary">
<doc>Waits until element ``locator`` is visible.</doc>
<arguments>
<arg>${blank_usr_pwd}</arg>
</arguments>
<status status="PASS" starttime="20220224 22:28:18.251" endtime="20220224 22:28:18.355"></status>
</kw>
<kw name="Page Should Contain Element" library="SeleniumLibrary">
<doc>Verifies that element ``locator`` is found on the current page.</doc>
<arguments>
<arg>${blank_usr_pwd}</arg>
</arguments>
<msg timestamp="20220224 22:28:18.381" level="INFO">Current page contains element '//ngb-alert[text()='Form tidak boleh kosong']'.</msg>
<status status="PASS" starttime="20220224 22:28:18.356" endtime="20220224 22:28:18.383"></status>
</kw>
<status status="PASS" starttime="20220224 22:28:18.250" endtime="20220224 22:28:18.384"></status>
</kw>
<kw name="Finish Testcase" library="browser" type="teardown">
<kw name="Close Browser" library="SeleniumLibrary">
<doc>Closes the current browser.</doc>
<status status="PASS" starttime="20220224 22:28:18.387" endtime="20220224 22:28:20.945"></status>
</kw>
<status status="PASS" starttime="20220224 22:28:18.384" endtime="20220224 22:28:20.946"></status>
</kw>
<status status="PASS" starttime="20220224 22:28:10.909" endtime="20220224 22:28:20.946"></status>
</kw>
<kw name="Scenario 4: Login with username tidak diketahui">
<doc>Feature: Login Invalid</doc>
<kw name="Given Login page is open" library="login">
<kw name="Open Browser" library="browser">
<kw name="Start Testcase Headless" library="browser">
<kw name="Evaluate" library="BuiltIn">
<doc>Evaluates the given expression in Python and returns the result.</doc>
<arguments>
<arg>sys.modules['selenium.webdriver'].ChromeOptions()</arg>
</arguments>
<assign>
<var>${options}</var>
</assign>
<msg timestamp="20220224 22:28:20.948" level="INFO">${options} = &lt;selenium.webdriver.chrome.options.Options object at 0x04181DD8&gt;</msg>
<status status="PASS" starttime="20220224 22:28:20.948" endtime="20220224 22:28:20.948"></status>
</kw>
<kw name="Call Method" library="BuiltIn">
<doc>Calls the named method of the given object with the provided arguments.</doc>
<arguments>
<arg>${options}</arg>
<arg>add_argument</arg>
<arg>--disable-notifications</arg>
</arguments>
<status status="PASS" starttime="20220224 22:28:20.948" endtime="20220224 22:28:20.948"></status>
</kw>
<kw name="Call Method" library="BuiltIn">
<doc>Calls the named method of the given object with the provided arguments.</doc>
<arguments>
<arg>${options}</arg>
<arg>add_argument</arg>
<arg>--no-sandbox</arg>
</arguments>
<status status="PASS" starttime="20220224 22:28:20.957" endtime="20220224 22:28:20.958"></status>
</kw>
<kw name="Call Method" library="BuiltIn">
<doc>Calls the named method of the given object with the provided arguments.</doc>
<arguments>
<arg>${options}</arg>
<arg>add_argument</arg>
<arg>--disable-gpu</arg>
</arguments>
<status status="PASS" starttime="20220224 22:28:20.958" endtime="20220224 22:28:20.958"></status>
</kw>
<kw name="Call Method" library="BuiltIn">
<doc>Calls the named method of the given object with the provided arguments.</doc>
<arguments>
<arg>${options}</arg>
<arg>add_argument</arg>
<arg>--start-maximized</arg>
</arguments>
<status status="PASS" starttime="20220224 22:28:20.958" endtime="20220224 22:28:20.958"></status>
</kw>
<kw name="Call Method" library="BuiltIn">
<doc>Calls the named method of the given object with the provided arguments.</doc>
<arguments>
<arg>${options}</arg>
<arg>add_argument</arg>
<arg>--disable-dev-shm-usage</arg>
</arguments>
<status status="PASS" starttime="20220224 22:28:20.958" endtime="20220224 22:28:20.958"></status>
</kw>
<kw name="Create Webdriver" library="SeleniumLibrary">
<doc>Creates an instance of Selenium WebDriver.</doc>
<arguments>
<arg>Chrome</arg>
<arg>chrome_options=${options}</arg>
</arguments>
<msg timestamp="20220224 22:28:20.958" level="INFO">Creating an instance of the Chrome WebDriver.</msg>
<status status="PASS" starttime="20220224 22:28:20.958" endtime="20220224 22:28:22.644"></status>
</kw>
<status status="PASS" starttime="20220224 22:28:20.948" endtime="20220224 22:28:22.645"></status>
</kw>
<kw name="Go To" library="SeleniumLibrary">
<doc>Navigates the active browser instance to the provided ``url``.</doc>
<arguments>
<arg>${chrome_browser}</arg>
</arguments>
<msg timestamp="20220224 22:28:22.647" level="INFO">Opening url 'http://pmrms.greatpmo.com/'</msg>
<status status="PASS" starttime="20220224 22:28:22.646" endtime="20220224 22:28:30.412"></status>
</kw>
<status status="PASS" starttime="20220224 22:28:20.948" endtime="20220224 22:28:30.412"></status>
</kw>
<status status="PASS" starttime="20220224 22:28:20.948" endtime="20220224 22:28:30.412"></status>
</kw>
<kw name="And Input Valid Username" library="login">
<kw name="Input Text" library="SeleniumLibrary">
<doc>Types the given ``text`` into text field identified by ``locator``.</doc>
<arguments>
<arg>${username}</arg>
<arg>${adm_usr}</arg>
</arguments>
<msg timestamp="20220224 22:28:30.414" level="INFO">Typing text 'ptm15@madrasah.kemenag.go.id' into text field '//input[@id='email']'.</msg>
<status status="PASS" starttime="20220224 22:28:30.413" endtime="20220224 22:28:30.627"></status>
</kw>
<status status="PASS" starttime="20220224 22:28:30.412" endtime="20220224 22:28:30.627"></status>
</kw>
<kw name="And Input Invalid Password" library="login">
<kw name="Input Text" library="SeleniumLibrary">
<doc>Types the given ``text`` into text field identified by ``locator``.</doc>
<arguments>
<arg>${pwd}</arg>
<arg>${adm_pwd_wrong}</arg>
</arguments>
<msg timestamp="20220224 22:28:30.628" level="INFO">Typing text '1234567890' into text field '//input[@type='password']'.</msg>
<status status="PASS" starttime="20220224 22:28:30.628" endtime="20220224 22:28:30.799"></status>
</kw>
<status status="PASS" starttime="20220224 22:28:30.628" endtime="20220224 22:28:30.799"></status>
</kw>
<kw name="When Click button submit" library="login">
<kw name="Execute Javascript" library="SeleniumLibrary">
<doc>Executes the given JavaScript code with possible arguments.</doc>
<arguments>
<arg>document.evaluate("${btnSubmit}",</arg>
<arg>document, null, XPathResult.ORDERED_NODE_SNAPSHOT_TYPE, null).</arg>
<arg>snapshotItem(0).click();</arg>
</arguments>
<msg timestamp="20220224 22:28:30.801" level="INFO">Executing JavaScript:
document.evaluate("//button[@class='btn']",document, null, XPathResult.ORDERED_NODE_SNAPSHOT_TYPE, null).snapshotItem(0).click();
Without any arguments.</msg>
<status status="PASS" starttime="20220224 22:28:30.800" endtime="20220224 22:28:30.815"></status>
</kw>
<status status="PASS" starttime="20220224 22:28:30.799" endtime="20220224 22:28:30.816"></status>
</kw>
<kw name="Verify Notif Pengguna tidak diketahui" library="login">
<kw name="Wait Until Element Is Visible" library="SeleniumLibrary">
<doc>Waits until element ``locator`` is visible.</doc>
<arguments>
<arg>${usr_tdk_diketahui}</arg>
</arguments>
<status status="PASS" starttime="20220224 22:28:30.816" endtime="20220224 22:28:30.878"></status>
</kw>
<kw name="Page Should Contain Element" library="SeleniumLibrary">
<doc>Verifies that element ``locator`` is found on the current page.</doc>
<arguments>
<arg>${usr_tdk_diketahui}</arg>
</arguments>
<msg timestamp="20220224 22:28:30.897" level="INFO">Current page contains element '//ngb-alert[text()='Pengguna tidak diketahui']'.</msg>
<status status="PASS" starttime="20220224 22:28:30.878" endtime="20220224 22:28:30.897"></status>
</kw>
<status status="PASS" starttime="20220224 22:28:30.816" endtime="20220224 22:28:30.899"></status>
</kw>
<kw name="Finish Testcase" library="browser" type="teardown">
<kw name="Close Browser" library="SeleniumLibrary">
<doc>Closes the current browser.</doc>
<status status="PASS" starttime="20220224 22:28:30.899" endtime="20220224 22:28:33.408"></status>
</kw>
<status status="PASS" starttime="20220224 22:28:30.899" endtime="20220224 22:28:33.408"></status>
</kw>
<status status="PASS" starttime="20220224 22:28:20.947" endtime="20220224 22:28:33.409"></status>
</kw>
<kw name="Scenario 5: Login with username valid and password valid">
<doc>Feature: Login Valid</doc>
<kw name="Given Login page is open" library="login">
<kw name="Open Browser" library="browser">
<kw name="Start Testcase Headless" library="browser">
<kw name="Evaluate" library="BuiltIn">
<doc>Evaluates the given expression in Python and returns the result.</doc>
<arguments>
<arg>sys.modules['selenium.webdriver'].ChromeOptions()</arg>
</arguments>
<assign>
<var>${options}</var>
</assign>
<msg timestamp="20220224 22:28:33.411" level="INFO">${options} = &lt;selenium.webdriver.chrome.options.Options object at 0x041818E0&gt;</msg>
<status status="PASS" starttime="20220224 22:28:33.411" endtime="20220224 22:28:33.411"></status>
</kw>
<kw name="Call Method" library="BuiltIn">
<doc>Calls the named method of the given object with the provided arguments.</doc>
<arguments>
<arg>${options}</arg>
<arg>add_argument</arg>
<arg>--disable-notifications</arg>
</arguments>
<status status="PASS" starttime="20220224 22:28:33.417" endtime="20220224 22:28:33.417"></status>
</kw>
<kw name="Call Method" library="BuiltIn">
<doc>Calls the named method of the given object with the provided arguments.</doc>
<arguments>
<arg>${options}</arg>
<arg>add_argument</arg>
<arg>--no-sandbox</arg>
</arguments>
<status status="PASS" starttime="20220224 22:28:33.418" endtime="20220224 22:28:33.418"></status>
</kw>
<kw name="Call Method" library="BuiltIn">
<doc>Calls the named method of the given object with the provided arguments.</doc>
<arguments>
<arg>${options}</arg>
<arg>add_argument</arg>
<arg>--disable-gpu</arg>
</arguments>
<status status="PASS" starttime="20220224 22:28:33.418" endtime="20220224 22:28:33.418"></status>
</kw>
<kw name="Call Method" library="BuiltIn">
<doc>Calls the named method of the given object with the provided arguments.</doc>
<arguments>
<arg>${options}</arg>
<arg>add_argument</arg>
<arg>--start-maximized</arg>
</arguments>
<status status="PASS" starttime="20220224 22:28:33.418" endtime="20220224 22:28:33.418"></status>
</kw>
<kw name="Call Method" library="BuiltIn">
<doc>Calls the named method of the given object with the provided arguments.</doc>
<arguments>
<arg>${options}</arg>
<arg>add_argument</arg>
<arg>--disable-dev-shm-usage</arg>
</arguments>
<status status="PASS" starttime="20220224 22:28:33.418" endtime="20220224 22:28:33.418"></status>
</kw>
<kw name="Create Webdriver" library="SeleniumLibrary">
<doc>Creates an instance of Selenium WebDriver.</doc>
<arguments>
<arg>Chrome</arg>
<arg>chrome_options=${options}</arg>
</arguments>
<msg timestamp="20220224 22:28:33.418" level="INFO">Creating an instance of the Chrome WebDriver.</msg>
<status status="PASS" starttime="20220224 22:28:33.418" endtime="20220224 22:28:34.888"></status>
</kw>
<status status="PASS" starttime="20220224 22:28:33.411" endtime="20220224 22:28:34.888"></status>
</kw>
<kw name="Go To" library="SeleniumLibrary">
<doc>Navigates the active browser instance to the provided ``url``.</doc>
<arguments>
<arg>${chrome_browser}</arg>
</arguments>
<msg timestamp="20220224 22:28:34.889" level="INFO">Opening url 'http://pmrms.greatpmo.com/'</msg>
<status status="PASS" starttime="20220224 22:28:34.889" endtime="20220224 22:28:40.722"></status>
</kw>
<status status="PASS" starttime="20220224 22:28:33.411" endtime="20220224 22:28:40.723"></status>
</kw>
<status status="PASS" starttime="20220224 22:28:33.411" endtime="20220224 22:28:40.723"></status>
</kw>
<kw name="And Input Valid Username" library="login">
<kw name="Input Text" library="SeleniumLibrary">
<doc>Types the given ``text`` into text field identified by ``locator``.</doc>
<arguments>
<arg>${username}</arg>
<arg>${adm_usr}</arg>
</arguments>
<msg timestamp="20220224 22:28:40.727" level="INFO">Typing text 'ptm15@madrasah.kemenag.go.id' into text field '//input[@id='email']'.</msg>
<status status="PASS" starttime="20220224 22:28:40.724" endtime="20220224 22:28:40.950"></status>
</kw>
<status status="PASS" starttime="20220224 22:28:40.724" endtime="20220224 22:28:40.950"></status>
</kw>
<kw name="And Input Valid Password" library="login">
<kw name="Input Text" library="SeleniumLibrary">
<doc>Types the given ``text`` into text field identified by ``locator``.</doc>
<arguments>
<arg>${pwd}</arg>
<arg>${adm_pwd}</arg>
</arguments>
<msg timestamp="20220224 22:28:40.951" level="INFO">Typing text 'User@madrasah2022' into text field '//input[@type='password']'.</msg>
<status status="PASS" starttime="20220224 22:28:40.951" endtime="20220224 22:28:41.142"></status>
</kw>
<status status="PASS" starttime="20220224 22:28:40.951" endtime="20220224 22:28:41.143"></status>
</kw>
<kw name="When Click button submit" library="login">
<kw name="Execute Javascript" library="SeleniumLibrary">
<doc>Executes the given JavaScript code with possible arguments.</doc>
<arguments>
<arg>document.evaluate("${btnSubmit}",</arg>
<arg>document, null, XPathResult.ORDERED_NODE_SNAPSHOT_TYPE, null).</arg>
<arg>snapshotItem(0).click();</arg>
</arguments>
<msg timestamp="20220224 22:28:41.145" level="INFO">Executing JavaScript:
document.evaluate("//button[@class='btn']",document, null, XPathResult.ORDERED_NODE_SNAPSHOT_TYPE, null).snapshotItem(0).click();
Without any arguments.</msg>
<status status="PASS" starttime="20220224 22:28:41.144" endtime="20220224 22:28:41.167"></status>
</kw>
<status status="PASS" starttime="20220224 22:28:41.143" endtime="20220224 22:28:41.168"></status>
</kw>
<kw name="Then Verify Home Page is open" library="login">
<kw name="Wait Until Element Is Visible" library="SeleniumLibrary">
<doc>Waits until element ``locator`` is visible.</doc>
<arguments>
<arg>${Verify_Home_Admin}</arg>
</arguments>
<status status="PASS" starttime="20220224 22:28:41.169" endtime="20220224 22:28:44.306"></status>
</kw>
<kw name="Page Should Contain Element" library="SeleniumLibrary">
<doc>Verifies that element ``locator`` is found on the current page.</doc>
<arguments>
<arg>${Verify_Home_Admin}</arg>
</arguments>
<msg timestamp="20220224 22:28:44.329" level="INFO">Current page contains element '//span[text()='User Administrator']'.</msg>
<status status="PASS" starttime="20220224 22:28:44.306" endtime="20220224 22:28:44.331"></status>
</kw>
<status status="PASS" starttime="20220224 22:28:41.168" endtime="20220224 22:28:44.331"></status>
</kw>
<kw name="Finish Testcase" library="browser" type="teardown">
<kw name="Close Browser" library="SeleniumLibrary">
<doc>Closes the current browser.</doc>
<status status="PASS" starttime="20220224 22:28:44.331" endtime="20220224 22:28:47.027"></status>
</kw>
<status status="PASS" starttime="20220224 22:28:44.331" endtime="20220224 22:28:47.028"></status>
</kw>
<status status="PASS" starttime="20220224 22:28:33.410" endtime="20220224 22:28:47.028"></status>
</kw>
<doc>Regression Login Admin</doc>
<tags>
<tag>Functionality</tag>
</tags>
<status status="PASS" starttime="20220224 22:27:49.416" endtime="20220224 22:28:47.029" critical="yes"></status>
</test>
<doc>Regression Test Login Admin</doc>
<status status="PASS" starttime="20220224 22:27:48.876" endtime="20220224 22:28:47.032"></status>
</suite>
<suite id="s1-s2" name="02 Login Role Komponen 4" source="D:\pyCharmProject\pmrms-testing\Features\02_Login_Role_Komponen_4.robot">
<test id="s1-s2-t1" name="Login Role Komponen 4">
<kw name="Scenario 1: Login with username valid and password blank">
<doc>Feature: Login Invalid</doc>
<kw name="Given Login page is open" library="login">
<kw name="Open Browser" library="browser">
<kw name="Start Testcase Headless" library="browser">
<kw name="Evaluate" library="BuiltIn">
<doc>Evaluates the given expression in Python and returns the result.</doc>
<arguments>
<arg>sys.modules['selenium.webdriver'].ChromeOptions()</arg>
</arguments>
<assign>
<var>${options}</var>
</assign>
<msg timestamp="20220224 22:28:47.052" level="INFO">${options} = &lt;selenium.webdriver.chrome.options.Options object at 0x043FB7A8&gt;</msg>
<status status="PASS" starttime="20220224 22:28:47.052" endtime="20220224 22:28:47.052"></status>
</kw>
<kw name="Call Method" library="BuiltIn">
<doc>Calls the named method of the given object with the provided arguments.</doc>
<arguments>
<arg>${options}</arg>
<arg>add_argument</arg>
<arg>--disable-notifications</arg>
</arguments>
<status status="PASS" starttime="20220224 22:28:47.052" endtime="20220224 22:28:47.052"></status>
</kw>
<kw name="Call Method" library="BuiltIn">
<doc>Calls the named method of the given object with the provided arguments.</doc>
<arguments>
<arg>${options}</arg>
<arg>add_argument</arg>
<arg>--no-sandbox</arg>
</arguments>
<status status="PASS" starttime="20220224 22:28:47.052" endtime="20220224 22:28:47.052"></status>
</kw>
<kw name="Call Method" library="BuiltIn">
<doc>Calls the named method of the given object with the provided arguments.</doc>
<arguments>
<arg>${options}</arg>
<arg>add_argument</arg>
<arg>--disable-gpu</arg>
</arguments>
<status status="PASS" starttime="20220224 22:28:47.052" endtime="20220224 22:28:47.052"></status>
</kw>
<kw name="Call Method" library="BuiltIn">
<doc>Calls the named method of the given object with the provided arguments.</doc>
<arguments>
<arg>${options}</arg>
<arg>add_argument</arg>
<arg>--start-maximized</arg>
</arguments>
<status status="PASS" starttime="20220224 22:28:47.052" endtime="20220224 22:28:47.056"></status>
</kw>
<kw name="Call Method" library="BuiltIn">
<doc>Calls the named method of the given object with the provided arguments.</doc>
<arguments>
<arg>${options}</arg>
<arg>add_argument</arg>
<arg>--disable-dev-shm-usage</arg>
</arguments>
<status status="PASS" starttime="20220224 22:28:47.056" endtime="20220224 22:28:47.056"></status>
</kw>
<kw name="Create Webdriver" library="SeleniumLibrary">
<doc>Creates an instance of Selenium WebDriver.</doc>
<arguments>
<arg>Chrome</arg>
<arg>chrome_options=${options}</arg>
</arguments>
<msg timestamp="20220224 22:28:47.057" level="INFO">Creating an instance of the Chrome WebDriver.</msg>
<status status="PASS" starttime="20220224 22:28:47.056" endtime="20220224 22:28:48.593"></status>
</kw>
<status status="PASS" starttime="20220224 22:28:47.052" endtime="20220224 22:28:48.594"></status>
</kw>
<kw name="Go To" library="SeleniumLibrary">
<doc>Navigates the active browser instance to the provided ``url``.</doc>
<arguments>
<arg>${chrome_browser}</arg>
</arguments>
<msg timestamp="20220224 22:28:48.597" level="INFO">Opening url 'http://pmrms.greatpmo.com/'</msg>
<status status="PASS" starttime="20220224 22:28:48.595" endtime="20220224 22:28:54.637"></status>
</kw>
<status status="PASS" starttime="20220224 22:28:47.052" endtime="20220224 22:28:54.638"></status>
</kw>
<status status="PASS" starttime="20220224 22:28:47.052" endtime="20220224 22:28:54.639"></status>
</kw>
<kw name="Input Valid Username role komponen 4" library="login">
<kw name="Input Text" library="SeleniumLibrary">
<doc>Types the given ``text`` into text field identified by ``locator``.</doc>
<arguments>
<arg>${username}</arg>
<arg>${usr_role4}</arg>
</arguments>
<msg timestamp="20220224 22:28:54.645" level="INFO">Typing text 'ptm16@madrasah.kemenag.go.id' into text field '//input[@id='email']'.</msg>
<status status="PASS" starttime="20220224 22:28:54.643" endtime="20220224 22:28:55.035"></status>
</kw>
<status status="PASS" starttime="20220224 22:28:54.639" endtime="20220224 22:28:55.038"></status>
</kw>
<kw name="Click Button Submit" library="login">
<kw name="Execute Javascript" library="SeleniumLibrary">
<doc>Executes the given JavaScript code with possible arguments.</doc>
<arguments>
<arg>document.evaluate("${btnSubmit}",</arg>
<arg>document, null, XPathResult.ORDERED_NODE_SNAPSHOT_TYPE, null).</arg>
<arg>snapshotItem(0).click();</arg>
</arguments>
<msg timestamp="20220224 22:28:55.041" level="INFO">Executing JavaScript:
document.evaluate("//button[@class='btn']",document, null, XPathResult.ORDERED_NODE_SNAPSHOT_TYPE, null).snapshotItem(0).click();
Without any arguments.</msg>
<status status="PASS" starttime="20220224 22:28:55.040" endtime="20220224 22:28:55.086"></status>
</kw>
<status status="PASS" starttime="20220224 22:28:55.038" endtime="20220224 22:28:55.087"></status>
</kw>
<kw name="Verify Notif Blank Password" library="login">
<kw name="Wait Until Element Is Visible" library="SeleniumLibrary">
<doc>Waits until element ``locator`` is visible.</doc>
<arguments>
<arg>${blank_pwd}</arg>
</arguments>
<status status="PASS" starttime="20220224 22:28:55.089" endtime="20220224 22:28:55.158"></status>
</kw>
<kw name="Page Should Contain Element" library="SeleniumLibrary">
<doc>Verifies that element ``locator`` is found on the current page.</doc>
<arguments>
<arg>${blank_pwd}</arg>
</arguments>
<msg timestamp="20220224 22:28:55.173" level="INFO">Current page contains element '//ngb-alert[text()='Password tidak boleh kosong']'.</msg>
<status status="PASS" starttime="20220224 22:28:55.158" endtime="20220224 22:28:55.173"></status>
</kw>
<status status="PASS" starttime="20220224 22:28:55.087" endtime="20220224 22:28:55.173"></status>
</kw>
<kw name="Finish Testcase" library="browser" type="teardown">
<kw name="Close Browser" library="SeleniumLibrary">
<doc>Closes the current browser.</doc>
<status status="PASS" starttime="20220224 22:28:55.177" endtime="20220224 22:28:57.836"></status>
</kw>
<status status="PASS" starttime="20220224 22:28:55.173" endtime="20220224 22:28:57.838"></status>
</kw>
<status status="PASS" starttime="20220224 22:28:47.051" endtime="20220224 22:28:57.838"></status>
</kw>
<kw name="Scenario 2: Login with username blank and password valid">
<doc>Feature: Login Invalid</doc>
<kw name="Given Login page is open" library="login">
<kw name="Open Browser" library="browser">
<kw name="Start Testcase Headless" library="browser">
<kw name="Evaluate" library="BuiltIn">
<doc>Evaluates the given expression in Python and returns the result.</doc>
<arguments>
<arg>sys.modules['selenium.webdriver'].ChromeOptions()</arg>
</arguments>
<assign>
<var>${options}</var>
</assign>
<msg timestamp="20220224 22:28:57.839" level="INFO">${options} = &lt;selenium.webdriver.chrome.options.Options object at 0x043FE7F0&gt;</msg>
<status status="PASS" starttime="20220224 22:28:57.839" endtime="20220224 22:28:57.839"></status>
</kw>
<kw name="Call Method" library="BuiltIn">
<doc>Calls the named method of the given object with the provided arguments.</doc>
<arguments>
<arg>${options}</arg>
<arg>add_argument</arg>
<arg>--disable-notifications</arg>
</arguments>
<status status="PASS" starttime="20220224 22:28:57.839" endtime="20220224 22:28:57.839"></status>
</kw>
<kw name="Call Method" library="BuiltIn">
<doc>Calls the named method of the given object with the provided arguments.</doc>
<arguments>
<arg>${options}</arg>
<arg>add_argument</arg>
<arg>--no-sandbox</arg>
</arguments>
<status status="PASS" starttime="20220224 22:28:57.839" endtime="20220224 22:28:57.847"></status>
</kw>
<kw name="Call Method" library="BuiltIn">
<doc>Calls the named method of the given object with the provided arguments.</doc>
<arguments>
<arg>${options}</arg>
<arg>add_argument</arg>
<arg>--disable-gpu</arg>
</arguments>
<status status="PASS" starttime="20220224 22:28:57.847" endtime="20220224 22:28:57.847"></status>
</kw>
<kw name="Call Method" library="BuiltIn">
<doc>Calls the named method of the given object with the provided arguments.</doc>
<arguments>
<arg>${options}</arg>
<arg>add_argument</arg>
<arg>--start-maximized</arg>
</arguments>
<status status="PASS" starttime="20220224 22:28:57.849" endtime="20220224 22:28:57.849"></status>
</kw>
<kw name="Call Method" library="BuiltIn">
<doc>Calls the named method of the given object with the provided arguments.</doc>
<arguments>
<arg>${options}</arg>
<arg>add_argument</arg>
<arg>--disable-dev-shm-usage</arg>
</arguments>
<status status="PASS" starttime="20220224 22:28:57.850" endtime="20220224 22:28:57.851"></status>
</kw>
<kw name="Create Webdriver" library="SeleniumLibrary">
<doc>Creates an instance of Selenium WebDriver.</doc>
<arguments>
<arg>Chrome</arg>
<arg>chrome_options=${options}</arg>
</arguments>
<msg timestamp="20220224 22:28:57.851" level="INFO">Creating an instance of the Chrome WebDriver.</msg>
<status status="PASS" starttime="20220224 22:28:57.851" endtime="20220224 22:28:59.403"></status>
</kw>
<status status="PASS" starttime="20220224 22:28:57.839" endtime="20220224 22:28:59.404"></status>
</kw>
<kw name="Go To" library="SeleniumLibrary">
<doc>Navigates the active browser instance to the provided ``url``.</doc>
<arguments>
<arg>${chrome_browser}</arg>
</arguments>
<msg timestamp="20220224 22:28:59.405" level="INFO">Opening url 'http://pmrms.greatpmo.com/'</msg>
<status status="PASS" starttime="20220224 22:28:59.404" endtime="20220224 22:29:04.676"></status>
</kw>
<status status="PASS" starttime="20220224 22:28:57.839" endtime="20220224 22:29:04.677"></status>
</kw>
<status status="PASS" starttime="20220224 22:28:57.839" endtime="20220224 22:29:04.678"></status>
</kw>
<kw name="And Input Valid Password" library="login">
<kw name="Input Text" library="SeleniumLibrary">
<doc>Types the given ``text`` into text field identified by ``locator``.</doc>
<arguments>
<arg>${pwd}</arg>
<arg>${adm_pwd}</arg>
</arguments>
<msg timestamp="20220224 22:29:04.682" level="INFO">Typing text 'User@madrasah2022' into text field '//input[@type='password']'.</msg>
<status status="PASS" starttime="20220224 22:29:04.679" endtime="20220224 22:29:05.067"></status>
</kw>
<status status="PASS" starttime="20220224 22:29:04.679" endtime="20220224 22:29:05.067"></status>
</kw>
<kw name="When Click button submit" library="login">
<kw name="Execute Javascript" library="SeleniumLibrary">
<doc>Executes the given JavaScript code with possible arguments.</doc>
<arguments>
<arg>document.evaluate("${btnSubmit}",</arg>
<arg>document, null, XPathResult.ORDERED_NODE_SNAPSHOT_TYPE, null).</arg>
<arg>snapshotItem(0).click();</arg>
</arguments>
<msg timestamp="20220224 22:29:05.069" level="INFO">Executing JavaScript:
document.evaluate("//button[@class='btn']",document, null, XPathResult.ORDERED_NODE_SNAPSHOT_TYPE, null).snapshotItem(0).click();
Without any arguments.</msg>
<status status="PASS" starttime="20220224 22:29:05.069" endtime="20220224 22:29:05.114"></status>
</kw>
<status status="PASS" starttime="20220224 22:29:05.069" endtime="20220224 22:29:05.114"></status>
</kw>
<kw name="Verify Notif blank username" library="login">
<kw name="Wait Until Element Is Visible" library="SeleniumLibrary">
<doc>Waits until element ``locator`` is visible.</doc>
<arguments>
<arg>${blank_usr}</arg>
</arguments>
<status status="PASS" starttime="20220224 22:29:05.118" endtime="20220224 22:29:05.244"></status>
</kw>
<kw name="Page Should Contain Element" library="SeleniumLibrary">
<doc>Verifies that element ``locator`` is found on the current page.</doc>
<arguments>
<arg>${blank_usr}</arg>
</arguments>
<msg timestamp="20220224 22:29:05.271" level="INFO">Current page contains element '//ngb-alert[text()='Email Tidak Boleh Kosong']'.</msg>
<status status="PASS" starttime="20220224 22:29:05.245" endtime="20220224 22:29:05.271"></status>
</kw>
<status status="PASS" starttime="20220224 22:29:05.114" endtime="20220224 22:29:05.271"></status>
</kw>
<kw name="Finish Testcase" library="browser" type="teardown">
<kw name="Close Browser" library="SeleniumLibrary">
<doc>Closes the current browser.</doc>
<status status="PASS" starttime="20220224 22:29:05.271" endtime="20220224 22:29:07.958"></status>
</kw>
<status status="PASS" starttime="20220224 22:29:05.271" endtime="20220224 22:29:07.958"></status>
</kw>
<status status="PASS" starttime="20220224 22:28:57.839" endtime="20220224 22:29:07.959"></status>
</kw>
<kw name="Scenario 3: Login with username blank and password blank">
<doc>Feature: Login Invalid</doc>
<kw name="Given Login page is open" library="login">
<kw name="Open Browser" library="browser">
<kw name="Start Testcase Headless" library="browser">
<kw name="Evaluate" library="BuiltIn">
<doc>Evaluates the given expression in Python and returns the result.</doc>
<arguments>
<arg>sys.modules['selenium.webdriver'].ChromeOptions()</arg>
</arguments>
<assign>
<var>${options}</var>
</assign>
<msg timestamp="20220224 22:29:07.961" level="INFO">${options} = &lt;selenium.webdriver.chrome.options.Options object at 0x043FEAD8&gt;</msg>
<status status="PASS" starttime="20220224 22:29:07.961" endtime="20220224 22:29:07.961"></status>
</kw>
<kw name="Call Method" library="BuiltIn">
<doc>Calls the named method of the given object with the provided arguments.</doc>
<arguments>
<arg>${options}</arg>
<arg>add_argument</arg>
<arg>--disable-notifications</arg>
</arguments>
<status status="PASS" starttime="20220224 22:29:07.966" endtime="20220224 22:29:07.966"></status>
</kw>
<kw name="Call Method" library="BuiltIn">
<doc>Calls the named method of the given object with the provided arguments.</doc>
<arguments>
<arg>${options}</arg>
<arg>add_argument</arg>
<arg>--no-sandbox</arg>
</arguments>
<status status="PASS" starttime="20220224 22:29:07.966" endtime="20220224 22:29:07.966"></status>
</kw>
<kw name="Call Method" library="BuiltIn">
<doc>Calls the named method of the given object with the provided arguments.</doc>
<arguments>
<arg>${options}</arg>
<arg>add_argument</arg>
<arg>--disable-gpu</arg>
</arguments>
<status status="PASS" starttime="20220224 22:29:07.966" endtime="20220224 22:29:07.966"></status>
</kw>
<kw name="Call Method" library="BuiltIn">
<doc>Calls the named method of the given object with the provided arguments.</doc>
<arguments>
<arg>${options}</arg>
<arg>add_argument</arg>
<arg>--start-maximized</arg>
</arguments>
<status status="PASS" starttime="20220224 22:29:07.966" endtime="20220224 22:29:07.966"></status>
</kw>
<kw name="Call Method" library="BuiltIn">
<doc>Calls the named method of the given object with the provided arguments.</doc>
<arguments>
<arg>${options}</arg>
<arg>add_argument</arg>
<arg>--disable-dev-shm-usage</arg>
</arguments>
<status status="PASS" starttime="20220224 22:29:07.966" endtime="20220224 22:29:07.966"></status>
</kw>
<kw name="Create Webdriver" library="SeleniumLibrary">
<doc>Creates an instance of Selenium WebDriver.</doc>
<arguments>
<arg>Chrome</arg>
<arg>chrome_options=${options}</arg>
</arguments>
<msg timestamp="20220224 22:29:07.966" level="INFO">Creating an instance of the Chrome WebDriver.</msg>
<status status="PASS" starttime="20220224 22:29:07.966" endtime="20220224 22:29:09.664"></status>
</kw>
<status status="PASS" starttime="20220224 22:29:07.961" endtime="20220224 22:29:09.667"></status>
</kw>
<kw name="Go To" library="SeleniumLibrary">
<doc>Navigates the active browser instance to the provided ``url``.</doc>
<arguments>
<arg>${chrome_browser}</arg>
</arguments>
<msg timestamp="20220224 22:29:09.670" level="INFO">Opening url 'http://pmrms.greatpmo.com/'</msg>
<status status="PASS" starttime="20220224 22:29:09.668" endtime="20220224 22:29:18.070"></status>
</kw>
<status status="PASS" starttime="20220224 22:29:07.961" endtime="20220224 22:29:18.071"></status>
</kw>
<status status="PASS" starttime="20220224 22:29:07.961" endtime="20220224 22:29:18.071"></status>
</kw>
<kw name="When Click button submit" library="login">
<kw name="Execute Javascript" library="SeleniumLibrary">
<doc>Executes the given JavaScript code with possible arguments.</doc>
<arguments>
<arg>document.evaluate("${btnSubmit}",</arg>
<arg>document, null, XPathResult.ORDERED_NODE_SNAPSHOT_TYPE, null).</arg>
<arg>snapshotItem(0).click();</arg>
</arguments>
<msg timestamp="20220224 22:29:18.074" level="INFO">Executing JavaScript:
document.evaluate("//button[@class='btn']",document, null, XPathResult.ORDERED_NODE_SNAPSHOT_TYPE, null).snapshotItem(0).click();
Without any arguments.</msg>
<status status="PASS" starttime="20220224 22:29:18.072" endtime="20220224 22:29:18.132"></status>
</kw>
<status status="PASS" starttime="20220224 22:29:18.071" endtime="20220224 22:29:18.132"></status>
</kw>
<kw name="Verify Notif blank username &amp; password" library="login">
<kw name="Wait Until Element Is Visible" library="SeleniumLibrary">
<doc>Waits until element ``locator`` is visible.</doc>
<arguments>
<arg>${blank_usr_pwd}</arg>
</arguments>
<status status="PASS" starttime="20220224 22:29:18.133" endtime="20220224 22:29:18.221"></status>
</kw>
<kw name="Page Should Contain Element" library="SeleniumLibrary">
<doc>Verifies that element ``locator`` is found on the current page.</doc>
<arguments>
<arg>${blank_usr_pwd}</arg>
</arguments>
<msg timestamp="20220224 22:29:18.288" level="INFO">Current page contains element '//ngb-alert[text()='Form tidak boleh kosong']'.</msg>
<status status="PASS" starttime="20220224 22:29:18.222" endtime="20220224 22:29:18.288"></status>
</kw>
<status status="PASS" starttime="20220224 22:29:18.132" endtime="20220224 22:29:18.288"></status>
</kw>
<kw name="Finish Testcase" library="browser" type="teardown">
<kw name="Close Browser" library="SeleniumLibrary">
<doc>Closes the current browser.</doc>
<status status="PASS" starttime="20220224 22:29:18.289" endtime="20220224 22:29:20.866"></status>
</kw>
<status status="PASS" starttime="20220224 22:29:18.289" endtime="20220224 22:29:20.867"></status>
</kw>
<status status="PASS" starttime="20220224 22:29:07.960" endtime="20220224 22:29:20.867"></status>
</kw>
<kw name="Scenario 4: Login with username tidak diketahui">
<doc>Feature: Login Invalid</doc>
<kw name="Given Login page is open" library="login">
<kw name="Open Browser" library="browser">
<kw name="Start Testcase Headless" library="browser">
<kw name="Evaluate" library="BuiltIn">
<doc>Evaluates the given expression in Python and returns the result.</doc>
<arguments>
<arg>sys.modules['selenium.webdriver'].ChromeOptions()</arg>
</arguments>
<assign>
<var>${options}</var>
</assign>
<msg timestamp="20220224 22:29:20.869" level="INFO">${options} = &lt;selenium.webdriver.chrome.options.Options object at 0x043E7910&gt;</msg>
<status status="PASS" starttime="20220224 22:29:20.869" endtime="20220224 22:29:20.869"></status>
</kw>
<kw name="Call Method" library="BuiltIn">
<doc>Calls the named method of the given object with the provided arguments.</doc>
<arguments>
<arg>${options}</arg>
<arg>add_argument</arg>
<arg>--disable-notifications</arg>
</arguments>
<status status="PASS" starttime="20220224 22:29:20.869" endtime="20220224 22:29:20.876"></status>
</kw>
<kw name="Call Method" library="BuiltIn">
<doc>Calls the named method of the given object with the provided arguments.</doc>
<arguments>
<arg>${options}</arg>
<arg>add_argument</arg>
<arg>--no-sandbox</arg>
</arguments>
<status status="PASS" starttime="20220224 22:29:20.876" endtime="20220224 22:29:20.876"></status>
</kw>
<kw name="Call Method" library="BuiltIn">
<doc>Calls the named method of the given object with the provided arguments.</doc>
<arguments>
<arg>${options}</arg>
<arg>add_argument</arg>
<arg>--disable-gpu</arg>
</arguments>
<status status="PASS" starttime="20220224 22:29:20.876" endtime="20220224 22:29:20.876"></status>
</kw>
<kw name="Call Method" library="BuiltIn">
<doc>Calls the named method of the given object with the provided arguments.</doc>
<arguments>
<arg>${options}</arg>
<arg>add_argument</arg>
<arg>--start-maximized</arg>
</arguments>
<status status="PASS" starttime="20220224 22:29:20.876" endtime="20220224 22:29:20.876"></status>
</kw>
<kw name="Call Method" library="BuiltIn">
<doc>Calls the named method of the given object with the provided arguments.</doc>
<arguments>
<arg>${options}</arg>
<arg>add_argument</arg>
<arg>--disable-dev-shm-usage</arg>
</arguments>
<status status="PASS" starttime="20220224 22:29:20.876" endtime="20220224 22:29:20.876"></status>
</kw>
<kw name="Create Webdriver" library="SeleniumLibrary">
<doc>Creates an instance of Selenium WebDriver.</doc>
<arguments>
<arg>Chrome</arg>
<arg>chrome_options=${options}</arg>
</arguments>
<msg timestamp="20220224 22:29:20.876" level="INFO">Creating an instance of the Chrome WebDriver.</msg>
<status status="PASS" starttime="20220224 22:29:20.876" endtime="20220224 22:29:22.469"></status>
</kw>
<status status="PASS" starttime="20220224 22:29:20.869" endtime="20220224 22:29:22.470"></status>
</kw>
<kw name="Go To" library="SeleniumLibrary">
<doc>Navigates the active browser instance to the provided ``url``.</doc>
<arguments>
<arg>${chrome_browser}</arg>
</arguments>
<msg timestamp="20220224 22:29:22.471" level="INFO">Opening url 'http://pmrms.greatpmo.com/'</msg>
<status status="PASS" starttime="20220224 22:29:22.470" endtime="20220224 22:29:55.499"></status>
</kw>
<status status="PASS" starttime="20220224 22:29:20.869" endtime="20220224 22:29:55.500"></status>
</kw>
<status status="PASS" starttime="20220224 22:29:20.869" endtime="20220224 22:29:55.502"></status>
</kw>
<kw name="Input Valid Username role komponen 4" library="login">
<kw name="Input Text" library="SeleniumLibrary">
<doc>Types the given ``text`` into text field identified by ``locator``.</doc>
<arguments>
<arg>${username}</arg>
<arg>${usr_role4}</arg>
</arguments>
<msg timestamp="20220224 22:29:55.505" level="INFO">Typing text 'ptm16@madrasah.kemenag.go.id' into text field '//input[@id='email']'.</msg>
<status status="PASS" starttime="20220224 22:29:55.504" endtime="20220224 22:29:55.769"></status>
</kw>
<status status="PASS" starttime="20220224 22:29:55.503" endtime="20220224 22:29:55.769"></status>
</kw>
<kw name="And Input Invalid Password" library="login">
<kw name="Input Text" library="SeleniumLibrary">
<doc>Types the given ``text`` into text field identified by ``locator``.</doc>
<arguments>
<arg>${pwd}</arg>
<arg>${adm_pwd_wrong}</arg>
</arguments>
<msg timestamp="20220224 22:29:55.771" level="INFO">Typing text '1234567890' into text field '//input[@type='password']'.</msg>
<status status="PASS" starttime="20220224 22:29:55.771" endtime="20220224 22:29:56.102"></status>
</kw>
<status status="PASS" starttime="20220224 22:29:55.770" endtime="20220224 22:29:56.103"></status>
</kw>
<kw name="When Click button submit" library="login">
<kw name="Execute Javascript" library="SeleniumLibrary">
<doc>Executes the given JavaScript code with possible arguments.</doc>
<arguments>
<arg>document.evaluate("${btnSubmit}",</arg>
<arg>document, null, XPathResult.ORDERED_NODE_SNAPSHOT_TYPE, null).</arg>
<arg>snapshotItem(0).click();</arg>
</arguments>
<msg timestamp="20220224 22:29:56.109" level="INFO">Executing JavaScript:
document.evaluate("//button[@class='btn']",document, null, XPathResult.ORDERED_NODE_SNAPSHOT_TYPE, null).snapshotItem(0).click();
Without any arguments.</msg>
<status status="PASS" starttime="20220224 22:29:56.106" endtime="20220224 22:29:56.149"></status>
</kw>
<status status="PASS" starttime="20220224 22:29:56.104" endtime="20220224 22:29:56.149"></status>
</kw>
<kw name="Verify Notif Pengguna tidak diketahui" library="login">
<kw name="Wait Until Element Is Visible" library="SeleniumLibrary">
<doc>Waits until element ``locator`` is visible.</doc>
<arguments>
<arg>${usr_tdk_diketahui}</arg>
</arguments>
<status status="PASS" starttime="20220224 22:29:56.149" endtime="20220224 22:29:56.234"></status>
</kw>
<kw name="Page Should Contain Element" library="SeleniumLibrary">
<doc>Verifies that element ``locator`` is found on the current page.</doc>
<arguments>
<arg>${usr_tdk_diketahui}</arg>
</arguments>
<msg timestamp="20220224 22:29:56.261" level="INFO">Current page contains element '//ngb-alert[text()='Pengguna tidak diketahui']'.</msg>
<status status="PASS" starttime="20220224 22:29:56.234" endtime="20220224 22:29:56.261"></status>
</kw>
<status status="PASS" starttime="20220224 22:29:56.149" endtime="20220224 22:29:56.261"></status>
</kw>
<kw name="Finish Testcase" library="browser" type="teardown">
<kw name="Close Browser" library="SeleniumLibrary">
<doc>Closes the current browser.</doc>
<status status="PASS" starttime="20220224 22:29:56.261" endtime="20220224 22:29:58.977"></status>
</kw>
<status status="PASS" starttime="20220224 22:29:56.261" endtime="20220224 22:29:58.978"></status>
</kw>
<status status="PASS" starttime="20220224 22:29:20.868" endtime="20220224 22:29:58.979"></status>
</kw>
<kw name="Scenario 5: Login with username valid and password valid">
<doc>Feature: Login Valid</doc>
<kw name="Given Login page is open" library="login">
<kw name="Open Browser" library="browser">
<kw name="Start Testcase Headless" library="browser">
<kw name="Evaluate" library="BuiltIn">
<doc>Evaluates the given expression in Python and returns the result.</doc>
<arguments>
<arg>sys.modules['selenium.webdriver'].ChromeOptions()</arg>
</arguments>
<assign>
<var>${options}</var>
</assign>
<msg timestamp="20220224 22:29:58.980" level="INFO">${options} = &lt;selenium.webdriver.chrome.options.Options object at 0x043FED18&gt;</msg>
<status status="PASS" starttime="20220224 22:29:58.980" endtime="20220224 22:29:58.980"></status>
</kw>
<kw name="Call Method" library="BuiltIn">
<doc>Calls the named method of the given object with the provided arguments.</doc>
<arguments>
<arg>${options}</arg>
<arg>add_argument</arg>
<arg>--disable-notifications</arg>
</arguments>
<status status="PASS" starttime="20220224 22:29:58.980" endtime="20220224 22:29:58.986"></status>
</kw>
<kw name="Call Method" library="BuiltIn">
<doc>Calls the named method of the given object with the provided arguments.</doc>
<arguments>
<arg>${options}</arg>
<arg>add_argument</arg>
<arg>--no-sandbox</arg>
</arguments>
<status status="PASS" starttime="20220224 22:29:58.986" endtime="20220224 22:29:58.987"></status>
</kw>
<kw name="Call Method" library="BuiltIn">
<doc>Calls the named method of the given object with the provided arguments.</doc>
<arguments>
<arg>${options}</arg>
<arg>add_argument</arg>
<arg>--disable-gpu</arg>
</arguments>
<status status="PASS" starttime="20220224 22:29:58.989" endtime="20220224 22:29:58.990"></status>
</kw>
<kw name="Call Method" library="BuiltIn">
<doc>Calls the named method of the given object with the provided arguments.</doc>
<arguments>
<arg>${options}</arg>
<arg>add_argument</arg>
<arg>--start-maximized</arg>
</arguments>
<status status="PASS" starttime="20220224 22:29:58.990" endtime="20220224 22:29:58.990"></status>
</kw>
<kw name="Call Method" library="BuiltIn">
<doc>Calls the named method of the given object with the provided arguments.</doc>
<arguments>
<arg>${options}</arg>
<arg>add_argument</arg>
<arg>--disable-dev-shm-usage</arg>
</arguments>
<status status="PASS" starttime="20220224 22:29:58.990" endtime="20220224 22:29:58.990"></status>
</kw>
<kw name="Create Webdriver" library="SeleniumLibrary">
<doc>Creates an instance of Selenium WebDriver.</doc>
<arguments>
<arg>Chrome</arg>
<arg>chrome_options=${options}</arg>
</arguments>
<msg timestamp="20220224 22:29:58.990" level="INFO">Creating an instance of the Chrome WebDriver.</msg>
<status status="PASS" starttime="20220224 22:29:58.990" endtime="20220224 22:30:00.594"></status>
</kw>
<status status="PASS" starttime="20220224 22:29:58.980" endtime="20220224 22:30:00.597"></status>
</kw>
<kw name="Go To" library="SeleniumLibrary">
<doc>Navigates the active browser instance to the provided ``url``.</doc>
<arguments>
<arg>${chrome_browser}</arg>
</arguments>
<msg timestamp="20220224 22:30:00.598" level="INFO">Opening url 'http://pmrms.greatpmo.com/'</msg>
<status status="PASS" starttime="20220224 22:30:00.597" endtime="20220224 22:30:08.148"></status>
</kw>
<status status="PASS" starttime="20220224 22:29:58.980" endtime="20220224 22:30:08.148"></status>
</kw>
<status status="PASS" starttime="20220224 22:29:58.980" endtime="20220224 22:30:08.148"></status>
</kw>
<kw name="Input Valid Username role komponen 4" library="login">
<kw name="Input Text" library="SeleniumLibrary">
<doc>Types the given ``text`` into text field identified by ``locator``.</doc>
<arguments>
<arg>${username}</arg>
<arg>${usr_role4}</arg>
</arguments>
<msg timestamp="20220224 22:30:08.157" level="INFO">Typing text 'ptm16@madrasah.kemenag.go.id' into text field '//input[@id='email']'.</msg>
<status status="PASS" starttime="20220224 22:30:08.155" endtime="20220224 22:30:08.571"></status>
</kw>
<status status="PASS" starttime="20220224 22:30:08.148" endtime="20220224 22:30:08.571"></status>
</kw>
<kw name="And Input Valid Password" library="login">
<kw name="Input Text" library="SeleniumLibrary">
<doc>Types the given ``text`` into text field identified by ``locator``.</doc>
<arguments>
<arg>${pwd}</arg>
<arg>${adm_pwd}</arg>
</arguments>
<msg timestamp="20220224 22:30:08.574" level="INFO">Typing text 'User@madrasah2022' into text field '//input[@type='password']'.</msg>
<status status="PASS" starttime="20220224 22:30:08.573" endtime="20220224 22:30:08.822"></status>
</kw>
<status status="PASS" starttime="20220224 22:30:08.572" endtime="20220224 22:30:08.823"></status>
</kw>
<kw name="When Click button submit" library="login">
<kw name="Execute Javascript" library="SeleniumLibrary">
<doc>Executes the given JavaScript code with possible arguments.</doc>
<arguments>
<arg>document.evaluate("${btnSubmit}",</arg>
<arg>document, null, XPathResult.ORDERED_NODE_SNAPSHOT_TYPE, null).</arg>
<arg>snapshotItem(0).click();</arg>
</arguments>
<msg timestamp="20220224 22:30:08.826" level="INFO">Executing JavaScript:
document.evaluate("//button[@class='btn']",document, null, XPathResult.ORDERED_NODE_SNAPSHOT_TYPE, null).snapshotItem(0).click();
Without any arguments.</msg>
<status status="PASS" starttime="20220224 22:30:08.824" endtime="20220224 22:30:08.860"></status>
</kw>
<status status="PASS" starttime="20220224 22:30:08.823" endtime="20220224 22:30:08.861"></status>
</kw>
<kw name="Then Verify Home Page Penanggung Jawab is open" library="login">
<kw name="Wait Until Element Is Visible" library="SeleniumLibrary">
<doc>Waits until element ``locator`` is visible.</doc>
<arguments>
<arg>${Verify_PenanggungJawab}</arg>
</arguments>
<status status="PASS" starttime="20220224 22:30:08.864" endtime="20220224 22:30:10.417"></status>
</kw>
<kw name="Page Should Contain Element" library="SeleniumLibrary">
<doc>Verifies that element ``locator`` is found on the current page.</doc>
<arguments>
<arg>${Verify_PenanggungJawab}</arg>
</arguments>
<msg timestamp="20220224 22:30:10.444" level="INFO">Current page contains element 'css= .profile-button'.</msg>
<status status="PASS" starttime="20220224 22:30:10.417" endtime="20220224 22:30:10.444"></status>
</kw>
<status status="PASS" starttime="20220224 22:30:08.862" endtime="20220224 22:30:10.444"></status>
</kw>
<kw name="Finish Testcase" library="browser" type="teardown">
<kw name="Close Browser" library="SeleniumLibrary">
<doc>Closes the current browser.</doc>
<status status="PASS" starttime="20220224 22:30:10.448" endtime="20220224 22:30:13.157"></status>
</kw>
<status status="PASS" starttime="20220224 22:30:10.447" endtime="20220224 22:30:13.158"></status>
</kw>
<status status="PASS" starttime="20220224 22:29:58.979" endtime="20220224 22:30:13.158"></status>
</kw>
<doc>Regression Login Role Komponen 4</doc>
<tags>
<tag>Functionality</tag>
</tags>
<status status="PASS" starttime="20220224 22:28:47.050" endtime="20220224 22:30:13.160" critical="yes"></status>
</test>
<doc>Regression Test Login Role Komponen 4</doc>
<status status="PASS" starttime="20220224 22:28:47.037" endtime="20220224 22:30:13.165"></status>
</suite>
<suite id="s1-s3" name="03 Login Staff Administrasi" source="D:\pyCharmProject\pmrms-testing\Features\03_Login_Staff_Administrasi.robot">
<test id="s1-s3-t1" name="Login Staff Administrasi">
<kw name="Scenario 1: Login with username valid and password blank">
<doc>Feature: Login Invalid</doc>
<kw name="Given Login page is open" library="login">
<kw name="Open Browser" library="browser">
<kw name="Start Testcase Headless" library="browser">
<kw name="Evaluate" library="BuiltIn">
<doc>Evaluates the given expression in Python and returns the result.</doc>
<arguments>
<arg>sys.modules['selenium.webdriver'].ChromeOptions()</arg>
</arguments>
<assign>
<var>${options}</var>
</assign>
<msg timestamp="20220224 22:30:13.206" level="INFO">${options} = &lt;selenium.webdriver.chrome.options.Options object at 0x043E78B0&gt;</msg>
<status status="PASS" starttime="20220224 22:30:13.201" endtime="20220224 22:30:13.206"></status>
</kw>
<kw name="Call Method" library="BuiltIn">
<doc>Calls the named method of the given object with the provided arguments.</doc>
<arguments>
<arg>${options}</arg>
<arg>add_argument</arg>
<arg>--disable-notifications</arg>
</arguments>
<status status="PASS" starttime="20220224 22:30:13.206" endtime="20220224 22:30:13.206"></status>
</kw>
<kw name="Call Method" library="BuiltIn">
<doc>Calls the named method of the given object with the provided arguments.</doc>
<arguments>
<arg>${options}</arg>
<arg>add_argument</arg>
<arg>--no-sandbox</arg>
</arguments>
<status status="PASS" starttime="20220224 22:30:13.206" endtime="20220224 22:30:13.207"></status>
</kw>
<kw name="Call Method" library="BuiltIn">
<doc>Calls the named method of the given object with the provided arguments.</doc>
<arguments>
<arg>${options}</arg>
<arg>add_argument</arg>
<arg>--disable-gpu</arg>
</arguments>
<status status="PASS" starttime="20220224 22:30:13.207" endtime="20220224 22:30:13.208"></status>
</kw>
<kw name="Call Method" library="BuiltIn">
<doc>Calls the named method of the given object with the provided arguments.</doc>
<arguments>
<arg>${options}</arg>
<arg>add_argument</arg>
<arg>--start-maximized</arg>
</arguments>
<status status="PASS" starttime="20220224 22:30:13.208" endtime="20220224 22:30:13.209"></status>
</kw>
<kw name="Call Method" library="BuiltIn">
<doc>Calls the named method of the given object with the provided arguments.</doc>
<arguments>
<arg>${options}</arg>
<arg>add_argument</arg>
<arg>--disable-dev-shm-usage</arg>
</arguments>
<status status="PASS" starttime="20220224 22:30:13.209" endtime="20220224 22:30:13.209"></status>
</kw>
<kw name="Create Webdriver" library="SeleniumLibrary">
<doc>Creates an instance of Selenium WebDriver.</doc>
<arguments>
<arg>Chrome</arg>
<arg>chrome_options=${options}</arg>
</arguments>
<msg timestamp="20220224 22:30:13.209" level="INFO">Creating an instance of the Chrome WebDriver.</msg>
<status status="PASS" starttime="20220224 22:30:13.209" endtime="20220224 22:30:14.775"></status>
</kw>
<status status="PASS" starttime="20220224 22:30:13.201" endtime="20220224 22:30:14.776"></status>
</kw>
<kw name="Go To" library="SeleniumLibrary">
<doc>Navigates the active browser instance to the provided ``url``.</doc>
<arguments>
<arg>${chrome_browser}</arg>
</arguments>
<msg timestamp="20220224 22:30:14.777" level="INFO">Opening url 'http://pmrms.greatpmo.com/'</msg>
<status status="PASS" starttime="20220224 22:30:14.776" endtime="20220224 22:30:20.631"></status>
</kw>
<status status="PASS" starttime="20220224 22:30:13.201" endtime="20220224 22:30:20.632"></status>
</kw>
<status status="PASS" starttime="20220224 22:30:13.201" endtime="20220224 22:30:20.633"></status>
</kw>
<kw name="Input Valid Username staff administrasi" library="login">
<kw name="Input Text" library="SeleniumLibrary">
<doc>Types the given ``text`` into text field identified by ``locator``.</doc>
<arguments>
<arg>${username}</arg>
<arg>${usr_staffAdmin}</arg>
</arguments>
<msg timestamp="20220224 22:30:20.636" level="INFO">Typing text 'ptm22@madrasah.kemenag.go.id' into text field '//input[@id='email']'.</msg>
<status status="PASS" starttime="20220224 22:30:20.635" endtime="20220224 22:30:20.944"></status>
</kw>
<status status="PASS" starttime="20220224 22:30:20.634" endtime="20220224 22:30:20.945"></status>
</kw>
<kw name="Click Button Submit" library="login">
<kw name="Execute Javascript" library="SeleniumLibrary">
<doc>Executes the given JavaScript code with possible arguments.</doc>
<arguments>
<arg>document.evaluate("${btnSubmit}",</arg>
<arg>document, null, XPathResult.ORDERED_NODE_SNAPSHOT_TYPE, null).</arg>
<arg>snapshotItem(0).click();</arg>
</arguments>
<msg timestamp="20220224 22:30:20.947" level="INFO">Executing JavaScript:
document.evaluate("//button[@class='btn']",document, null, XPathResult.ORDERED_NODE_SNAPSHOT_TYPE, null).snapshotItem(0).click();
Without any arguments.</msg>
<status status="PASS" starttime="20220224 22:30:20.947" endtime="20220224 22:30:20.966"></status>
</kw>
<status status="PASS" starttime="20220224 22:30:20.945" endtime="20220224 22:30:20.967"></status>
</kw>
<kw name="Verify Notif Blank Password" library="login">
<kw name="Wait Until Element Is Visible" library="SeleniumLibrary">
<doc>Waits until element ``locator`` is visible.</doc>
<arguments>
<arg>${blank_pwd}</arg>
</arguments>
<status status="PASS" starttime="20220224 22:30:20.970" endtime="20220224 22:30:21.071"></status>
</kw>
<kw name="Page Should Contain Element" library="SeleniumLibrary">
<doc>Verifies that element ``locator`` is found on the current page.</doc>
<arguments>
<arg>${blank_pwd}</arg>
</arguments>
<msg timestamp="20220224 22:30:21.093" level="INFO">Current page contains element '//ngb-alert[text()='Password tidak boleh kosong']'.</msg>
<status status="PASS" starttime="20220224 22:30:21.071" endtime="20220224 22:30:21.093"></status>
</kw>
<status status="PASS" starttime="20220224 22:30:20.968" endtime="20220224 22:30:21.096"></status>
</kw>
<kw name="Finish Testcase" library="browser" type="teardown">
<kw name="Close Browser" library="SeleniumLibrary">
<doc>Closes the current browser.</doc>
<status status="PASS" starttime="20220224 22:30:21.100" endtime="20220224 22:30:23.828"></status>
</kw>
<status status="PASS" starttime="20220224 22:30:21.098" endtime="20220224 22:30:23.828"></status>
</kw>
<status status="PASS" starttime="20220224 22:30:13.201" endtime="20220224 22:30:23.829"></status>
</kw>
<kw name="Scenario 2: Login with username blank and password valid">
<doc>Feature: Login Invalid</doc>
<kw name="Given Login page is open" library="login">
<kw name="Open Browser" library="browser">
<kw name="Start Testcase Headless" library="browser">
<kw name="Evaluate" library="BuiltIn">
<doc>Evaluates the given expression in Python and returns the result.</doc>
<arguments>
<arg>sys.modules['selenium.webdriver'].ChromeOptions()</arg>
</arguments>
<assign>
<var>${options}</var>
</assign>
<msg timestamp="20220224 22:30:23.832" level="INFO">${options} = &lt;selenium.webdriver.chrome.options.Options object at 0x00EF3100&gt;</msg>
<status status="PASS" starttime="20220224 22:30:23.832" endtime="20220224 22:30:23.832"></status>
</kw>
<kw name="Call Method" library="BuiltIn">
<doc>Calls the named method of the given object with the provided arguments.</doc>
<arguments>
<arg>${options}</arg>
<arg>add_argument</arg>
<arg>--disable-notifications</arg>
</arguments>
<status status="PASS" starttime="20220224 22:30:23.836" endtime="20220224 22:30:23.837"></status>
</kw>
<kw name="Call Method" library="BuiltIn">
<doc>Calls the named method of the given object with the provided arguments.</doc>
<arguments>
<arg>${options}</arg>
<arg>add_argument</arg>
<arg>--no-sandbox</arg>
</arguments>
<status status="PASS" starttime="20220224 22:30:23.837" endtime="20220224 22:30:23.837"></status>
</kw>
<kw name="Call Method" library="BuiltIn">
<doc>Calls the named method of the given object with the provided arguments.</doc>
<arguments>
<arg>${options}</arg>
<arg>add_argument</arg>
<arg>--disable-gpu</arg>
</arguments>
<status status="PASS" starttime="20220224 22:30:23.837" endtime="20220224 22:30:23.842"></status>
</kw>
<kw name="Call Method" library="BuiltIn">
<doc>Calls the named method of the given object with the provided arguments.</doc>
<arguments>
<arg>${options}</arg>
<arg>add_argument</arg>
<arg>--start-maximized</arg>
</arguments>
<status status="PASS" starttime="20220224 22:30:23.842" endtime="20220224 22:30:23.842"></status>
</kw>
<kw name="Call Method" library="BuiltIn">
<doc>Calls the named method of the given object with the provided arguments.</doc>
<arguments>
<arg>${options}</arg>
<arg>add_argument</arg>
<arg>--disable-dev-shm-usage</arg>
</arguments>
<status status="PASS" starttime="20220224 22:30:23.842" endtime="20220224 22:30:23.842"></status>
</kw>
<kw name="Create Webdriver" library="SeleniumLibrary">
<doc>Creates an instance of Selenium WebDriver.</doc>
<arguments>
<arg>Chrome</arg>
<arg>chrome_options=${options}</arg>
</arguments>
<msg timestamp="20220224 22:30:23.848" level="INFO">Creating an instance of the Chrome WebDriver.</msg>
<status status="PASS" starttime="20220224 22:30:23.842" endtime="20220224 22:30:25.401"></status>
</kw>
<status status="PASS" starttime="20220224 22:30:23.832" endtime="20220224 22:30:25.402"></status>
</kw>
<kw name="Go To" library="SeleniumLibrary">
<doc>Navigates the active browser instance to the provided ``url``.</doc>
<arguments>
<arg>${chrome_browser}</arg>
</arguments>
<msg timestamp="20220224 22:30:25.402" level="INFO">Opening url 'http://pmrms.greatpmo.com/'</msg>
<status status="PASS" starttime="20220224 22:30:25.402" endtime="20220224 22:30:32.912"></status>
</kw>
<status status="PASS" starttime="20220224 22:30:23.832" endtime="20220224 22:30:32.913"></status>
</kw>
<status status="PASS" starttime="20220224 22:30:23.831" endtime="20220224 22:30:32.913"></status>
</kw>
<kw name="And Input Valid Password" library="login">
<kw name="Input Text" library="SeleniumLibrary">
<doc>Types the given ``text`` into text field identified by ``locator``.</doc>
<arguments>
<arg>${pwd}</arg>
<arg>${adm_pwd}</arg>
</arguments>
<msg timestamp="20220224 22:30:32.917" level="INFO">Typing text 'User@madrasah2022' into text field '//input[@type='password']'.</msg>
<status status="PASS" starttime="20220224 22:30:32.916" endtime="20220224 22:30:33.240"></status>
</kw>
<status status="PASS" starttime="20220224 22:30:32.915" endtime="20220224 22:30:33.240"></status>
</kw>
<kw name="When Click button submit" library="login">
<kw name="Execute Javascript" library="SeleniumLibrary">
<doc>Executes the given JavaScript code with possible arguments.</doc>
<arguments>
<arg>document.evaluate("${btnSubmit}",</arg>
<arg>document, null, XPathResult.ORDERED_NODE_SNAPSHOT_TYPE, null).</arg>
<arg>snapshotItem(0).click();</arg>
</arguments>
<msg timestamp="20220224 22:30:33.240" level="INFO">Executing JavaScript:
document.evaluate("//button[@class='btn']",document, null, XPathResult.ORDERED_NODE_SNAPSHOT_TYPE, null).snapshotItem(0).click();
Without any arguments.</msg>
<status status="PASS" starttime="20220224 22:30:33.240" endtime="20220224 22:30:33.258"></status>
</kw>
<status status="PASS" starttime="20220224 22:30:33.240" endtime="20220224 22:30:33.258"></status>
</kw>
<kw name="Verify Notif blank username" library="login">
<kw name="Wait Until Element Is Visible" library="SeleniumLibrary">
<doc>Waits until element ``locator`` is visible.</doc>
<arguments>
<arg>${blank_usr}</arg>
</arguments>
<status status="PASS" starttime="20220224 22:30:33.259" endtime="20220224 22:30:33.303"></status>
</kw>
<kw name="Page Should Contain Element" library="SeleniumLibrary">
<doc>Verifies that element ``locator`` is found on the current page.</doc>
<arguments>
<arg>${blank_usr}</arg>
</arguments>
<msg timestamp="20220224 22:30:33.313" level="INFO">Current page contains element '//ngb-alert[text()='Email Tidak Boleh Kosong']'.</msg>
<status status="PASS" starttime="20220224 22:30:33.303" endtime="20220224 22:30:33.313"></status>
</kw>
<status status="PASS" starttime="20220224 22:30:33.258" endtime="20220224 22:30:33.314"></status>
</kw>
<kw name="Finish Testcase" library="browser" type="teardown">
<kw name="Close Browser" library="SeleniumLibrary">
<doc>Closes the current browser.</doc>
<status status="PASS" starttime="20220224 22:30:33.315" endtime="20220224 22:30:35.817"></status>
</kw>
<status status="PASS" starttime="20220224 22:30:33.314" endtime="20220224 22:30:35.817"></status>
</kw>
<status status="PASS" starttime="20220224 22:30:23.829" endtime="20220224 22:30:35.818"></status>
</kw>
<kw name="Scenario 3: Login with username blank and password blank">
<doc>Feature: Login Invalid</doc>
<kw name="Given Login page is open" library="login">
<kw name="Open Browser" library="browser">
<kw name="Start Testcase Headless" library="browser">
<kw name="Evaluate" library="BuiltIn">
<doc>Evaluates the given expression in Python and returns the result.</doc>
<arguments>
<arg>sys.modules['selenium.webdriver'].ChromeOptions()</arg>
</arguments>
<assign>
<var>${options}</var>
</assign>
<msg timestamp="20220224 22:30:35.820" level="INFO">${options} = &lt;selenium.webdriver.chrome.options.Options object at 0x043E7CA0&gt;</msg>
<status status="PASS" starttime="20220224 22:30:35.820" endtime="20220224 22:30:35.820"></status>
</kw>
<kw name="Call Method" library="BuiltIn">
<doc>Calls the named method of the given object with the provided arguments.</doc>
<arguments>
<arg>${options}</arg>
<arg>add_argument</arg>
<arg>--disable-notifications</arg>
</arguments>
<status status="PASS" starttime="20220224 22:30:35.820" endtime="20220224 22:30:35.820"></status>
</kw>
<kw name="Call Method" library="BuiltIn">
<doc>Calls the named method of the given object with the provided arguments.</doc>
<arguments>
<arg>${options}</arg>
<arg>add_argument</arg>
<arg>--no-sandbox</arg>
</arguments>
<status status="PASS" starttime="20220224 22:30:35.827" endtime="20220224 22:30:35.828"></status>
</kw>
<kw name="Call Method" library="BuiltIn">
<doc>Calls the named method of the given object with the provided arguments.</doc>
<arguments>
<arg>${options}</arg>
<arg>add_argument</arg>
<arg>--disable-gpu</arg>
</arguments>
<status status="PASS" starttime="20220224 22:30:35.828" endtime="20220224 22:30:35.829"></status>
</kw>
<kw name="Call Method" library="BuiltIn">
<doc>Calls the named method of the given object with the provided arguments.</doc>
<arguments>
<arg>${options}</arg>
<arg>add_argument</arg>
<arg>--start-maximized</arg>
</arguments>
<status status="PASS" starttime="20220224 22:30:35.829" endtime="20220224 22:30:35.830"></status>
</kw>
<kw name="Call Method" library="BuiltIn">
<doc>Calls the named method of the given object with the provided arguments.</doc>
<arguments>
<arg>${options}</arg>
<arg>add_argument</arg>
<arg>--disable-dev-shm-usage</arg>
</arguments>
<status status="PASS" starttime="20220224 22:30:35.830" endtime="20220224 22:30:35.830"></status>
</kw>
<kw name="Create Webdriver" library="SeleniumLibrary">
<doc>Creates an instance of Selenium WebDriver.</doc>
<arguments>
<arg>Chrome</arg>
<arg>chrome_options=${options}</arg>
</arguments>
<msg timestamp="20220224 22:30:35.830" level="INFO">Creating an instance of the Chrome WebDriver.</msg>
[...]
<doc>Waits until element ``locator`` is visible.</doc>
<arguments>
<arg>${btnEditStaff}</arg>
</arguments>
<kw name="Capture Page Screenshot" library="SeleniumLibrary">
<doc>Takes screenshot of the current page and embeds it into log file.</doc>
<msg timestamp="20220224 22:35:22.457" level="INFO" html="yes">&lt;/td&gt;&lt;/tr&gt;&lt;tr&gt;&lt;td colspan="3"&gt;&lt;a href="selenium-screenshot-2.png"&gt;&lt;img src="selenium-screenshot-2.png" width="800px"&gt;&lt;/a&gt;</msg>
<status status="PASS" starttime="20220224 22:35:22.168" endtime="20220224 22:35:22.458"></status>
</kw>
<msg timestamp="20220224 22:35:22.458" level="FAIL">Element '//button[text()='Edit']' not visible after 5 seconds.</msg>
<status status="FAIL" starttime="20220224 22:35:17.112" endtime="20220224 22:35:22.458"></status>
</kw>
<status status="FAIL" starttime="20220224 22:35:17.109" endtime="20220224 22:35:22.458"></status>
</kw>
<status status="FAIL" starttime="20220224 22:35:16.121" endtime="20220224 22:35:22.458"></status>
</kw>
<kw name="Finish Testcase" library="browser" type="teardown">
<kw name="Close Browser" library="SeleniumLibrary">
<doc>Closes the current browser.</doc>
<status status="PASS" starttime="20220224 22:35:22.462" endtime="20220224 22:35:25.147"></status>
</kw>
<status status="PASS" starttime="20220224 22:35:22.461" endtime="20220224 22:35:25.147"></status>
</kw>
<doc>Regression Test Menu Administrasi Direktori Staff</doc>
<tags>
<tag>Functionality</tag>
</tags>
<status status="FAIL" starttime="20220224 22:34:48.004" endtime="20220224 22:35:25.148" critical="yes">Element '//button[text()='Edit']' not visible after 5 seconds.</status>
</test>
<doc>Regression Test Menu Administrasi Direktori Staff</doc>
<status status="FAIL" starttime="20220224 22:34:47.967" endtime="20220224 22:35:25.152"></status>
</suite>
<suite id="s1-s12" name="12 Administrasi Kegiatan LuarKota" source="D:\pyCharmProject\pmrms-testing\Features\12_Administrasi_Kegiatan_LuarKota.robot">
<test id="s1-s12-t1" name="Menu Administrasi Kegiatan Luar Kota">
<kw name="Scenario 1: Login with username valid and password valid">
<kw name="Given Login page is open" library="login">
<kw name="Open Browser" library="browser">
<kw name="Start Testcase Headless" library="browser">
<kw name="Evaluate" library="BuiltIn">
<doc>Evaluates the given expression in Python and returns the result.</doc>
<arguments>
<arg>sys.modules['selenium.webdriver'].ChromeOptions()</arg>
</arguments>
<assign>
<var>${options}</var>
</assign>
<msg timestamp="20220224 22:35:25.187" level="INFO">${options} = &lt;selenium.webdriver.chrome.options.Options object at 0x00FC78C8&gt;</msg>
<status status="PASS" starttime="20220224 22:35:25.183" endtime="20220224 22:35:25.188"></status>
</kw>
<kw name="Call Method" library="BuiltIn">
<doc>Calls the named method of the given object with the provided arguments.</doc>
<arguments>
<arg>${options}</arg>
<arg>add_argument</arg>
<arg>--disable-notifications</arg>
</arguments>
<status status="PASS" starttime="20220224 22:35:25.188" endtime="20220224 22:35:25.189"></status>
</kw>
<kw name="Call Method" library="BuiltIn">
<doc>Calls the named method of the given object with the provided arguments.</doc>
<arguments>
<arg>${options}</arg>
<arg>add_argument</arg>
<arg>--no-sandbox</arg>
</arguments>
<status status="PASS" starttime="20220224 22:35:25.189" endtime="20220224 22:35:25.190"></status>
</kw>
<kw name="Call Method" library="BuiltIn">
<doc>Calls the named method of the given object with the provided arguments.</doc>
<arguments>
<arg>${options}</arg>
<arg>add_argument</arg>
<arg>--disable-gpu</arg>
</arguments>
<status status="PASS" starttime="20220224 22:35:25.190" endtime="20220224 22:35:25.190"></status>
</kw>
<kw name="Call Method" library="BuiltIn">
<doc>Calls the named method of the given object with the provided arguments.</doc>
<arguments>
<arg>${options}</arg>
<arg>add_argument</arg>
<arg>--start-maximized</arg>
</arguments>
<status status="PASS" starttime="20220224 22:35:25.190" endtime="20220224 22:35:25.190"></status>
</kw>
<kw name="Call Method" library="BuiltIn">
<doc>Calls the named method of the given object with the provided arguments.</doc>
<arguments>
<arg>${options}</arg>
<arg>add_argument</arg>
<arg>--disable-dev-shm-usage</arg>
</arguments>
<status status="PASS" starttime="20220224 22:35:25.190" endtime="20220224 22:35:25.190"></status>
</kw>
<kw name="Create Webdriver" library="SeleniumLibrary">
<doc>Creates an instance of Selenium WebDriver.</doc>
<arguments>
<arg>Chrome</arg>
<arg>chrome_options=${options}</arg>
</arguments>
<msg timestamp="20220224 22:35:25.190" level="INFO">Creating an instance of the Chrome WebDriver.</msg>
<status status="PASS" starttime="20220224 22:35:25.190" endtime="20220224 22:35:26.704"></status>
</kw>
<status status="PASS" starttime="20220224 22:35:25.183" endtime="20220224 22:35:26.705"></status>
</kw>
<kw name="Go To" library="SeleniumLibrary">
<doc>Navigates the active browser instance to the provided ``url``.</doc>
<arguments>
<arg>${chrome_browser}</arg>
</arguments>
<msg timestamp="20220224 22:35:26.706" level="INFO">Opening url 'http://pmrms.greatpmo.com/'</msg>
<status status="PASS" starttime="20220224 22:35:26.705" endtime="20220224 22:35:34.625"></status>
</kw>
<status status="PASS" starttime="20220224 22:35:25.183" endtime="20220224 22:35:34.627"></status>
</kw>
<status status="PASS" starttime="20220224 22:35:25.183" endtime="20220224 22:35:34.628"></status>
</kw>
<kw name="And Input Valid Username" library="login">
<kw name="Input Text" library="SeleniumLibrary">
<doc>Types the given ``text`` into text field identified by ``locator``.</doc>
<arguments>
<arg>${username}</arg>
<arg>${adm_usr}</arg>
</arguments>
<msg timestamp="20220224 22:35:34.632" level="INFO">Typing text 'ptm15@madrasah.kemenag.go.id' into text field '//input[@id='email']'.</msg>
<status status="PASS" starttime="20220224 22:35:34.628" endtime="20220224 22:35:34.887"></status>
</kw>
<status status="PASS" starttime="20220224 22:35:34.628" endtime="20220224 22:35:34.887"></status>
</kw>
<kw name="And Input Valid Password" library="login">
<kw name="Input Text" library="SeleniumLibrary">
<doc>Types the given ``text`` into text field identified by ``locator``.</doc>
<arguments>
<arg>${pwd}</arg>
<arg>${adm_pwd}</arg>
</arguments>
<msg timestamp="20220224 22:35:34.889" level="INFO">Typing text 'User@madrasah2022' into text field '//input[@type='password']'.</msg>
<status status="PASS" starttime="20220224 22:35:34.888" endtime="20220224 22:35:35.082"></status>
</kw>
<status status="PASS" starttime="20220224 22:35:34.888" endtime="20220224 22:35:35.082"></status>
</kw>
<kw name="When Click button submit" library="login">
<kw name="Execute Javascript" library="SeleniumLibrary">
<doc>Executes the given JavaScript code with possible arguments.</doc>
<arguments>
<arg>document.evaluate("${btnSubmit}",</arg>
<arg>document, null, XPathResult.ORDERED_NODE_SNAPSHOT_TYPE, null).</arg>
<arg>snapshotItem(0).click();</arg>
</arguments>
<msg timestamp="20220224 22:35:35.083" level="INFO">Executing JavaScript:
document.evaluate("//button[@class='btn']",document, null, XPathResult.ORDERED_NODE_SNAPSHOT_TYPE, null).snapshotItem(0).click();
Without any arguments.</msg>
<status status="PASS" starttime="20220224 22:35:35.083" endtime="20220224 22:35:35.110"></status>
</kw>
<status status="PASS" starttime="20220224 22:35:35.083" endtime="20220224 22:35:35.111"></status>
</kw>
<kw name="Then Verify Home Page is open" library="login">
<kw name="Wait Until Element Is Visible" library="SeleniumLibrary">
<doc>Waits until element ``locator`` is visible.</doc>
<arguments>
<arg>${Verify_Home_Admin}</arg>
</arguments>
<status status="PASS" starttime="20220224 22:35:35.112" endtime="20220224 22:35:37.385"></status>
</kw>
<kw name="Page Should Contain Element" library="SeleniumLibrary">
<doc>Verifies that element ``locator`` is found on the current page.</doc>
<arguments>
<arg>${Verify_Home_Admin}</arg>
</arguments>
<msg timestamp="20220224 22:35:37.414" level="INFO">Current page contains element '//span[text()='User Administrator']'.</msg>
<status status="PASS" starttime="20220224 22:35:37.386" endtime="20220224 22:35:37.416"></status>
</kw>
<status status="PASS" starttime="20220224 22:35:35.111" endtime="20220224 22:35:37.418"></status>
</kw>
<status status="PASS" starttime="20220224 22:35:25.183" endtime="20220224 22:35:37.418"></status>
</kw>
<kw name="Scenario 2: User Mengklik Menu Kegiatan Luar Kota">
<kw name="Click Menu Administrasi" library="administrasi">
<kw name="Wait Until Element Is Visible" library="SeleniumLibrary">
<doc>Waits until element ``locator`` is visible.</doc>
<arguments>
<arg>${menuAdministrasi}</arg>
</arguments>
<status status="PASS" starttime="20220224 22:35:37.421" endtime="20220224 22:35:38.477"></status>
</kw>
<kw name="Click Element" library="SeleniumLibrary">
<doc>Click element identified by ``locator``.</doc>
<arguments>
<arg>${menuAdministrasi}</arg>
</arguments>
<msg timestamp="20220224 22:35:38.478" level="INFO">Clicking element '//a[contains(.,'Administrasi')]'.</msg>
<status status="PASS" starttime="20220224 22:35:38.477" endtime="20220224 22:35:38.590"></status>
</kw>
<status status="PASS" starttime="20220224 22:35:37.421" endtime="20220224 22:35:38.591"></status>
</kw>
<kw name="Click Menu Kegiatan Luar Kota" library="administrasi">
<kw name="Click Element" library="SeleniumLibrary">
<doc>Click element identified by ``locator``.</doc>
<arguments>
<arg>${menuKegiatanLuarKota}</arg>
</arguments>
<msg timestamp="20220224 22:35:38.593" level="INFO">Clicking element '//a[contains(.,'Kegiatan Luar Kota')]'.</msg>
<status status="PASS" starttime="20220224 22:35:38.592" endtime="20220224 22:35:38.890"></status>
</kw>
<status status="PASS" starttime="20220224 22:35:38.591" endtime="20220224 22:35:38.890"></status>
</kw>
<kw name="Verify Page Kegiatan Luar Kota" library="administrasi">
<kw name="Wait Until Element Is Visible" library="SeleniumLibrary">
<doc>Waits until element ``locator`` is visible.</doc>
<arguments>
<arg>${verifyKegiatanLuarKota}</arg>
</arguments>
<status status="PASS" starttime="20220224 22:35:38.891" endtime="20220224 22:35:41.028"></status>
</kw>
<kw name="Page Should Contain Element" library="SeleniumLibrary">
<doc>Verifies that element ``locator`` is found on the current page.</doc>
<arguments>
<arg>${verifyKegiatanLuarKota}</arg>
</arguments>
<msg timestamp="20220224 22:35:41.057" level="INFO">Current page contains element '//label[text()='Kegiatan Luar Kota']'.</msg>
<status status="PASS" starttime="20220224 22:35:41.028" endtime="20220224 22:35:41.058"></status>
</kw>
<status status="PASS" starttime="20220224 22:35:38.891" endtime="20220224 22:35:41.060"></status>
</kw>
<status status="PASS" starttime="20220224 22:35:37.420" endtime="20220224 22:35:41.060"></status>
</kw>
<kw name="Scenario 3: User Mengklik Button Ajukan Kegiatan">
<kw name="Click Button Ajukan Kegiatan" library="administrasi">
<kw name="Click Element" library="SeleniumLibrary">
<doc>Click element identified by ``locator``.</doc>
<arguments>
<arg>${verifyKegiatanLuarKota}</arg>
</arguments>
<msg timestamp="20220224 22:35:41.068" level="INFO">Clicking element '//label[text()='Kegiatan Luar Kota']'.</msg>
<status status="PASS" starttime="20220224 22:35:41.067" endtime="20220224 22:35:41.212"></status>
</kw>
<kw name="Click Element" library="SeleniumLibrary">
<doc>Click element identified by ``locator``.</doc>
<arguments>
<arg>${btnAjukanKegiatan}</arg>
</arguments>
<msg timestamp="20220224 22:35:41.212" level="INFO">Clicking element '//button[text()='Ajukan Kegiatan']'.</msg>
<status status="PASS" starttime="20220224 22:35:41.212" endtime="20220224 22:35:41.379"></status>
</kw>
<status status="PASS" starttime="20220224 22:35:41.062" endtime="20220224 22:35:41.379"></status>
</kw>
<kw name="Verify Page Form Pengajuan Kegiatan" library="administrasi">
<kw name="Wait Until Element Is Visible" library="SeleniumLibrary">
<doc>Waits until element ``locator`` is visible.</doc>
<arguments>
<arg>${verifyPengajuanKegiatan}</arg>
</arguments>
<status status="PASS" starttime="20220224 22:35:41.380" endtime="20220224 22:35:42.477"></status>
</kw>
<kw name="Page Should Contain Element" library="SeleniumLibrary">
<doc>Verifies that element ``locator`` is found on the current page.</doc>
<arguments>
<arg>${verifyPengajuanKegiatan}</arg>
</arguments>
<msg timestamp="20220224 22:35:42.494" level="INFO">Current page contains element '//label[text()='Formulir Pengajuan Kegiatan di Luar Kota']'.</msg>
<status status="PASS" starttime="20220224 22:35:42.477" endtime="20220224 22:35:42.494"></status>
</kw>
<status status="PASS" starttime="20220224 22:35:41.380" endtime="20220224 22:35:42.494"></status>
</kw>
<status status="PASS" starttime="20220224 22:35:41.062" endtime="20220224 22:35:42.494"></status>
</kw>
<kw name="Scenario 4: User Mengklik Button Kembali dari page Form Pengajuan Kegiatan">
<kw name="Click Button Kembali" library="administrasi">
<kw name="Click Element" library="SeleniumLibrary">
<doc>Click element identified by ``locator``.</doc>
<arguments>
<arg>${btnKembali}</arg>
</arguments>
<msg timestamp="20220224 22:35:42.499" level="INFO">Clicking element '//label[.='Kembali']'.</msg>
<status status="PASS" starttime="20220224 22:35:42.498" endtime="20220224 22:35:42.660"></status>
</kw>
<status status="PASS" starttime="20220224 22:35:42.497" endtime="20220224 22:35:42.660"></status>
</kw>
<kw name="Verify Page Kegiatan Luar Kota" library="administrasi">
<kw name="Wait Until Element Is Visible" library="SeleniumLibrary">
<doc>Waits until element ``locator`` is visible.</doc>
<arguments>
<arg>${verifyKegiatanLuarKota}</arg>
</arguments>
<status status="PASS" starttime="20220224 22:35:42.661" endtime="20220224 22:35:42.947"></status>
</kw>
<kw name="Page Should Contain Element" library="SeleniumLibrary">
<doc>Verifies that element ``locator`` is found on the current page.</doc>
<arguments>
<arg>${verifyKegiatanLuarKota}</arg>
</arguments>
<msg timestamp="20220224 22:35:42.971" level="INFO">Current page contains element '//label[text()='Kegiatan Luar Kota']'.</msg>
<status status="PASS" starttime="20220224 22:35:42.947" endtime="20220224 22:35:42.971"></status>
</kw>
<status status="PASS" starttime="20220224 22:35:42.660" endtime="20220224 22:35:42.971"></status>
</kw>
<status status="PASS" starttime="20220224 22:35:42.496" endtime="20220224 22:35:42.971"></status>
</kw>
<kw name="Scenario 5: User Mengklik Button Batal dari page Form Pengajuan Kegiatan">
<kw name="Click Button Ajukan Kegiatan" library="administrasi">
<kw name="Click Element" library="SeleniumLibrary">
<doc>Click element identified by ``locator``.</doc>
<arguments>
<arg>${verifyKegiatanLuarKota}</arg>
</arguments>
<msg timestamp="20220224 22:35:42.977" level="INFO">Clicking element '//label[text()='Kegiatan Luar Kota']'.</msg>
<status status="PASS" starttime="20220224 22:35:42.976" endtime="20220224 22:35:43.096"></status>
</kw>
<kw name="Click Element" library="SeleniumLibrary">
<doc>Click element identified by ``locator``.</doc>
<arguments>
<arg>${btnAjukanKegiatan}</arg>
</arguments>
<msg timestamp="20220224 22:35:43.096" level="INFO">Clicking element '//button[text()='Ajukan Kegiatan']'.</msg>
<status status="PASS" starttime="20220224 22:35:43.096" endtime="20220224 22:35:43.235"></status>
</kw>
<status status="PASS" starttime="20220224 22:35:42.971" endtime="20220224 22:35:43.236"></status>
</kw>
<kw name="Click Button Batal" library="administrasi">
<kw name="Wait Until Element Is Visible" library="SeleniumLibrary">
<doc>Waits until element ``locator`` is visible.</doc>
<arguments>
<arg>${btnBatal}</arg>
</arguments>
<status status="PASS" starttime="20220224 22:35:43.237" endtime="20220224 22:35:44.319"></status>
</kw>
<kw name="Execute Javascript" library="SeleniumLibrary">
<doc>Executes the given JavaScript code with possible arguments.</doc>
<arguments>
<arg>document.evaluate("${btnBatal}",</arg>
<arg>document, null, XPathResult.ORDERED_NODE_SNAPSHOT_TYPE, null).</arg>
<arg>snapshotItem(0).click();</arg>
</arguments>
<msg timestamp="20220224 22:35:44.319" level="INFO">Executing JavaScript:
document.evaluate("//button[.='Batal']",document, null, XPathResult.ORDERED_NODE_SNAPSHOT_TYPE, null).snapshotItem(0).click();
Without any arguments.</msg>
<status status="PASS" starttime="20220224 22:35:44.319" endtime="20220224 22:35:44.419"></status>
</kw>
<status status="PASS" starttime="20220224 22:35:43.236" endtime="20220224 22:35:44.419"></status>
</kw>
<kw name="Verify Page Kegiatan Luar Kota" library="administrasi">
<kw name="Wait Until Element Is Visible" library="SeleniumLibrary">
<doc>Waits until element ``locator`` is visible.</doc>
<arguments>
<arg>${verifyKegiatanLuarKota}</arg>
</arguments>
<status status="PASS" starttime="20220224 22:35:44.420" endtime="20220224 22:35:44.712"></status>
</kw>
<kw name="Page Should Contain Element" library="SeleniumLibrary">
<doc>Verifies that element ``locator`` is found on the current page.</doc>
<arguments>
<arg>${verifyKegiatanLuarKota}</arg>
</arguments>
<msg timestamp="20220224 22:35:44.733" level="INFO">Current page contains element '//label[text()='Kegiatan Luar Kota']'.</msg>
<status status="PASS" starttime="20220224 22:35:44.712" endtime="20220224 22:35:44.733"></status>
</kw>
<status status="PASS" starttime="20220224 22:35:44.419" endtime="20220224 22:35:44.733"></status>
</kw>
<status status="PASS" starttime="20220224 22:35:42.971" endtime="20220224 22:35:44.733"></status>
</kw>
<kw name="Finish Testcase" library="browser" type="teardown">
<kw name="Close Browser" library="SeleniumLibrary">
<doc>Closes the current browser.</doc>
<status status="PASS" starttime="20220224 22:35:44.738" endtime="20220224 22:35:47.377"></status>
</kw>
<status status="PASS" starttime="20220224 22:35:44.737" endtime="20220224 22:35:47.378"></status>
</kw>
<doc>Regression Test Menu Administrasi Kegiatan Luar Kota</doc>
<tags>
<tag>Functionality</tag>
</tags>
<status status="PASS" starttime="20220224 22:35:25.182" endtime="20220224 22:35:47.379" critical="yes"></status>
</test>
<doc>Regression Test Menu Administrasi Kegiatan Luar Kota</doc>
<status status="PASS" starttime="20220224 22:35:25.156" endtime="20220224 22:35:47.383"></status>
</suite>
<status status="FAIL" starttime="20220224 22:27:48.823" endtime="20220224 22:35:47.390"></status>
</suite>
<statistics>
<total>
<stat pass="10" fail="2">Critical Tests</stat>
<stat pass="10" fail="2">All Tests</stat>
</total>
<tag>
<stat pass="10" fail="2">Functionality</stat>
</tag>
<suite>
<stat pass="10" fail="2" id="s1" name="Features">Features</stat>
<stat pass="1" fail="0" id="s1-s1" name="01 Login Admin">Features.01 Login Admin</stat>
<stat pass="1" fail="0" id="s1-s2" name="02 Login Role Komponen 4">Features.02 Login Role Komponen 4</stat>
<stat pass="1" fail="0" id="s1-s3" name="03 Login Staff Administrasi">Features.03 Login Staff Administrasi</stat>
<stat pass="1" fail="0" id="s1-s4" name="04 Lupa Password">Features.04 Lupa Password</stat>
<stat pass="0" fail="1" id="s1-s5" name="05 Awp">Features.05 Awp</stat>
<stat pass="1" fail="0" id="s1-s6" name="06 Project Component">Features.06 Project Component</stat>
<stat pass="1" fail="0" id="s1-s7" name="07 Profile">Features.07 Profile</stat>
<stat pass="1" fail="0" id="s1-s8" name="08 Konfigurasi">Features.08 Konfigurasi</stat>
<stat pass="1" fail="0" id="s1-s9" name="09 Daftar Tugas">Features.09 Daftar Tugas</stat>
<stat pass="1" fail="0" id="s1-s10" name="10 Administrasi IzinCuti">Features.10 Administrasi IzinCuti</stat>
<stat pass="0" fail="1" id="s1-s11" name="11 Administrasi DirektoriStaff">Features.11 Administrasi DirektoriStaff</stat>
<stat pass="1" fail="0" id="s1-s12" name="12 Administrasi Kegiatan LuarKota">Features.12 Administrasi Kegiatan LuarKota</stat>
</suite>
</statistics>
<errors>
</errors>
</robot>
