<?xml version="1.0" encoding="UTF-8"?>
<robot generator="Robot 3.2.2 (Python 3.8.5 on win32)" generated="20220325 05:55:14.451" rpa="false">
<suite id="s1" name="16 Event" source="D:\pyCharmProject\pmrms-testing\Features\16_Event.robot">
<test id="s1-t1" name="Menu Kegiatan">
<kw name="Scenario 1: Login with username valid and password valid">
<kw name="Given Login page is open" library="login">
<kw name="Open Browser" library="browser">
<kw name="Start Testcase Headless" library="browser">
<kw name="Evaluate" library="BuiltIn">
<doc>Evaluates the given expression in Python and returns the result.</doc>
<arguments>
<arg>sys.modules['selenium.webdriver'].ChromeOptions()</arg>
</arguments>
<assign>
<var>${options}</var>
</assign>
<msg timestamp="20220325 05:55:14.660" level="INFO">${options} = &lt;selenium.webdriver.chrome.options.Options object at 0x047C8298&gt;</msg>
<status status="PASS" starttime="20220325 05:55:14.659" endtime="20220325 05:55:14.660"></status>
</kw>
<kw name="Call Method" library="BuiltIn">
<doc>Calls the named method of the given object with the provided arguments.</doc>
<arguments>
<arg>${options}</arg>
<arg>add_argument</arg>
<arg>--disable-notifications</arg>
</arguments>
<status status="PASS" starttime="20220325 05:55:14.660" endtime="20220325 05:55:14.660"></status>
</kw>
<kw name="Call Method" library="BuiltIn">
<doc>Calls the named method of the given object with the provided arguments.</doc>
<arguments>
<arg>${options}</arg>
<arg>add_argument</arg>
<arg>--no-sandbox</arg>
</arguments>
<status status="PASS" starttime="20220325 05:55:14.660" endtime="20220325 05:55:14.660"></status>
</kw>
<kw name="Call Method" library="BuiltIn">
<doc>Calls the named method of the given object with the provided arguments.</doc>
<arguments>
<arg>${options}</arg>
<arg>add_argument</arg>
<arg>--disable-gpu</arg>
</arguments>
<status status="PASS" starttime="20220325 05:55:14.660" endtime="20220325 05:55:14.661"></status>
</kw>
<kw name="Call Method" library="BuiltIn">
<doc>Calls the named method of the given object with the provided arguments.</doc>
<arguments>
<arg>${options}</arg>
<arg>add_argument</arg>
<arg>--window-size\=1366,768</arg>
</arguments>
<status status="PASS" starttime="20220325 05:55:14.661" endtime="20220325 05:55:14.661"></status>
</kw>
<kw name="Call Method" library="BuiltIn">
<doc>Calls the named method of the given object with the provided arguments.</doc>
<arguments>
<arg>${options}</arg>
<arg>add_argument</arg>
<arg>--disable-dev-shm-usage</arg>
</arguments>
<status status="PASS" starttime="20220325 05:55:14.661" endtime="20220325 05:55:14.661"></status>
</kw>
<kw name="Create Webdriver" library="SeleniumLibrary">
<doc>Creates an instance of Selenium WebDriver.</doc>
<arguments>
<arg>Chrome</arg>
<arg>chrome_options=${options}</arg>
</arguments>
<msg timestamp="20220325 05:55:14.661" level="INFO">Creating an instance of the Chrome WebDriver.</msg>
<status status="PASS" starttime="20220325 05:55:14.661" endtime="20220325 05:55:15.806"></status>
</kw>
<status status="PASS" starttime="20220325 05:55:14.659" endtime="20220325 05:55:15.807"></status>
</kw>
<kw name="Go To" library="SeleniumLibrary">
<doc>Navigates the active browser instance to the provided ``url``.</doc>
<arguments>
<arg>${chrome_browser}</arg>
</arguments>
<msg timestamp="20220325 05:55:15.808" level="INFO">Opening url 'http://pmrms.greatpmo.com/admin/login'</msg>
<status status="PASS" starttime="20220325 05:55:15.807" endtime="20220325 05:55:19.998"></status>
</kw>
<status status="PASS" starttime="20220325 05:55:14.659" endtime="20220325 05:55:19.998"></status>
</kw>
<status status="PASS" starttime="20220325 05:55:14.659" endtime="20220325 05:55:19.999"></status>
</kw>
<kw name="And Input Valid Username" library="login">
<kw name="Input Text" library="SeleniumLibrary">
<doc>Types the given ``text`` into text field identified by ``locator``.</doc>
<arguments>
<arg>${username}</arg>
<arg>${adm_usr}</arg>
</arguments>
<msg timestamp="20220325 05:55:20.000" level="INFO">Typing text 'ptm15@madrasah.kemenag.go.id' into text field '//input[@id='email']'.</msg>
<status status="PASS" starttime="20220325 05:55:20.000" endtime="20220325 05:55:20.097"></status>
</kw>
<status status="PASS" starttime="20220325 05:55:19.999" endtime="20220325 05:55:20.098"></status>
</kw>
<kw name="And Input Valid Password" library="login">
<kw name="Input Text" library="SeleniumLibrary">
<doc>Types the given ``text`` into text field identified by ``locator``.</doc>
<arguments>
<arg>${pwd}</arg>
<arg>${adm_pwd}</arg>
</arguments>
<msg timestamp="20220325 05:55:20.098" level="INFO">Typing text 'User@madrasah2022' into text field '//input[@type='password']'.</msg>
<status status="PASS" starttime="20220325 05:55:20.098" endtime="20220325 05:55:20.175"></status>
</kw>
<status status="PASS" starttime="20220325 05:55:20.098" endtime="20220325 05:55:20.176"></status>
</kw>
<kw name="When Click button submit" library="login">
<kw name="Execute Javascript" library="SeleniumLibrary">
<doc>Executes the given JavaScript code with possible arguments.</doc>
<arguments>
<arg>document.evaluate("${btnSubmit}",</arg>
<arg>document, null, XPathResult.ORDERED_NODE_SNAPSHOT_TYPE, null).</arg>
<arg>snapshotItem(0).click();</arg>
</arguments>
<msg timestamp="20220325 05:55:20.177" level="INFO">Executing JavaScript:
document.evaluate("//button[@class='btn']",document, null, XPathResult.ORDERED_NODE_SNAPSHOT_TYPE, null).snapshotItem(0).click();
Without any arguments.</msg>
<status status="PASS" starttime="20220325 05:55:20.176" endtime="20220325 05:55:20.185"></status>
</kw>
<status status="PASS" starttime="20220325 05:55:20.176" endtime="20220325 05:55:20.186"></status>
</kw>
<kw name="Then Verify Home Page is open" library="login">
<kw name="Wait Until Element Is Visible" library="SeleniumLibrary">
<doc>Waits until element ``locator`` is visible.</doc>
<arguments>
<arg>${Verify_Home_Admin}</arg>
<arg>timeout=30s</arg>
</arguments>
<status status="PASS" starttime="20220325 05:55:20.186" endtime="20220325 05:55:22.274"></status>
</kw>
<kw name="Page Should Contain Element" library="SeleniumLibrary">
<doc>Verifies that element ``locator`` is found on the current page.</doc>
<arguments>
<arg>${Verify_Home_Admin}</arg>
</arguments>
<msg timestamp="20220325 05:55:22.280" level="INFO">Current page contains element '//span[text()='User Administrator']'.</msg>
<status status="PASS" starttime="20220325 05:55:22.274" endtime="20220325 05:55:22.280"></status>
</kw>
<status status="PASS" starttime="20220325 05:55:20.186" endtime="20220325 05:55:22.280"></status>
</kw>
<status status="PASS" starttime="20220325 05:55:14.658" endtime="20220325 05:55:22.280"></status>
</kw>
<kw name="Scenario 2: User mengklik sidebar menu Event">
<kw name="Click Menu Event" library="event">
<kw name="Wait Until Element Is Visible" library="SeleniumLibrary">
<doc>Waits until element ``locator`` is visible.</doc>
<arguments>
<arg>${menuEvent}</arg>
</arguments>
<status status="PASS" starttime="20220325 05:55:22.281" endtime="20220325 05:55:22.956"></status>
</kw>
<kw name="Click Element" library="SeleniumLibrary">
<doc>Click element identified by ``locator``.</doc>
<arguments>
<arg>${menuEvent}</arg>
</arguments>
<msg timestamp="20220325 05:55:22.957" level="INFO">Clicking element '//a[contains(.,'Event')]'.</msg>
<status status="PASS" starttime="20220325 05:55:22.956" endtime="20220325 05:55:22.994"></status>
</kw>
<status status="PASS" starttime="20220325 05:55:22.281" endtime="20220325 05:55:22.994"></status>
</kw>
<kw name="Verify Page Event" library="event">
<kw name="Wait Until Element Is Visible" library="SeleniumLibrary">
<doc>Waits until element ``locator`` is visible.</doc>
<arguments>
<arg>${verifyEvent}</arg>
</arguments>
<status status="PASS" starttime="20220325 05:55:22.995" endtime="20220325 05:55:23.872"></status>
</kw>
<kw name="Page Should Contain Element" library="SeleniumLibrary">
<doc>Verifies that element ``locator`` is found on the current page.</doc>
<arguments>
<arg>${verifyEvent}</arg>
</arguments>
<msg timestamp="20220325 05:55:23.878" level="INFO">Current page contains element '//label[@class='title-header']'.</msg>
<status status="PASS" starttime="20220325 05:55:23.872" endtime="20220325 05:55:23.878"></status>
</kw>
<status status="PASS" starttime="20220325 05:55:22.994" endtime="20220325 05:55:23.878"></status>
</kw>
<status status="PASS" starttime="20220325 05:55:22.280" endtime="20220325 05:55:23.878"></status>
</kw>
<kw name="Scenario 3: User melakukan pencarian dengan data tidak sesuai">
<kw name="Search Pencarian No Data" library="event">
<kw name="Wait Until Element Is Visible" library="SeleniumLibrary">
<doc>Waits until element ``locator`` is visible.</doc>
<arguments>
<arg>${inputCari}</arg>
</arguments>
<status status="PASS" starttime="20220325 05:55:23.879" endtime="20220325 05:55:24.762"></status>
</kw>
<kw name="Input Text" library="SeleniumLibrary">
<doc>Types the given ``text`` into text field identified by ``locator``.</doc>
<arguments>
<arg>${inputCari}</arg>
<arg>testing123</arg>
</arguments>
<msg timestamp="20220325 05:55:24.763" level="INFO">Typing text 'testing123' into text field '//input[contains(@class,'form-control ng-untouched')]'.</msg>
<status status="PASS" starttime="20220325 05:55:24.762" endtime="20220325 05:55:24.841"></status>
</kw>
<status status="PASS" starttime="20220325 05:55:23.879" endtime="20220325 05:55:24.841"></status>
</kw>
<kw name="Click Button Cari" library="event">
<kw name="Click Element" library="SeleniumLibrary">
<doc>Click element identified by ``locator``.</doc>
<arguments>
<arg>${btnCari}</arg>
</arguments>
<msg timestamp="20220325 05:55:24.842" level="INFO">Clicking element '//button[text()='Cari']'.</msg>
<status status="PASS" starttime="20220325 05:55:24.842" endtime="20220325 05:55:24.883"></status>
</kw>
<status status="PASS" starttime="20220325 05:55:24.841" endtime="20220325 05:55:24.883"></status>
</kw>
<kw name="Verify No Data" library="event">
<kw name="Wait Until Element Is Visible" library="SeleniumLibrary">
<doc>Waits until element ``locator`` is visible.</doc>
<arguments>
<arg>${noData}</arg>
</arguments>
<status status="PASS" starttime="20220325 05:55:24.883" endtime="20220325 05:55:25.120"></status>
</kw>
<kw name="Page Should Contain Element" library="SeleniumLibrary">
<doc>Verifies that element ``locator`` is found on the current page.</doc>
<arguments>
<arg>${noData}</arg>
</arguments>
<msg timestamp="20220325 05:55:25.126" level="INFO">Current page contains element '//td[text()='No data!']'.</msg>
<status status="PASS" starttime="20220325 05:55:25.120" endtime="20220325 05:55:25.126"></status>
</kw>
<status status="PASS" starttime="20220325 05:55:24.883" endtime="20220325 05:55:25.126"></status>
</kw>
<status status="PASS" starttime="20220325 05:55:23.879" endtime="20220325 05:55:25.127"></status>
</kw>
<kw name="Scenario 4: User melakukan pencarian data by nama kegiatan">
<kw name="Search Pencarian by Nama Kegiatan" library="event">
<kw name="Go To" library="SeleniumLibrary">
<doc>Navigates the active browser instance to the provided ``url``.</doc>
<arguments>
<arg>http://pmrms.greatpmo.com/activity/event</arg>
</arguments>
<msg timestamp="20220325 05:55:25.128" level="INFO">Opening url 'http://pmrms.greatpmo.com/activity/event'</msg>
<status status="PASS" starttime="20220325 05:55:25.127" endtime="20220325 05:55:25.779"></status>
</kw>
<kw name="Wait Until Element Is Visible" library="SeleniumLibrary">
<doc>Waits until element ``locator`` is visible.</doc>
<arguments>
<arg>${inputCari}</arg>
</arguments>
<status status="PASS" starttime="20220325 05:55:25.779" endtime="20220325 05:55:27.893"></status>
</kw>
<kw name="Input Text" library="SeleniumLibrary">
<doc>Types the given ``text`` into text field identified by ``locator``.</doc>
<arguments>
<arg>${inputCari}</arg>
<arg>Kegiatan baru 1</arg>
</arguments>
<msg timestamp="20220325 05:55:27.894" level="INFO">Typing text 'Kegiatan baru 1' into text field '//input[contains(@class,'form-control ng-untouched')]'.</msg>
<status status="PASS" starttime="20220325 05:55:27.893" endtime="20220325 05:55:27.990"></status>
</kw>
<status status="PASS" starttime="20220325 05:55:25.127" endtime="20220325 05:55:27.990"></status>
</kw>
<kw name="Click Button Cari" library="event">
<kw name="Click Element" library="SeleniumLibrary">
<doc>Click element identified by ``locator``.</doc>
<arguments>
<arg>${btnCari}</arg>
</arguments>
<msg timestamp="20220325 05:55:27.991" level="INFO">Clicking element '//button[text()='Cari']'.</msg>
<status status="PASS" starttime="20220325 05:55:27.991" endtime="20220325 05:55:28.030"></status>
</kw>
<status status="PASS" starttime="20220325 05:55:27.990" endtime="20220325 05:55:28.031"></status>
</kw>
<kw name="Verify Nama Kegiatan" library="event">
<kw name="Wait Until Element Is Visible" library="SeleniumLibrary">
<doc>Waits until element ``locator`` is visible.</doc>
<arguments>
<arg>${verifyNamaEvent}</arg>
</arguments>
<status status="PASS" starttime="20220325 05:55:28.031" endtime="20220325 05:55:28.074"></status>
</kw>
<kw name="Page Should Contain Element" library="SeleniumLibrary">
<doc>Verifies that element ``locator`` is found on the current page.</doc>
<arguments>
<arg>${verifyNamaEvent}</arg>
</arguments>
<msg timestamp="20220325 05:55:28.080" level="INFO">Current page contains element '//td[text()='Kegiatan baru 1']'.</msg>
<status status="PASS" starttime="20220325 05:55:28.074" endtime="20220325 05:55:28.080"></status>
</kw>
<status status="PASS" starttime="20220325 05:55:28.031" endtime="20220325 05:55:28.080"></status>
</kw>
<status status="PASS" starttime="20220325 05:55:25.127" endtime="20220325 05:55:28.080"></status>
</kw>
<kw name="Scenario 5: User Mengklik Lihat Detail Event">
<kw name="Click Button Lihat Event" library="event">
<kw name="Wait Until Element Is Visible" library="SeleniumLibrary">
<doc>Waits until element ``locator`` is visible.</doc>
<arguments>
<arg>${lihatDetail}</arg>
<arg>timeout=30s</arg>
</arguments>
<status status="PASS" starttime="20220325 05:55:28.081" endtime="20220325 05:55:28.100"></status>
</kw>
<kw name="Click Element" library="SeleniumLibrary">
<doc>Click element identified by ``locator``.</doc>
<arguments>
<arg>${lihatDetail}</arg>
</arguments>
<msg timestamp="20220325 05:55:28.101" level="INFO">Clicking element '//button[text()='Lihat']'.</msg>
<status status="PASS" starttime="20220325 05:55:28.100" endtime="20220325 05:55:28.155"></status>
</kw>
<status status="PASS" starttime="20220325 05:55:28.081" endtime="20220325 05:55:28.155"></status>
</kw>
<kw name="Verify Page Detail Event" library="event">
<kw name="Wait Until Element Is Visible" library="SeleniumLibrary">
<doc>Waits until element ``locator`` is visible.</doc>
<arguments>
<arg>${verifyDetail}</arg>
</arguments>
<status status="PASS" starttime="20220325 05:55:28.156" endtime="20220325 05:55:28.900"></status>
</kw>
<kw name="Page Should Contain Element" library="SeleniumLibrary">
<doc>Verifies that element ``locator`` is found on the current page.</doc>
<arguments>
<arg>${verifyDetail}</arg>
</arguments>
<msg timestamp="20220325 05:55:28.907" level="INFO">Current page contains element '//label[@class='font-size-20 mt-2']'.</msg>
<status status="PASS" starttime="20220325 05:55:28.900" endtime="20220325 05:55:28.907"></status>
</kw>
<status status="PASS" starttime="20220325 05:55:28.156" endtime="20220325 05:55:28.907"></status>
</kw>
<status status="PASS" starttime="20220325 05:55:28.080" endtime="20220325 05:55:28.907"></status>
</kw>
<kw name="Scenario 6: User Mengklik Button kembali dari page detail event">
<kw name="Click Button Kembali" library="event">
<kw name="Click Element" library="SeleniumLibrary">
<doc>Click element identified by ``locator``.</doc>
<arguments>
<arg>${btnKembali}</arg>
</arguments>
<msg timestamp="20220325 05:55:28.908" level="INFO">Clicking element '//label[text()='Kembali']'.</msg>
<status status="PASS" starttime="20220325 05:55:28.908" endtime="20220325 05:55:28.981"></status>
</kw>
<status status="PASS" starttime="20220325 05:55:28.908" endtime="20220325 05:55:28.982"></status>
</kw>
<kw name="Verify Page Event" library="event">
<kw name="Wait Until Element Is Visible" library="SeleniumLibrary">
<doc>Waits until element ``locator`` is visible.</doc>
<arguments>
<arg>${verifyEvent}</arg>
</arguments>
<status status="PASS" starttime="20220325 05:55:28.982" endtime="20220325 05:55:28.998"></status>
</kw>
<kw name="Page Should Contain Element" library="SeleniumLibrary">
<doc>Verifies that element ``locator`` is found on the current page.</doc>
<arguments>
<arg>${verifyEvent}</arg>
</arguments>
<msg timestamp="20220325 05:55:29.004" level="INFO">Current page contains element '//label[@class='title-header']'.</msg>
<status status="PASS" starttime="20220325 05:55:28.998" endtime="20220325 05:55:29.004"></status>
</kw>
<status status="PASS" starttime="20220325 05:55:28.982" endtime="20220325 05:55:29.005"></status>
</kw>
<status status="PASS" starttime="20220325 05:55:28.908" endtime="20220325 05:55:29.005"></status>
</kw>
<kw name="Scenario 7: User Mnegklik Button Keluar dari page detail event">
<kw name="Click Button Lihat Event" library="event">
<kw name="Wait Until Element Is Visible" library="SeleniumLibrary">
<doc>Waits until element ``locator`` is visible.</doc>
<arguments>
<arg>${lihatDetail}</arg>
<arg>timeout=30s</arg>
</arguments>
<status status="PASS" starttime="20220325 05:55:29.006" endtime="20220325 05:55:29.730"></status>
</kw>
<kw name="Click Element" library="SeleniumLibrary">
<doc>Click element identified by ``locator``.</doc>
<arguments>
<arg>${lihatDetail}</arg>
</arguments>
<msg timestamp="20220325 05:55:29.731" level="INFO">Clicking element '//button[text()='Lihat']'.</msg>
<status status="PASS" starttime="20220325 05:55:29.730" endtime="20220325 05:55:29.811"></status>
</kw>
<status status="PASS" starttime="20220325 05:55:29.005" endtime="20220325 05:55:29.812"></status>
</kw>
<kw name="Verify Page Detail Event" library="event">
<kw name="Wait Until Element Is Visible" library="SeleniumLibrary">
<doc>Waits until element ``locator`` is visible.</doc>
<arguments>
<arg>${verifyDetail}</arg>
</arguments>
<status status="PASS" starttime="20220325 05:55:29.812" endtime="20220325 05:55:30.521"></status>
</kw>
<kw name="Page Should Contain Element" library="SeleniumLibrary">
<doc>Verifies that element ``locator`` is found on the current page.</doc>
<arguments>
<arg>${verifyDetail}</arg>
</arguments>
<msg timestamp="20220325 05:55:30.530" level="INFO">Current page contains element '//label[@class='font-size-20 mt-2']'.</msg>
<status status="PASS" starttime="20220325 05:55:30.522" endtime="20220325 05:55:30.530"></status>
</kw>
<status status="PASS" starttime="20220325 05:55:29.812" endtime="20220325 05:55:30.530"></status>
</kw>
<kw name="Click Button Keluar" library="event">
<kw name="Execute Javascript" library="SeleniumLibrary">
<doc>Executes the given JavaScript code with possible arguments.</doc>
<arguments>
<arg>document.evaluate("${btnKeluar}",</arg>
<arg>document, null, XPathResult.ORDERED_NODE_SNAPSHOT_TYPE, null).</arg>
<arg>snapshotItem(0).click();</arg>
</arguments>
<msg timestamp="20220325 05:55:30.532" level="INFO">Executing JavaScript:
document.evaluate("//button[text()='Keluar']",document, null, XPathResult.ORDERED_NODE_SNAPSHOT_TYPE, null).snapshotItem(0).click();
Without any arguments.</msg>
<status status="PASS" starttime="20220325 05:55:30.531" endtime="20220325 05:55:30.568"></status>
</kw>
<status status="PASS" starttime="20220325 05:55:30.531" endtime="20220325 05:55:30.568"></status>
</kw>
<kw name="Verify Page Event" library="event">
<kw name="Wait Until Element Is Visible" library="SeleniumLibrary">
<doc>Waits until element ``locator`` is visible.</doc>
<arguments>
<arg>${verifyEvent}</arg>
</arguments>
<status status="PASS" starttime="20220325 05:55:30.568" endtime="20220325 05:55:30.586"></status>
</kw>
<kw name="Page Should Contain Element" library="SeleniumLibrary">
<doc>Verifies that element ``locator`` is found on the current page.</doc>
<arguments>
<arg>${verifyEvent}</arg>
</arguments>
<msg timestamp="20220325 05:55:30.593" level="INFO">Current page contains element '//label[@class='title-header']'.</msg>
<status status="PASS" starttime="20220325 05:55:30.587" endtime="20220325 05:55:30.593"></status>
</kw>
<status status="PASS" starttime="20220325 05:55:30.568" endtime="20220325 05:55:30.593"></status>
</kw>
<status status="PASS" starttime="20220325 05:55:29.005" endtime="20220325 05:55:30.593"></status>
</kw>
<kw name="Finish Testcase" library="browser" type="teardown">
<kw name="Close Browser" library="SeleniumLibrary">
<doc>Closes the current browser.</doc>
<status status="PASS" starttime="20220325 05:55:30.594" endtime="20220325 05:55:32.830"></status>
</kw>
<status status="PASS" starttime="20220325 05:55:30.593" endtime="20220325 05:55:32.830"></status>
</kw>
<doc>Regression Menu Event</doc>
<tags>
<tag>Functionality</tag>
</tags>
<status status="PASS" starttime="20220325 05:55:14.657" endtime="20220325 05:55:32.831" critical="yes"></status>
</test>
<doc>Regression Test Menu Event</doc>
<status status="PASS" starttime="20220325 05:55:14.453" endtime="20220325 05:55:32.836"></status>
</suite>
<statistics>
<total>
<stat pass="1" fail="0">Critical Tests</stat>
<stat pass="1" fail="0">All Tests</stat>
</total>
<tag>
<stat pass="1" fail="0">Functionality</stat>
</tag>
<suite>
<stat pass="1" fail="0" id="s1" name="16 Event">16 Event</stat>
</suite>
</statistics>
<errors>
</errors>
</robot>
