<?xml version="1.0" encoding="UTF-8"?>
<robot generator="Robot 3.2.2 (Python 3.8.5 on win32)" generated="20220418 15:09:43.834" rpa="false">
<suite id="s1" name="16 Event" source="D:\pyCharmProject\pmrms-testing\Features\16_Event.robot">
<test id="s1-t1" name="Menu Event">
<kw name="Scenario 1: Login with username valid and password valid">
<kw name="Given Login page is open" library="login">
<kw name="Open Browser" library="browser">
<kw name="Start Testcase Headless" library="browser">
<kw name="Evaluate" library="BuiltIn">
<doc>Evaluates the given expression in Python and returns the result.</doc>
<arguments>
<arg>sys.modules['selenium.webdriver'].ChromeOptions()</arg>
</arguments>
<assign>
<var>${options}</var>
</assign>
<msg timestamp="20220418 15:09:44.056" level="INFO">${options} = &lt;selenium.webdriver.chrome.options.Options object at 0x03D37778&gt;</msg>
<status status="PASS" starttime="20220418 15:09:44.056" endtime="20220418 15:09:44.056"></status>
</kw>
<kw name="Call Method" library="BuiltIn">
<doc>Calls the named method of the given object with the provided arguments.</doc>
<arguments>
<arg>${options}</arg>
<arg>add_argument</arg>
<arg>--ignore-certificate-errors</arg>
</arguments>
<status status="PASS" starttime="20220418 15:09:44.057" endtime="20220418 15:09:44.057"></status>
</kw>
<kw name="Call Method" library="BuiltIn">
<doc>Calls the named method of the given object with the provided arguments.</doc>
<arguments>
<arg>${options}</arg>
<arg>add_argument</arg>
<arg>--ignore-ssl-errors</arg>
</arguments>
<status status="PASS" starttime="20220418 15:09:44.057" endtime="20220418 15:09:44.057"></status>
</kw>
<kw name="Call Method" library="BuiltIn">
<doc>Calls the named method of the given object with the provided arguments.</doc>
<arguments>
<arg>${options}</arg>
<arg>add_argument</arg>
<arg>--disable-notifications</arg>
</arguments>
<status status="PASS" starttime="20220418 15:09:44.057" endtime="20220418 15:09:44.057"></status>
</kw>
<kw name="Call Method" library="BuiltIn">
<doc>Calls the named method of the given object with the provided arguments.</doc>
<arguments>
<arg>${options}</arg>
<arg>add_argument</arg>
<arg>--no-sandbox</arg>
</arguments>
<status status="PASS" starttime="20220418 15:09:44.057" endtime="20220418 15:09:44.058"></status>
</kw>
<kw name="Call Method" library="BuiltIn">
<doc>Calls the named method of the given object with the provided arguments.</doc>
<arguments>
<arg>${options}</arg>
<arg>add_argument</arg>
<arg>--disable-gpu</arg>
</arguments>
<status status="PASS" starttime="20220418 15:09:44.058" endtime="20220418 15:09:44.058"></status>
</kw>
<kw name="Call Method" library="BuiltIn">
<doc>Calls the named method of the given object with the provided arguments.</doc>
<arguments>
<arg>${options}</arg>
<arg>add_argument</arg>
<arg>--window-size\=1366,768</arg>
</arguments>
<status status="PASS" starttime="20220418 15:09:44.058" endtime="20220418 15:09:44.059"></status>
</kw>
<kw name="Call Method" library="BuiltIn">
<doc>Calls the named method of the given object with the provided arguments.</doc>
<arguments>
<arg>${options}</arg>
<arg>add_argument</arg>
<arg>--disable-dev-shm-usage</arg>
</arguments>
<status status="PASS" starttime="20220418 15:09:44.059" endtime="20220418 15:09:44.059"></status>
</kw>
<kw name="Create Webdriver" library="SeleniumLibrary">
<doc>Creates an instance of Selenium WebDriver.</doc>
<arguments>
<arg>Chrome</arg>
<arg>chrome_options=${options}</arg>
</arguments>
<msg timestamp="20220418 15:09:44.059" level="INFO">Creating an instance of the Chrome WebDriver.</msg>
<status status="PASS" starttime="20220418 15:09:44.059" endtime="20220418 15:09:45.339"></status>
</kw>
<status status="PASS" starttime="20220418 15:09:44.056" endtime="20220418 15:09:45.339"></status>
</kw>
<kw name="Go To" library="SeleniumLibrary">
<doc>Navigates the active browser instance to the provided ``url``.</doc>
<arguments>
<arg>${chrome_browser}</arg>
</arguments>
<msg timestamp="20220418 15:09:45.340" level="INFO">Opening url 'http://pmrms.greatpmo.com/admin/login'</msg>
<status status="PASS" starttime="20220418 15:09:45.340" endtime="20220418 15:09:50.027"></status>
</kw>
<status status="PASS" starttime="20220418 15:09:44.056" endtime="20220418 15:09:50.027"></status>
</kw>
<status status="PASS" starttime="20220418 15:09:44.055" endtime="20220418 15:09:50.027"></status>
</kw>
<kw name="And Input Valid Username" library="login">
<kw name="Input Text" library="SeleniumLibrary">
<doc>Types the given ``text`` into text field identified by ``locator``.</doc>
<arguments>
<arg>${username}</arg>
<arg>${adm_usr}</arg>
</arguments>
<msg timestamp="20220418 15:09:50.028" level="INFO">Typing text 'ptm15@madrasah.kemenag.go.id' into text field '//input[@id='email']'.</msg>
<status status="PASS" starttime="20220418 15:09:50.028" endtime="20220418 15:09:50.124"></status>
</kw>
<status status="PASS" starttime="20220418 15:09:50.027" endtime="20220418 15:09:50.124"></status>
</kw>
<kw name="And Input Valid Password" library="login">
<kw name="Input Text" library="SeleniumLibrary">
<doc>Types the given ``text`` into text field identified by ``locator``.</doc>
<arguments>
<arg>${pwd}</arg>
<arg>${adm_pwd}</arg>
</arguments>
<msg timestamp="20220418 15:09:50.125" level="INFO">Typing text 'User@madrasah2022' into text field '//input[@type='password']'.</msg>
<status status="PASS" starttime="20220418 15:09:50.125" endtime="20220418 15:09:50.210"></status>
</kw>
<status status="PASS" starttime="20220418 15:09:50.124" endtime="20220418 15:09:50.210"></status>
</kw>
<kw name="When Click button submit" library="login">
<kw name="Execute Javascript" library="SeleniumLibrary">
<doc>Executes the given JavaScript code with possible arguments.</doc>
<arguments>
<arg>document.evaluate("${btnSubmit}",</arg>
<arg>document, null, XPathResult.ORDERED_NODE_SNAPSHOT_TYPE, null).</arg>
<arg>snapshotItem(0).click();</arg>
</arguments>
<msg timestamp="20220418 15:09:50.211" level="INFO">Executing JavaScript:
document.evaluate("//button[@class='btn']",document, null, XPathResult.ORDERED_NODE_SNAPSHOT_TYPE, null).snapshotItem(0).click();
Without any arguments.</msg>
<status status="PASS" starttime="20220418 15:09:50.210" endtime="20220418 15:09:50.220"></status>
</kw>
<status status="PASS" starttime="20220418 15:09:50.210" endtime="20220418 15:09:50.220"></status>
</kw>
<kw name="Then Verify Home Page is open" library="login">
<kw name="Wait Until Element Is Visible" library="SeleniumLibrary">
<doc>Waits until element ``locator`` is visible.</doc>
<arguments>
<arg>${Verify_Home_Admin}</arg>
<arg>timeout=30s</arg>
</arguments>
<status status="PASS" starttime="20220418 15:09:50.221" endtime="20220418 15:09:52.476"></status>
</kw>
<kw name="Page Should Contain Element" library="SeleniumLibrary">
<doc>Verifies that element ``locator`` is found on the current page.</doc>
<arguments>
<arg>${Verify_Home_Admin}</arg>
</arguments>
<msg timestamp="20220418 15:09:52.484" level="INFO">Current page contains element '//span[text()='User Administrator']'.</msg>
<status status="PASS" starttime="20220418 15:09:52.476" endtime="20220418 15:09:52.484"></status>
</kw>
<status status="PASS" starttime="20220418 15:09:50.221" endtime="20220418 15:09:52.484"></status>
</kw>
<status status="PASS" starttime="20220418 15:09:44.055" endtime="20220418 15:09:52.484"></status>
</kw>
<kw name="Scenario 2: User mengklik sidebar menu Event">
<kw name="Click Menu Event" library="event">
<kw name="Wait Until Element Is Visible" library="SeleniumLibrary">
<doc>Waits until element ``locator`` is visible.</doc>
<arguments>
<arg>${menuEvent}</arg>
<arg>timeout=30s</arg>
</arguments>
<status status="PASS" starttime="20220418 15:09:52.486" endtime="20220418 15:09:53.173"></status>
</kw>
<kw name="Click Element" library="SeleniumLibrary">
<doc>Click element identified by ``locator``.</doc>
<arguments>
<arg>${menuEvent}</arg>
</arguments>
<msg timestamp="20220418 15:09:53.174" level="INFO">Clicking element '//a[@href='/activity/event']'.</msg>
<status status="PASS" starttime="20220418 15:09:53.173" endtime="20220418 15:09:53.221"></status>
</kw>
<status status="PASS" starttime="20220418 15:09:52.485" endtime="20220418 15:09:53.221"></status>
</kw>
<kw name="Verify Page Event" library="event">
<kw name="Wait Until Element Is Visible" library="SeleniumLibrary">
<doc>Waits until element ``locator`` is visible.</doc>
<arguments>
<arg>${verifyEvent}</arg>
<arg>timeout=30s</arg>
</arguments>
<status status="PASS" starttime="20220418 15:09:53.222" endtime="20220418 15:09:55.121"></status>
</kw>
<kw name="Page Should Contain Element" library="SeleniumLibrary">
<doc>Verifies that element ``locator`` is found on the current page.</doc>
<arguments>
<arg>${verifyEvent}</arg>
</arguments>
<msg timestamp="20220418 15:09:55.127" level="INFO">Current page contains element '//label[@class='title-header']'.</msg>
<status status="PASS" starttime="20220418 15:09:55.121" endtime="20220418 15:09:55.127"></status>
</kw>
<status status="PASS" starttime="20220418 15:09:53.221" endtime="20220418 15:09:55.127"></status>
</kw>
<status status="PASS" starttime="20220418 15:09:52.485" endtime="20220418 15:09:55.128"></status>
</kw>
<kw name="Scenario 3: User melakukan pencarian dengan data tidak sesuai">
<kw name="Search Pencarian No Data" library="event">
<kw name="Wait Until Element Is Visible" library="SeleniumLibrary">
<doc>Waits until element ``locator`` is visible.</doc>
<arguments>
<arg>${inputCari}</arg>
</arguments>
<status status="PASS" starttime="20220418 15:09:55.128" endtime="20220418 15:09:57.442"></status>
</kw>
<kw name="Input Text" library="SeleniumLibrary">
<doc>Types the given ``text`` into text field identified by ``locator``.</doc>
<arguments>
<arg>${inputCari}</arg>
<arg>testing123</arg>
</arguments>
<msg timestamp="20220418 15:09:57.442" level="INFO">Typing text 'testing123' into text field '//input[contains(@class,'form-control ng-untouched')]'.</msg>
<status status="PASS" starttime="20220418 15:09:57.442" endtime="20220418 15:09:57.528"></status>
</kw>
<status status="PASS" starttime="20220418 15:09:55.128" endtime="20220418 15:09:57.528"></status>
</kw>
<kw name="Click Button Cari" library="event">
<kw name="Click Element" library="SeleniumLibrary">
<doc>Click element identified by ``locator``.</doc>
<arguments>
<arg>${btnCari}</arg>
</arguments>
<msg timestamp="20220418 15:09:57.529" level="INFO">Clicking element '//button[text()='Cari']'.</msg>
<status status="PASS" starttime="20220418 15:09:57.529" endtime="20220418 15:09:57.570"></status>
</kw>
<status status="PASS" starttime="20220418 15:09:57.528" endtime="20220418 15:09:57.570"></status>
</kw>
<kw name="Verify No Data" library="event">
<kw name="Wait Until Element Is Visible" library="SeleniumLibrary">
<doc>Waits until element ``locator`` is visible.</doc>
<arguments>
<arg>${noData}</arg>
<arg>timeout=30s</arg>
</arguments>
<status status="PASS" starttime="20220418 15:09:57.571" endtime="20220418 15:09:57.844"></status>
</kw>
<kw name="Page Should Contain Element" library="SeleniumLibrary">
<doc>Verifies that element ``locator`` is found on the current page.</doc>
<arguments>
<arg>${noData}</arg>
</arguments>
<msg timestamp="20220418 15:09:57.851" level="INFO">Current page contains element '//td[text()='No data!']'.</msg>
<status status="PASS" starttime="20220418 15:09:57.844" endtime="20220418 15:09:57.851"></status>
</kw>
<status status="PASS" starttime="20220418 15:09:57.571" endtime="20220418 15:09:57.851"></status>
</kw>
<status status="PASS" starttime="20220418 15:09:55.128" endtime="20220418 15:09:57.851"></status>
</kw>
<kw name="Scenario 4: User melakukan pencarian data by nama kegiatan">
<kw name="Search Pencarian by Nama Kegiatan" library="event">
<kw name="Go To" library="SeleniumLibrary">
<doc>Navigates the active browser instance to the provided ``url``.</doc>
<arguments>
<arg>http://pmrms.greatpmo.com/activity/event</arg>
</arguments>
<msg timestamp="20220418 15:09:57.852" level="INFO">Opening url 'http://pmrms.greatpmo.com/activity/event'</msg>
<status status="PASS" starttime="20220418 15:09:57.852" endtime="20220418 15:09:58.462"></status>
</kw>
<kw name="Wait Until Element Is Visible" library="SeleniumLibrary">
<doc>Waits until element ``locator`` is visible.</doc>
<arguments>
<arg>${inputCari}</arg>
</arguments>
<status status="PASS" starttime="20220418 15:09:58.462" endtime="20220418 15:10:01.850"></status>
</kw>
<kw name="Input Text" library="SeleniumLibrary">
<doc>Types the given ``text`` into text field identified by ``locator``.</doc>
<arguments>
<arg>${inputCari}</arg>
<arg>Automation Testing</arg>
</arguments>
<msg timestamp="20220418 15:10:01.850" level="INFO">Typing text 'Automation Testing' into text field '//input[contains(@class,'form-control ng-untouched')]'.</msg>
<status status="PASS" starttime="20220418 15:10:01.850" endtime="20220418 15:10:01.943"></status>
</kw>
<status status="PASS" starttime="20220418 15:09:57.852" endtime="20220418 15:10:01.943"></status>
</kw>
<kw name="Click Button Cari" library="event">
<kw name="Click Element" library="SeleniumLibrary">
<doc>Click element identified by ``locator``.</doc>
<arguments>
<arg>${btnCari}</arg>
</arguments>
<msg timestamp="20220418 15:10:01.943" level="INFO">Clicking element '//button[text()='Cari']'.</msg>
<status status="PASS" starttime="20220418 15:10:01.943" endtime="20220418 15:10:01.990"></status>
</kw>
<status status="PASS" starttime="20220418 15:10:01.943" endtime="20220418 15:10:01.990"></status>
</kw>
<status status="PASS" starttime="20220418 15:09:57.851" endtime="20220418 15:10:01.990"></status>
</kw>
<kw name="Scenario 5: User Mengklik Lihat Detail Event">
<kw name="Click Button Lihat Event" library="event">
<kw name="Wait Until Element Is Visible" library="SeleniumLibrary">
<doc>Waits until element ``locator`` is visible.</doc>
<arguments>
<arg>${lihatDetail}</arg>
<arg>timeout=30s</arg>
</arguments>
<status status="PASS" starttime="20220418 15:10:01.992" endtime="20220418 15:10:02.025"></status>
</kw>
<kw name="Execute Javascript" library="SeleniumLibrary">
<doc>Executes the given JavaScript code with possible arguments.</doc>
<arguments>
<arg>document.evaluate("${lihatDetail}",</arg>
<arg>document, null, XPathResult.ORDERED_NODE_SNAPSHOT_TYPE, null).</arg>
<arg>snapshotItem(0).click();</arg>
</arguments>
<msg timestamp="20220418 15:10:02.026" level="INFO">Executing JavaScript:
document.evaluate("//button[text()='Lihat']",document, null, XPathResult.ORDERED_NODE_SNAPSHOT_TYPE, null).snapshotItem(0).click();
Without any arguments.</msg>
<status status="PASS" starttime="20220418 15:10:02.025" endtime="20220418 15:10:02.068"></status>
</kw>
<status status="PASS" starttime="20220418 15:10:01.991" endtime="20220418 15:10:02.068"></status>
</kw>
<kw name="Verify Page Detail Event" library="event">
<kw name="Wait Until Element Is Visible" library="SeleniumLibrary">
<doc>Waits until element ``locator`` is visible.</doc>
<arguments>
<arg>${verifyDetail}</arg>
<arg>timeout=30s</arg>
</arguments>
<status status="PASS" starttime="20220418 15:10:02.069" endtime="20220418 15:10:03.279"></status>
</kw>
<kw name="Page Should Contain Element" library="SeleniumLibrary">
<doc>Verifies that element ``locator`` is found on the current page.</doc>
<arguments>
<arg>${verifyDetail}</arg>
</arguments>
<msg timestamp="20220418 15:10:03.287" level="INFO">Current page contains element '//label[@class='font-size-20 mt-2']'.</msg>
<status status="PASS" starttime="20220418 15:10:03.280" endtime="20220418 15:10:03.288"></status>
</kw>
<status status="PASS" starttime="20220418 15:10:02.069" endtime="20220418 15:10:03.288"></status>
</kw>
<status status="PASS" starttime="20220418 15:10:01.991" endtime="20220418 15:10:03.288"></status>
</kw>
<kw name="Scenario 6: User mengklik button Tab laporan event">
<kw name="Click Tab Laporan Event" library="event">
<kw name="Wait Until Element Is Visible" library="SeleniumLibrary">
<doc>Waits until element ``locator`` is visible.</doc>
<arguments>
<arg>${laporanEvent}</arg>
<arg>timeout=30s</arg>
</arguments>
<status status="PASS" starttime="20220418 15:10:03.289" endtime="20220418 15:10:03.311"></status>
</kw>
<kw name="Click Element" library="SeleniumLibrary">
<doc>Click element identified by ``locator``.</doc>
<arguments>
<arg>${laporanEvent}</arg>
</arguments>
<msg timestamp="20220418 15:10:03.312" level="INFO">Clicking element '//span[text()='Laporan Event']'.</msg>
<status status="PASS" starttime="20220418 15:10:03.312" endtime="20220418 15:10:03.355"></status>
</kw>
<status status="PASS" starttime="20220418 15:10:03.289" endtime="20220418 15:10:03.355"></status>
</kw>
<status status="PASS" starttime="20220418 15:10:03.289" endtime="20220418 15:10:03.355"></status>
</kw>
<kw name="Scenario 7: User Mengklik Detail Laporan Event">
<kw name="Click Button Laporan Event" library="event">
<kw name="Wait Until Element Is Visible" library="SeleniumLibrary">
<doc>Waits until element ``locator`` is visible.</doc>
<arguments>
<arg>${btnLaporanEvent}</arg>
<arg>timeout=30s</arg>
</arguments>
<status status="PASS" starttime="20220418 15:10:03.357" endtime="20220418 15:10:03.609"></status>
</kw>
<kw name="Click Element" library="SeleniumLibrary">
<doc>Click element identified by ``locator``.</doc>
<arguments>
<arg>${btnLaporanEvent}</arg>
</arguments>
<msg timestamp="20220418 15:10:03.609" level="INFO">Clicking element '//button[.='Laporan Event']'.</msg>
<status status="PASS" starttime="20220418 15:10:03.609" endtime="20220418 15:10:03.668"></status>
</kw>
<status status="PASS" starttime="20220418 15:10:03.357" endtime="20220418 15:10:03.668"></status>
</kw>
<kw name="Verify Page Detail Laporan Event" library="event">
<kw name="Wait Until Element Is Visible" library="SeleniumLibrary">
<doc>Waits until element ``locator`` is visible.</doc>
<arguments>
<arg>${verifyDetailLaporanEvent}</arg>
<arg>timeout=30s</arg>
</arguments>
<status status="PASS" starttime="20220418 15:10:03.669" endtime="20220418 15:10:04.365"></status>
</kw>
<kw name="Page Should Contain Element" library="SeleniumLibrary">
<doc>Verifies that element ``locator`` is found on the current page.</doc>
<arguments>
<arg>${verifyDetailLaporanEvent}</arg>
</arguments>
<msg timestamp="20220418 15:10:04.371" level="INFO">Current page contains element 'css= .font-size-20'.</msg>
<status status="PASS" starttime="20220418 15:10:04.366" endtime="20220418 15:10:04.371"></status>
</kw>
<status status="PASS" starttime="20220418 15:10:03.669" endtime="20220418 15:10:04.372"></status>
</kw>
<status status="PASS" starttime="20220418 15:10:03.356" endtime="20220418 15:10:04.372"></status>
</kw>
<kw name="Scenario 8: User Mengklik History Pada Detail Laporan Event">
<kw name="Click Button History" library="event">
<kw name="Click Element" library="SeleniumLibrary">
<doc>Click element identified by ``locator``.</doc>
<arguments>
<arg>${btnHistory}</arg>
</arguments>
<msg timestamp="20220418 15:10:04.373" level="INFO">Clicking element '//label[text()='History']'.</msg>
<status status="PASS" starttime="20220418 15:10:04.372" endtime="20220418 15:10:04.444"></status>
</kw>
<status status="PASS" starttime="20220418 15:10:04.372" endtime="20220418 15:10:04.444"></status>
</kw>
<kw name="Verify Page History" library="event">
<kw name="Wait Until Element Is Visible" library="SeleniumLibrary">
<doc>Waits until element ``locator`` is visible.</doc>
<arguments>
<arg>${verifyHistoryCatatan}</arg>
<arg>timeout=30s</arg>
</arguments>
<status status="PASS" starttime="20220418 15:10:04.445" endtime="20220418 15:10:04.682"></status>
</kw>
<kw name="Page Should Contain Element" library="SeleniumLibrary">
<doc>Verifies that element ``locator`` is found on the current page.</doc>
<arguments>
<arg>${verifyHistoryCatatan}</arg>
</arguments>
<msg timestamp="20220418 15:10:04.689" level="INFO">Current page contains element '//h5[text()='History Catatan']'.</msg>
<status status="PASS" starttime="20220418 15:10:04.682" endtime="20220418 15:10:04.689"></status>
</kw>
<status status="PASS" starttime="20220418 15:10:04.445" endtime="20220418 15:10:04.689"></status>
</kw>
<kw name="Click Button Close" library="event">
<kw name="Click Element" library="SeleniumLibrary">
<doc>Click element identified by ``locator``.</doc>
<arguments>
<arg>${btnClose}</arg>
</arguments>
<msg timestamp="20220418 15:10:04.690" level="INFO">Clicking element '//button[@class='btn-close']'.</msg>
<status status="PASS" starttime="20220418 15:10:04.690" endtime="20220418 15:10:04.732"></status>
</kw>
<status status="PASS" starttime="20220418 15:10:04.690" endtime="20220418 15:10:04.732"></status>
</kw>
<status status="PASS" starttime="20220418 15:10:04.372" endtime="20220418 15:10:04.733"></status>
</kw>
<kw name="Scenario 9: User Mengklik Button Kembali dari Page detail laporan Event">
<kw name="Click Button Kembali" library="event">
<kw name="Click Element" library="SeleniumLibrary">
<doc>Click element identified by ``locator``.</doc>
<arguments>
<arg>${btnKembali}</arg>
</arguments>
<msg timestamp="20220418 15:10:04.734" level="INFO">Clicking element '//label[text()='Kembali']'.</msg>
<status status="PASS" starttime="20220418 15:10:04.734" endtime="20220418 15:10:05.059"></status>
</kw>
<status status="PASS" starttime="20220418 15:10:04.734" endtime="20220418 15:10:05.060"></status>
</kw>
<status status="PASS" starttime="20220418 15:10:04.733" endtime="20220418 15:10:05.060"></status>
</kw>
<kw name="Scenario 10: User Mengklik Button kembali dari page detail event">
<kw name="Click Button Kembali" library="event">
<kw name="Click Element" library="SeleniumLibrary">
<doc>Click element identified by ``locator``.</doc>
<arguments>
<arg>${btnKembali}</arg>
</arguments>
<msg timestamp="20220418 15:10:05.061" level="INFO">Clicking element '//label[text()='Kembali']'.</msg>
<status status="PASS" starttime="20220418 15:10:05.061" endtime="20220418 15:10:05.135"></status>
</kw>
<status status="PASS" starttime="20220418 15:10:05.060" endtime="20220418 15:10:05.135"></status>
</kw>
<kw name="Verify Page Event" library="event">
<kw name="Wait Until Element Is Visible" library="SeleniumLibrary">
<doc>Waits until element ``locator`` is visible.</doc>
<arguments>
<arg>${verifyEvent}</arg>
<arg>timeout=30s</arg>
</arguments>
<status status="PASS" starttime="20220418 15:10:05.136" endtime="20220418 15:10:05.151"></status>
</kw>
<kw name="Page Should Contain Element" library="SeleniumLibrary">
<doc>Verifies that element ``locator`` is found on the current page.</doc>
<arguments>
<arg>${verifyEvent}</arg>
</arguments>
<msg timestamp="20220418 15:10:05.157" level="INFO">Current page contains element '//label[@class='title-header']'.</msg>
<status status="PASS" starttime="20220418 15:10:05.151" endtime="20220418 15:10:05.157"></status>
</kw>
<status status="PASS" starttime="20220418 15:10:05.136" endtime="20220418 15:10:05.158"></status>
</kw>
<status status="PASS" starttime="20220418 15:10:05.060" endtime="20220418 15:10:05.158"></status>
</kw>
<kw name="Scenario 11: User Mnegklik Button Keluar dari page detail event">
<kw name="Click Button Lihat Event" library="event">
<kw name="Wait Until Element Is Visible" library="SeleniumLibrary">
<doc>Waits until element ``locator`` is visible.</doc>
<arguments>
<arg>${lihatDetail}</arg>
<arg>timeout=30s</arg>
</arguments>
<status status="PASS" starttime="20220418 15:10:05.158" endtime="20220418 15:10:08.740"></status>
</kw>
<kw name="Execute Javascript" library="SeleniumLibrary">
<doc>Executes the given JavaScript code with possible arguments.</doc>
<arguments>
<arg>document.evaluate("${lihatDetail}",</arg>
<arg>document, null, XPathResult.ORDERED_NODE_SNAPSHOT_TYPE, null).</arg>
<arg>snapshotItem(0).click();</arg>
</arguments>
<msg timestamp="20220418 15:10:08.741" level="INFO">Executing JavaScript:
document.evaluate("//button[text()='Lihat']",document, null, XPathResult.ORDERED_NODE_SNAPSHOT_TYPE, null).snapshotItem(0).click();
Without any arguments.</msg>
<status status="PASS" starttime="20220418 15:10:08.741" endtime="20220418 15:10:08.765"></status>
</kw>
<status status="PASS" starttime="20220418 15:10:05.158" endtime="20220418 15:10:08.765"></status>
</kw>
<kw name="Verify Page Detail Event" library="event">
<kw name="Wait Until Element Is Visible" library="SeleniumLibrary">
<doc>Waits until element ``locator`` is visible.</doc>
<arguments>
<arg>${verifyDetail}</arg>
<arg>timeout=30s</arg>
</arguments>
<status status="PASS" starttime="20220418 15:10:08.766" endtime="20220418 15:10:09.972"></status>
</kw>
<kw name="Page Should Contain Element" library="SeleniumLibrary">
<doc>Verifies that element ``locator`` is found on the current page.</doc>
<arguments>
<arg>${verifyDetail}</arg>
</arguments>
<msg timestamp="20220418 15:10:09.981" level="INFO">Current page contains element '//label[@class='font-size-20 mt-2']'.</msg>
<status status="PASS" starttime="20220418 15:10:09.973" endtime="20220418 15:10:09.982"></status>
</kw>
<status status="PASS" starttime="20220418 15:10:08.765" endtime="20220418 15:10:09.982"></status>
</kw>
<kw name="Click Button Keluar" library="event">
<kw name="Execute Javascript" library="SeleniumLibrary">
<doc>Executes the given JavaScript code with possible arguments.</doc>
<arguments>
<arg>document.evaluate("${btnKeluar}",</arg>
<arg>document, null, XPathResult.ORDERED_NODE_SNAPSHOT_TYPE, null).</arg>
<arg>snapshotItem(0).click();</arg>
</arguments>
<msg timestamp="20220418 15:10:09.984" level="INFO">Executing JavaScript:
document.evaluate("//button[text()='Keluar']",document, null, XPathResult.ORDERED_NODE_SNAPSHOT_TYPE, null).snapshotItem(0).click();
Without any arguments.</msg>
<status status="PASS" starttime="20220418 15:10:09.983" endtime="20220418 15:10:10.026"></status>
</kw>
<status status="PASS" starttime="20220418 15:10:09.982" endtime="20220418 15:10:10.026"></status>
</kw>
<kw name="Verify Page Event" library="event">
<kw name="Wait Until Element Is Visible" library="SeleniumLibrary">
<doc>Waits until element ``locator`` is visible.</doc>
<arguments>
<arg>${verifyEvent}</arg>
<arg>timeout=30s</arg>
</arguments>
<status status="PASS" starttime="20220418 15:10:10.027" endtime="20220418 15:10:10.043"></status>
</kw>
<kw name="Page Should Contain Element" library="SeleniumLibrary">
<doc>Verifies that element ``locator`` is found on the current page.</doc>
<arguments>
<arg>${verifyEvent}</arg>
</arguments>
<msg timestamp="20220418 15:10:10.050" level="INFO">Current page contains element '//label[@class='title-header']'.</msg>
<status status="PASS" starttime="20220418 15:10:10.043" endtime="20220418 15:10:10.050"></status>
</kw>
<status status="PASS" starttime="20220418 15:10:10.026" endtime="20220418 15:10:10.050"></status>
</kw>
<status status="PASS" starttime="20220418 15:10:05.158" endtime="20220418 15:10:10.050"></status>
</kw>
<kw name="Scenario 12: User mengklik button kalender event">
<kw name="Click Tab Calender Event" library="event">
<kw name="Wait Until Element Is Visible" library="SeleniumLibrary">
<doc>Waits until element ``locator`` is visible.</doc>
<arguments>
<arg>${kalender}</arg>
<arg>timeout=30s</arg>
</arguments>
<status status="PASS" starttime="20220418 15:10:10.052" endtime="20220418 15:10:11.730"></status>
</kw>
<kw name="Click Element" library="SeleniumLibrary">
<doc>Click element identified by ``locator``.</doc>
<arguments>
<arg>${kalender}</arg>
</arguments>
<msg timestamp="20220418 15:10:11.731" level="INFO">Clicking element '//span[text()='Kalender Event']'.</msg>
<status status="PASS" starttime="20220418 15:10:11.730" endtime="20220418 15:10:11.805"></status>
</kw>
<status status="PASS" starttime="20220418 15:10:10.051" endtime="20220418 15:10:11.805"></status>
</kw>
<kw name="Verify Page Calender Event" library="event">
<kw name="Wait Until Element Is Visible" library="SeleniumLibrary">
<doc>Waits until element ``locator`` is visible.</doc>
<arguments>
<arg>${verifyJadwal}</arg>
<arg>timeout=30s</arg>
</arguments>
<status status="PASS" starttime="20220418 15:10:11.806" endtime="20220418 15:10:13.637"></status>
</kw>
<kw name="Page Should Contain Element" library="SeleniumLibrary">
<doc>Verifies that element ``locator`` is found on the current page.</doc>
<arguments>
<arg>${verifyJadwal}</arg>
</arguments>
<msg timestamp="20220418 15:10:13.643" level="INFO">Current page contains element '//label[text()='JADWAL']'.</msg>
<status status="PASS" starttime="20220418 15:10:13.637" endtime="20220418 15:10:13.643"></status>
</kw>
<status status="PASS" starttime="20220418 15:10:11.805" endtime="20220418 15:10:13.643"></status>
</kw>
<status status="PASS" starttime="20220418 15:10:10.051" endtime="20220418 15:10:13.644"></status>
</kw>
<kw name="Finish Testcase" library="browser" type="teardown">
<kw name="Close Browser" library="SeleniumLibrary">
<doc>Closes the current browser.</doc>
<status status="PASS" starttime="20220418 15:10:13.645" endtime="20220418 15:10:15.871"></status>
</kw>
<status status="PASS" starttime="20220418 15:10:13.644" endtime="20220418 15:10:15.873"></status>
</kw>
<doc>Regression Menu Event</doc>
<tags>
<tag>Functionality</tag>
</tags>
<status status="PASS" starttime="20220418 15:09:44.054" endtime="20220418 15:10:15.874" critical="yes"></status>
</test>
<doc>Regression Test Menu Event</doc>
<status status="PASS" starttime="20220418 15:09:43.836" endtime="20220418 15:10:15.884"></status>
</suite>
<statistics>
<total>
<stat pass="1" fail="0">Critical Tests</stat>
<stat pass="1" fail="0">All Tests</stat>
</total>
<tag>
<stat pass="1" fail="0">Functionality</stat>
</tag>
<suite>
<stat pass="1" fail="0" id="s1" name="16 Event">16 Event</stat>
</suite>
</statistics>
<errors>
</errors>
</robot>
