<?xml version="1.0" encoding="UTF-8"?>
<robot generator="Robot 3.2.2 (Python 3.8.5 on win32)" generated="20220606 18:41:25.889" rpa="false">
<suite id="s1" name="17 Monev" source="D:\pyCharmProject\pmrms-testing\Features\17_Monev.robot">
<test id="s1-t1" name="Menu Monev">
<kw name="Scenario 1: Login with username valid and password valid">
<kw name="Given Login page is open" library="login">
<kw name="Open Browser" library="browser">
<kw name="Start Testcase Headless" library="browser">
<kw name="Evaluate" library="BuiltIn">
<doc>Evaluates the given expression in Python and returns the result.</doc>
<arguments>
<arg>sys.modules['selenium.webdriver'].ChromeOptions()</arg>
</arguments>
<assign>
<var>${options}</var>
</assign>
<msg timestamp="20220606 18:41:26.082" level="INFO">${options} = &lt;selenium.webdriver.chrome.options.Options object at 0x04650460&gt;</msg>
<status status="PASS" starttime="20220606 18:41:26.082" endtime="20220606 18:41:26.082"></status>
</kw>
<kw name="Call Method" library="BuiltIn">
<doc>Calls the named method of the given object with the provided arguments.</doc>
<arguments>
<arg>${options}</arg>
<arg>add_argument</arg>
<arg>--ignore-certificate-errors</arg>
</arguments>
<status status="PASS" starttime="20220606 18:41:26.082" endtime="20220606 18:41:26.083"></status>
</kw>
<kw name="Call Method" library="BuiltIn">
<doc>Calls the named method of the given object with the provided arguments.</doc>
<arguments>
<arg>${options}</arg>
<arg>add_argument</arg>
<arg>--ignore-ssl-errors</arg>
</arguments>
<status status="PASS" starttime="20220606 18:41:26.083" endtime="20220606 18:41:26.083"></status>
</kw>
<kw name="Call Method" library="BuiltIn">
<doc>Calls the named method of the given object with the provided arguments.</doc>
<arguments>
<arg>${options}</arg>
<arg>add_argument</arg>
<arg>--disable-notifications</arg>
</arguments>
<status status="PASS" starttime="20220606 18:41:26.083" endtime="20220606 18:41:26.083"></status>
</kw>
<kw name="Call Method" library="BuiltIn">
<doc>Calls the named method of the given object with the provided arguments.</doc>
<arguments>
<arg>${options}</arg>
<arg>add_argument</arg>
<arg>--no-sandbox</arg>
</arguments>
<status status="PASS" starttime="20220606 18:41:26.083" endtime="20220606 18:41:26.083"></status>
</kw>
<kw name="Call Method" library="BuiltIn">
<doc>Calls the named method of the given object with the provided arguments.</doc>
<arguments>
<arg>${options}</arg>
<arg>add_argument</arg>
<arg>--disable-gpu</arg>
</arguments>
<status status="PASS" starttime="20220606 18:41:26.084" endtime="20220606 18:41:26.084"></status>
</kw>
<kw name="Call Method" library="BuiltIn">
<doc>Calls the named method of the given object with the provided arguments.</doc>
<arguments>
<arg>${options}</arg>
<arg>add_argument</arg>
<arg>--window-size\=1366,768</arg>
</arguments>
<status status="PASS" starttime="20220606 18:41:26.084" endtime="20220606 18:41:26.084"></status>
</kw>
<kw name="Call Method" library="BuiltIn">
<doc>Calls the named method of the given object with the provided arguments.</doc>
<arguments>
<arg>${options}</arg>
<arg>add_argument</arg>
<arg>--disable-dev-shm-usage</arg>
</arguments>
<status status="PASS" starttime="20220606 18:41:26.084" endtime="20220606 18:41:26.084"></status>
</kw>
<kw name="Create Webdriver" library="SeleniumLibrary">
<doc>Creates an instance of Selenium WebDriver.</doc>
<arguments>
<arg>Chrome</arg>
<arg>chrome_options=${options}</arg>
</arguments>
<msg timestamp="20220606 18:41:26.085" level="INFO">Creating an instance of the Chrome WebDriver.</msg>
<status status="PASS" starttime="20220606 18:41:26.084" endtime="20220606 18:41:27.392"></status>
</kw>
<status status="PASS" starttime="20220606 18:41:26.081" endtime="20220606 18:41:27.392"></status>
</kw>
<kw name="Go To" library="SeleniumLibrary">
<doc>Navigates the active browser instance to the provided ``url``.</doc>
<arguments>
<arg>${chrome_browser}</arg>
</arguments>
<msg timestamp="20220606 18:41:27.394" level="INFO">Opening url 'http://pmrms.greatpmo.com/admin/login'</msg>
<status status="PASS" starttime="20220606 18:41:27.393" endtime="20220606 18:42:04.677"></status>
</kw>
<status status="PASS" starttime="20220606 18:41:26.081" endtime="20220606 18:42:04.677"></status>
</kw>
<status status="PASS" starttime="20220606 18:41:26.081" endtime="20220606 18:42:04.677"></status>
</kw>
<kw name="And Input Valid Username" library="login">
<kw name="Input Text" library="SeleniumLibrary">
<doc>Types the given ``text`` into text field identified by ``locator``.</doc>
<arguments>
<arg>${username}</arg>
<arg>${adm_usr}</arg>
</arguments>
<msg timestamp="20220606 18:42:04.678" level="INFO">Typing text 'ptm15@madrasah.kemenag.go.id' into text field '//input[@id='email']'.</msg>
<status status="PASS" starttime="20220606 18:42:04.678" endtime="20220606 18:42:04.778"></status>
</kw>
<status status="PASS" starttime="20220606 18:42:04.677" endtime="20220606 18:42:04.778"></status>
</kw>
<kw name="And Input Valid Password" library="login">
<kw name="Input Text" library="SeleniumLibrary">
<doc>Types the given ``text`` into text field identified by ``locator``.</doc>
<arguments>
<arg>${pwd}</arg>
<arg>${adm_pwd}</arg>
</arguments>
<msg timestamp="20220606 18:42:04.779" level="INFO">Typing text 'User@madrasah2022' into text field '//input[@type='password']'.</msg>
<status status="PASS" starttime="20220606 18:42:04.778" endtime="20220606 18:42:04.865"></status>
</kw>
<status status="PASS" starttime="20220606 18:42:04.778" endtime="20220606 18:42:04.866"></status>
</kw>
<kw name="When Click button submit" library="login">
<kw name="Execute Javascript" library="SeleniumLibrary">
<doc>Executes the given JavaScript code with possible arguments.</doc>
<arguments>
<arg>document.evaluate("${btnSubmit}",</arg>
<arg>document, null, XPathResult.ORDERED_NODE_SNAPSHOT_TYPE, null).</arg>
<arg>snapshotItem(0).click();</arg>
</arguments>
<msg timestamp="20220606 18:42:04.867" level="INFO">Executing JavaScript:
document.evaluate("//button[@class='btn']",document, null, XPathResult.ORDERED_NODE_SNAPSHOT_TYPE, null).snapshotItem(0).click();
Without any arguments.</msg>
<status status="PASS" starttime="20220606 18:42:04.866" endtime="20220606 18:42:04.875"></status>
</kw>
<status status="PASS" starttime="20220606 18:42:04.866" endtime="20220606 18:42:04.875"></status>
</kw>
<kw name="Then Verify Home Page is open" library="login">
<kw name="Wait Until Element Is Visible" library="SeleniumLibrary">
<doc>Waits until element ``locator`` is visible.</doc>
<arguments>
<arg>${Verify_Profile}</arg>
<arg>timeout=30s</arg>
</arguments>
<status status="PASS" starttime="20220606 18:42:04.876" endtime="20220606 18:42:07.522"></status>
</kw>
<kw name="Page Should Contain Element" library="SeleniumLibrary">
<doc>Verifies that element ``locator`` is found on the current page.</doc>
<arguments>
<arg>${Verify_Profile}</arg>
</arguments>
<msg timestamp="20220606 18:42:07.528" level="INFO">Current page contains element 'css= .profile-button'.</msg>
<status status="PASS" starttime="20220606 18:42:07.522" endtime="20220606 18:42:07.528"></status>
</kw>
<status status="PASS" starttime="20220606 18:42:04.875" endtime="20220606 18:42:07.528"></status>
</kw>
<status status="PASS" starttime="20220606 18:41:26.080" endtime="20220606 18:42:07.528"></status>
</kw>
<kw name="Scenario 2: User Klik Menu Monev Longterm Target">
<kw name="Click Monev Longterm target" library="monev">
<kw name="Go To" library="SeleniumLibrary">
<doc>Navigates the active browser instance to the provided ``url``.</doc>
<arguments>
<arg>http://pmrms.greatpmo.com/monev/monev-longterm/Longterm</arg>
</arguments>
<msg timestamp="20220606 18:42:07.529" level="INFO">Opening url 'http://pmrms.greatpmo.com/monev/monev-longterm/Longterm'</msg>
<status status="PASS" starttime="20220606 18:42:07.529" endtime="20220606 18:42:09.255"></status>
</kw>
<kw name="Wait Until Element Is Visible" library="SeleniumLibrary">
<doc>Waits until element ``locator`` is visible.</doc>
<arguments>
<arg>${pageLongTerm}</arg>
</arguments>
<status status="PASS" starttime="20220606 18:42:09.255" endtime="20220606 18:42:09.277"></status>
</kw>
<kw name="Page Should Contain Element" library="SeleniumLibrary">
<doc>Verifies that element ``locator`` is found on the current page.</doc>
<arguments>
<arg>${pageLongTerm}</arg>
</arguments>
<msg timestamp="20220606 18:42:09.284" level="INFO">Current page contains element '//label[text()='Target Longterm Outcome']'.</msg>
<status status="PASS" starttime="20220606 18:42:09.277" endtime="20220606 18:42:09.284"></status>
</kw>
<status status="PASS" starttime="20220606 18:42:07.529" endtime="20220606 18:42:09.284"></status>
</kw>
<status status="PASS" starttime="20220606 18:42:07.529" endtime="20220606 18:42:09.284"></status>
</kw>
<kw name="Scenario 3: User Klik View Longterm Target">
<kw name="Click View Longterm Target" library="monev">
<kw name="Click Element" library="SeleniumLibrary">
<doc>Click element identified by ``locator``.</doc>
<arguments>
<arg>${viewLongTerm}</arg>
</arguments>
<msg timestamp="20220606 18:42:09.286" level="INFO">Clicking element 'css= .spacing'.</msg>
<status status="PASS" starttime="20220606 18:42:09.285" endtime="20220606 18:42:09.357"></status>
</kw>
<status status="PASS" starttime="20220606 18:42:09.285" endtime="20220606 18:42:09.357"></status>
</kw>
<status status="PASS" starttime="20220606 18:42:09.285" endtime="20220606 18:42:09.357"></status>
</kw>
<kw name="Scenario 4: User Klik Close View Longterm Target">
<kw name="Click Close View Longterm" library="monev">
<kw name="Click Element" library="SeleniumLibrary">
<doc>Click element identified by ``locator``.</doc>
<arguments>
<arg>${closeLongTerm}</arg>
</arguments>
<msg timestamp="20220606 18:42:09.358" level="INFO">Clicking element 'css=.btn-close'.</msg>
<status status="PASS" starttime="20220606 18:42:09.358" endtime="20220606 18:42:09.414"></status>
</kw>
<status status="PASS" starttime="20220606 18:42:09.358" endtime="20220606 18:42:09.414"></status>
</kw>
<status status="PASS" starttime="20220606 18:42:09.357" endtime="20220606 18:42:09.415"></status>
</kw>
<kw name="Finish Testcase" library="browser" type="teardown">
<kw name="Close Browser" library="SeleniumLibrary">
<doc>Closes the current browser.</doc>
<status status="PASS" starttime="20220606 18:42:09.415" endtime="20220606 18:42:11.647"></status>
</kw>
<status status="PASS" starttime="20220606 18:42:09.415" endtime="20220606 18:42:11.648"></status>
</kw>
<doc>Regression Menu Monev</doc>
<tags>
<tag>Functionality</tag>
</tags>
<status status="PASS" starttime="20220606 18:41:26.080" endtime="20220606 18:42:11.649" critical="yes"></status>
</test>
<doc>Regression Test Menu Monev</doc>
<status status="PASS" starttime="20220606 18:41:25.891" endtime="20220606 18:42:11.653"></status>
</suite>
<statistics>
<total>
<stat pass="1" fail="0">Critical Tests</stat>
<stat pass="1" fail="0">All Tests</stat>
</total>
<tag>
<stat pass="1" fail="0">Functionality</stat>
</tag>
<suite>
<stat pass="1" fail="0" id="s1" name="17 Monev">17 Monev</stat>
</suite>
</statistics>
<errors>
</errors>
</robot>
