<?xml version="1.0" encoding="UTF-8"?>
<robot generator="Robot 3.2.2 (Python 3.8.5 on win32)" generated="20220608 17:50:44.914" rpa="false">
<suite id="s1" name="17 Monev" source="D:\pyCharmProject\pmrms-testing\Features\17_Monev.robot">
<test id="s1-t1" name="Menu Monev">
<kw name="Scenario 1: Login with username valid and password valid">
<kw name="Given Login page is open" library="login">
<kw name="Open Browser" library="browser">
<kw name="Start Testcase Headless" library="browser">
<kw name="Evaluate" library="BuiltIn">
<doc>Evaluates the given expression in Python and returns the result.</doc>
<arguments>
<arg>sys.modules['selenium.webdriver'].ChromeOptions()</arg>
</arguments>
<assign>
<var>${options}</var>
</assign>
<msg timestamp="20220608 17:50:45.154" level="INFO">${options} = &lt;selenium.webdriver.chrome.options.Options object at 0x03FAB9B8&gt;</msg>
<status status="PASS" starttime="20220608 17:50:45.153" endtime="20220608 17:50:45.154"></status>
</kw>
<kw name="Call Method" library="BuiltIn">
<doc>Calls the named method of the given object with the provided arguments.</doc>
<arguments>
<arg>${options}</arg>
<arg>add_argument</arg>
<arg>--ignore-certificate-errors</arg>
</arguments>
<status status="PASS" starttime="20220608 17:50:45.154" endtime="20220608 17:50:45.154"></status>
</kw>
<kw name="Call Method" library="BuiltIn">
<doc>Calls the named method of the given object with the provided arguments.</doc>
<arguments>
<arg>${options}</arg>
<arg>add_argument</arg>
<arg>--ignore-ssl-errors</arg>
</arguments>
<status status="PASS" starttime="20220608 17:50:45.154" endtime="20220608 17:50:45.155"></status>
</kw>
<kw name="Call Method" library="BuiltIn">
<doc>Calls the named method of the given object with the provided arguments.</doc>
<arguments>
<arg>${options}</arg>
<arg>add_argument</arg>
<arg>--disable-notifications</arg>
</arguments>
<status status="PASS" starttime="20220608 17:50:45.155" endtime="20220608 17:50:45.155"></status>
</kw>
<kw name="Call Method" library="BuiltIn">
<doc>Calls the named method of the given object with the provided arguments.</doc>
<arguments>
<arg>${options}</arg>
<arg>add_argument</arg>
<arg>--no-sandbox</arg>
</arguments>
<status status="PASS" starttime="20220608 17:50:45.155" endtime="20220608 17:50:45.155"></status>
</kw>
<kw name="Call Method" library="BuiltIn">
<doc>Calls the named method of the given object with the provided arguments.</doc>
<arguments>
<arg>${options}</arg>
<arg>add_argument</arg>
<arg>--disable-gpu</arg>
</arguments>
<status status="PASS" starttime="20220608 17:50:45.155" endtime="20220608 17:50:45.155"></status>
</kw>
<kw name="Call Method" library="BuiltIn">
<doc>Calls the named method of the given object with the provided arguments.</doc>
<arguments>
<arg>${options}</arg>
<arg>add_argument</arg>
<arg>--window-size\=1366,768</arg>
</arguments>
<status status="PASS" starttime="20220608 17:50:45.155" endtime="20220608 17:50:45.156"></status>
</kw>
<kw name="Call Method" library="BuiltIn">
<doc>Calls the named method of the given object with the provided arguments.</doc>
<arguments>
<arg>${options}</arg>
<arg>add_argument</arg>
<arg>--disable-dev-shm-usage</arg>
</arguments>
<status status="PASS" starttime="20220608 17:50:45.156" endtime="20220608 17:50:45.156"></status>
</kw>
<kw name="Create Webdriver" library="SeleniumLibrary">
<doc>Creates an instance of Selenium WebDriver.</doc>
<arguments>
<arg>Chrome</arg>
<arg>chrome_options=${options}</arg>
</arguments>
<msg timestamp="20220608 17:50:45.156" level="INFO">Creating an instance of the Chrome WebDriver.</msg>
<status status="PASS" starttime="20220608 17:50:45.156" endtime="20220608 17:50:46.444"></status>
</kw>
<status status="PASS" starttime="20220608 17:50:45.153" endtime="20220608 17:50:46.444"></status>
</kw>
<kw name="Go To" library="SeleniumLibrary">
<doc>Navigates the active browser instance to the provided ``url``.</doc>
<arguments>
<arg>${chrome_browser}</arg>
</arguments>
<msg timestamp="20220608 17:50:46.446" level="INFO">Opening url 'http://pmrms.greatpmo.com/admin/login'</msg>
<status status="PASS" starttime="20220608 17:50:46.445" endtime="20220608 17:51:18.534"></status>
</kw>
<status status="PASS" starttime="20220608 17:50:45.153" endtime="20220608 17:51:18.534"></status>
</kw>
<status status="PASS" starttime="20220608 17:50:45.153" endtime="20220608 17:51:18.535"></status>
</kw>
<kw name="And Input Valid Username" library="login">
<kw name="Input Text" library="SeleniumLibrary">
<doc>Types the given ``text`` into text field identified by ``locator``.</doc>
<arguments>
<arg>${username}</arg>
<arg>${adm_usr}</arg>
</arguments>
<msg timestamp="20220608 17:51:18.536" level="INFO">Typing text 'ptm15@madrasah.kemenag.go.id' into text field '//input[@id='email']'.</msg>
<status status="PASS" starttime="20220608 17:51:18.535" endtime="20220608 17:51:18.645"></status>
</kw>
<status status="PASS" starttime="20220608 17:51:18.535" endtime="20220608 17:51:18.645"></status>
</kw>
<kw name="And Input Valid Password" library="login">
<kw name="Input Text" library="SeleniumLibrary">
<doc>Types the given ``text`` into text field identified by ``locator``.</doc>
<arguments>
<arg>${pwd}</arg>
<arg>${adm_pwd}</arg>
</arguments>
<msg timestamp="20220608 17:51:18.645" level="INFO">Typing text 'User@madrasah2022' into text field '//input[@type='password']'.</msg>
<status status="PASS" starttime="20220608 17:51:18.645" endtime="20220608 17:51:18.730"></status>
</kw>
<status status="PASS" starttime="20220608 17:51:18.645" endtime="20220608 17:51:18.730"></status>
</kw>
<kw name="When Click button submit" library="login">
<kw name="Execute Javascript" library="SeleniumLibrary">
<doc>Executes the given JavaScript code with possible arguments.</doc>
<arguments>
<arg>document.evaluate("${btnSubmit}",</arg>
<arg>document, null, XPathResult.ORDERED_NODE_SNAPSHOT_TYPE, null).</arg>
<arg>snapshotItem(0).click();</arg>
</arguments>
<msg timestamp="20220608 17:51:18.731" level="INFO">Executing JavaScript:
document.evaluate("//button[@class='btn']",document, null, XPathResult.ORDERED_NODE_SNAPSHOT_TYPE, null).snapshotItem(0).click();
Without any arguments.</msg>
<status status="PASS" starttime="20220608 17:51:18.730" endtime="20220608 17:51:18.739"></status>
</kw>
<status status="PASS" starttime="20220608 17:51:18.730" endtime="20220608 17:51:18.739"></status>
</kw>
<kw name="Then Verify Home Page is open" library="login">
<kw name="Wait Until Element Is Visible" library="SeleniumLibrary">
<doc>Waits until element ``locator`` is visible.</doc>
<arguments>
<arg>${Verify_Profile}</arg>
<arg>timeout=30s</arg>
</arguments>
<status status="PASS" starttime="20220608 17:51:18.739" endtime="20220608 17:51:21.309"></status>
</kw>
<kw name="Page Should Contain Element" library="SeleniumLibrary">
<doc>Verifies that element ``locator`` is found on the current page.</doc>
<arguments>
<arg>${Verify_Profile}</arg>
</arguments>
<msg timestamp="20220608 17:51:21.317" level="INFO">Current page contains element 'css= .profile-button'.</msg>
<status status="PASS" starttime="20220608 17:51:21.309" endtime="20220608 17:51:21.317"></status>
</kw>
<status status="PASS" starttime="20220608 17:51:18.739" endtime="20220608 17:51:21.317"></status>
</kw>
<status status="PASS" starttime="20220608 17:50:45.152" endtime="20220608 17:51:21.317"></status>
</kw>
<kw name="Scenario 2: User Klik Menu Monev Longterm Target">
<kw name="Click Monev Longterm target" library="monev">
<kw name="Go To" library="SeleniumLibrary">
<doc>Navigates the active browser instance to the provided ``url``.</doc>
<arguments>
<arg>http://pmrms.greatpmo.com/monev/monev-longterm/Longterm</arg>
</arguments>
<msg timestamp="20220608 17:51:21.318" level="INFO">Opening url 'http://pmrms.greatpmo.com/monev/monev-longterm/Longterm'</msg>
<status status="PASS" starttime="20220608 17:51:21.318" endtime="20220608 17:51:23.487"></status>
</kw>
<kw name="Wait Until Element Is Visible" library="SeleniumLibrary">
<doc>Waits until element ``locator`` is visible.</doc>
<arguments>
<arg>${pageLongTerm}</arg>
</arguments>
<status status="PASS" starttime="20220608 17:51:23.487" endtime="20220608 17:51:23.511"></status>
</kw>
<kw name="Page Should Contain Element" library="SeleniumLibrary">
<doc>Verifies that element ``locator`` is found on the current page.</doc>
<arguments>
<arg>${pageLongTerm}</arg>
</arguments>
<msg timestamp="20220608 17:51:23.517" level="INFO">Current page contains element '//label[text()='Target Longterm Outcome']'.</msg>
<status status="PASS" starttime="20220608 17:51:23.511" endtime="20220608 17:51:23.517"></status>
</kw>
<status status="PASS" starttime="20220608 17:51:21.318" endtime="20220608 17:51:23.518"></status>
</kw>
<status status="PASS" starttime="20220608 17:51:21.317" endtime="20220608 17:51:23.518"></status>
</kw>
<kw name="Scenario 3: User Klik View Longterm Target">
<kw name="Click View Target" library="monev">
<kw name="Wait Until Element Is Visible" library="SeleniumLibrary">
<doc>Waits until element ``locator`` is visible.</doc>
<arguments>
<arg>${viewLongTerm}</arg>
</arguments>
<status status="PASS" starttime="20220608 17:51:23.519" endtime="20220608 17:51:23.746"></status>
</kw>
<kw name="Click Element" library="SeleniumLibrary">
<doc>Click element identified by ``locator``.</doc>
<arguments>
<arg>${viewLongTerm}</arg>
</arguments>
<msg timestamp="20220608 17:51:23.746" level="INFO">Clicking element 'css= .spacing'.</msg>
<status status="PASS" starttime="20220608 17:51:23.746" endtime="20220608 17:51:23.817"></status>
</kw>
<status status="PASS" starttime="20220608 17:51:23.519" endtime="20220608 17:51:23.817"></status>
</kw>
<status status="PASS" starttime="20220608 17:51:23.519" endtime="20220608 17:51:23.817"></status>
</kw>
<kw name="Scenario 4: User Klik Close View Longterm Target">
<kw name="Click Close View" library="monev">
<kw name="Wait Until Element Is Visible" library="SeleniumLibrary">
<doc>Waits until element ``locator`` is visible.</doc>
<arguments>
<arg>${closeLongTerm}</arg>
</arguments>
<status status="PASS" starttime="20220608 17:51:23.819" endtime="20220608 17:51:23.847"></status>
</kw>
<kw name="Click Element" library="SeleniumLibrary">
<doc>Click element identified by ``locator``.</doc>
<arguments>
<arg>${closeLongTerm}</arg>
</arguments>
<msg timestamp="20220608 17:51:23.847" level="INFO">Clicking element 'css=.btn-close'.</msg>
<status status="PASS" starttime="20220608 17:51:23.847" endtime="20220608 17:51:23.885"></status>
</kw>
<status status="PASS" starttime="20220608 17:51:23.818" endtime="20220608 17:51:23.885"></status>
</kw>
<status status="PASS" starttime="20220608 17:51:23.818" endtime="20220608 17:51:23.885"></status>
</kw>
<kw name="Scenario 5: User Klik Button Edit Longterm">
<kw name="Click Button Edit" library="monev">
<kw name="Wait Until Element Is Visible" library="SeleniumLibrary">
<doc>Waits until element ``locator`` is visible.</doc>
<arguments>
<arg>${btnEdit}</arg>
</arguments>
<status status="PASS" starttime="20220608 17:51:23.886" endtime="20220608 17:51:23.905"></status>
</kw>
<kw name="Click Element" library="SeleniumLibrary">
<doc>Click element identified by ``locator``.</doc>
<arguments>
<arg>${btnEdit}</arg>
</arguments>
<msg timestamp="20220608 17:51:23.906" level="INFO">Clicking element '//button[text()='Edit']'.</msg>
<status status="PASS" starttime="20220608 17:51:23.906" endtime="20220608 17:51:24.036"></status>
</kw>
<status status="PASS" starttime="20220608 17:51:23.886" endtime="20220608 17:51:24.037"></status>
</kw>
<status status="PASS" starttime="20220608 17:51:23.885" endtime="20220608 17:51:24.037"></status>
</kw>
<kw name="Scenario 6: User Klik Simpan Longterm Target">
<kw name="Click Button Simpan" library="monev">
<kw name="Wait Until Element Is Visible" library="SeleniumLibrary">
<doc>Waits until element ``locator`` is visible.</doc>
<arguments>
<arg>${btnSimpan}</arg>
</arguments>
<status status="PASS" starttime="20220608 17:51:24.037" endtime="20220608 17:51:25.995"></status>
</kw>
<kw name="Execute Javascript" library="SeleniumLibrary">
<doc>Executes the given JavaScript code with possible arguments.</doc>
<arguments>
<arg>document.evaluate("${btnSimpan}",</arg>
<arg>document, null, XPathResult.ORDERED_NODE_SNAPSHOT_TYPE, null).</arg>
<arg>snapshotItem(0).click();</arg>
</arguments>
<msg timestamp="20220608 17:51:25.996" level="INFO">Executing JavaScript:
document.evaluate("//label[text()='Simpan']",document, null, XPathResult.ORDERED_NODE_SNAPSHOT_TYPE, null).snapshotItem(0).click();
Without any arguments.</msg>
<status status="PASS" starttime="20220608 17:51:25.995" endtime="20220608 17:51:26.007"></status>
</kw>
<status status="PASS" starttime="20220608 17:51:24.037" endtime="20220608 17:51:26.007"></status>
</kw>
<status status="PASS" starttime="20220608 17:51:24.037" endtime="20220608 17:51:26.007"></status>
</kw>
<kw name="Scenario 7: User Klik Menu Monev Midterm Target">
<kw name="Click Monev Midterm Output Target" library="monev">
<kw name="Go To" library="SeleniumLibrary">
<doc>Navigates the active browser instance to the provided ``url``.</doc>
<arguments>
<arg>http://pmrms.greatpmo.com/monev/monev-midterm/Midterm</arg>
</arguments>
<msg timestamp="20220608 17:51:26.008" level="INFO">Opening url 'http://pmrms.greatpmo.com/monev/monev-midterm/Midterm'</msg>
<status status="PASS" starttime="20220608 17:51:26.008" endtime="20220608 17:51:26.341"></status>
</kw>
<kw name="Wait Until Element Is Visible" library="SeleniumLibrary">
<doc>Waits until element ``locator`` is visible.</doc>
<arguments>
<arg>${pageMonev}</arg>
<arg>timeout=30s</arg>
</arguments>
<status status="PASS" starttime="20220608 17:51:26.341" endtime="20220608 17:51:26.366"></status>
</kw>
<kw name="Page Should Contain Element" library="SeleniumLibrary">
<doc>Verifies that element ``locator`` is found on the current page.</doc>
<arguments>
<arg>${pageMonev}</arg>
</arguments>
<msg timestamp="20220608 17:51:26.374" level="INFO">Current page contains element '//label[@class='mb-0']'.</msg>
<status status="PASS" starttime="20220608 17:51:26.366" endtime="20220608 17:51:26.374"></status>
</kw>
<status status="PASS" starttime="20220608 17:51:26.008" endtime="20220608 17:51:26.374"></status>
</kw>
<status status="PASS" starttime="20220608 17:51:26.007" endtime="20220608 17:51:26.374"></status>
</kw>
<kw name="Scenario 8: User Klik View Midterm Target">
<kw name="Click View Target" library="monev">
<kw name="Wait Until Element Is Visible" library="SeleniumLibrary">
<doc>Waits until element ``locator`` is visible.</doc>
<arguments>
<arg>${viewLongTerm}</arg>
</arguments>
<status status="PASS" starttime="20220608 17:51:26.375" endtime="20220608 17:51:26.640"></status>
</kw>
<kw name="Click Element" library="SeleniumLibrary">
<doc>Click element identified by ``locator``.</doc>
<arguments>
<arg>${viewLongTerm}</arg>
</arguments>
<msg timestamp="20220608 17:51:26.641" level="INFO">Clicking element 'css= .spacing'.</msg>
<status status="PASS" starttime="20220608 17:51:26.640" endtime="20220608 17:51:26.732"></status>
</kw>
<status status="PASS" starttime="20220608 17:51:26.375" endtime="20220608 17:51:26.732"></status>
</kw>
<status status="PASS" starttime="20220608 17:51:26.374" endtime="20220608 17:51:26.732"></status>
</kw>
<kw name="Scenario 9: User Klik Close View Midterm Target">
<kw name="Click Close View" library="monev">
<kw name="Wait Until Element Is Visible" library="SeleniumLibrary">
<doc>Waits until element ``locator`` is visible.</doc>
<arguments>
<arg>${closeLongTerm}</arg>
</arguments>
<status status="PASS" starttime="20220608 17:51:26.733" endtime="20220608 17:51:26.759"></status>
</kw>
<kw name="Click Element" library="SeleniumLibrary">
<doc>Click element identified by ``locator``.</doc>
<arguments>
<arg>${closeLongTerm}</arg>
</arguments>
<msg timestamp="20220608 17:51:26.760" level="INFO">Clicking element 'css=.btn-close'.</msg>
<status status="PASS" starttime="20220608 17:51:26.760" endtime="20220608 17:51:26.797"></status>
</kw>
<status status="PASS" starttime="20220608 17:51:26.733" endtime="20220608 17:51:26.797"></status>
</kw>
<status status="PASS" starttime="20220608 17:51:26.733" endtime="20220608 17:51:26.798"></status>
</kw>
<kw name="Scenario 10: User Klik Button Edit Midterm">
<kw name="Click Button Edit" library="monev">
<kw name="Wait Until Element Is Visible" library="SeleniumLibrary">
<doc>Waits until element ``locator`` is visible.</doc>
<arguments>
<arg>${btnEdit}</arg>
</arguments>
<status status="PASS" starttime="20220608 17:51:26.799" endtime="20220608 17:51:26.816"></status>
</kw>
<kw name="Click Element" library="SeleniumLibrary">
<doc>Click element identified by ``locator``.</doc>
<arguments>
<arg>${btnEdit}</arg>
</arguments>
<msg timestamp="20220608 17:51:26.817" level="INFO">Clicking element '//button[text()='Edit']'.</msg>
<status status="PASS" starttime="20220608 17:51:26.816" endtime="20220608 17:51:26.960"></status>
</kw>
<status status="PASS" starttime="20220608 17:51:26.798" endtime="20220608 17:51:26.960"></status>
</kw>
<status status="PASS" starttime="20220608 17:51:26.798" endtime="20220608 17:51:26.960"></status>
</kw>
<kw name="Scenario 11: User Klik Simpan Midterm Target">
<kw name="Click Button Simpan" library="monev">
<kw name="Wait Until Element Is Visible" library="SeleniumLibrary">
<doc>Waits until element ``locator`` is visible.</doc>
<arguments>
<arg>${btnSimpan}</arg>
</arguments>
<status status="PASS" starttime="20220608 17:51:26.962" endtime="20220608 17:51:28.198"></status>
</kw>
<kw name="Execute Javascript" library="SeleniumLibrary">
<doc>Executes the given JavaScript code with possible arguments.</doc>
<arguments>
<arg>document.evaluate("${btnSimpan}",</arg>
<arg>document, null, XPathResult.ORDERED_NODE_SNAPSHOT_TYPE, null).</arg>
<arg>snapshotItem(0).click();</arg>
</arguments>
<msg timestamp="20220608 17:51:28.199" level="INFO">Executing JavaScript:
document.evaluate("//label[text()='Simpan']",document, null, XPathResult.ORDERED_NODE_SNAPSHOT_TYPE, null).snapshotItem(0).click();
Without any arguments.</msg>
<status status="PASS" starttime="20220608 17:51:28.199" endtime="20220608 17:51:28.205"></status>
</kw>
<status status="PASS" starttime="20220608 17:51:26.961" endtime="20220608 17:51:28.206"></status>
</kw>
<status status="PASS" starttime="20220608 17:51:26.961" endtime="20220608 17:51:28.206"></status>
</kw>
<kw name="Finish Testcase" library="browser" type="teardown">
<kw name="Close Browser" library="SeleniumLibrary">
<doc>Closes the current browser.</doc>
<status status="PASS" starttime="20220608 17:51:28.207" endtime="20220608 17:51:30.446"></status>
</kw>
<status status="PASS" starttime="20220608 17:51:28.207" endtime="20220608 17:51:30.447"></status>
</kw>
<doc>Regression Menu Monev</doc>
<tags>
<tag>Functionality</tag>
</tags>
<status status="PASS" starttime="20220608 17:50:45.152" endtime="20220608 17:51:30.447" critical="yes"></status>
</test>
<doc>Regression Test Menu Monev</doc>
<status status="PASS" starttime="20220608 17:50:44.916" endtime="20220608 17:51:30.450"></status>
</suite>
<statistics>
<total>
<stat pass="1" fail="0">Critical Tests</stat>
<stat pass="1" fail="0">All Tests</stat>
</total>
<tag>
<stat pass="1" fail="0">Functionality</stat>
</tag>
<suite>
<stat pass="1" fail="0" id="s1" name="17 Monev">17 Monev</stat>
</suite>
</statistics>
<errors>
</errors>
</robot>
