<?xml version="1.0" encoding="UTF-8"?>
<robot generator="Robot 3.2.2 (Python 3.8.5 on win32)" generated="20220311 17:32:03.450" rpa="false">
<suite id="s1" name="13 Pustaka" source="D:\pyCharmProject\pmrms-testing\Features\13_Pustaka.robot">
<test id="s1-t1" name="Menu Pustaka">
<kw name="Scenario 1: Login with username valid and password valid">
<kw name="Given Login page is open" library="login">
<kw name="Open Browser" library="browser">
<kw name="Start Testcase Headless" library="browser">
<kw name="Evaluate" library="BuiltIn">
<doc>Evaluates the given expression in Python and returns the result.</doc>
<arguments>
<arg>sys.modules['selenium.webdriver'].ChromeOptions()</arg>
</arguments>
<assign>
<var>${options}</var>
</assign>
<msg timestamp="20220311 17:32:03.652" level="INFO">${options} = &lt;selenium.webdriver.chrome.options.Options object at 0x045EBA18&gt;</msg>
<status status="PASS" starttime="20220311 17:32:03.652" endtime="20220311 17:32:03.652"></status>
</kw>
<kw name="Call Method" library="BuiltIn">
<doc>Calls the named method of the given object with the provided arguments.</doc>
<arguments>
<arg>${options}</arg>
<arg>add_argument</arg>
<arg>--disable-notifications</arg>
</arguments>
<status status="PASS" starttime="20220311 17:32:03.652" endtime="20220311 17:32:03.653"></status>
</kw>
<kw name="Call Method" library="BuiltIn">
<doc>Calls the named method of the given object with the provided arguments.</doc>
<arguments>
<arg>${options}</arg>
<arg>add_argument</arg>
<arg>--no-sandbox</arg>
</arguments>
<status status="PASS" starttime="20220311 17:32:03.653" endtime="20220311 17:32:03.653"></status>
</kw>
<kw name="Call Method" library="BuiltIn">
<doc>Calls the named method of the given object with the provided arguments.</doc>
<arguments>
<arg>${options}</arg>
<arg>add_argument</arg>
<arg>--disable-gpu</arg>
</arguments>
<status status="PASS" starttime="20220311 17:32:03.653" endtime="20220311 17:32:03.653"></status>
</kw>
<kw name="Call Method" library="BuiltIn">
<doc>Calls the named method of the given object with the provided arguments.</doc>
<arguments>
<arg>${options}</arg>
<arg>add_argument</arg>
<arg>--window-size\=1366,768</arg>
</arguments>
<status status="PASS" starttime="20220311 17:32:03.653" endtime="20220311 17:32:03.653"></status>
</kw>
<kw name="Call Method" library="BuiltIn">
<doc>Calls the named method of the given object with the provided arguments.</doc>
<arguments>
<arg>${options}</arg>
<arg>add_argument</arg>
<arg>--disable-dev-shm-usage</arg>
</arguments>
<status status="PASS" starttime="20220311 17:32:03.653" endtime="20220311 17:32:03.654"></status>
</kw>
<kw name="Create Webdriver" library="SeleniumLibrary">
<doc>Creates an instance of Selenium WebDriver.</doc>
<arguments>
<arg>Chrome</arg>
<arg>chrome_options=${options}</arg>
</arguments>
<msg timestamp="20220311 17:32:03.654" level="INFO">Creating an instance of the Chrome WebDriver.</msg>
<status status="PASS" starttime="20220311 17:32:03.654" endtime="20220311 17:32:04.809"></status>
</kw>
<status status="PASS" starttime="20220311 17:32:03.652" endtime="20220311 17:32:04.810"></status>
</kw>
<kw name="Go To" library="SeleniumLibrary">
<doc>Navigates the active browser instance to the provided ``url``.</doc>
<arguments>
<arg>${chrome_browser}</arg>
</arguments>
<msg timestamp="20220311 17:32:04.811" level="INFO">Opening url 'http://pmrms.greatpmo.com/admin/login'</msg>
<status status="PASS" starttime="20220311 17:32:04.810" endtime="20220311 17:32:09.620"></status>
</kw>
<status status="PASS" starttime="20220311 17:32:03.651" endtime="20220311 17:32:09.620"></status>
</kw>
<status status="PASS" starttime="20220311 17:32:03.651" endtime="20220311 17:32:09.620"></status>
</kw>
<kw name="And Input Valid Username" library="login">
<kw name="Input Text" library="SeleniumLibrary">
<doc>Types the given ``text`` into text field identified by ``locator``.</doc>
<arguments>
<arg>${username}</arg>
<arg>${adm_usr}</arg>
</arguments>
<msg timestamp="20220311 17:32:09.621" level="INFO">Typing text 'ptm15@madrasah.kemenag.go.id' into text field '//input[@id='email']'.</msg>
<status status="PASS" starttime="20220311 17:32:09.621" endtime="20220311 17:32:09.711"></status>
</kw>
<status status="PASS" starttime="20220311 17:32:09.620" endtime="20220311 17:32:09.711"></status>
</kw>
<kw name="And Input Valid Password" library="login">
<kw name="Input Text" library="SeleniumLibrary">
<doc>Types the given ``text`` into text field identified by ``locator``.</doc>
<arguments>
<arg>${pwd}</arg>
<arg>${adm_pwd}</arg>
</arguments>
<msg timestamp="20220311 17:32:09.712" level="INFO">Typing text '123BisA#' into text field '//input[@type='password']'.</msg>
<status status="PASS" starttime="20220311 17:32:09.712" endtime="20220311 17:32:09.786"></status>
</kw>
<status status="PASS" starttime="20220311 17:32:09.711" endtime="20220311 17:32:09.787"></status>
</kw>
<kw name="When Click button submit" library="login">
<kw name="Execute Javascript" library="SeleniumLibrary">
<doc>Executes the given JavaScript code with possible arguments.</doc>
<arguments>
<arg>document.evaluate("${btnSubmit}",</arg>
<arg>document, null, XPathResult.ORDERED_NODE_SNAPSHOT_TYPE, null).</arg>
<arg>snapshotItem(0).click();</arg>
</arguments>
<msg timestamp="20220311 17:32:09.787" level="INFO">Executing JavaScript:
document.evaluate("//button[@class='btn']",document, null, XPathResult.ORDERED_NODE_SNAPSHOT_TYPE, null).snapshotItem(0).click();
Without any arguments.</msg>
<status status="PASS" starttime="20220311 17:32:09.787" endtime="20220311 17:32:09.795"></status>
</kw>
<status status="PASS" starttime="20220311 17:32:09.787" endtime="20220311 17:32:09.795"></status>
</kw>
<kw name="Then Verify Home Page is open" library="login">
<kw name="Wait Until Element Is Visible" library="SeleniumLibrary">
<doc>Waits until element ``locator`` is visible.</doc>
<arguments>
<arg>${Verify_Home_Admin}</arg>
<arg>timeout=30s</arg>
</arguments>
<status status="PASS" starttime="20220311 17:32:09.795" endtime="20220311 17:32:12.911"></status>
</kw>
<kw name="Page Should Contain Element" library="SeleniumLibrary">
<doc>Verifies that element ``locator`` is found on the current page.</doc>
<arguments>
<arg>${Verify_Home_Admin}</arg>
</arguments>
<msg timestamp="20220311 17:32:12.916" level="INFO">Current page contains element '//span[text()='User Administrator']'.</msg>
<status status="PASS" starttime="20220311 17:32:12.911" endtime="20220311 17:32:12.917"></status>
</kw>
<status status="PASS" starttime="20220311 17:32:09.795" endtime="20220311 17:32:12.917"></status>
</kw>
<status status="PASS" starttime="20220311 17:32:03.651" endtime="20220311 17:32:12.917"></status>
</kw>
<kw name="Scenario 2: User mengklik menu pustaka">
<kw name="Click Menu Pustaka" library="pustaka">
<kw name="Wait Until Element Is Visible" library="SeleniumLibrary">
<doc>Waits until element ``locator`` is visible.</doc>
<arguments>
<arg>${menuPustaka}</arg>
</arguments>
<status status="PASS" starttime="20220311 17:32:12.918" endtime="20220311 17:32:13.381"></status>
</kw>
<kw name="Click Element" library="SeleniumLibrary">
<doc>Click element identified by ``locator``.</doc>
<arguments>
<arg>${menuPustaka}</arg>
</arguments>
<msg timestamp="20220311 17:32:13.381" level="INFO">Clicking element '//a[contains(.,'Pustaka')]'.</msg>
<status status="PASS" starttime="20220311 17:32:13.381" endtime="20220311 17:32:13.414"></status>
</kw>
<status status="PASS" starttime="20220311 17:32:12.918" endtime="20220311 17:32:13.415"></status>
</kw>
<kw name="Verify Page Dokumen Umum" library="pustaka">
<kw name="Wait Until Element Is Visible" library="SeleniumLibrary">
<doc>Waits until element ``locator`` is visible.</doc>
<arguments>
<arg>${verifyDokumenUmum}</arg>
</arguments>
<status status="PASS" starttime="20220311 17:32:13.415" endtime="20220311 17:32:14.157"></status>
</kw>
<kw name="Page Should Contain Element" library="SeleniumLibrary">
<doc>Verifies that element ``locator`` is found on the current page.</doc>
<arguments>
<arg>${verifyDokumenUmum}</arg>
</arguments>
<msg timestamp="20220311 17:32:14.162" level="INFO">Current page contains element '//label[text()='Dokumen Umum']'.</msg>
<status status="PASS" starttime="20220311 17:32:14.157" endtime="20220311 17:32:14.162"></status>
</kw>
<status status="PASS" starttime="20220311 17:32:13.415" endtime="20220311 17:32:14.162"></status>
</kw>
<status status="PASS" starttime="20220311 17:32:12.917" endtime="20220311 17:32:14.163"></status>
</kw>
<kw name="Scenario 3: User mengklik button upload file">
<kw name="Click Button Upload File" library="pustaka">
<kw name="Click Element" library="SeleniumLibrary">
<doc>Click element identified by ``locator``.</doc>
<arguments>
<arg>${btnUploadFile}</arg>
</arguments>
<msg timestamp="20220311 17:32:14.164" level="INFO">Clicking element '//button[text()='Upload File']'.</msg>
<status status="PASS" starttime="20220311 17:32:14.164" endtime="20220311 17:32:14.236"></status>
</kw>
<status status="PASS" starttime="20220311 17:32:14.163" endtime="20220311 17:32:14.237"></status>
</kw>
<kw name="Verify Page Upload File" library="pustaka">
<kw name="Wait Until Element Is Visible" library="SeleniumLibrary">
<doc>Waits until element ``locator`` is visible.</doc>
<arguments>
<arg>${verifyUploadFile}</arg>
</arguments>
<status status="PASS" starttime="20220311 17:32:14.238" endtime="20220311 17:32:14.257"></status>
</kw>
<kw name="Page Should Contain Element" library="SeleniumLibrary">
<doc>Verifies that element ``locator`` is found on the current page.</doc>
<arguments>
<arg>${verifyUploadFile}</arg>
</arguments>
<msg timestamp="20220311 17:32:14.263" level="INFO">Current page contains element '//label[text()='Upload File']'.</msg>
<status status="PASS" starttime="20220311 17:32:14.257" endtime="20220311 17:32:14.263"></status>
</kw>
<status status="PASS" starttime="20220311 17:32:14.237" endtime="20220311 17:32:14.263"></status>
</kw>
<status status="PASS" starttime="20220311 17:32:14.163" endtime="20220311 17:32:14.263"></status>
</kw>
<kw name="Scenario 4: User Mengklik button batal from page upload file">
<kw name="Click Button Batal" library="pustaka">
<kw name="Wait Until Element Is Visible" library="SeleniumLibrary">
<doc>Waits until element ``locator`` is visible.</doc>
<arguments>
<arg>${btnBatal}</arg>
</arguments>
<status status="PASS" starttime="20220311 17:32:14.264" endtime="20220311 17:32:14.282"></status>
</kw>
<kw name="Execute Javascript" library="SeleniumLibrary">
<doc>Executes the given JavaScript code with possible arguments.</doc>
<arguments>
<arg>document.evaluate("${btnBatal}",</arg>
<arg>document, null, XPathResult.ORDERED_NODE_SNAPSHOT_TYPE, null).</arg>
<arg>snapshotItem(0).click();</arg>
</arguments>
<msg timestamp="20220311 17:32:14.282" level="INFO">Executing JavaScript:
document.evaluate("//button[text()='Batal']",document, null, XPathResult.ORDERED_NODE_SNAPSHOT_TYPE, null).snapshotItem(0).click();
Without any arguments.</msg>
<status status="PASS" starttime="20220311 17:32:14.282" endtime="20220311 17:32:14.294"></status>
</kw>
<status status="PASS" starttime="20220311 17:32:14.264" endtime="20220311 17:32:14.295"></status>
</kw>
<kw name="Verify Page Dokumen Umum" library="pustaka">
<kw name="Wait Until Element Is Visible" library="SeleniumLibrary">
<doc>Waits until element ``locator`` is visible.</doc>
<arguments>
<arg>${verifyDokumenUmum}</arg>
</arguments>
<status status="PASS" starttime="20220311 17:32:14.296" endtime="20220311 17:32:14.316"></status>
</kw>
<kw name="Page Should Contain Element" library="SeleniumLibrary">
<doc>Verifies that element ``locator`` is found on the current page.</doc>
<arguments>
<arg>${verifyDokumenUmum}</arg>
</arguments>
<msg timestamp="20220311 17:32:14.328" level="INFO">Current page contains element '//label[text()='Dokumen Umum']'.</msg>
<status status="PASS" starttime="20220311 17:32:14.316" endtime="20220311 17:32:14.328"></status>
</kw>
<status status="PASS" starttime="20220311 17:32:14.295" endtime="20220311 17:32:14.328"></status>
</kw>
<status status="PASS" starttime="20220311 17:32:14.263" endtime="20220311 17:32:14.328"></status>
</kw>
<kw name="Finish Testcase" library="browser" type="teardown">
<kw name="Close Browser" library="SeleniumLibrary">
<doc>Closes the current browser.</doc>
<status status="PASS" starttime="20220311 17:32:14.329" endtime="20220311 17:32:16.587"></status>
</kw>
<status status="PASS" starttime="20220311 17:32:14.328" endtime="20220311 17:32:16.587"></status>
</kw>
<doc>Regression Menu Pustaka</doc>
<tags>
<tag>Functionality</tag>
</tags>
<status status="PASS" starttime="20220311 17:32:03.650" endtime="20220311 17:32:16.589" critical="yes"></status>
</test>
<doc>Regression Test Menu Pustaka</doc>
<status status="PASS" starttime="20220311 17:32:03.451" endtime="20220311 17:32:16.592"></status>
</suite>
<statistics>
<total>
<stat pass="1" fail="0">Critical Tests</stat>
<stat pass="1" fail="0">All Tests</stat>
</total>
<tag>
<stat pass="1" fail="0">Functionality</stat>
</tag>
<suite>
<stat pass="1" fail="0" id="s1" name="13 Pustaka">13 Pustaka</stat>
</suite>
</statistics>
<errors>
</errors>
</robot>
