<?xml version="1.0" encoding="UTF-8"?>
<robot generator="Robot 3.2.2 (Python 3.8.5 on win32)" generated="20220716 06:05:01.128" rpa="false">
<suite id="s1" name="17 Monev" source="D:\pyCharmProject\pmrms-testing-new\Features\17_Monev.robot">
<test id="s1-t1" name="Menu Monev">
<kw name="Scenario 1: Login with username valid and password valid">
<kw name="Given Login page is open" library="login">
<kw name="Open Browser" library="browser">
<kw name="Start Testcase Headless" library="browser">
<kw name="Evaluate" library="BuiltIn">
<doc>Evaluates the given expression in Python and returns the result.</doc>
<arguments>
<arg>sys.modules['selenium.webdriver'].ChromeOptions()</arg>
</arguments>
<assign>
<var>${options}</var>
</assign>
<msg timestamp="20220716 06:05:01.344" level="INFO">${options} = &lt;selenium.webdriver.chrome.options.Options object at 0x03A95100&gt;</msg>
<status status="PASS" starttime="20220716 06:05:01.344" endtime="20220716 06:05:01.344"></status>
</kw>
<kw name="Call Method" library="BuiltIn">
<doc>Calls the named method of the given object with the provided arguments.</doc>
<arguments>
<arg>${options}</arg>
<arg>add_argument</arg>
<arg>--ignore-certificate-errors</arg>
</arguments>
<status status="PASS" starttime="20220716 06:05:01.344" endtime="20220716 06:05:01.344"></status>
</kw>
<kw name="Call Method" library="BuiltIn">
<doc>Calls the named method of the given object with the provided arguments.</doc>
<arguments>
<arg>${options}</arg>
<arg>add_argument</arg>
<arg>--ignore-ssl-errors</arg>
</arguments>
<status status="PASS" starttime="20220716 06:05:01.344" endtime="20220716 06:05:01.344"></status>
</kw>
<kw name="Call Method" library="BuiltIn">
<doc>Calls the named method of the given object with the provided arguments.</doc>
<arguments>
<arg>${options}</arg>
<arg>add_argument</arg>
<arg>--disable-notifications</arg>
</arguments>
<status status="PASS" starttime="20220716 06:05:01.344" endtime="20220716 06:05:01.344"></status>
</kw>
<kw name="Call Method" library="BuiltIn">
<doc>Calls the named method of the given object with the provided arguments.</doc>
<arguments>
<arg>${options}</arg>
<arg>add_argument</arg>
<arg>--no-sandbox</arg>
</arguments>
<status status="PASS" starttime="20220716 06:05:01.344" endtime="20220716 06:05:01.344"></status>
</kw>
<kw name="Call Method" library="BuiltIn">
<doc>Calls the named method of the given object with the provided arguments.</doc>
<arguments>
<arg>${options}</arg>
<arg>add_argument</arg>
<arg>--disable-gpu</arg>
</arguments>
<status status="PASS" starttime="20220716 06:05:01.344" endtime="20220716 06:05:01.344"></status>
</kw>
<kw name="Call Method" library="BuiltIn">
<doc>Calls the named method of the given object with the provided arguments.</doc>
<arguments>
<arg>${options}</arg>
<arg>add_argument</arg>
<arg>--window-size\=1366,768</arg>
</arguments>
<status status="PASS" starttime="20220716 06:05:01.344" endtime="20220716 06:05:01.344"></status>
</kw>
<kw name="Call Method" library="BuiltIn">
<doc>Calls the named method of the given object with the provided arguments.</doc>
<arguments>
<arg>${options}</arg>
<arg>add_argument</arg>
<arg>--disable-dev-shm-usage</arg>
</arguments>
<status status="PASS" starttime="20220716 06:05:01.344" endtime="20220716 06:05:01.344"></status>
</kw>
<kw name="Create Webdriver" library="SeleniumLibrary">
<doc>Creates an instance of Selenium WebDriver.</doc>
<arguments>
<arg>Chrome</arg>
<arg>chrome_options=${options}</arg>
</arguments>
<msg timestamp="20220716 06:05:01.344" level="INFO">Creating an instance of the Chrome WebDriver.</msg>
<status status="PASS" starttime="20220716 06:05:01.344" endtime="20220716 06:05:02.645"></status>
</kw>
<status status="PASS" starttime="20220716 06:05:01.344" endtime="20220716 06:05:02.646"></status>
</kw>
<kw name="Go To" library="SeleniumLibrary">
<doc>Navigates the active browser instance to the provided ``url``.</doc>
<arguments>
<arg>${chrome_browser}</arg>
</arguments>
<msg timestamp="20220716 06:05:02.646" level="INFO">Opening url 'http://pmrms.greatpmo.com/admin/login'</msg>
<status status="PASS" starttime="20220716 06:05:02.646" endtime="20220716 06:05:07.136"></status>
</kw>
<status status="PASS" starttime="20220716 06:05:01.344" endtime="20220716 06:05:07.136"></status>
</kw>
<status status="PASS" starttime="20220716 06:05:01.344" endtime="20220716 06:05:07.137"></status>
</kw>
<kw name="And Input Valid Username" library="login">
<kw name="Input Text" library="SeleniumLibrary">
<doc>Types the given ``text`` into text field identified by ``locator``.</doc>
<arguments>
<arg>${username}</arg>
<arg>${adm_usr}</arg>
</arguments>
<msg timestamp="20220716 06:05:07.138" level="INFO">Typing text 'ptm15@madrasah.kemenag.go.id' into text field '//input[@id='email']'.</msg>
<status status="PASS" starttime="20220716 06:05:07.138" endtime="20220716 06:05:07.242"></status>
</kw>
<status status="PASS" starttime="20220716 06:05:07.137" endtime="20220716 06:05:07.242"></status>
</kw>
<kw name="And Input Valid Password" library="login">
<kw name="Input Text" library="SeleniumLibrary">
<doc>Types the given ``text`` into text field identified by ``locator``.</doc>
<arguments>
<arg>${pwd}</arg>
<arg>${adm_pwd}</arg>
</arguments>
<msg timestamp="20220716 06:05:07.243" level="INFO">Typing text 'User@madrasah2022' into text field '//input[@type='password']'.</msg>
<status status="PASS" starttime="20220716 06:05:07.242" endtime="20220716 06:05:07.332"></status>
</kw>
<status status="PASS" starttime="20220716 06:05:07.242" endtime="20220716 06:05:07.332"></status>
</kw>
<kw name="When Click button submit" library="login">
<kw name="Execute Javascript" library="SeleniumLibrary">
<doc>Executes the given JavaScript code with possible arguments.</doc>
<arguments>
<arg>document.evaluate("${btnSubmit}",</arg>
<arg>document, null, XPathResult.ORDERED_NODE_SNAPSHOT_TYPE, null).</arg>
<arg>snapshotItem(0).click();</arg>
</arguments>
<msg timestamp="20220716 06:05:07.333" level="INFO">Executing JavaScript:
document.evaluate("//button[@class='btn']",document, null, XPathResult.ORDERED_NODE_SNAPSHOT_TYPE, null).snapshotItem(0).click();
Without any arguments.</msg>
<status status="PASS" starttime="20220716 06:05:07.333" endtime="20220716 06:05:07.343"></status>
</kw>
<status status="PASS" starttime="20220716 06:05:07.333" endtime="20220716 06:05:07.343"></status>
</kw>
<kw name="Then Verify Home Page is open" library="login">
<kw name="Wait Until Element Is Visible" library="SeleniumLibrary">
<doc>Waits until element ``locator`` is visible.</doc>
<arguments>
<arg>${Verify_Profile}</arg>
<arg>timeout=30s</arg>
</arguments>
<status status="PASS" starttime="20220716 06:05:07.344" endtime="20220716 06:05:09.888"></status>
</kw>
<kw name="Page Should Contain Element" library="SeleniumLibrary">
<doc>Verifies that element ``locator`` is found on the current page.</doc>
<arguments>
<arg>${Verify_Profile}</arg>
</arguments>
<msg timestamp="20220716 06:05:09.898" level="INFO">Current page contains element 'css= .profile-button'.</msg>
<status status="PASS" starttime="20220716 06:05:09.888" endtime="20220716 06:05:09.898"></status>
</kw>
<status status="PASS" starttime="20220716 06:05:07.343" endtime="20220716 06:05:09.898"></status>
</kw>
<status status="PASS" starttime="20220716 06:05:01.344" endtime="20220716 06:05:09.898"></status>
</kw>
<kw name="Scenario 2: User Klik Menu Monev Longterm Target">
<kw name="Click Monev Longterm target" library="monev">
<kw name="Go To" library="SeleniumLibrary">
<doc>Navigates the active browser instance to the provided ``url``.</doc>
<arguments>
<arg>http://pmrms.greatpmo.com/monev/monev-longterm/Longterm</arg>
</arguments>
<msg timestamp="20220716 06:05:09.899" level="INFO">Opening url 'http://pmrms.greatpmo.com/monev/monev-longterm/Longterm'</msg>
<status status="PASS" starttime="20220716 06:05:09.899" endtime="20220716 06:05:11.204"></status>
</kw>
<kw name="Wait Until Element Is Visible" library="SeleniumLibrary">
<doc>Waits until element ``locator`` is visible.</doc>
<arguments>
<arg>${pageLongTerm}</arg>
</arguments>
<status status="PASS" starttime="20220716 06:05:11.204" endtime="20220716 06:05:11.229"></status>
</kw>
<status status="PASS" starttime="20220716 06:05:09.899" endtime="20220716 06:05:11.229"></status>
</kw>
<status status="PASS" starttime="20220716 06:05:09.898" endtime="20220716 06:05:11.229"></status>
</kw>
<kw name="Scenario 3: User Klik View Longterm Target">
<kw name="Click View Target" library="monev">
<kw name="Wait Until Element Is Visible" library="SeleniumLibrary">
<doc>Waits until element ``locator`` is visible.</doc>
<arguments>
<arg>${viewLongTerm}</arg>
</arguments>
<status status="PASS" starttime="20220716 06:05:11.230" endtime="20220716 06:05:12.124"></status>
</kw>
<kw name="Click Element" library="SeleniumLibrary">
<doc>Click element identified by ``locator``.</doc>
<arguments>
<arg>${viewLongTerm}</arg>
</arguments>
<msg timestamp="20220716 06:05:12.124" level="INFO">Clicking element 'css= .spacing'.</msg>
<status status="PASS" starttime="20220716 06:05:12.124" endtime="20220716 06:05:12.220"></status>
</kw>
<status status="PASS" starttime="20220716 06:05:11.230" endtime="20220716 06:05:12.220"></status>
</kw>
<status status="PASS" starttime="20220716 06:05:11.229" endtime="20220716 06:05:12.220"></status>
</kw>
<kw name="Scenario 4: User Klik Close View Longterm Target">
<kw name="Click Close View" library="monev">
<kw name="Wait Until Element Is Visible" library="SeleniumLibrary">
<doc>Waits until element ``locator`` is visible.</doc>
<arguments>
<arg>${closeLongTerm}</arg>
</arguments>
<status status="PASS" starttime="20220716 06:05:12.222" endtime="20220716 06:05:12.256"></status>
</kw>
<kw name="Click Element" library="SeleniumLibrary">
<doc>Click element identified by ``locator``.</doc>
<arguments>
<arg>${closeLongTerm}</arg>
</arguments>
<msg timestamp="20220716 06:05:12.257" level="INFO">Clicking element 'css=.btn-close'.</msg>
<status status="PASS" starttime="20220716 06:05:12.257" endtime="20220716 06:05:12.299"></status>
</kw>
<status status="PASS" starttime="20220716 06:05:12.222" endtime="20220716 06:05:12.299"></status>
</kw>
<status status="PASS" starttime="20220716 06:05:12.221" endtime="20220716 06:05:12.300"></status>
</kw>
<kw name="Scenario 5: User Klik Button Edit Longterm">
<kw name="Click Button Edit" library="monev">
<kw name="Wait Until Element Is Visible" library="SeleniumLibrary">
<doc>Waits until element ``locator`` is visible.</doc>
<arguments>
<arg>${btnEdit}</arg>
<arg>timeout=30s</arg>
</arguments>
<status status="PASS" starttime="20220716 06:05:12.301" endtime="20220716 06:05:12.321"></status>
</kw>
<kw name="Click Element" library="SeleniumLibrary">
<doc>Click element identified by ``locator``.</doc>
<arguments>
<arg>${btnEdit}</arg>
</arguments>
<msg timestamp="20220716 06:05:12.322" level="INFO">Clicking element '//button[text()='Edit']'.</msg>
<status status="PASS" starttime="20220716 06:05:12.322" endtime="20220716 06:05:12.466"></status>
</kw>
<status status="PASS" starttime="20220716 06:05:12.300" endtime="20220716 06:05:12.466"></status>
</kw>
<status status="PASS" starttime="20220716 06:05:12.300" endtime="20220716 06:05:12.467"></status>
</kw>
<kw name="Scenario 6: User Pilih Indikator Klik Simpan Longterm Target">
<kw name="Pilih indikator longterm" library="monev">
<kw name="Wait Until Element Is Visible" library="SeleniumLibrary">
<doc>Waits until element ``locator`` is visible.</doc>
<arguments>
<arg>${pilihIndikator}</arg>
<arg>timeout=30s</arg>
</arguments>
<status status="PASS" starttime="20220716 06:05:12.468" endtime="20220716 06:05:14.757"></status>
</kw>
<kw name="Execute Javascript" library="SeleniumLibrary">
<doc>Executes the given JavaScript code with possible arguments.</doc>
<arguments>
<arg>document.evaluate("${pilihIndikator}",</arg>
<arg>document, null, XPathResult.ORDERED_NODE_SNAPSHOT_TYPE, null).</arg>
<arg>snapshotItem(0).click();</arg>
</arguments>
<msg timestamp="20220716 06:05:14.759" level="INFO">Executing JavaScript:
document.evaluate("//label[text()='Pilih Indikator Keberhasilan']",document, null, XPathResult.ORDERED_NODE_SNAPSHOT_TYPE, null).snapshotItem(0).click();
Without any arguments.</msg>
<status status="PASS" starttime="20220716 06:05:14.758" endtime="20220716 06:05:14.776"></status>
</kw>
<kw name="Click Element" library="SeleniumLibrary">
<doc>Click element identified by ``locator``.</doc>
<arguments>
<arg>${indikatorLongterm}</arg>
</arguments>
<msg timestamp="20220716 06:05:14.776" level="INFO">Clicking element '//label[text()='L.1.1 - Persentase Madrasah yang mengalami perbaikan capaian tingkat madrasah dalam Sistem Pendidikan Nasional']'.</msg>
<kw name="Capture Page Screenshot" library="SeleniumLibrary">
<doc>Takes screenshot of the current page and embeds it into log file.</doc>
<msg timestamp="20220716 06:05:14.998" level="INFO" html="yes">&lt;/td&gt;&lt;/tr&gt;&lt;tr&gt;&lt;td colspan="3"&gt;&lt;a href="selenium-screenshot-134.png"&gt;&lt;img src="selenium-screenshot-134.png" width="800px"&gt;&lt;/a&gt;</msg>
<status status="PASS" starttime="20220716 06:05:14.788" endtime="20220716 06:05:14.998"></status>
</kw>
<msg timestamp="20220716 06:05:14.999" level="FAIL">Element with locator '//label[text()='L.1.1 - Persentase Madrasah yang mengalami perbaikan capaian tingkat madrasah dalam Sistem Pendidikan Nasional']' not found.</msg>
<status status="FAIL" starttime="20220716 06:05:14.776" endtime="20220716 06:05:14.999"></status>
</kw>
<status status="FAIL" starttime="20220716 06:05:12.468" endtime="20220716 06:05:14.999"></status>
</kw>
<status status="FAIL" starttime="20220716 06:05:12.467" endtime="20220716 06:05:14.999"></status>
</kw>
<doc>Regression Menu Monev</doc>
<tags>
<tag>Functionality</tag>
</tags>
<status status="FAIL" starttime="20220716 06:05:01.344" endtime="20220716 06:05:15.000" critical="yes">Element with locator '//label[text()='L.1.1 - Persentase Madrasah yang mengalami perbaikan capaian tingkat madrasah dalam Sistem Pendidikan Nasional']' not found.</status>
</test>
<doc>Regression Test Menu Monev</doc>
<status status="FAIL" starttime="20220716 06:05:01.129" endtime="20220716 06:05:15.002"></status>
</suite>
<statistics>
<total>
<stat pass="0" fail="1">Critical Tests</stat>
<stat pass="0" fail="1">All Tests</stat>
</total>
<tag>
<stat pass="0" fail="1">Functionality</stat>
</tag>
<suite>
<stat pass="0" fail="1" id="s1" name="17 Monev">17 Monev</stat>
</suite>
</statistics>
<errors>
</errors>
</robot>
