<?xml version="1.0" encoding="UTF-8"?>
<robot generator="Robot 3.2.2 (Python 3.8.5 on win32)" generated="20220422 11:15:53.368" rpa="false">
<suite id="s1" name="05 Awp" source="D:\pyCharmProject\pmrms-testing\Features\05_Awp.robot">
<test id="s1-t1" name="Menu AWP">
<kw name="Scenario 1: Login with username valid and password valid">
<kw name="Given Login page is open" library="login">
<kw name="Open Browser" library="browser">
<kw name="Start Testcase Headless" library="browser">
<kw name="Evaluate" library="BuiltIn">
<doc>Evaluates the given expression in Python and returns the result.</doc>
<arguments>
<arg>sys.modules['selenium.webdriver'].ChromeOptions()</arg>
</arguments>
<assign>
<var>${options}</var>
</assign>
<msg timestamp="20220422 11:15:53.850" level="INFO">${options} = &lt;selenium.webdriver.chrome.options.Options object at 0x03E255B0&gt;</msg>
<status status="PASS" starttime="20220422 11:15:53.850" endtime="20220422 11:15:53.850"></status>
</kw>
<kw name="Call Method" library="BuiltIn">
<doc>Calls the named method of the given object with the provided arguments.</doc>
<arguments>
<arg>${options}</arg>
<arg>add_argument</arg>
<arg>--ignore-certificate-errors</arg>
</arguments>
<status status="PASS" starttime="20220422 11:15:53.850" endtime="20220422 11:15:53.851"></status>
</kw>
<kw name="Call Method" library="BuiltIn">
<doc>Calls the named method of the given object with the provided arguments.</doc>
<arguments>
<arg>${options}</arg>
<arg>add_argument</arg>
<arg>--ignore-ssl-errors</arg>
</arguments>
<status status="PASS" starttime="20220422 11:15:53.851" endtime="20220422 11:15:53.851"></status>
</kw>
<kw name="Call Method" library="BuiltIn">
<doc>Calls the named method of the given object with the provided arguments.</doc>
<arguments>
<arg>${options}</arg>
<arg>add_argument</arg>
<arg>--disable-notifications</arg>
</arguments>
<status status="PASS" starttime="20220422 11:15:53.851" endtime="20220422 11:15:53.852"></status>
</kw>
<kw name="Call Method" library="BuiltIn">
<doc>Calls the named method of the given object with the provided arguments.</doc>
<arguments>
<arg>${options}</arg>
<arg>add_argument</arg>
<arg>--no-sandbox</arg>
</arguments>
<status status="PASS" starttime="20220422 11:15:53.852" endtime="20220422 11:15:53.852"></status>
</kw>
<kw name="Call Method" library="BuiltIn">
<doc>Calls the named method of the given object with the provided arguments.</doc>
<arguments>
<arg>${options}</arg>
<arg>add_argument</arg>
<arg>--disable-gpu</arg>
</arguments>
<status status="PASS" starttime="20220422 11:15:53.852" endtime="20220422 11:15:53.852"></status>
</kw>
<kw name="Call Method" library="BuiltIn">
<doc>Calls the named method of the given object with the provided arguments.</doc>
<arguments>
<arg>${options}</arg>
<arg>add_argument</arg>
<arg>--window-size\=1366,768</arg>
</arguments>
<status status="PASS" starttime="20220422 11:15:53.853" endtime="20220422 11:15:53.854"></status>
</kw>
<kw name="Call Method" library="BuiltIn">
<doc>Calls the named method of the given object with the provided arguments.</doc>
<arguments>
<arg>${options}</arg>
<arg>add_argument</arg>
<arg>--headless</arg>
</arguments>
<status status="PASS" starttime="20220422 11:15:53.854" endtime="20220422 11:15:53.854"></status>
</kw>
<kw name="Call Method" library="BuiltIn">
<doc>Calls the named method of the given object with the provided arguments.</doc>
<arguments>
<arg>${options}</arg>
<arg>add_argument</arg>
<arg>--disable-dev-shm-usage</arg>
</arguments>
<status status="PASS" starttime="20220422 11:15:53.854" endtime="20220422 11:15:53.854"></status>
</kw>
<kw name="Create Webdriver" library="SeleniumLibrary">
<doc>Creates an instance of Selenium WebDriver.</doc>
<arguments>
<arg>Chrome</arg>
<arg>chrome_options=${options}</arg>
</arguments>
<msg timestamp="20220422 11:15:53.855" level="INFO">Creating an instance of the Chrome WebDriver.</msg>
<status status="PASS" starttime="20220422 11:15:53.854" endtime="20220422 11:15:55.333"></status>
</kw>
<status status="PASS" starttime="20220422 11:15:53.849" endtime="20220422 11:15:55.334"></status>
</kw>
<kw name="Go To" library="SeleniumLibrary">
<doc>Navigates the active browser instance to the provided ``url``.</doc>
<arguments>
<arg>${chrome_browser}</arg>
</arguments>
<msg timestamp="20220422 11:15:55.335" level="INFO">Opening url 'http://pmrms.greatpmo.com/admin/login'</msg>
<status status="PASS" starttime="20220422 11:15:55.334" endtime="20220422 11:16:10.496"></status>
</kw>
<status status="PASS" starttime="20220422 11:15:53.849" endtime="20220422 11:16:10.497"></status>
</kw>
<status status="PASS" starttime="20220422 11:15:53.849" endtime="20220422 11:16:10.499"></status>
</kw>
<kw name="And Input Valid Username" library="login">
<kw name="Input Text" library="SeleniumLibrary">
<doc>Types the given ``text`` into text field identified by ``locator``.</doc>
<arguments>
<arg>${username}</arg>
<arg>${adm_usr}</arg>
</arguments>
<msg timestamp="20220422 11:16:10.504" level="INFO">Typing text 'ptm15@madrasah.kemenag.go.id' into text field '//input[@id='email']'.</msg>
<status status="PASS" starttime="20220422 11:16:10.502" endtime="20220422 11:16:10.936"></status>
</kw>
<status status="PASS" starttime="20220422 11:16:10.499" endtime="20220422 11:16:10.938"></status>
</kw>
<kw name="And Input Valid Password" library="login">
<kw name="Input Text" library="SeleniumLibrary">
<doc>Types the given ``text`` into text field identified by ``locator``.</doc>
<arguments>
<arg>${pwd}</arg>
<arg>${adm_pwd}</arg>
</arguments>
<msg timestamp="20220422 11:16:10.944" level="INFO">Typing text 'User@madrasah2022' into text field '//input[@type='password']'.</msg>
<status status="PASS" starttime="20220422 11:16:10.942" endtime="20220422 11:16:11.322"></status>
</kw>
<status status="PASS" starttime="20220422 11:16:10.939" endtime="20220422 11:16:11.322"></status>
</kw>
<kw name="When Click button submit" library="login">
<kw name="Execute Javascript" library="SeleniumLibrary">
<doc>Executes the given JavaScript code with possible arguments.</doc>
<arguments>
<arg>document.evaluate("${btnSubmit}",</arg>
<arg>document, null, XPathResult.ORDERED_NODE_SNAPSHOT_TYPE, null).</arg>
<arg>snapshotItem(0).click();</arg>
</arguments>
<msg timestamp="20220422 11:16:11.329" level="INFO">Executing JavaScript:
document.evaluate("//button[@class='btn']",document, null, XPathResult.ORDERED_NODE_SNAPSHOT_TYPE, null).snapshotItem(0).click();
Without any arguments.</msg>
<status status="PASS" starttime="20220422 11:16:11.327" endtime="20220422 11:16:11.380"></status>
</kw>
<status status="PASS" starttime="20220422 11:16:11.324" endtime="20220422 11:16:11.381"></status>
</kw>
<kw name="Then Verify Home Page is open" library="login">
<kw name="Wait Until Element Is Visible" library="SeleniumLibrary">
<doc>Waits until element ``locator`` is visible.</doc>
<arguments>
<arg>${Verify_Home_Admin}</arg>
<arg>timeout=30s</arg>
</arguments>
<status status="PASS" starttime="20220422 11:16:11.384" endtime="20220422 11:16:13.709"></status>
</kw>
<kw name="Page Should Contain Element" library="SeleniumLibrary">
<doc>Verifies that element ``locator`` is found on the current page.</doc>
<arguments>
<arg>${Verify_Home_Admin}</arg>
</arguments>
<msg timestamp="20220422 11:16:13.748" level="INFO">Current page contains element '//span[text()='User Administrator']'.</msg>
<status status="PASS" starttime="20220422 11:16:13.710" endtime="20220422 11:16:13.749"></status>
</kw>
<status status="PASS" starttime="20220422 11:16:11.382" endtime="20220422 11:16:13.750"></status>
</kw>
<status status="PASS" starttime="20220422 11:15:53.848" endtime="20220422 11:16:13.750"></status>
</kw>
<kw name="Scenario 2: User mengklik sidebar menu awp">
<kw name="Click Menu AWP" library="awp">
<kw name="Wait Until Element Is Visible" library="SeleniumLibrary">
<doc>Waits until element ``locator`` is visible.</doc>
<arguments>
<arg>${menuAwp}</arg>
<arg>timeout=30s</arg>
</arguments>
<status status="PASS" starttime="20220422 11:16:13.759" endtime="20220422 11:16:14.355"></status>
</kw>
<kw name="Click Element" library="SeleniumLibrary">
<doc>Click element identified by ``locator``.</doc>
<arguments>
<arg>${menuAwp}</arg>
</arguments>
<msg timestamp="20220422 11:16:14.358" level="INFO">Clicking element '(//a[@id='topnav-components'])[2]'.</msg>
<status status="PASS" starttime="20220422 11:16:14.357" endtime="20220422 11:16:14.620"></status>
</kw>
<status status="PASS" starttime="20220422 11:16:13.756" endtime="20220422 11:16:14.621"></status>
</kw>
<kw name="Verify Page AWP" library="awp">
<kw name="Wait Until Element Is Visible" library="SeleniumLibrary">
<doc>Waits until element ``locator`` is visible.</doc>
<arguments>
<arg>${verifyAwp}</arg>
<arg>timeout=30s</arg>
</arguments>
<status status="PASS" starttime="20220422 11:16:14.623" endtime="20220422 11:16:15.912"></status>
</kw>
<kw name="Page Should Contain Element" library="SeleniumLibrary">
<doc>Verifies that element ``locator`` is found on the current page.</doc>
<arguments>
<arg>${verifyAwp}</arg>
</arguments>
<msg timestamp="20220422 11:16:15.923" level="INFO">Current page contains element '//label[text()='AWP']'.</msg>
<status status="PASS" starttime="20220422 11:16:15.912" endtime="20220422 11:16:15.923"></status>
</kw>
<status status="PASS" starttime="20220422 11:16:14.622" endtime="20220422 11:16:15.923"></status>
</kw>
<status status="PASS" starttime="20220422 11:16:13.753" endtime="20220422 11:16:15.924"></status>
</kw>
<kw name="Scenario 4: User mengklik field search input by Nama Kegiatan">
<kw name="Input Search by Nama kegiatan AWP" library="awp">
<kw name="Wait Until Element Is Visible" library="SeleniumLibrary">
<doc>Waits until element ``locator`` is visible.</doc>
<arguments>
<arg>${searchAwp}</arg>
</arguments>
<status status="PASS" starttime="20220422 11:16:15.926" endtime="20220422 11:16:16.668"></status>
</kw>
<kw name="Input Text" library="SeleniumLibrary">
<doc>Types the given ``text`` into text field identified by ``locator``.</doc>
<arguments>
<arg>${searchAwp}</arg>
<arg>Automation</arg>
</arguments>
<msg timestamp="20220422 11:16:16.668" level="INFO">Typing text 'Automation' into text field '//input[contains(@class,'form-control ng-untouched')]'.</msg>
<status status="PASS" starttime="20220422 11:16:16.668" endtime="20220422 11:16:16.843"></status>
</kw>
<status status="PASS" starttime="20220422 11:16:15.925" endtime="20220422 11:16:16.843"></status>
</kw>
<kw name="Click Button Cari" library="awp">
<kw name="Click Element" library="SeleniumLibrary">
<doc>Click element identified by ``locator``.</doc>
<arguments>
<arg>${btnCari}</arg>
</arguments>
<msg timestamp="20220422 11:16:16.844" level="INFO">Clicking element '//button[text()='Cari']'.</msg>
<status status="PASS" starttime="20220422 11:16:16.844" endtime="20220422 11:16:16.953"></status>
</kw>
<status status="PASS" starttime="20220422 11:16:16.843" endtime="20220422 11:16:16.954"></status>
</kw>
<status status="PASS" starttime="20220422 11:16:15.925" endtime="20220422 11:16:16.955"></status>
</kw>
<kw name="Scenario 5: User mengklik field search input by Pagu Anggaran Awp">
<kw name="Input Search by Pagu Anggaran AWP" library="awp">
<kw name="Go To" library="SeleniumLibrary">
<doc>Navigates the active browser instance to the provided ``url``.</doc>
<arguments>
<arg>http://pmrms.greatpmo.com/admin/awp</arg>
</arguments>
<msg timestamp="20220422 11:16:16.959" level="INFO">Opening url 'http://pmrms.greatpmo.com/admin/awp'</msg>
<status status="PASS" starttime="20220422 11:16:16.958" endtime="20220422 11:16:18.198"></status>
</kw>
<kw name="Wait Until Element Is Visible" library="SeleniumLibrary">
<doc>Waits until element ``locator`` is visible.</doc>
<arguments>
<arg>${searchAwp}</arg>
</arguments>
<status status="PASS" starttime="20220422 11:16:18.200" endtime="20220422 11:16:18.858"></status>
</kw>
<kw name="Input Text" library="SeleniumLibrary">
<doc>Types the given ``text`` into text field identified by ``locator``.</doc>
<arguments>
<arg>${searchAwp}</arg>
<arg>200</arg>
</arguments>
<msg timestamp="20220422 11:16:18.861" level="INFO">Typing text '200' into text field '//input[contains(@class,'form-control ng-untouched')]'.</msg>
<status status="PASS" starttime="20220422 11:16:18.859" endtime="20220422 11:16:19.183"></status>
</kw>
<status status="PASS" starttime="20220422 11:16:16.957" endtime="20220422 11:16:19.184"></status>
</kw>
<kw name="Click Button Cari" library="awp">
<kw name="Click Element" library="SeleniumLibrary">
<doc>Click element identified by ``locator``.</doc>
<arguments>
<arg>${btnCari}</arg>
</arguments>
<msg timestamp="20220422 11:16:19.187" level="INFO">Clicking element '//button[text()='Cari']'.</msg>
<status status="PASS" starttime="20220422 11:16:19.185" endtime="20220422 11:16:19.457"></status>
</kw>
<status status="PASS" starttime="20220422 11:16:19.184" endtime="20220422 11:16:19.459"></status>
</kw>
<status status="PASS" starttime="20220422 11:16:16.956" endtime="20220422 11:16:19.459"></status>
</kw>
<kw name="Scenario 8: User mengklik field search input by Komponen Awp">
<kw name="Input Search by Komponen AWP" library="awp">
<kw name="Go To" library="SeleniumLibrary">
<doc>Navigates the active browser instance to the provided ``url``.</doc>
<arguments>
<arg>http://pmrms.greatpmo.com/admin/awp</arg>
</arguments>
<msg timestamp="20220422 11:16:19.462" level="INFO">Opening url 'http://pmrms.greatpmo.com/admin/awp'</msg>
<status status="PASS" starttime="20220422 11:16:19.462" endtime="20220422 11:16:20.254"></status>
</kw>
<kw name="Wait Until Element Is Visible" library="SeleniumLibrary">
<doc>Waits until element ``locator`` is visible.</doc>
<arguments>
<arg>${searchAwp}</arg>
</arguments>
<status status="PASS" starttime="20220422 11:16:20.255" endtime="20220422 11:16:21.604"></status>
</kw>
<kw name="Input Text" library="SeleniumLibrary">
<doc>Types the given ``text`` into text field identified by ``locator``.</doc>
<arguments>
<arg>${searchAwp}</arg>
<arg>Kelompok Kerja Guru</arg>
</arguments>
<msg timestamp="20220422 11:16:21.606" level="INFO">Typing text 'Kelompok Kerja Guru' into text field '//input[contains(@class,'form-control ng-untouched')]'.</msg>
<status status="PASS" starttime="20220422 11:16:21.605" endtime="20220422 11:16:22.027"></status>
</kw>
<status status="PASS" starttime="20220422 11:16:19.461" endtime="20220422 11:16:22.027"></status>
</kw>
<kw name="Click Button Cari" library="awp">
<kw name="Click Element" library="SeleniumLibrary">
<doc>Click element identified by ``locator``.</doc>
<arguments>
<arg>${btnCari}</arg>
</arguments>
<msg timestamp="20220422 11:16:22.028" level="INFO">Clicking element '//button[text()='Cari']'.</msg>
<status status="PASS" starttime="20220422 11:16:22.028" endtime="20220422 11:16:22.119"></status>
</kw>
<status status="PASS" starttime="20220422 11:16:22.027" endtime="20220422 11:16:22.120"></status>
</kw>
<status status="PASS" starttime="20220422 11:16:19.460" endtime="20220422 11:16:22.120"></status>
</kw>
<kw name="Scenario 9: User menginputkan karakter dan angka tidak sesuai">
<kw name="Input Search Karakter Angka Tidak sesuai" library="awp">
<kw name="Go To" library="SeleniumLibrary">
<doc>Navigates the active browser instance to the provided ``url``.</doc>
<arguments>
<arg>http://pmrms.greatpmo.com/admin/awp</arg>
</arguments>
<msg timestamp="20220422 11:16:22.123" level="INFO">Opening url 'http://pmrms.greatpmo.com/admin/awp'</msg>
<status status="PASS" starttime="20220422 11:16:22.123" endtime="20220422 11:16:22.925"></status>
</kw>
<kw name="Wait Until Element Is Visible" library="SeleniumLibrary">
<doc>Waits until element ``locator`` is visible.</doc>
<arguments>
<arg>${searchAwp}</arg>
</arguments>
<status status="PASS" starttime="20220422 11:16:22.925" endtime="20220422 11:16:23.618"></status>
</kw>
<kw name="Input Text" library="SeleniumLibrary">
<doc>Types the given ``text`` into text field identified by ``locator``.</doc>
<arguments>
<arg>${searchAwp}</arg>
<arg>testing123</arg>
</arguments>
<msg timestamp="20220422 11:16:23.621" level="INFO">Typing text 'testing123' into text field '//input[contains(@class,'form-control ng-untouched')]'.</msg>
<status status="PASS" starttime="20220422 11:16:23.619" endtime="20220422 11:16:24.045"></status>
</kw>
<status status="PASS" starttime="20220422 11:16:22.122" endtime="20220422 11:16:24.046"></status>
</kw>
<kw name="Click Button Cari" library="awp">
<kw name="Click Element" library="SeleniumLibrary">
<doc>Click element identified by ``locator``.</doc>
<arguments>
<arg>${btnCari}</arg>
</arguments>
<msg timestamp="20220422 11:16:24.047" level="INFO">Clicking element '//button[text()='Cari']'.</msg>
<status status="PASS" starttime="20220422 11:16:24.047" endtime="20220422 11:16:24.196"></status>
</kw>
<status status="PASS" starttime="20220422 11:16:24.046" endtime="20220422 11:16:24.196"></status>
</kw>
<kw name="Verify No Data" library="awp">
<kw name="Wait Until Element Is Visible" library="SeleniumLibrary">
<doc>Waits until element ``locator`` is visible.</doc>
<arguments>
<arg>${verifyNoData}</arg>
</arguments>
<status status="PASS" starttime="20220422 11:16:24.198" endtime="20220422 11:16:24.270"></status>
</kw>
<kw name="Page Should Contain Element" library="SeleniumLibrary">
<doc>Verifies that element ``locator`` is found on the current page.</doc>
<arguments>
<arg>${verifyNoData}</arg>
</arguments>
<msg timestamp="20220422 11:16:24.282" level="INFO">Current page contains element '//td[text()='No data!']'.</msg>
<status status="PASS" starttime="20220422 11:16:24.271" endtime="20220422 11:16:24.282"></status>
</kw>
<status status="PASS" starttime="20220422 11:16:24.197" endtime="20220422 11:16:24.282"></status>
</kw>
<status status="PASS" starttime="20220422 11:16:22.121" endtime="20220422 11:16:24.283"></status>
</kw>
<kw name="Scenario 10: User Mengklik Button Tambah AWP">
<kw name="Click Button Tambah AWP" library="awp">
<kw name="Click Element" library="SeleniumLibrary">
<doc>Click element identified by ``locator``.</doc>
<arguments>
<arg>${btnAdd}</arg>
</arguments>
<msg timestamp="20220422 11:16:24.284" level="INFO">Clicking element '//button[text()='Tambah AWP']'.</msg>
<status status="PASS" starttime="20220422 11:16:24.284" endtime="20220422 11:16:25.874"></status>
</kw>
<status status="PASS" starttime="20220422 11:16:24.284" endtime="20220422 11:16:25.874"></status>
</kw>
<kw name="Verify Page Tambah AWP" library="awp">
<kw name="Wait Until Element Is Visible" library="SeleniumLibrary">
<doc>Waits until element ``locator`` is visible.</doc>
<arguments>
<arg>${verifyAddAwp}</arg>
</arguments>
<status status="PASS" starttime="20220422 11:16:25.876" endtime="20220422 11:16:26.615"></status>
</kw>
<kw name="Page Should Contain Element" library="SeleniumLibrary">
<doc>Verifies that element ``locator`` is found on the current page.</doc>
<arguments>
<arg>${verifyAddAwp}</arg>
</arguments>
<msg timestamp="20220422 11:16:26.645" level="INFO">Current page contains element '//label[text()='ANNUAL WORK PLAN (AWP)']'.</msg>
<status status="PASS" starttime="20220422 11:16:26.615" endtime="20220422 11:16:26.645"></status>
</kw>
<status status="PASS" starttime="20220422 11:16:25.875" endtime="20220422 11:16:26.646"></status>
</kw>
<status status="PASS" starttime="20220422 11:16:24.283" endtime="20220422 11:16:26.646"></status>
</kw>
<kw name="Scenario 11: User menginput data pada form lalu melakukan save">
<kw name="Input Data Umum" library="awp">
<kw name="Generate Random String" library="String">
<doc>Generates a string with a desired ``length`` from the given ``chars``.</doc>
<arguments>
<arg>10</arg>
<arg>[LOWER]</arg>
</arguments>
<assign>
<var>${text}</var>
</assign>
<msg timestamp="20220422 11:16:26.652" level="INFO">${text} = zcmpqmrvnj</msg>
<status status="PASS" starttime="20220422 11:16:26.651" endtime="20220422 11:16:26.652"></status>
</kw>
<kw name="Input Text" library="SeleniumLibrary">
<doc>Types the given ``text`` into text field identified by ``locator``.</doc>
<arguments>
<arg>${inputTahun}</arg>
<arg>2022</arg>
</arguments>
<msg timestamp="20220422 11:16:26.656" level="INFO">Typing text '2022' into text field '//input[@minmode='year']'.</msg>
<status status="PASS" starttime="20220422 11:16:26.654" endtime="20220422 11:16:27.023"></status>
</kw>
<kw name="Click Element" library="SeleniumLibrary">
<doc>Click element identified by ``locator``.</doc>
<arguments>
<arg>//label[text()='Komponen :']</arg>
</arguments>
<msg timestamp="20220422 11:16:27.025" level="INFO">Clicking element '//label[text()='Komponen :']'.</msg>
<status status="PASS" starttime="20220422 11:16:27.024" endtime="20220422 11:16:27.274"></status>
</kw>
<kw name="Wait Until Element Is Visible" library="SeleniumLibrary">
<doc>Waits until element ``locator`` is visible.</doc>
<arguments>
<arg>${pilihKomponen}</arg>
<arg>timeout=10s</arg>
</arguments>
<status status="PASS" starttime="20220422 11:16:27.275" endtime="20220422 11:16:28.629"></status>
</kw>
<kw name="Click Element" library="SeleniumLibrary">
<doc>Click element identified by ``locator``.</doc>
<arguments>
<arg>${pilihKomponen}</arg>
</arguments>
<msg timestamp="20220422 11:16:28.630" level="INFO">Clicking element '//label[text()='Pilih Komponen']'.</msg>
<status status="PASS" starttime="20220422 11:16:28.629" endtime="20220422 11:16:28.876"></status>
</kw>
<kw name="Click Element" library="SeleniumLibrary">
<doc>Click element identified by ``locator``.</doc>
<arguments>
<arg>${clickKomponen}</arg>
</arguments>
<msg timestamp="20220422 11:16:28.878" level="INFO">Clicking element '//label[text()='Komponen 1 - Penerapan Sistem e-RKAM (Rencana Kerja dan Anggaran Madrasah berbasis Elektronik) Secara Nasional dan Pemberian Dana Bantuan untuk Madrasah']'.</msg>
<status status="PASS" starttime="20220422 11:16:28.876" endtime="20220422 11:16:29.001"></status>
</kw>
<kw name="Click Element" library="SeleniumLibrary">
<doc>Click element identified by ``locator``.</doc>
<arguments>
<arg>${clickKomponen}</arg>
</arguments>
<msg timestamp="20220422 11:16:29.001" level="INFO">Clicking element '//label[text()='Komponen 1 - Penerapan Sistem e-RKAM (Rencana Kerja dan Anggaran Madrasah berbasis Elektronik) Secara Nasional dan Pemberian Dana Bantuan untuk Madrasah']'.</msg>
<status status="PASS" starttime="20220422 11:16:29.001" endtime="20220422 11:16:29.113"></status>
</kw>
<kw name="Click Element" library="SeleniumLibrary">
<doc>Click element identified by ``locator``.</doc>
<arguments>
<arg>${pilihSubcomponent}</arg>
</arguments>
<msg timestamp="20220422 11:16:29.115" level="INFO">Clicking element '//label[text()='Pilih Sub Komponen']'.</msg>
<status status="PASS" starttime="20220422 11:16:29.114" endtime="20220422 11:16:29.266"></status>
</kw>
<kw name="Wait Until Element Is Visible" library="SeleniumLibrary">
<doc>Waits until element ``locator`` is visible.</doc>
<arguments>
<arg>${clickSubComponent}</arg>
<arg>timeout=10s</arg>
</arguments>
<status status="PASS" starttime="20220422 11:16:29.266" endtime="20220422 11:16:29.300"></status>
</kw>
<kw name="Click Element" library="SeleniumLibrary">
<doc>Click element identified by ``locator``.</doc>
<arguments>
<arg>${clickSubComponent}</arg>
</arguments>
<msg timestamp="20220422 11:16:29.301" level="INFO">Clicking element '//label[text()='Sub-Komponen 1.1 - Dukungan terhadap Pengukuran dan Penilaian Capaian Standar Nasional Pendidikan untuk Madrasah']'.</msg>
<status status="PASS" starttime="20220422 11:16:29.300" endtime="20220422 11:16:29.391"></status>
</kw>
<kw name="Sleep" library="BuiltIn">
<doc>Pauses the test executed for the given time.</doc>
<arguments>
<arg>3s</arg>
</arguments>
<msg timestamp="20220422 11:16:32.400" level="INFO">Slept 3 seconds</msg>
<status status="PASS" starttime="20220422 11:16:29.392" endtime="20220422 11:16:32.400"></status>
</kw>
<kw name="Input Text" library="SeleniumLibrary">
<doc>Types the given ``text`` into text field identified by ``locator``.</doc>
<arguments>
<arg>${inputSubComponent}</arg>
<arg>Automation Testing ${text}</arg>
</arguments>
<msg timestamp="20220422 11:16:32.406" level="INFO">Typing text 'Automation Testing zcmpqmrvnj' into text field '//textarea[@placeholder='Masukkan Sub Sub Komponen']'.</msg>
<status status="PASS" starttime="20220422 11:16:32.401" endtime="20220422 11:16:32.748"></status>
</kw>
<kw name="Input Text" library="SeleniumLibrary">
<doc>Types the given ``text`` into text field identified by ``locator``.</doc>
<arguments>
<arg>${inputKegiatan}</arg>
<arg>Automation Testing ${text}</arg>
</arguments>
<msg timestamp="20220422 11:16:32.749" level="INFO">Typing text 'Automation Testing zcmpqmrvnj' into text field '//textarea[@placeholder='Masukkan Kegiatan']'.</msg>
<status status="PASS" starttime="20220422 11:16:32.748" endtime="20220422 11:16:32.987"></status>
</kw>
<kw name="Wait Until Element Is Visible" library="SeleniumLibrary">
<doc>Waits until element ``locator`` is visible.</doc>
<arguments>
<arg>${modaKegiatan}</arg>
</arguments>
<status status="PASS" starttime="20220422 11:16:32.987" endtime="20220422 11:16:33.041"></status>
</kw>
<kw name="Execute Javascript" library="SeleniumLibrary">
<doc>Executes the given JavaScript code with possible arguments.</doc>
<arguments>
<arg>document.evaluate("${modaKegiatan}",</arg>
<arg>document, null, XPathResult.ORDERED_NODE_SNAPSHOT_TYPE, null).</arg>
<arg>snapshotItem(0).click();</arg>
</arguments>
<msg timestamp="20220422 11:16:33.042" level="INFO">Executing JavaScript:
document.evaluate("(//input[@name='formRadios'])[1]",document, null, XPathResult.ORDERED_NODE_SNAPSHOT_TYPE, null).snapshotItem(0).click();
Without any arguments.</msg>
<status status="PASS" starttime="20220422 11:16:33.041" endtime="20220422 11:16:33.073"></status>
</kw>
<kw name="Input Text" library="SeleniumLibrary">
<doc>Types the given ``text`` into text field identified by ``locator``.</doc>
<arguments>
<arg>${keteranganKegiatan}</arg>
<arg>Automation Testing</arg>
</arguments>
<msg timestamp="20220422 11:16:33.074" level="INFO">Typing text 'Automation Testing' into text field '(//div[@contenteditable='true'])[1]'.</msg>
<status status="PASS" starttime="20220422 11:16:33.074" endtime="20220422 11:16:33.520"></status>
</kw>
<kw name="Input Text" library="SeleniumLibrary">
<doc>Types the given ``text`` into text field identified by ``locator``.</doc>
<arguments>
<arg>${inputBudget}</arg>
<arg>2000000</arg>
</arguments>
<msg timestamp="20220422 11:16:33.521" level="INFO">Typing text '2000000' into text field '//input[@placeholder='Budget AWP']'.</msg>
<status status="PASS" starttime="20220422 11:16:33.520" endtime="20220422 11:16:33.708"></status>
</kw>
<kw name="Execute Javascript" library="SeleniumLibrary">
<doc>Executes the given JavaScript code with possible arguments.</doc>
<arguments>
<arg>document.evaluate("${btnLanjut}",</arg>
<arg>document, null, XPathResult.ORDERED_NODE_SNAPSHOT_TYPE, null).</arg>
<arg>snapshotItem(0).click();</arg>
</arguments>
<msg timestamp="20220422 11:16:33.710" level="INFO">Executing JavaScript:
document.evaluate("//button[text()='Lanjut']",document, null, XPathResult.ORDERED_NODE_SNAPSHOT_TYPE, null).snapshotItem(0).click();
Without any arguments.</msg>
<status status="PASS" starttime="20220422 11:16:33.709" endtime="20220422 11:16:33.719"></status>
</kw>
<status status="PASS" starttime="20220422 11:16:26.650" endtime="20220422 11:16:33.720"></status>
</kw>
<kw name="Input Data Kegiatan" library="awp">
<kw name="Generate Random String" library="String">
<doc>Generates a string with a desired ``length`` from the given ``chars``.</doc>
<arguments>
<arg>10</arg>
<arg>[LOWER]</arg>
</arguments>
<assign>
<var>${text}</var>
</assign>
<msg timestamp="20220422 11:16:33.721" level="INFO">${text} = hesnhcqkwh</msg>
<status status="PASS" starttime="20220422 11:16:33.721" endtime="20220422 11:16:33.721"></status>
</kw>
<kw name="Wait Until Element Is Visible" library="SeleniumLibrary">
<doc>Waits until element ``locator`` is visible.</doc>
<arguments>
<arg>${TujuanKegiatan}</arg>
<arg>timeout=30s</arg>
</arguments>
<status status="PASS" starttime="20220422 11:16:33.721" endtime="20220422 11:16:33.777"></status>
</kw>
<kw name="Input Text" library="SeleniumLibrary">
<doc>Types the given ``text`` into text field identified by ``locator``.</doc>
<arguments>
<arg>${TujuanKegiatan}</arg>
<arg>Automation Testing ${text}</arg>
</arguments>
<msg timestamp="20220422 11:16:33.777" level="INFO">Typing text 'Automation Testing hesnhcqkwh' into text field '(//div[@contenteditable='true'])[2]'.</msg>
<status status="PASS" starttime="20220422 11:16:33.777" endtime="20220422 11:16:34.126"></status>
</kw>
<kw name="Input Text" library="SeleniumLibrary">
<doc>Types the given ``text`` into text field identified by ``locator``.</doc>
<arguments>
<arg>${descKegiatan}</arg>
<arg>Automation Testing ${text}</arg>
</arguments>
<msg timestamp="20220422 11:16:34.127" level="INFO">Typing text 'Automation Testing hesnhcqkwh' into text field '(//div[@role='textbox'])[3]'.</msg>
<status status="PASS" starttime="20220422 11:16:34.126" endtime="20220422 11:16:34.463"></status>
</kw>
<kw name="Execute Javascript" library="SeleniumLibrary">
<doc>Executes the given JavaScript code with possible arguments.</doc>
<arguments>
<arg>document.evaluate("${radioPenyedia}",</arg>
<arg>document, null, XPathResult.ORDERED_NODE_SNAPSHOT_TYPE, null).</arg>
<arg>snapshotItem(0).click();</arg>
</arguments>
<msg timestamp="20220422 11:16:34.464" level="INFO">Executing JavaScript:
document.evaluate("(//input[@name='formRadios2'])[1]",document, null, XPathResult.ORDERED_NODE_SNAPSHOT_TYPE, null).snapshotItem(0).click();
Without any arguments.</msg>
<status status="PASS" starttime="20220422 11:16:34.463" endtime="20220422 11:16:34.477"></status>
</kw>
<kw name="Execute Javascript" library="SeleniumLibrary">
<doc>Executes the given JavaScript code with possible arguments.</doc>
<arguments>
<arg>document.evaluate("${btnLanjut}",</arg>
<arg>document, null, XPathResult.ORDERED_NODE_SNAPSHOT_TYPE, null).</arg>
<arg>snapshotItem(0).click();</arg>
</arguments>
<msg timestamp="20220422 11:16:34.478" level="INFO">Executing JavaScript:
document.evaluate("//button[text()='Lanjut']",document, null, XPathResult.ORDERED_NODE_SNAPSHOT_TYPE, null).snapshotItem(0).click();
Without any arguments.</msg>
<status status="PASS" starttime="20220422 11:16:34.477" endtime="20220422 11:16:34.509"></status>
</kw>
<status status="PASS" starttime="20220422 11:16:33.720" endtime="20220422 11:16:34.509"></status>
</kw>
<kw name="Input Data Pelaksanaan" library="awp">
<kw name="Generate Random String" library="String">
<doc>Generates a string with a desired ``length`` from the given ``chars``.</doc>
<arguments>
<arg>10</arg>
<arg>[LOWER]</arg>
</arguments>
<assign>
<var>${text}</var>
</assign>
<msg timestamp="20220422 11:16:34.511" level="INFO">${text} = rmotrygbrw</msg>
<status status="PASS" starttime="20220422 11:16:34.510" endtime="20220422 11:16:34.511"></status>
</kw>
<kw name="Input Text" library="SeleniumLibrary">
<doc>Types the given ``text`` into text field identified by ``locator``.</doc>
<arguments>
<arg>${volumeEvent}</arg>
<arg>200</arg>
</arguments>
<msg timestamp="20220422 11:16:34.512" level="INFO">Typing text '200' into text field '//input[@placeholder='Volume Event']'.</msg>
<status status="PASS" starttime="20220422 11:16:34.511" endtime="20220422 11:16:34.660"></status>
</kw>
<kw name="Input Text" library="SeleniumLibrary">
<doc>Types the given ``text`` into text field identified by ``locator``.</doc>
<arguments>
<arg>${tglMulai}</arg>
<arg>2022-04-30</arg>
</arguments>
<msg timestamp="20220422 11:16:34.660" level="INFO">Typing text '2022-04-30' into text field '//input[@placeholder='Pilih tanggal mulai']'.</msg>
<status status="PASS" starttime="20220422 11:16:34.660" endtime="20220422 11:16:34.828"></status>
</kw>
<kw name="Input Text" library="SeleniumLibrary">
<doc>Types the given ``text`` into text field identified by ``locator``.</doc>
<arguments>
<arg>${tglAkhir}</arg>
<arg>2022-05-30</arg>
</arguments>
<msg timestamp="20220422 11:16:34.829" level="INFO">Typing text '2022-05-30' into text field '//input[@placeholder='Pilih tanggal akhir']'.</msg>
<status status="PASS" starttime="20220422 11:16:34.829" endtime="20220422 11:16:34.986"></status>
</kw>
<kw name="Input Text" library="SeleniumLibrary">
<doc>Types the given ``text`` into text field identified by ``locator``.</doc>
<arguments>
<arg>${infoLainnya}</arg>
<arg>Automation Testing ${text}</arg>
</arguments>
<msg timestamp="20220422 11:16:34.987" level="INFO">Typing text 'Automation Testing rmotrygbrw' into text field '//input[@placeholder='Informasi Tambahan Waktu Pelaksanaan Kegiatan (jika ada)']'.</msg>
<status status="PASS" starttime="20220422 11:16:34.987" endtime="20220422 11:16:35.185"></status>
</kw>
<kw name="Click Element" library="SeleniumLibrary">
<doc>Click element identified by ``locator``.</doc>
<arguments>
<arg>${tambahLokasi}</arg>
</arguments>
<msg timestamp="20220422 11:16:35.186" level="INFO">Clicking element '//button[text()=' Tambah Lokasi ']'.</msg>
<status status="PASS" starttime="20220422 11:16:35.185" endtime="20220422 11:16:35.356"></status>
</kw>
<kw name="Click Element" library="SeleniumLibrary">
<doc>Click element identified by ``locator``.</doc>
<arguments>
<arg>${pilihProvinsi}</arg>
</arguments>
<msg timestamp="20220422 11:16:35.358" level="INFO">Clicking element '//label[text()='Pilih Provinsi']'.</msg>
<status status="PASS" starttime="20220422 11:16:35.357" endtime="20220422 11:16:35.481"></status>
</kw>
<kw name="Wait Until Element Is Visible" library="SeleniumLibrary">
<doc>Waits until element ``locator`` is visible.</doc>
<arguments>
<arg>${clickAceh}</arg>
<arg>timeout=30s</arg>
</arguments>
<status status="PASS" starttime="20220422 11:16:35.481" endtime="20220422 11:16:35.524"></status>
</kw>
<kw name="Click Element" library="SeleniumLibrary">
<doc>Click element identified by ``locator``.</doc>
<arguments>
<arg>${clickAceh}</arg>
</arguments>
<msg timestamp="20220422 11:16:35.525" level="INFO">Clicking element '//label[text()='Aceh']'.</msg>
<status status="PASS" starttime="20220422 11:16:35.524" endtime="20220422 11:16:35.615"></status>
</kw>
<kw name="Sleep" library="BuiltIn">
<doc>Pauses the test executed for the given time.</doc>
<arguments>
<arg>3s</arg>
</arguments>
<msg timestamp="20220422 11:16:38.626" level="INFO">Slept 3 seconds</msg>
<status status="PASS" starttime="20220422 11:16:35.615" endtime="20220422 11:16:38.627"></status>
</kw>
<kw name="Click Element" library="SeleniumLibrary">
<doc>Click element identified by ``locator``.</doc>
<arguments>
<arg>${clickAceh}</arg>
</arguments>
<msg timestamp="20220422 11:16:38.629" level="INFO">Clicking element '//label[text()='Aceh']'.</msg>
<status status="PASS" starttime="20220422 11:16:38.628" endtime="20220422 11:16:38.908"></status>
</kw>
<kw name="Wait Until Element Is Visible" library="SeleniumLibrary">
<doc>Waits until element ``locator`` is visible.</doc>
<arguments>
<arg>${pilihkabkota}</arg>
<arg>timeout=30s</arg>
</arguments>
<status status="PASS" starttime="20220422 11:16:38.909" endtime="20220422 11:16:38.979"></status>
</kw>
<kw name="Click Element" library="SeleniumLibrary">
<doc>Click element identified by ``locator``.</doc>
<arguments>
<arg>${pilihkabkota}</arg>
</arguments>
<msg timestamp="20220422 11:16:38.980" level="INFO">Clicking element '//label[contains(.,'Kabupaten/Kota (Optional)')]'.</msg>
<status status="PASS" starttime="20220422 11:16:38.979" endtime="20220422 11:16:39.052"></status>
</kw>
<kw name="Click Element" library="SeleniumLibrary">
<doc>Click element identified by ``locator``.</doc>
<arguments>
<arg>${combobox}</arg>
</arguments>
<msg timestamp="20220422 11:16:39.053" level="INFO">Clicking element '//div[@role='combobox']//input[1]'.</msg>
<status status="PASS" starttime="20220422 11:16:39.053" endtime="20220422 11:16:39.195"></status>
</kw>
<kw name="Wait Until Element Is Visible" library="SeleniumLibrary">
<doc>Waits until element ``locator`` is visible.</doc>
<arguments>
<arg>${clickAcehBarat}</arg>
<arg>timeout=30s</arg>
</arguments>
<status status="PASS" starttime="20220422 11:16:39.195" endtime="20220422 11:16:39.238"></status>
</kw>
<kw name="Click Element" library="SeleniumLibrary">
<doc>Click element identified by ``locator``.</doc>
<arguments>
<arg>${clickAcehBarat}</arg>
</arguments>
<msg timestamp="20220422 11:16:39.238" level="INFO">Clicking element '//span[text()='Aceh Barat']'.</msg>
<status status="PASS" starttime="20220422 11:16:39.238" endtime="20220422 11:16:39.330"></status>
</kw>
<kw name="Click Element" library="SeleniumLibrary">
<doc>Click element identified by ``locator``.</doc>
<arguments>
<arg>${btnSimpanPopup}</arg>
</arguments>
<msg timestamp="20220422 11:16:39.331" level="INFO">Clicking element '(//label[text()='Simpan'])[2]'.</msg>
<status status="PASS" starttime="20220422 11:16:39.330" endtime="20220422 11:16:39.426"></status>
</kw>
<kw name="Click Element" library="SeleniumLibrary">
<doc>Click element identified by ``locator``.</doc>
<arguments>
<arg>${jenisKegiatan}</arg>
</arguments>
<msg timestamp="20220422 11:16:39.427" level="INFO">Clicking element '//label[text()='Pilih Jenis Kegiatan']'.</msg>
<status status="PASS" starttime="20220422 11:16:39.427" endtime="20220422 11:16:39.941"></status>
</kw>
<kw name="Click Element" library="SeleniumLibrary">
<doc>Click element identified by ``locator``.</doc>
<arguments>
<arg>${pilihJenisKegiatan}</arg>
</arguments>
<msg timestamp="20220422 11:16:39.944" level="INFO">Clicking element '//label[text()[normalize-space()='Bimbingan Teknis (Bimtek)']]'.</msg>
<status status="PASS" starttime="20220422 11:16:39.942" endtime="20220422 11:16:40.134"></status>
</kw>
<kw name="Click Element" library="SeleniumLibrary">
<doc>Click element identified by ``locator``.</doc>
<arguments>
<arg>${pilihJenisKegiatan}</arg>
</arguments>
<msg timestamp="20220422 11:16:40.136" level="INFO">Clicking element '//label[text()[normalize-space()='Bimbingan Teknis (Bimtek)']]'.</msg>
<status status="PASS" starttime="20220422 11:16:40.134" endtime="20220422 11:16:40.253"></status>
</kw>
<kw name="Input Text" library="SeleniumLibrary">
<doc>Types the given ``text`` into text field identified by ``locator``.</doc>
<arguments>
<arg>${jmlnarasumber}</arg>
<arg>10</arg>
</arguments>
<msg timestamp="20220422 11:16:40.254" level="INFO">Typing text '10' into text field '//input[@placeholder='Jumlah Narasumber']'.</msg>
<status status="PASS" starttime="20220422 11:16:40.254" endtime="20220422 11:16:40.433"></status>
</kw>
<kw name="Input Text" library="SeleniumLibrary">
<doc>Types the given ``text`` into text field identified by ``locator``.</doc>
<arguments>
<arg>${asallembaga}</arg>
<arg>pendidikan</arg>
</arguments>
<msg timestamp="20220422 11:16:40.435" level="INFO">Typing text 'pendidikan' into text field '(//div[@contenteditable='true'])[4]'.</msg>
<status status="PASS" starttime="20220422 11:16:40.433" endtime="20220422 11:16:40.703"></status>
</kw>
<kw name="Input Text" library="SeleniumLibrary">
<doc>Types the given ``text`` into text field identified by ``locator``.</doc>
<arguments>
<arg>${narasumberLainnya}</arg>
<arg>fahmi</arg>
</arguments>
<msg timestamp="20220422 11:16:40.704" level="INFO">Typing text 'fahmi' into text field '//input[@placeholder='Informasi tambahan asal lembaga narasumber (jika ada)']'.</msg>
<status status="PASS" starttime="20220422 11:16:40.704" endtime="20220422 11:16:40.865"></status>
</kw>
<kw name="Execute Javascript" library="SeleniumLibrary">
<doc>Executes the given JavaScript code with possible arguments.</doc>
<arguments>
<arg>document.evaluate("${btnLanjut}",</arg>
<arg>document, null, XPathResult.ORDERED_NODE_SNAPSHOT_TYPE, null).</arg>
<arg>snapshotItem(0).click();</arg>
</arguments>
<msg timestamp="20220422 11:16:40.866" level="INFO">Executing JavaScript:
document.evaluate("//button[text()='Lanjut']",document, null, XPathResult.ORDERED_NODE_SNAPSHOT_TYPE, null).snapshotItem(0).click();
Without any arguments.</msg>
<status status="PASS" starttime="20220422 11:16:40.865" endtime="20220422 11:16:40.914"></status>
</kw>
<status status="PASS" starttime="20220422 11:16:34.510" endtime="20220422 11:16:40.916"></status>
</kw>
<kw name="Input Data Peserta" library="awp">
<kw name="Generate Random String" library="String">
<doc>Generates a string with a desired ``length`` from the given ``chars``.</doc>
<arguments>
<arg>10</arg>
<arg>[LOWER]</arg>
</arguments>
<assign>
<var>${text}</var>
</assign>
<msg timestamp="20220422 11:16:40.919" level="INFO">${text} = fbxscrhmsz</msg>
<status status="PASS" starttime="20220422 11:16:40.917" endtime="20220422 11:16:40.919"></status>
</kw>
<kw name="Input Text" library="SeleniumLibrary">
<doc>Types the given ``text`` into text field identified by ``locator``.</doc>
<arguments>
<arg>${jmlPeserta}</arg>
<arg>500</arg>
</arguments>
<msg timestamp="20220422 11:16:40.919" level="INFO">Typing text '500' into text field '//input[@placeholder='Jumlah Peserta']'.</msg>
<status status="PASS" starttime="20220422 11:16:40.919" endtime="20220422 11:16:41.076"></status>
</kw>
<kw name="Input Text" library="SeleniumLibrary">
<doc>Types the given ``text`` into text field identified by ``locator``.</doc>
<arguments>
<arg>${pesertaLainnya}</arg>
<arg>fahmi</arg>
</arguments>
<msg timestamp="20220422 11:16:41.077" level="INFO">Typing text 'fahmi' into text field '//input[@placeholder='Informasi tambahan peserta jika ada']'.</msg>
<status status="PASS" starttime="20220422 11:16:41.076" endtime="20220422 11:16:41.244"></status>
</kw>
<kw name="Input Text" library="SeleniumLibrary">
<doc>Types the given ``text`` into text field identified by ``locator``.</doc>
<arguments>
<arg>${sasaranPeserta}</arg>
<arg>Automation Peserta</arg>
</arguments>
<msg timestamp="20220422 11:16:41.246" level="INFO">Typing text 'Automation Peserta' into text field '(//div[@contenteditable='true'])[5]'.</msg>
<status status="PASS" starttime="20220422 11:16:41.245" endtime="20220422 11:16:41.549"></status>
</kw>
<kw name="Input Text" library="SeleniumLibrary">
<doc>Types the given ``text`` into text field identified by ``locator``.</doc>
<arguments>
<arg>${outputKegiatan}</arg>
<arg>Automation Testing ${text}</arg>
</arguments>
<msg timestamp="20220422 11:16:41.549" level="INFO">Typing text 'Automation Testing fbxscrhmsz' into text field '//div[@id='layout-wrapper']/div[1]/div[1]/app-add-awp[1]/div[1]/div[1]/div[2]/div[1]/div[1]/aw-wizard[1]/div[1]/aw-wizard-step[4]/div[1]/div[1]/div[4]/div[1]/ckeditor[1]/div[2]/div[2]/div[1]'.</msg>
<status status="PASS" starttime="20220422 11:16:41.549" endtime="20220422 11:16:41.921"></status>
</kw>
<kw name="Execute Javascript" library="SeleniumLibrary">
<doc>Executes the given JavaScript code with possible arguments.</doc>
<arguments>
<arg>document.evaluate("${btnPDOI}",</arg>
<arg>document, null, XPathResult.ORDERED_NODE_SNAPSHOT_TYPE, null).</arg>
<arg>snapshotItem(0).click();</arg>
</arguments>
<msg timestamp="20220422 11:16:41.923" level="INFO">Executing JavaScript:
document.evaluate("//button[text()=' Tambah Kontribusi PDOI ']",document, null, XPathResult.ORDERED_NODE_SNAPSHOT_TYPE, null).snapshotItem(0).click();
Without any arguments.</msg>
<status status="PASS" starttime="20220422 11:16:41.922" endtime="20220422 11:16:41.977"></status>
</kw>
<kw name="Execute Javascript" library="SeleniumLibrary">
<doc>Executes the given JavaScript code with possible arguments.</doc>
<arguments>
<arg>document.evaluate("${pilihPDOI}",</arg>
<arg>document, null, XPathResult.ORDERED_NODE_SNAPSHOT_TYPE, null).</arg>
<arg>snapshotItem(0).click();</arg>
</arguments>
<msg timestamp="20220422 11:16:41.978" level="INFO">Executing JavaScript:
document.evaluate("//label[text()='PDO-1 - Peningkatan pencapaian Standar Nasional Pendidikan (SNP)']",document, null, XPathResult.ORDERED_NODE_SNAPSHOT_TYPE, null).snapshotItem(0).click();
Without any arguments.</msg>
<status status="PASS" starttime="20220422 11:16:41.977" endtime="20220422 11:16:42.028"></status>
</kw>
<kw name="Execute Javascript" library="SeleniumLibrary">
<doc>Executes the given JavaScript code with possible arguments.</doc>
<arguments>
<arg>document.evaluate("${btnPDOI}",</arg>
<arg>document, null, XPathResult.ORDERED_NODE_SNAPSHOT_TYPE, null).</arg>
<arg>snapshotItem(0).click();</arg>
</arguments>
<msg timestamp="20220422 11:16:42.030" level="INFO">Executing JavaScript:
document.evaluate("//button[text()=' Tambah Kontribusi PDOI ']",document, null, XPathResult.ORDERED_NODE_SNAPSHOT_TYPE, null).snapshotItem(0).click();
Without any arguments.</msg>
<status status="PASS" starttime="20220422 11:16:42.029" endtime="20220422 11:16:42.079"></status>
</kw>
<kw name="Sleep" library="BuiltIn">
<doc>Pauses the test executed for the given time.</doc>
<arguments>
<arg>3s</arg>
</arguments>
<msg timestamp="20220422 11:16:45.088" level="INFO">Slept 3 seconds</msg>
<status status="PASS" starttime="20220422 11:16:42.079" endtime="20220422 11:16:45.089"></status>
</kw>
<kw name="Execute Javascript" library="SeleniumLibrary">
<doc>Executes the given JavaScript code with possible arguments.</doc>
<arguments>
<arg>document.evaluate("${kontribusiIRI}",</arg>
<arg>document, null, XPathResult.ORDERED_NODE_SNAPSHOT_TYPE, null).</arg>
<arg>snapshotItem(0).click();</arg>
</arguments>
<msg timestamp="20220422 11:16:45.094" level="INFO">Executing JavaScript:
document.evaluate("//button[text()=' Tambah Kontribusi IRI ']",document, null, XPathResult.ORDERED_NODE_SNAPSHOT_TYPE, null).snapshotItem(0).click();
Without any arguments.</msg>
<status status="PASS" starttime="20220422 11:16:45.091" endtime="20220422 11:16:45.302"></status>
</kw>
<kw name="Execute Javascript" library="SeleniumLibrary">
<doc>Executes the given JavaScript code with possible arguments.</doc>
<arguments>
<arg>document.evaluate("${pilihIRI}",</arg>
<arg>document, null, XPathResult.ORDERED_NODE_SNAPSHOT_TYPE, null).</arg>
<arg>snapshotItem(0).click();</arg>
</arguments>
<msg timestamp="20220422 11:16:45.308" level="INFO">Executing JavaScript:
document.evaluate("//label[text()[normalize-space()='IRI-1.1 Jumlah siswa yang mendapat manfaat langsung dari intervensi untuk meningkatkan pembelajaran a. Total b. Pria c. Wanita']]",document, null, XPathResult.ORDERED_NODE_SNAPSHOT_TYPE, null).snapshotItem(0).click();
Without any arguments.</msg>
<status status="PASS" starttime="20220422 11:16:45.304" endtime="20220422 11:16:45.422"></status>
</kw>
<kw name="Execute Javascript" library="SeleniumLibrary">
<doc>Executes the given JavaScript code with possible arguments.</doc>
<arguments>
<arg>document.evaluate("${btnSimpan}",</arg>
<arg>document, null, XPathResult.ORDERED_NODE_SNAPSHOT_TYPE, null).</arg>
<arg>snapshotItem(0).click();</arg>
</arguments>
<msg timestamp="20220422 11:16:45.425" level="INFO">Executing JavaScript:
document.evaluate("//label[text()='Simpan']",document, null, XPathResult.ORDERED_NODE_SNAPSHOT_TYPE, null).snapshotItem(0).click();
Without any arguments.</msg>
<status status="PASS" starttime="20220422 11:16:45.422" endtime="20220422 11:16:45.452"></status>
</kw>
<kw name="Sleep" library="BuiltIn">
<doc>Pauses the test executed for the given time.</doc>
<arguments>
<arg>5s</arg>
</arguments>
<msg timestamp="20220422 11:16:50.466" level="INFO">Slept 5 seconds</msg>
<status status="PASS" starttime="20220422 11:16:45.452" endtime="20220422 11:16:50.467"></status>
</kw>
<status status="PASS" starttime="20220422 11:16:40.916" endtime="20220422 11:16:50.472"></status>
</kw>
<status status="PASS" starttime="20220422 11:16:26.649" endtime="20220422 11:16:50.473"></status>
</kw>
<kw name="Scenario 12: User Mengklik Button Kembali dari page tambah awp">
<kw name="Click Button Tambah AWP" library="awp">
<kw name="Click Element" library="SeleniumLibrary">
<doc>Click element identified by ``locator``.</doc>
<arguments>
<arg>${btnAdd}</arg>
</arguments>
<msg timestamp="20220422 11:16:50.480" level="INFO">Clicking element '//button[text()='Tambah AWP']'.</msg>
<status status="PASS" starttime="20220422 11:16:50.478" endtime="20220422 11:16:52.455"></status>
</kw>
<status status="PASS" starttime="20220422 11:16:50.477" endtime="20220422 11:16:52.456"></status>
</kw>
<kw name="Verify Page Tambah AWP" library="awp">
<kw name="Wait Until Element Is Visible" library="SeleniumLibrary">
<doc>Waits until element ``locator`` is visible.</doc>
<arguments>
<arg>${verifyAddAwp}</arg>
</arguments>
<status status="PASS" starttime="20220422 11:16:52.458" endtime="20220422 11:16:53.181"></status>
</kw>
<kw name="Page Should Contain Element" library="SeleniumLibrary">
<doc>Verifies that element ``locator`` is found on the current page.</doc>
<arguments>
<arg>${verifyAddAwp}</arg>
</arguments>
<msg timestamp="20220422 11:16:53.225" level="INFO">Current page contains element '//label[text()='ANNUAL WORK PLAN (AWP)']'.</msg>
<status status="PASS" starttime="20220422 11:16:53.182" endtime="20220422 11:16:53.225"></status>
</kw>
<status status="PASS" starttime="20220422 11:16:52.456" endtime="20220422 11:16:53.226"></status>
</kw>
<kw name="Click Button Kembali" library="awp">
<kw name="Click Element" library="SeleniumLibrary">
<doc>Click element identified by ``locator``.</doc>
<arguments>
<arg>${btnKembali}</arg>
</arguments>
<msg timestamp="20220422 11:16:53.229" level="INFO">Clicking element '//label[text()='Kembali']'.</msg>
<status status="PASS" starttime="20220422 11:16:53.228" endtime="20220422 11:16:53.654"></status>
</kw>
<status status="PASS" starttime="20220422 11:16:53.227" endtime="20220422 11:16:53.655"></status>
</kw>
<kw name="Verify Page AWP" library="awp">
<kw name="Wait Until Element Is Visible" library="SeleniumLibrary">
<doc>Waits until element ``locator`` is visible.</doc>
<arguments>
<arg>${verifyAwp}</arg>
<arg>timeout=30s</arg>
</arguments>
<status status="PASS" starttime="20220422 11:16:53.656" endtime="20220422 11:16:53.713"></status>
</kw>
<kw name="Page Should Contain Element" library="SeleniumLibrary">
<doc>Verifies that element ``locator`` is found on the current page.</doc>
<arguments>
<arg>${verifyAwp}</arg>
</arguments>
<msg timestamp="20220422 11:16:53.724" level="INFO">Current page contains element '//label[text()='AWP']'.</msg>
<status status="PASS" starttime="20220422 11:16:53.713" endtime="20220422 11:16:53.724"></status>
</kw>
<status status="PASS" starttime="20220422 11:16:53.655" endtime="20220422 11:16:53.724"></status>
</kw>
<status status="PASS" starttime="20220422 11:16:50.475" endtime="20220422 11:16:53.724"></status>
</kw>
<kw name="Scenario 13: User Mengklik Button Batal dari page tambah awp">
<kw name="Click Button Tambah AWP" library="awp">
<kw name="Click Element" library="SeleniumLibrary">
<doc>Click element identified by ``locator``.</doc>
<arguments>
<arg>${btnAdd}</arg>
</arguments>
<msg timestamp="20220422 11:16:53.725" level="INFO">Clicking element '//button[text()='Tambah AWP']'.</msg>
<status status="PASS" starttime="20220422 11:16:53.725" endtime="20220422 11:16:54.738"></status>
</kw>
<status status="PASS" starttime="20220422 11:16:53.725" endtime="20220422 11:16:54.738"></status>
</kw>
<kw name="Click Button Batal" library="awp">
<kw name="Wait Until Element Is Visible" library="SeleniumLibrary">
<doc>Waits until element ``locator`` is visible.</doc>
<arguments>
<arg>${btnBatal}</arg>
<arg>timeout=30s</arg>
</arguments>
<status status="PASS" starttime="20220422 11:16:54.739" endtime="20220422 11:16:55.398"></status>
</kw>
<kw name="Execute Javascript" library="SeleniumLibrary">
<doc>Executes the given JavaScript code with possible arguments.</doc>
<arguments>
<arg>document.evaluate("${btnBatal}",</arg>
<arg>document, null, XPathResult.ORDERED_NODE_SNAPSHOT_TYPE, null).</arg>
<arg>snapshotItem(0).click();</arg>
</arguments>
<msg timestamp="20220422 11:16:55.402" level="INFO">Executing JavaScript:
document.evaluate("//button[text()='Batal']",document, null, XPathResult.ORDERED_NODE_SNAPSHOT_TYPE, null).snapshotItem(0).click();
Without any arguments.</msg>
<status status="PASS" starttime="20220422 11:16:55.399" endtime="20220422 11:16:55.675"></status>
</kw>
<status status="PASS" starttime="20220422 11:16:54.738" endtime="20220422 11:16:55.676"></status>
</kw>
<kw name="Verify Page AWP" library="awp">
<kw name="Wait Until Element Is Visible" library="SeleniumLibrary">
<doc>Waits until element ``locator`` is visible.</doc>
<arguments>
<arg>${verifyAwp}</arg>
<arg>timeout=30s</arg>
</arguments>
<status status="PASS" starttime="20220422 11:16:55.679" endtime="20220422 11:16:55.766"></status>
</kw>
<kw name="Page Should Contain Element" library="SeleniumLibrary">
<doc>Verifies that element ``locator`` is found on the current page.</doc>
<arguments>
<arg>${verifyAwp}</arg>
</arguments>
<msg timestamp="20220422 11:16:55.887" level="INFO">Current page contains element '//label[text()='AWP']'.</msg>
<status status="PASS" starttime="20220422 11:16:55.766" endtime="20220422 11:16:55.888"></status>
</kw>
<status status="PASS" starttime="20220422 11:16:55.677" endtime="20220422 11:16:55.889"></status>
</kw>
<status status="PASS" starttime="20220422 11:16:53.725" endtime="20220422 11:16:55.889"></status>
</kw>
<doc>Regression Menu AWP</doc>
<tags>
<tag>Functionality</tag>
</tags>
<status status="PASS" starttime="20220422 11:15:53.847" endtime="20220422 11:16:55.891" critical="yes"></status>
</test>
<doc>Regression Test Menu AWP</doc>
<status status="PASS" starttime="20220422 11:15:53.370" endtime="20220422 11:16:55.904"></status>
</suite>
<statistics>
<total>
<stat pass="1" fail="0">Critical Tests</stat>
<stat pass="1" fail="0">All Tests</stat>
</total>
<tag>
<stat pass="1" fail="0">Functionality</stat>
</tag>
<suite>
<stat pass="1" fail="0" id="s1" name="05 Awp">05 Awp</stat>
</suite>
</statistics>
<errors>
</errors>
</robot>
