<?xml version="1.0" encoding="UTF-8"?>
<robot generator="Robot 3.2.2 (Python 3.8.5 on win32)" generated="20220419 14:58:24.611" rpa="false">
<suite id="s1" name="Features" source="D:\pyCharmProject\pmrms-testing\Features">
<suite id="s1-s1" name="01 Login Admin" source="D:\pyCharmProject\pmrms-testing\Features\01_Login_Admin.robot">
<test id="s1-s1-t1" name="Login Admin">
<kw name="Scenario 1: Login with username valid and password blank">
<doc>Feature: Login Invalid</doc>
<kw name="Given Login page is open" library="login">
<kw name="Open Browser" library="browser">
<kw name="Start Testcase Headless" library="browser">
<kw name="Evaluate" library="BuiltIn">
<doc>Evaluates the given expression in Python and returns the result.</doc>
<arguments>
<arg>sys.modules['selenium.webdriver'].ChromeOptions()</arg>
</arguments>
<assign>
<var>${options}</var>
</assign>
<msg timestamp="20220419 14:58:24.822" level="INFO">${options} = &lt;selenium.webdriver.chrome.options.Options object at 0x04789028&gt;</msg>
<status status="PASS" starttime="20220419 14:58:24.822" endtime="20220419 14:58:24.822"></status>
</kw>
<kw name="Call Method" library="BuiltIn">
<doc>Calls the named method of the given object with the provided arguments.</doc>
<arguments>
<arg>${options}</arg>
<arg>add_argument</arg>
<arg>--ignore-certificate-errors</arg>
</arguments>
<status status="PASS" starttime="20220419 14:58:24.822" endtime="20220419 14:58:24.822"></status>
</kw>
<kw name="Call Method" library="BuiltIn">
<doc>Calls the named method of the given object with the provided arguments.</doc>
<arguments>
<arg>${options}</arg>
<arg>add_argument</arg>
<arg>--ignore-ssl-errors</arg>
</arguments>
<status status="PASS" starttime="20220419 14:58:24.822" endtime="20220419 14:58:24.823"></status>
</kw>
<kw name="Call Method" library="BuiltIn">
<doc>Calls the named method of the given object with the provided arguments.</doc>
<arguments>
<arg>${options}</arg>
<arg>add_argument</arg>
<arg>--disable-notifications</arg>
</arguments>
<status status="PASS" starttime="20220419 14:58:24.823" endtime="20220419 14:58:24.823"></status>
</kw>
<kw name="Call Method" library="BuiltIn">
<doc>Calls the named method of the given object with the provided arguments.</doc>
<arguments>
<arg>${options}</arg>
<arg>add_argument</arg>
<arg>--no-sandbox</arg>
</arguments>
<status status="PASS" starttime="20220419 14:58:24.823" endtime="20220419 14:58:24.823"></status>
</kw>
<kw name="Call Method" library="BuiltIn">
<doc>Calls the named method of the given object with the provided arguments.</doc>
<arguments>
<arg>${options}</arg>
<arg>add_argument</arg>
<arg>--disable-gpu</arg>
</arguments>
<status status="PASS" starttime="20220419 14:58:24.823" endtime="20220419 14:58:24.824"></status>
</kw>
<kw name="Call Method" library="BuiltIn">
<doc>Calls the named method of the given object with the provided arguments.</doc>
<arguments>
<arg>${options}</arg>
<arg>add_argument</arg>
<arg>--window-size\=1366,768</arg>
</arguments>
<status status="PASS" starttime="20220419 14:58:24.824" endtime="20220419 14:58:24.824"></status>
</kw>
<kw name="Call Method" library="BuiltIn">
<doc>Calls the named method of the given object with the provided arguments.</doc>
<arguments>
<arg>${options}</arg>
<arg>add_argument</arg>
<arg>--headless</arg>
</arguments>
<status status="PASS" starttime="20220419 14:58:24.824" endtime="20220419 14:58:24.824"></status>
</kw>
<kw name="Call Method" library="BuiltIn">
<doc>Calls the named method of the given object with the provided arguments.</doc>
<arguments>
<arg>${options}</arg>
<arg>add_argument</arg>
<arg>--disable-dev-shm-usage</arg>
</arguments>
<status status="PASS" starttime="20220419 14:58:24.824" endtime="20220419 14:58:24.824"></status>
</kw>
<kw name="Create Webdriver" library="SeleniumLibrary">
<doc>Creates an instance of Selenium WebDriver.</doc>
<arguments>
<arg>Chrome</arg>
<arg>chrome_options=${options}</arg>
</arguments>
<msg timestamp="20220419 14:58:24.825" level="INFO">Creating an instance of the Chrome WebDriver.</msg>
<status status="PASS" starttime="20220419 14:58:24.824" endtime="20220419 14:58:25.890"></status>
</kw>
<status status="PASS" starttime="20220419 14:58:24.821" endtime="20220419 14:58:25.890"></status>
</kw>
<kw name="Go To" library="SeleniumLibrary">
<doc>Navigates the active browser instance to the provided ``url``.</doc>
<arguments>
<arg>${chrome_browser}</arg>
</arguments>
<msg timestamp="20220419 14:58:25.891" level="INFO">Opening url 'http://pmrms.greatpmo.com/admin/login'</msg>
<status status="PASS" starttime="20220419 14:58:25.890" endtime="20220419 14:58:28.065"></status>
</kw>
<status status="PASS" starttime="20220419 14:58:24.821" endtime="20220419 14:58:28.066"></status>
</kw>
<status status="PASS" starttime="20220419 14:58:24.821" endtime="20220419 14:58:28.066"></status>
</kw>
<kw name="And Input Valid Username" library="login">
<kw name="Input Text" library="SeleniumLibrary">
<doc>Types the given ``text`` into text field identified by ``locator``.</doc>
<arguments>
<arg>${username}</arg>
<arg>${adm_usr}</arg>
</arguments>
<msg timestamp="20220419 14:58:28.068" level="INFO">Typing text 'ptm15@madrasah.kemenag.go.id' into text field '//input[@id='email']'.</msg>
<status status="PASS" starttime="20220419 14:58:28.067" endtime="20220419 14:58:28.161"></status>
</kw>
<status status="PASS" starttime="20220419 14:58:28.066" endtime="20220419 14:58:28.161"></status>
</kw>
<kw name="Click Button Submit" library="login">
<kw name="Execute Javascript" library="SeleniumLibrary">
<doc>Executes the given JavaScript code with possible arguments.</doc>
<arguments>
<arg>document.evaluate("${btnSubmit}",</arg>
<arg>document, null, XPathResult.ORDERED_NODE_SNAPSHOT_TYPE, null).</arg>
<arg>snapshotItem(0).click();</arg>
</arguments>
<msg timestamp="20220419 14:58:28.162" level="INFO">Executing JavaScript:
document.evaluate("//button[@class='btn']",document, null, XPathResult.ORDERED_NODE_SNAPSHOT_TYPE, null).snapshotItem(0).click();
Without any arguments.</msg>
<status status="PASS" starttime="20220419 14:58:28.161" endtime="20220419 14:58:28.166"></status>
</kw>
<status status="PASS" starttime="20220419 14:58:28.161" endtime="20220419 14:58:28.166"></status>
</kw>
<kw name="Verify Notif Blank Password" library="login">
<kw name="Wait Until Element Is Visible" library="SeleniumLibrary">
<doc>Waits until element ``locator`` is visible.</doc>
<arguments>
<arg>${blank_pwd}</arg>
</arguments>
<status status="PASS" starttime="20220419 14:58:28.167" endtime="20220419 14:58:28.190"></status>
</kw>
<kw name="Page Should Contain Element" library="SeleniumLibrary">
<doc>Verifies that element ``locator`` is found on the current page.</doc>
<arguments>
<arg>${blank_pwd}</arg>
</arguments>
<msg timestamp="20220419 14:58:28.196" level="INFO">Current page contains element '//ngb-alert[text()='Password tidak boleh kosong']'.</msg>
<status status="PASS" starttime="20220419 14:58:28.190" endtime="20220419 14:58:28.196"></status>
</kw>
<status status="PASS" starttime="20220419 14:58:28.167" endtime="20220419 14:58:28.196"></status>
</kw>
<kw name="Finish Testcase" library="browser" type="teardown">
<kw name="Close Browser" library="SeleniumLibrary">
<doc>Closes the current browser.</doc>
<status status="PASS" starttime="20220419 14:58:28.196" endtime="20220419 14:58:30.245"></status>
</kw>
<status status="PASS" starttime="20220419 14:58:28.196" endtime="20220419 14:58:30.246"></status>
</kw>
<status status="PASS" starttime="20220419 14:58:24.820" endtime="20220419 14:58:30.247"></status>
</kw>
<kw name="Scenario 2: Login with username blank and password valid">
<doc>Feature: Login Invalid</doc>
<kw name="Given Login page is open" library="login">
<kw name="Open Browser" library="browser">
<kw name="Start Testcase Headless" library="browser">
<kw name="Evaluate" library="BuiltIn">
<doc>Evaluates the given expression in Python and returns the result.</doc>
<arguments>
<arg>sys.modules['selenium.webdriver'].ChromeOptions()</arg>
</arguments>
<assign>
<var>${options}</var>
</assign>
<msg timestamp="20220419 14:58:30.254" level="INFO">${options} = &lt;selenium.webdriver.chrome.options.Options object at 0x0478E0B8&gt;</msg>
<status status="PASS" starttime="20220419 14:58:30.252" endtime="20220419 14:58:30.254"></status>
</kw>
<kw name="Call Method" library="BuiltIn">
<doc>Calls the named method of the given object with the provided arguments.</doc>
<arguments>
<arg>${options}</arg>
<arg>add_argument</arg>
<arg>--ignore-certificate-errors</arg>
</arguments>
<status status="PASS" starttime="20220419 14:58:30.254" endtime="20220419 14:58:30.255"></status>
</kw>
<kw name="Call Method" library="BuiltIn">
<doc>Calls the named method of the given object with the provided arguments.</doc>
<arguments>
<arg>${options}</arg>
<arg>add_argument</arg>
<arg>--ignore-ssl-errors</arg>
</arguments>
<status status="PASS" starttime="20220419 14:58:30.256" endtime="20220419 14:58:30.257"></status>
</kw>
<kw name="Call Method" library="BuiltIn">
<doc>Calls the named method of the given object with the provided arguments.</doc>
<arguments>
<arg>${options}</arg>
<arg>add_argument</arg>
<arg>--disable-notifications</arg>
</arguments>
<status status="PASS" starttime="20220419 14:58:30.257" endtime="20220419 14:58:30.258"></status>
</kw>
<kw name="Call Method" library="BuiltIn">
<doc>Calls the named method of the given object with the provided arguments.</doc>
<arguments>
<arg>${options}</arg>
<arg>add_argument</arg>
<arg>--no-sandbox</arg>
</arguments>
<status status="PASS" starttime="20220419 14:58:30.258" endtime="20220419 14:58:30.260"></status>
</kw>
<kw name="Call Method" library="BuiltIn">
<doc>Calls the named method of the given object with the provided arguments.</doc>
<arguments>
<arg>${options}</arg>
<arg>add_argument</arg>
<arg>--disable-gpu</arg>
</arguments>
<status status="PASS" starttime="20220419 14:58:30.261" endtime="20220419 14:58:30.262"></status>
</kw>
<kw name="Call Method" library="BuiltIn">
<doc>Calls the named method of the given object with the provided arguments.</doc>
<arguments>
<arg>${options}</arg>
<arg>add_argument</arg>
<arg>--window-size\=1366,768</arg>
</arguments>
<status status="PASS" starttime="20220419 14:58:30.262" endtime="20220419 14:58:30.263"></status>
</kw>
<kw name="Call Method" library="BuiltIn">
<doc>Calls the named method of the given object with the provided arguments.</doc>
<arguments>
<arg>${options}</arg>
<arg>add_argument</arg>
<arg>--headless</arg>
</arguments>
<status status="PASS" starttime="20220419 14:58:30.263" endtime="20220419 14:58:30.264"></status>
</kw>
<kw name="Call Method" library="BuiltIn">
<doc>Calls the named method of the given object with the provided arguments.</doc>
<arguments>
<arg>${options}</arg>
<arg>add_argument</arg>
<arg>--disable-dev-shm-usage</arg>
</arguments>
<status status="PASS" starttime="20220419 14:58:30.265" endtime="20220419 14:58:30.265"></status>
</kw>
<kw name="Create Webdriver" library="SeleniumLibrary">
<doc>Creates an instance of Selenium WebDriver.</doc>
<arguments>
<arg>Chrome</arg>
<arg>chrome_options=${options}</arg>
</arguments>
<msg timestamp="20220419 14:58:30.266" level="INFO">Creating an instance of the Chrome WebDriver.</msg>
<status status="PASS" starttime="20220419 14:58:30.265" endtime="20220419 14:58:31.357"></status>
</kw>
<status status="PASS" starttime="20220419 14:58:30.251" endtime="20220419 14:58:31.357"></status>
</kw>
<kw name="Go To" library="SeleniumLibrary">
<doc>Navigates the active browser instance to the provided ``url``.</doc>
<arguments>
<arg>${chrome_browser}</arg>
</arguments>
<msg timestamp="20220419 14:58:31.358" level="INFO">Opening url 'http://pmrms.greatpmo.com/admin/login'</msg>
<status status="PASS" starttime="20220419 14:58:31.357" endtime="20220419 14:58:33.308"></status>
</kw>
<status status="PASS" starttime="20220419 14:58:30.250" endtime="20220419 14:58:33.309"></status>
</kw>
<status status="PASS" starttime="20220419 14:58:30.249" endtime="20220419 14:58:33.309"></status>
</kw>
<kw name="And Input Valid Password" library="login">
<kw name="Input Text" library="SeleniumLibrary">
<doc>Types the given ``text`` into text field identified by ``locator``.</doc>
<arguments>
<arg>${pwd}</arg>
<arg>${adm_pwd}</arg>
</arguments>
<msg timestamp="20220419 14:58:33.309" level="INFO">Typing text 'User@madrasah2022' into text field '//input[@type='password']'.</msg>
<status status="PASS" starttime="20220419 14:58:33.309" endtime="20220419 14:58:33.391"></status>
</kw>
<status status="PASS" starttime="20220419 14:58:33.309" endtime="20220419 14:58:33.391"></status>
</kw>
<kw name="When Click button submit" library="login">
<kw name="Execute Javascript" library="SeleniumLibrary">
<doc>Executes the given JavaScript code with possible arguments.</doc>
<arguments>
<arg>document.evaluate("${btnSubmit}",</arg>
<arg>document, null, XPathResult.ORDERED_NODE_SNAPSHOT_TYPE, null).</arg>
<arg>snapshotItem(0).click();</arg>
</arguments>
<msg timestamp="20220419 14:58:33.392" level="INFO">Executing JavaScript:
document.evaluate("//button[@class='btn']",document, null, XPathResult.ORDERED_NODE_SNAPSHOT_TYPE, null).snapshotItem(0).click();
Without any arguments.</msg>
<status status="PASS" starttime="20220419 14:58:33.392" endtime="20220419 14:58:33.398"></status>
</kw>
<status status="PASS" starttime="20220419 14:58:33.392" endtime="20220419 14:58:33.398"></status>
</kw>
<kw name="Verify Notif blank username" library="login">
<kw name="Wait Until Element Is Visible" library="SeleniumLibrary">
<doc>Waits until element ``locator`` is visible.</doc>
<arguments>
<arg>${blank_usr}</arg>
</arguments>
<status status="PASS" starttime="20220419 14:58:33.398" endtime="20220419 14:58:33.421"></status>
</kw>
<kw name="Page Should Contain Element" library="SeleniumLibrary">
<doc>Verifies that element ``locator`` is found on the current page.</doc>
<arguments>
<arg>${blank_usr}</arg>
</arguments>
<msg timestamp="20220419 14:58:33.428" level="INFO">Current page contains element '//ngb-alert[text()='Email Tidak Boleh Kosong']'.</msg>
<status status="PASS" starttime="20220419 14:58:33.421" endtime="20220419 14:58:33.428"></status>
</kw>
<status status="PASS" starttime="20220419 14:58:33.398" endtime="20220419 14:58:33.428"></status>
</kw>
<kw name="Finish Testcase" library="browser" type="teardown">
<kw name="Close Browser" library="SeleniumLibrary">
<doc>Closes the current browser.</doc>
<status status="PASS" starttime="20220419 14:58:33.429" endtime="20220419 14:58:35.467"></status>
</kw>
<status status="PASS" starttime="20220419 14:58:33.428" endtime="20220419 14:58:35.467"></status>
</kw>
<status status="PASS" starttime="20220419 14:58:30.247" endtime="20220419 14:58:35.468"></status>
</kw>
<kw name="Scenario 3: Login with username blank and password blank">
<doc>Feature: Login Invalid</doc>
<kw name="Given Login page is open" library="login">
<kw name="Open Browser" library="browser">
<kw name="Start Testcase Headless" library="browser">
<kw name="Evaluate" library="BuiltIn">
<doc>Evaluates the given expression in Python and returns the result.</doc>
<arguments>
<arg>sys.modules['selenium.webdriver'].ChromeOptions()</arg>
</arguments>
<assign>
<var>${options}</var>
</assign>
<msg timestamp="20220419 14:58:35.476" level="INFO">${options} = &lt;selenium.webdriver.chrome.options.Options object at 0x0478E568&gt;</msg>
<status status="PASS" starttime="20220419 14:58:35.474" endtime="20220419 14:58:35.476"></status>
</kw>
<kw name="Call Method" library="BuiltIn">
<doc>Calls the named method of the given object with the provided arguments.</doc>
<arguments>
<arg>${options}</arg>
<arg>add_argument</arg>
<arg>--ignore-certificate-errors</arg>
</arguments>
<status status="PASS" starttime="20220419 14:58:35.477" endtime="20220419 14:58:35.478"></status>
</kw>
<kw name="Call Method" library="BuiltIn">
<doc>Calls the named method of the given object with the provided arguments.</doc>
<arguments>
<arg>${options}</arg>
<arg>add_argument</arg>
<arg>--ignore-ssl-errors</arg>
</arguments>
<status status="PASS" starttime="20220419 14:58:35.478" endtime="20220419 14:58:35.479"></status>
</kw>
<kw name="Call Method" library="BuiltIn">
<doc>Calls the named method of the given object with the provided arguments.</doc>
<arguments>
<arg>${options}</arg>
<arg>add_argument</arg>
<arg>--disable-notifications</arg>
</arguments>
<status status="PASS" starttime="20220419 14:58:35.479" endtime="20220419 14:58:35.479"></status>
</kw>
<kw name="Call Method" library="BuiltIn">
<doc>Calls the named method of the given object with the provided arguments.</doc>
<arguments>
<arg>${options}</arg>
<arg>add_argument</arg>
<arg>--no-sandbox</arg>
</arguments>
<status status="PASS" starttime="20220419 14:58:35.480" endtime="20220419 14:58:35.480"></status>
</kw>
<kw name="Call Method" library="BuiltIn">
<doc>Calls the named method of the given object with the provided arguments.</doc>
<arguments>
<arg>${options}</arg>
<arg>add_argument</arg>
<arg>--disable-gpu</arg>
</arguments>
<status status="PASS" starttime="20220419 14:58:35.481" endtime="20220419 14:58:35.482"></status>
</kw>
<kw name="Call Method" library="BuiltIn">
<doc>Calls the named method of the given object with the provided arguments.</doc>
<arguments>
<arg>${options}</arg>
<arg>add_argument</arg>
<arg>--window-size\=1366,768</arg>
</arguments>
<status status="PASS" starttime="20220419 14:58:35.482" endtime="20220419 14:58:35.482"></status>
</kw>
<kw name="Call Method" library="BuiltIn">
<doc>Calls the named method of the given object with the provided arguments.</doc>
<arguments>
<arg>${options}</arg>
<arg>add_argument</arg>
<arg>--headless</arg>
</arguments>
<status status="PASS" starttime="20220419 14:58:35.482" endtime="20220419 14:58:35.483"></status>
</kw>
<kw name="Call Method" library="BuiltIn">
<doc>Calls the named method of the given object with the provided arguments.</doc>
<arguments>
<arg>${options}</arg>
<arg>add_argument</arg>
<arg>--disable-dev-shm-usage</arg>
</arguments>
<status status="PASS" starttime="20220419 14:58:35.483" endtime="20220419 14:58:35.484"></status>
</kw>
<kw name="Create Webdriver" library="SeleniumLibrary">
<doc>Creates an instance of Selenium WebDriver.</doc>
<arguments>
<arg>Chrome</arg>
<arg>chrome_options=${options}</arg>
</arguments>
<msg timestamp="20220419 14:58:35.485" level="INFO">Creating an instance of the Chrome WebDriver.</msg>
<status status="PASS" starttime="20220419 14:58:35.484" endtime="20220419 14:58:36.549"></status>
</kw>
<status status="PASS" starttime="20220419 14:58:35.473" endtime="20220419 14:58:36.549"></status>
</kw>
<kw name="Go To" library="SeleniumLibrary">
<doc>Navigates the active browser instance to the provided ``url``.</doc>
<arguments>
<arg>${chrome_browser}</arg>
</arguments>
<msg timestamp="20220419 14:58:36.550" level="INFO">Opening url 'http://pmrms.greatpmo.com/admin/login'</msg>
<status status="PASS" starttime="20220419 14:58:36.549" endtime="20220419 14:58:38.639"></status>
</kw>
<status status="PASS" starttime="20220419 14:58:35.472" endtime="20220419 14:58:38.639"></status>
</kw>
<status status="PASS" starttime="20220419 14:58:35.470" endtime="20220419 14:58:38.640"></status>
</kw>
<kw name="When Click button submit" library="login">
<kw name="Execute Javascript" library="SeleniumLibrary">
<doc>Executes the given JavaScript code with possible arguments.</doc>
<arguments>
<arg>document.evaluate("${btnSubmit}",</arg>
<arg>document, null, XPathResult.ORDERED_NODE_SNAPSHOT_TYPE, null).</arg>
<arg>snapshotItem(0).click();</arg>
</arguments>
<msg timestamp="20220419 14:58:38.641" level="INFO">Executing JavaScript:
document.evaluate("//button[@class='btn']",document, null, XPathResult.ORDERED_NODE_SNAPSHOT_TYPE, null).snapshotItem(0).click();
Without any arguments.</msg>
<status status="PASS" starttime="20220419 14:58:38.640" endtime="20220419 14:58:38.652"></status>
</kw>
<status status="PASS" starttime="20220419 14:58:38.640" endtime="20220419 14:58:38.653"></status>
</kw>
<kw name="Verify Notif blank username &amp; password" library="login">
<kw name="Wait Until Element Is Visible" library="SeleniumLibrary">
<doc>Waits until element ``locator`` is visible.</doc>
<arguments>
<arg>${blank_usr_pwd}</arg>
</arguments>
<status status="PASS" starttime="20220419 14:58:38.653" endtime="20220419 14:58:38.676"></status>
</kw>
<kw name="Page Should Contain Element" library="SeleniumLibrary">
<doc>Verifies that element ``locator`` is found on the current page.</doc>
<arguments>
<arg>${blank_usr_pwd}</arg>
</arguments>
<msg timestamp="20220419 14:58:38.684" level="INFO">Current page contains element '//ngb-alert[text()='Form tidak boleh kosong']'.</msg>
<status status="PASS" starttime="20220419 14:58:38.677" endtime="20220419 14:58:38.684"></status>
</kw>
<status status="PASS" starttime="20220419 14:58:38.653" endtime="20220419 14:58:38.684"></status>
</kw>
<kw name="Finish Testcase" library="browser" type="teardown">
<kw name="Close Browser" library="SeleniumLibrary">
<doc>Closes the current browser.</doc>
<status status="PASS" starttime="20220419 14:58:38.684" endtime="20220419 14:58:40.735"></status>
</kw>
<status status="PASS" starttime="20220419 14:58:38.684" endtime="20220419 14:58:40.735"></status>
</kw>
<status status="PASS" starttime="20220419 14:58:35.469" endtime="20220419 14:58:40.736"></status>
</kw>
<kw name="Scenario 4: Login with username tidak diketahui">
<doc>Feature: Login Invalid</doc>
<kw name="Given Login page is open" library="login">
<kw name="Open Browser" library="browser">
<kw name="Start Testcase Headless" library="browser">
<kw name="Evaluate" library="BuiltIn">
<doc>Evaluates the given expression in Python and returns the result.</doc>
<arguments>
<arg>sys.modules['selenium.webdriver'].ChromeOptions()</arg>
</arguments>
<assign>
<var>${options}</var>
</assign>
<msg timestamp="20220419 14:58:40.744" level="INFO">${options} = &lt;selenium.webdriver.chrome.options.Options object at 0x04A06E50&gt;</msg>
<status status="PASS" starttime="20220419 14:58:40.742" endtime="20220419 14:58:40.744"></status>
</kw>
<kw name="Call Method" library="BuiltIn">
<doc>Calls the named method of the given object with the provided arguments.</doc>
<arguments>
<arg>${options}</arg>
<arg>add_argument</arg>
<arg>--ignore-certificate-errors</arg>
</arguments>
<status status="PASS" starttime="20220419 14:58:40.744" endtime="20220419 14:58:40.747"></status>
</kw>
<kw name="Call Method" library="BuiltIn">
<doc>Calls the named method of the given object with the provided arguments.</doc>
<arguments>
<arg>${options}</arg>
<arg>add_argument</arg>
<arg>--ignore-ssl-errors</arg>
</arguments>
<status status="PASS" starttime="20220419 14:58:40.748" endtime="20220419 14:58:40.749"></status>
</kw>
<kw name="Call Method" library="BuiltIn">
<doc>Calls the named method of the given object with the provided arguments.</doc>
<arguments>
<arg>${options}</arg>
<arg>add_argument</arg>
<arg>--disable-notifications</arg>
</arguments>
<status status="PASS" starttime="20220419 14:58:40.749" endtime="20220419 14:58:40.750"></status>
</kw>
<kw name="Call Method" library="BuiltIn">
<doc>Calls the named method of the given object with the provided arguments.</doc>
<arguments>
<arg>${options}</arg>
<arg>add_argument</arg>
<arg>--no-sandbox</arg>
</arguments>
<status status="PASS" starttime="20220419 14:58:40.751" endtime="20220419 14:58:40.752"></status>
</kw>
<kw name="Call Method" library="BuiltIn">
<doc>Calls the named method of the given object with the provided arguments.</doc>
<arguments>
<arg>${options}</arg>
<arg>add_argument</arg>
<arg>--disable-gpu</arg>
</arguments>
<status status="PASS" starttime="20220419 14:58:40.752" endtime="20220419 14:58:40.753"></status>
</kw>
<kw name="Call Method" library="BuiltIn">
<doc>Calls the named method of the given object with the provided arguments.</doc>
<arguments>
<arg>${options}</arg>
<arg>add_argument</arg>
<arg>--window-size\=1366,768</arg>
</arguments>
<status status="PASS" starttime="20220419 14:58:40.753" endtime="20220419 14:58:40.754"></status>
</kw>
<kw name="Call Method" library="BuiltIn">
<doc>Calls the named method of the given object with the provided arguments.</doc>
<arguments>
<arg>${options}</arg>
<arg>add_argument</arg>
<arg>--headless</arg>
</arguments>
<status status="PASS" starttime="20220419 14:58:40.755" endtime="20220419 14:58:40.755"></status>
</kw>
<kw name="Call Method" library="BuiltIn">
<doc>Calls the named method of the given object with the provided arguments.</doc>
<arguments>
<arg>${options}</arg>
<arg>add_argument</arg>
<arg>--disable-dev-shm-usage</arg>
</arguments>
<status status="PASS" starttime="20220419 14:58:40.755" endtime="20220419 14:58:40.756"></status>
</kw>
<kw name="Create Webdriver" library="SeleniumLibrary">
<doc>Creates an instance of Selenium WebDriver.</doc>
<arguments>
<arg>Chrome</arg>
<arg>chrome_options=${options}</arg>
</arguments>
<msg timestamp="20220419 14:58:40.757" level="INFO">Creating an instance of the Chrome WebDriver.</msg>
<status status="PASS" starttime="20220419 14:58:40.756" endtime="20220419 14:58:41.863"></status>
</kw>
<status status="PASS" starttime="20220419 14:58:40.741" endtime="20220419 14:58:41.863"></status>
</kw>
<kw name="Go To" library="SeleniumLibrary">
<doc>Navigates the active browser instance to the provided ``url``.</doc>
<arguments>
<arg>${chrome_browser}</arg>
</arguments>
<msg timestamp="20220419 14:58:41.864" level="INFO">Opening url 'http://pmrms.greatpmo.com/admin/login'</msg>
<status status="PASS" starttime="20220419 14:58:41.864" endtime="20220419 14:58:44.232"></status>
</kw>
<status status="PASS" starttime="20220419 14:58:40.740" endtime="20220419 14:58:44.232"></status>
</kw>
<status status="PASS" starttime="20220419 14:58:40.739" endtime="20220419 14:58:44.232"></status>
</kw>
<kw name="And Input Valid Username" library="login">
<kw name="Input Text" library="SeleniumLibrary">
<doc>Types the given ``text`` into text field identified by ``locator``.</doc>
<arguments>
<arg>${username}</arg>
<arg>${adm_usr}</arg>
</arguments>
<msg timestamp="20220419 14:58:44.233" level="INFO">Typing text 'ptm15@madrasah.kemenag.go.id' into text field '//input[@id='email']'.</msg>
<status status="PASS" starttime="20220419 14:58:44.232" endtime="20220419 14:58:44.319"></status>
</kw>
<status status="PASS" starttime="20220419 14:58:44.232" endtime="20220419 14:58:44.319"></status>
</kw>
<kw name="And Input Invalid Password" library="login">
<kw name="Input Text" library="SeleniumLibrary">
<doc>Types the given ``text`` into text field identified by ``locator``.</doc>
<arguments>
<arg>${pwd}</arg>
<arg>${adm_pwd_wrong}</arg>
</arguments>
<msg timestamp="20220419 14:58:44.320" level="INFO">Typing text '1234567890' into text field '//input[@type='password']'.</msg>
<status status="PASS" starttime="20220419 14:58:44.319" endtime="20220419 14:58:44.391"></status>
</kw>
<status status="PASS" starttime="20220419 14:58:44.319" endtime="20220419 14:58:44.391"></status>
</kw>
<kw name="When Click button submit" library="login">
<kw name="Execute Javascript" library="SeleniumLibrary">
<doc>Executes the given JavaScript code with possible arguments.</doc>
<arguments>
<arg>document.evaluate("${btnSubmit}",</arg>
<arg>document, null, XPathResult.ORDERED_NODE_SNAPSHOT_TYPE, null).</arg>
<arg>snapshotItem(0).click();</arg>
</arguments>
<msg timestamp="20220419 14:58:44.392" level="INFO">Executing JavaScript:
document.evaluate("//button[@class='btn']",document, null, XPathResult.ORDERED_NODE_SNAPSHOT_TYPE, null).snapshotItem(0).click();
Without any arguments.</msg>
<status status="PASS" starttime="20220419 14:58:44.391" endtime="20220419 14:58:44.397"></status>
</kw>
<status status="PASS" starttime="20220419 14:58:44.391" endtime="20220419 14:58:44.397"></status>
</kw>
<kw name="Verify Notif Pengguna tidak diketahui" library="login">
<kw name="Wait Until Element Is Visible" library="SeleniumLibrary">
<doc>Waits until element ``locator`` is visible.</doc>
<arguments>
<arg>${usr_tdk_diketahui}</arg>
</arguments>
<status status="PASS" starttime="20220419 14:58:44.398" endtime="20220419 14:58:44.420"></status>
</kw>
<kw name="Page Should Contain Element" library="SeleniumLibrary">
<doc>Verifies that element ``locator`` is found on the current page.</doc>
<arguments>
<arg>${usr_tdk_diketahui}</arg>
</arguments>
<msg timestamp="20220419 14:58:44.427" level="INFO">Current page contains element '//ngb-alert[text()='Pengguna tidak diketahui']'.</msg>
<status status="PASS" starttime="20220419 14:58:44.420" endtime="20220419 14:58:44.427"></status>
</kw>
<status status="PASS" starttime="20220419 14:58:44.397" endtime="20220419 14:58:44.427"></status>
</kw>
<kw name="Finish Testcase" library="browser" type="teardown">
<kw name="Close Browser" library="SeleniumLibrary">
<doc>Closes the current browser.</doc>
<status status="PASS" starttime="20220419 14:58:44.428" endtime="20220419 14:58:46.475"></status>
</kw>
<status status="PASS" starttime="20220419 14:58:44.427" endtime="20220419 14:58:46.476"></status>
</kw>
<status status="PASS" starttime="20220419 14:58:40.737" endtime="20220419 14:58:46.476"></status>
</kw>
<kw name="Scenario 5: Login with username valid and password valid">
<doc>Feature: Login Valid</doc>
<kw name="Given Login page is open" library="login">
<kw name="Open Browser" library="browser">
<kw name="Start Testcase Headless" library="browser">
<kw name="Evaluate" library="BuiltIn">
<doc>Evaluates the given expression in Python and returns the result.</doc>
<arguments>
<arg>sys.modules['selenium.webdriver'].ChromeOptions()</arg>
</arguments>
<assign>
<var>${options}</var>
</assign>
<msg timestamp="20220419 14:58:46.484" level="INFO">${options} = &lt;selenium.webdriver.chrome.options.Options object at 0x049F1988&gt;</msg>
<status status="PASS" starttime="20220419 14:58:46.483" endtime="20220419 14:58:46.485"></status>
</kw>
<kw name="Call Method" library="BuiltIn">
<doc>Calls the named method of the given object with the provided arguments.</doc>
<arguments>
<arg>${options}</arg>
<arg>add_argument</arg>
<arg>--ignore-certificate-errors</arg>
</arguments>
<status status="PASS" starttime="20220419 14:58:46.485" endtime="20220419 14:58:46.486"></status>
</kw>
<kw name="Call Method" library="BuiltIn">
<doc>Calls the named method of the given object with the provided arguments.</doc>
<arguments>
<arg>${options}</arg>
<arg>add_argument</arg>
<arg>--ignore-ssl-errors</arg>
</arguments>
<status status="PASS" starttime="20220419 14:58:46.486" endtime="20220419 14:58:46.487"></status>
</kw>
<kw name="Call Method" library="BuiltIn">
<doc>Calls the named method of the given object with the provided arguments.</doc>
<arguments>
<arg>${options}</arg>
<arg>add_argument</arg>
<arg>--disable-notifications</arg>
</arguments>
<status status="PASS" starttime="20220419 14:58:46.487" endtime="20220419 14:58:46.487"></status>
</kw>
<kw name="Call Method" library="BuiltIn">
<doc>Calls the named method of the given object with the provided arguments.</doc>
<arguments>
<arg>${options}</arg>
<arg>add_argument</arg>
<arg>--no-sandbox</arg>
</arguments>
<status status="PASS" starttime="20220419 14:58:46.488" endtime="20220419 14:58:46.488"></status>
</kw>
<kw name="Call Method" library="BuiltIn">
<doc>Calls the named method of the given object with the provided arguments.</doc>
<arguments>
<arg>${options}</arg>
<arg>add_argument</arg>
<arg>--disable-gpu</arg>
</arguments>
<status status="PASS" starttime="20220419 14:58:46.489" endtime="20220419 14:58:46.489"></status>
</kw>
<kw name="Call Method" library="BuiltIn">
<doc>Calls the named method of the given object with the provided arguments.</doc>
<arguments>
<arg>${options}</arg>
<arg>add_argument</arg>
<arg>--window-size\=1366,768</arg>
</arguments>
<status status="PASS" starttime="20220419 14:58:46.490" endtime="20220419 14:58:46.490"></status>
</kw>
<kw name="Call Method" library="BuiltIn">
<doc>Calls the named method of the given object with the provided arguments.</doc>
<arguments>
<arg>${options}</arg>
<arg>add_argument</arg>
<arg>--headless</arg>
</arguments>
<status status="PASS" starttime="20220419 14:58:46.490" endtime="20220419 14:58:46.491"></status>
</kw>
<kw name="Call Method" library="BuiltIn">
<doc>Calls the named method of the given object with the provided arguments.</doc>
<arguments>
<arg>${options}</arg>
<arg>add_argument</arg>
<arg>--disable-dev-shm-usage</arg>
</arguments>
<status status="PASS" starttime="20220419 14:58:46.491" endtime="20220419 14:58:46.492"></status>
</kw>
<kw name="Create Webdriver" library="SeleniumLibrary">
<doc>Creates an instance of Selenium WebDriver.</doc>
<arguments>
<arg>Chrome</arg>
<arg>chrome_options=${options}</arg>
</arguments>
<msg timestamp="20220419 14:58:46.493" level="INFO">Creating an instance of the Chrome WebDriver.</msg>
<status status="PASS" starttime="20220419 14:58:46.492" endtime="20220419 14:58:47.515"></status>
</kw>
<status status="PASS" starttime="20220419 14:58:46.481" endtime="20220419 14:58:47.516"></status>
</kw>
<kw name="Go To" library="SeleniumLibrary">
<doc>Navigates the active browser instance to the provided ``url``.</doc>
<arguments>
<arg>${chrome_browser}</arg>
</arguments>
<msg timestamp="20220419 14:58:47.516" level="INFO">Opening url 'http://pmrms.greatpmo.com/admin/login'</msg>
<status status="PASS" starttime="20220419 14:58:47.516" endtime="20220419 14:58:49.550"></status>
</kw>
<status status="PASS" starttime="20220419 14:58:46.480" endtime="20220419 14:58:49.550"></status>
</kw>
<status status="PASS" starttime="20220419 14:58:46.479" endtime="20220419 14:58:49.550"></status>
</kw>
<kw name="And Input Valid Username" library="login">
<kw name="Input Text" library="SeleniumLibrary">
<doc>Types the given ``text`` into text field identified by ``locator``.</doc>
<arguments>
<arg>${username}</arg>
<arg>${adm_usr}</arg>
</arguments>
<msg timestamp="20220419 14:58:49.552" level="INFO">Typing text 'ptm15@madrasah.kemenag.go.id' into text field '//input[@id='email']'.</msg>
<status status="PASS" starttime="20220419 14:58:49.551" endtime="20220419 14:58:49.640"></status>
</kw>
<status status="PASS" starttime="20220419 14:58:49.551" endtime="20220419 14:58:49.640"></status>
</kw>
<kw name="And Input Valid Password" library="login">
<kw name="Input Text" library="SeleniumLibrary">
<doc>Types the given ``text`` into text field identified by ``locator``.</doc>
<arguments>
<arg>${pwd}</arg>
<arg>${adm_pwd}</arg>
</arguments>
<msg timestamp="20220419 14:58:49.641" level="INFO">Typing text 'User@madrasah2022' into text field '//input[@type='password']'.</msg>
<status status="PASS" starttime="20220419 14:58:49.640" endtime="20220419 14:58:49.720"></status>
</kw>
<status status="PASS" starttime="20220419 14:58:49.640" endtime="20220419 14:58:49.720"></status>
</kw>
<kw name="When Click button submit" library="login">
<kw name="Execute Javascript" library="SeleniumLibrary">
<doc>Executes the given JavaScript code with possible arguments.</doc>
<arguments>
<arg>document.evaluate("${btnSubmit}",</arg>
<arg>document, null, XPathResult.ORDERED_NODE_SNAPSHOT_TYPE, null).</arg>
<arg>snapshotItem(0).click();</arg>
</arguments>
<msg timestamp="20220419 14:58:49.721" level="INFO">Executing JavaScript:
document.evaluate("//button[@class='btn']",document, null, XPathResult.ORDERED_NODE_SNAPSHOT_TYPE, null).snapshotItem(0).click();
Without any arguments.</msg>
<status status="PASS" starttime="20220419 14:58:49.720" endtime="20220419 14:58:49.728"></status>
</kw>
<status status="PASS" starttime="20220419 14:58:49.720" endtime="20220419 14:58:49.729"></status>
</kw>
<kw name="Verify Home Page Penanggung Jawab is open" library="login">
<kw name="Wait Until Element Is Visible" library="SeleniumLibrary">
<doc>Waits until element ``locator`` is visible.</doc>
<arguments>
<arg>${Verify_Profile}</arg>
<arg>timeout=30s</arg>
</arguments>
<status status="PASS" starttime="20220419 14:58:49.729" endtime="20220419 14:58:52.475"></status>
</kw>
<kw name="Page Should Contain Element" library="SeleniumLibrary">
<doc>Verifies that element ``locator`` is found on the current page.</doc>
<arguments>
<arg>${Verify_Profile}</arg>
</arguments>
<msg timestamp="20220419 14:58:52.482" level="INFO">Current page contains element 'css= .profile-button'.</msg>
<status status="PASS" starttime="20220419 14:58:52.475" endtime="20220419 14:58:52.482"></status>
</kw>
<status status="PASS" starttime="20220419 14:58:49.729" endtime="20220419 14:58:52.482"></status>
</kw>
<kw name="Finish Testcase" library="browser" type="teardown">
<kw name="Close Browser" library="SeleniumLibrary">
<doc>Closes the current browser.</doc>
<status status="PASS" starttime="20220419 14:58:52.483" endtime="20220419 14:58:54.531"></status>
</kw>
<status status="PASS" starttime="20220419 14:58:52.482" endtime="20220419 14:58:54.532"></status>
</kw>
<status status="PASS" starttime="20220419 14:58:46.478" endtime="20220419 14:58:54.532"></status>
</kw>
<kw name="Finish Testcase" library="browser" type="teardown">
<kw name="Close Browser" library="SeleniumLibrary">
<doc>Closes the current browser.</doc>
<status status="PASS" starttime="20220419 14:58:54.536" endtime="20220419 14:58:54.536"></status>
</kw>
<status status="PASS" starttime="20220419 14:58:54.534" endtime="20220419 14:58:54.537"></status>
</kw>
<doc>Regression Login Admin</doc>
<tags>
<tag>Functionality</tag>
</tags>
<status status="PASS" starttime="20220419 14:58:24.820" endtime="20220419 14:58:54.538" critical="yes"></status>
</test>
<doc>Regression Test Login Admin</doc>
<status status="PASS" starttime="20220419 14:58:24.637" endtime="20220419 14:58:54.543"></status>
</suite>
<suite id="s1-s2" name="02 Login Role Komponen" source="D:\pyCharmProject\pmrms-testing\Features\02_Login_Role_Komponen.robot">
<test id="s1-s2-t1" name="Login Role Komponen">
<kw name="Scenario 1: Login with username valid and password blank">
<doc>Feature: Login Invalid</doc>
<kw name="Given Login page is open" library="login">
<kw name="Open Browser" library="browser">
<kw name="Start Testcase Headless" library="browser">
<kw name="Evaluate" library="BuiltIn">
<doc>Evaluates the given expression in Python and returns the result.</doc>
<arguments>
<arg>sys.modules['selenium.webdriver'].ChromeOptions()</arg>
</arguments>
<assign>
<var>${options}</var>
</assign>
<msg timestamp="20220419 14:58:54.572" level="INFO">${options} = &lt;selenium.webdriver.chrome.options.Options object at 0x0478E130&gt;</msg>
<status status="PASS" starttime="20220419 14:58:54.571" endtime="20220419 14:58:54.572"></status>
</kw>
<kw name="Call Method" library="BuiltIn">
<doc>Calls the named method of the given object with the provided arguments.</doc>
<arguments>
<arg>${options}</arg>
<arg>add_argument</arg>
<arg>--ignore-certificate-errors</arg>
</arguments>
<status status="PASS" starttime="20220419 14:58:54.572" endtime="20220419 14:58:54.572"></status>
</kw>
<kw name="Call Method" library="BuiltIn">
<doc>Calls the named method of the given object with the provided arguments.</doc>
<arguments>
<arg>${options}</arg>
<arg>add_argument</arg>
<arg>--ignore-ssl-errors</arg>
</arguments>
<status status="PASS" starttime="20220419 14:58:54.572" endtime="20220419 14:58:54.573"></status>
</kw>
<kw name="Call Method" library="BuiltIn">
<doc>Calls the named method of the given object with the provided arguments.</doc>
<arguments>
<arg>${options}</arg>
<arg>add_argument</arg>
<arg>--disable-notifications</arg>
</arguments>
<status status="PASS" starttime="20220419 14:58:54.573" endtime="20220419 14:58:54.573"></status>
</kw>
<kw name="Call Method" library="BuiltIn">
<doc>Calls the named method of the given object with the provided arguments.</doc>
<arguments>
<arg>${options}</arg>
<arg>add_argument</arg>
<arg>--no-sandbox</arg>
</arguments>
<status status="PASS" starttime="20220419 14:58:54.573" endtime="20220419 14:58:54.574"></status>
</kw>
<kw name="Call Method" library="BuiltIn">
<doc>Calls the named method of the given object with the provided arguments.</doc>
<arguments>
<arg>${options}</arg>
<arg>add_argument</arg>
<arg>--disable-gpu</arg>
</arguments>
<status status="PASS" starttime="20220419 14:58:54.574" endtime="20220419 14:58:54.574"></status>
</kw>
<kw name="Call Method" library="BuiltIn">
<doc>Calls the named method of the given object with the provided arguments.</doc>
<arguments>
<arg>${options}</arg>
<arg>add_argument</arg>
<arg>--window-size\=1366,768</arg>
</arguments>
<status status="PASS" starttime="20220419 14:58:54.574" endtime="20220419 14:58:54.575"></status>
</kw>
<kw name="Call Method" library="BuiltIn">
<doc>Calls the named method of the given object with the provided arguments.</doc>
<arguments>
<arg>${options}</arg>
<arg>add_argument</arg>
<arg>--headless</arg>
</arguments>
<status status="PASS" starttime="20220419 14:58:54.575" endtime="20220419 14:58:54.575"></status>
</kw>
<kw name="Call Method" library="BuiltIn">
<doc>Calls the named method of the given object with the provided arguments.</doc>
<arguments>
<arg>${options}</arg>
<arg>add_argument</arg>
<arg>--disable-dev-shm-usage</arg>
</arguments>
<status status="PASS" starttime="20220419 14:58:54.575" endtime="20220419 14:58:54.576"></status>
</kw>
<kw name="Create Webdriver" library="SeleniumLibrary">
<doc>Creates an instance of Selenium WebDriver.</doc>
<arguments>
<arg>Chrome</arg>
<arg>chrome_options=${options}</arg>
</arguments>
<msg timestamp="20220419 14:58:54.576" level="INFO">Creating an instance of the Chrome WebDriver.</msg>
<status status="PASS" starttime="20220419 14:58:54.576" endtime="20220419 14:58:55.628"></status>
</kw>
<status status="PASS" starttime="20220419 14:58:54.571" endtime="20220419 14:58:55.628"></status>
</kw>
<kw name="Go To" library="SeleniumLibrary">
<doc>Navigates the active browser instance to the provided ``url``.</doc>
<arguments>
<arg>${chrome_browser}</arg>
</arguments>
<msg timestamp="20220419 14:58:55.629" level="INFO">Opening url 'http://pmrms.greatpmo.com/admin/login'</msg>
<status status="PASS" starttime="20220419 14:58:55.628" endtime="20220419 14:58:57.860"></status>
</kw>
<status status="PASS" starttime="20220419 14:58:54.570" endtime="20220419 14:58:57.860"></status>
</kw>
<status status="PASS" starttime="20220419 14:58:54.570" endtime="20220419 14:58:57.861"></status>
</kw>
<kw name="Input Valid Username role komponen 4" library="login">
<kw name="Input Text" library="SeleniumLibrary">
<doc>Types the given ``text`` into text field identified by ``locator``.</doc>
<arguments>
<arg>${username}</arg>
<arg>${usr_role4}</arg>
</arguments>
<msg timestamp="20220419 14:58:57.862" level="INFO">Typing text 'ptm16@madrasah.kemenag.go.id' into text field '//input[@id='email']'.</msg>
<status status="PASS" starttime="20220419 14:58:57.861" endtime="20220419 14:58:57.947"></status>
</kw>
<status status="PASS" starttime="20220419 14:58:57.861" endtime="20220419 14:58:57.947"></status>
</kw>
<kw name="Click Button Submit" library="login">
<kw name="Execute Javascript" library="SeleniumLibrary">
<doc>Executes the given JavaScript code with possible arguments.</doc>
<arguments>
<arg>document.evaluate("${btnSubmit}",</arg>
<arg>document, null, XPathResult.ORDERED_NODE_SNAPSHOT_TYPE, null).</arg>
<arg>snapshotItem(0).click();</arg>
</arguments>
<msg timestamp="20220419 14:58:57.948" level="INFO">Executing JavaScript:
document.evaluate("//button[@class='btn']",document, null, XPathResult.ORDERED_NODE_SNAPSHOT_TYPE, null).snapshotItem(0).click();
Without any arguments.</msg>
<status status="PASS" starttime="20220419 14:58:57.947" endtime="20220419 14:58:57.954"></status>
</kw>
<status status="PASS" starttime="20220419 14:58:57.947" endtime="20220419 14:58:57.954"></status>
</kw>
<kw name="Verify Notif Blank Password" library="login">
<kw name="Wait Until Element Is Visible" library="SeleniumLibrary">
<doc>Waits until element ``locator`` is visible.</doc>
<arguments>
<arg>${blank_pwd}</arg>
</arguments>
<status status="PASS" starttime="20220419 14:58:57.954" endtime="20220419 14:58:57.977"></status>
</kw>
<kw name="Page Should Contain Element" library="SeleniumLibrary">
<doc>Verifies that element ``locator`` is found on the current page.</doc>
<arguments>
<arg>${blank_pwd}</arg>
</arguments>
<msg timestamp="20220419 14:58:57.984" level="INFO">Current page contains element '//ngb-alert[text()='Password tidak boleh kosong']'.</msg>
<status status="PASS" starttime="20220419 14:58:57.977" endtime="20220419 14:58:57.984"></status>
</kw>
<status status="PASS" starttime="20220419 14:58:57.954" endtime="20220419 14:58:57.985"></status>
</kw>
<kw name="Finish Testcase" library="browser" type="teardown">
<kw name="Close Browser" library="SeleniumLibrary">
<doc>Closes the current browser.</doc>
<status status="PASS" starttime="20220419 14:58:57.985" endtime="20220419 14:59:00.032"></status>
</kw>
<status status="PASS" starttime="20220419 14:58:57.985" endtime="20220419 14:59:00.032"></status>
</kw>
<status status="PASS" starttime="20220419 14:58:54.569" endtime="20220419 14:59:00.032"></status>
</kw>
<kw name="Scenario 2: Login with username blank and password valid">
<doc>Feature: Login Invalid</doc>
<kw name="Given Login page is open" library="login">
<kw name="Open Browser" library="browser">
<kw name="Start Testcase Headless" library="browser">
<kw name="Evaluate" library="BuiltIn">
<doc>Evaluates the given expression in Python and returns the result.</doc>
<arguments>
<arg>sys.modules['selenium.webdriver'].ChromeOptions()</arg>
</arguments>
<assign>
<var>${options}</var>
</assign>
<msg timestamp="20220419 14:59:00.037" level="INFO">${options} = &lt;selenium.webdriver.chrome.options.Options object at 0x0478E058&gt;</msg>
<status status="PASS" starttime="20220419 14:59:00.037" endtime="20220419 14:59:00.037"></status>
</kw>
<kw name="Call Method" library="BuiltIn">
<doc>Calls the named method of the given object with the provided arguments.</doc>
<arguments>
<arg>${options}</arg>
<arg>add_argument</arg>
<arg>--ignore-certificate-errors</arg>
</arguments>
<status status="PASS" starttime="20220419 14:59:00.038" endtime="20220419 14:59:00.038"></status>
</kw>
<kw name="Call Method" library="BuiltIn">
<doc>Calls the named method of the given object with the provided arguments.</doc>
<arguments>
<arg>${options}</arg>
<arg>add_argument</arg>
<arg>--ignore-ssl-errors</arg>
</arguments>
<status status="PASS" starttime="20220419 14:59:00.038" endtime="20220419 14:59:00.039"></status>
</kw>
<kw name="Call Method" library="BuiltIn">
<doc>Calls the named method of the given object with the provided arguments.</doc>
<arguments>
<arg>${options}</arg>
<arg>add_argument</arg>
<arg>--disable-notifications</arg>
</arguments>
<status status="PASS" starttime="20220419 14:59:00.039" endtime="20220419 14:59:00.039"></status>
</kw>
<kw name="Call Method" library="BuiltIn">
<doc>Calls the named method of the given object with the provided arguments.</doc>
<arguments>
<arg>${options}</arg>
<arg>add_argument</arg>
<arg>--no-sandbox</arg>
</arguments>
<status status="PASS" starttime="20220419 14:59:00.039" endtime="20220419 14:59:00.040"></status>
</kw>
<kw name="Call Method" library="BuiltIn">
<doc>Calls the named method of the given object with the provided arguments.</doc>
<arguments>
<arg>${options}</arg>
<arg>add_argument</arg>
<arg>--disable-gpu</arg>
</arguments>
<status status="PASS" starttime="20220419 14:59:00.040" endtime="20220419 14:59:00.040"></status>
</kw>
<kw name="Call Method" library="BuiltIn">
<doc>Calls the named method of the given object with the provided arguments.</doc>
<arguments>
<arg>${options}</arg>
<arg>add_argument</arg>
<arg>--window-size\=1366,768</arg>
</arguments>
<status status="PASS" starttime="20220419 14:59:00.040" endtime="20220419 14:59:00.041"></status>
</kw>
<kw name="Call Method" library="BuiltIn">
<doc>Calls the named method of the given object with the provided arguments.</doc>
<arguments>
<arg>${options}</arg>
<arg>add_argument</arg>
<arg>--headless</arg>
</arguments>
<status status="PASS" starttime="20220419 14:59:00.041" endtime="20220419 14:59:00.041"></status>
</kw>
<kw name="Call Method" library="BuiltIn">
<doc>Calls the named method of the given object with the provided arguments.</doc>
<arguments>
<arg>${options}</arg>
<arg>add_argument</arg>
<arg>--disable-dev-shm-usage</arg>
</arguments>
<status status="PASS" starttime="20220419 14:59:00.042" endtime="20220419 14:59:00.042"></status>
</kw>
<kw name="Create Webdriver" library="SeleniumLibrary">
<doc>Creates an instance of Selenium WebDriver.</doc>
<arguments>
<arg>Chrome</arg>
<arg>chrome_options=${options}</arg>
</arguments>
<msg timestamp="20220419 14:59:00.043" level="INFO">Creating an instance of the Chrome WebDriver.</msg>
<status status="PASS" starttime="20220419 14:59:00.042" endtime="20220419 14:59:01.099"></status>
</kw>
<status status="PASS" starttime="20220419 14:59:00.036" endtime="20220419 14:59:01.099"></status>
</kw>
<kw name="Go To" library="SeleniumLibrary">
<doc>Navigates the active browser instance to the provided ``url``.</doc>
<arguments>
<arg>${chrome_browser}</arg>
</arguments>
<msg timestamp="20220419 14:59:01.100" level="INFO">Opening url 'http://pmrms.greatpmo.com/admin/login'</msg>
<status status="PASS" starttime="20220419 14:59:01.099" endtime="20220419 14:59:03.138"></status>
</kw>
<status status="PASS" starttime="20220419 14:59:00.036" endtime="20220419 14:59:03.138"></status>
</kw>
<status status="PASS" starttime="20220419 14:59:00.035" endtime="20220419 14:59:03.138"></status>
</kw>
<kw name="And Input Valid Password Role" library="login">
<kw name="Input Text" library="SeleniumLibrary">
<doc>Types the given ``text`` into text field identified by ``locator``.</doc>
<arguments>
<arg>${pwd}</arg>
<arg>${user_pwd}</arg>
</arguments>
<msg timestamp="20220419 14:59:03.139" level="INFO">Typing text 'User@madrasah2022' into text field '//input[@type='password']'.</msg>
<status status="PASS" starttime="20220419 14:59:03.139" endtime="20220419 14:59:03.219"></status>
</kw>
<status status="PASS" starttime="20220419 14:59:03.139" endtime="20220419 14:59:03.219"></status>
</kw>
<kw name="When Click button submit" library="login">
<kw name="Execute Javascript" library="SeleniumLibrary">
<doc>Executes the given JavaScript code with possible arguments.</doc>
<arguments>
<arg>document.evaluate("${btnSubmit}",</arg>
<arg>document, null, XPathResult.ORDERED_NODE_SNAPSHOT_TYPE, null).</arg>
<arg>snapshotItem(0).click();</arg>
</arguments>
<msg timestamp="20220419 14:59:03.220" level="INFO">Executing JavaScript:
document.evaluate("//button[@class='btn']",document, null, XPathResult.ORDERED_NODE_SNAPSHOT_TYPE, null).snapshotItem(0).click();
Without any arguments.</msg>
<status status="PASS" starttime="20220419 14:59:03.219" endtime="20220419 14:59:03.225"></status>
</kw>
<status status="PASS" starttime="20220419 14:59:03.219" endtime="20220419 14:59:03.225"></status>
</kw>
<kw name="Verify Notif blank username" library="login">
<kw name="Wait Until Element Is Visible" library="SeleniumLibrary">
<doc>Waits until element ``locator`` is visible.</doc>
<arguments>
<arg>${blank_usr}</arg>
</arguments>
<status status="PASS" starttime="20220419 14:59:03.226" endtime="20220419 14:59:03.247"></status>
</kw>
<kw name="Page Should Contain Element" library="SeleniumLibrary">
<doc>Verifies that element ``locator`` is found on the current page.</doc>
<arguments>
<arg>${blank_usr}</arg>
</arguments>
<msg timestamp="20220419 14:59:03.255" level="INFO">Current page contains element '//ngb-alert[text()='Email Tidak Boleh Kosong']'.</msg>
<status status="PASS" starttime="20220419 14:59:03.247" endtime="20220419 14:59:03.255"></status>
</kw>
<status status="PASS" starttime="20220419 14:59:03.225" endtime="20220419 14:59:03.255"></status>
</kw>
<kw name="Finish Testcase" library="browser" type="teardown">
<kw name="Close Browser" library="SeleniumLibrary">
<doc>Closes the current browser.</doc>
<status status="PASS" starttime="20220419 14:59:03.256" endtime="20220419 14:59:05.320"></status>
</kw>
<status status="PASS" starttime="20220419 14:59:03.255" endtime="20220419 14:59:05.320"></status>
</kw>
<status status="PASS" starttime="20220419 14:59:00.034" endtime="20220419 14:59:05.321"></status>
</kw>
<kw name="Scenario 3: Login with username blank and password blank">
<doc>Feature: Login Invalid</doc>
<kw name="Given Login page is open" library="login">
<kw name="Open Browser" library="browser">
<kw name="Start Testcase Headless" library="browser">
<kw name="Evaluate" library="BuiltIn">
<doc>Evaluates the given expression in Python and returns the result.</doc>
<arguments>
<arg>sys.modules['selenium.webdriver'].ChromeOptions()</arg>
</arguments>
<assign>
<var>${options}</var>
</assign>
<msg timestamp="20220419 14:59:05.328" level="INFO">${options} = &lt;selenium.webdriver.chrome.options.Options object at 0x04A06148&gt;</msg>
<status status="PASS" starttime="20220419 14:59:05.327" endtime="20220419 14:59:05.329"></status>
</kw>
<kw name="Call Method" library="BuiltIn">
<doc>Calls the named method of the given object with the provided arguments.</doc>
<arguments>
<arg>${options}</arg>
<arg>add_argument</arg>
<arg>--ignore-certificate-errors</arg>
</arguments>
<status status="PASS" starttime="20220419 14:59:05.329" endtime="20220419 14:59:05.330"></status>
</kw>
<kw name="Call Method" library="BuiltIn">
<doc>Calls the named method of the given object with the provided arguments.</doc>
<arguments>
<arg>${options}</arg>
<arg>add_argument</arg>
<arg>--ignore-ssl-errors</arg>
</arguments>
<status status="PASS" starttime="20220419 14:59:05.330" endtime="20220419 14:59:05.331"></status>
</kw>
<kw name="Call Method" library="BuiltIn">
<doc>Calls the named method of the given object with the provided arguments.</doc>
<arguments>
<arg>${options}</arg>
<arg>add_argument</arg>
<arg>--disable-notifications</arg>
</arguments>
<status status="PASS" starttime="20220419 14:59:05.332" endtime="20220419 14:59:05.332"></status>
</kw>
<kw name="Call Method" library="BuiltIn">
<doc>Calls the named method of the given object with the provided arguments.</doc>
<arguments>
<arg>${options}</arg>
<arg>add_argument</arg>
<arg>--no-sandbox</arg>
</arguments>
<status status="PASS" starttime="20220419 14:59:05.333" endtime="20220419 14:59:05.334"></status>
</kw>
<kw name="Call Method" library="BuiltIn">
<doc>Calls the named method of the given object with the provided arguments.</doc>
<arguments>
<arg>${options}</arg>
<arg>add_argument</arg>
<arg>--disable-gpu</arg>
</arguments>
<status status="PASS" starttime="20220419 14:59:05.334" endtime="20220419 14:59:05.334"></status>
</kw>
<kw name="Call Method" library="BuiltIn">
<doc>Calls the named method of the given object with the provided arguments.</doc>
<arguments>
<arg>${options}</arg>
<arg>add_argument</arg>
<arg>--window-size\=1366,768</arg>
</arguments>
<status status="PASS" starttime="20220419 14:59:05.335" endtime="20220419 14:59:05.336"></status>
</kw>
<kw name="Call Method" library="BuiltIn">
<doc>Calls the named method of the given object with the provided arguments.</doc>
<arguments>
<arg>${options}</arg>
<arg>add_argument</arg>
<arg>--headless</arg>
</arguments>
<status status="PASS" starttime="20220419 14:59:05.336" endtime="20220419 14:59:05.336"></status>
</kw>
<kw name="Call Method" library="BuiltIn">
<doc>Calls the named method of the given object with the provided arguments.</doc>
<arguments>
<arg>${options}</arg>
<arg>add_argument</arg>
<arg>--disable-dev-shm-usage</arg>
</arguments>
<status status="PASS" starttime="20220419 14:59:05.337" endtime="20220419 14:59:05.337"></status>
</kw>
<kw name="Create Webdriver" library="SeleniumLibrary">
<doc>Creates an instance of Selenium WebDriver.</doc>
<arguments>
<arg>Chrome</arg>
<arg>chrome_options=${options}</arg>
</arguments>
<msg timestamp="20220419 14:59:05.338" level="INFO">Creating an instance of the Chrome WebDriver.</msg>
<status status="PASS" starttime="20220419 14:59:05.338" endtime="20220419 14:59:06.411"></status>
</kw>
<status status="PASS" starttime="20220419 14:59:05.326" endtime="20220419 14:59:06.411"></status>
</kw>
<kw name="Go To" library="SeleniumLibrary">
<doc>Navigates the active browser instance to the provided ``url``.</doc>
<arguments>
<arg>${chrome_browser}</arg>
</arguments>
<msg timestamp="20220419 14:59:06.413" level="INFO">Opening url 'http://pmrms.greatpmo.com/admin/login'</msg>
<status status="PASS" starttime="20220419 14:59:06.412" endtime="20220419 14:59:09.696"></status>
</kw>
<status status="PASS" starttime="20220419 14:59:05.325" endtime="20220419 14:59:09.696"></status>
</kw>
<status status="PASS" starttime="20220419 14:59:05.324" endtime="20220419 14:59:09.697"></status>
</kw>
<kw name="When Click button submit" library="login">
<kw name="Execute Javascript" library="SeleniumLibrary">
<doc>Executes the given JavaScript code with possible arguments.</doc>
<arguments>
<arg>document.evaluate("${btnSubmit}",</arg>
<arg>document, null, XPathResult.ORDERED_NODE_SNAPSHOT_TYPE, null).</arg>
<arg>snapshotItem(0).click();</arg>
</arguments>
<msg timestamp="20220419 14:59:09.699" level="INFO">Executing JavaScript:
document.evaluate("//button[@class='btn']",document, null, XPathResult.ORDERED_NODE_SNAPSHOT_TYPE, null).snapshotItem(0).click();
Without any arguments.</msg>
<status status="PASS" starttime="20220419 14:59:09.698" endtime="20220419 14:59:09.716"></status>
</kw>
<status status="PASS" starttime="20220419 14:59:09.697" endtime="20220419 14:59:09.717"></status>
</kw>
<kw name="Verify Notif blank username &amp; password" library="login">
<kw name="Wait Until Element Is Visible" library="SeleniumLibrary">
<doc>Waits until element ``locator`` is visible.</doc>
<arguments>
<arg>${blank_usr_pwd}</arg>
</arguments>
<status status="PASS" starttime="20220419 14:59:09.717" endtime="20220419 14:59:09.741"></status>
</kw>
<kw name="Page Should Contain Element" library="SeleniumLibrary">
<doc>Verifies that element ``locator`` is found on the current page.</doc>
<arguments>
<arg>${blank_usr_pwd}</arg>
</arguments>
<msg timestamp="20220419 14:59:09.746" level="INFO">Current page contains element '//ngb-alert[text()='Form tidak boleh kosong']'.</msg>
<status status="PASS" starttime="20220419 14:59:09.741" endtime="20220419 14:59:09.746"></status>
</kw>
<status status="PASS" starttime="20220419 14:59:09.717" endtime="20220419 14:59:09.747"></status>
</kw>
<kw name="Finish Testcase" library="browser" type="teardown">
<kw name="Close Browser" library="SeleniumLibrary">
<doc>Closes the current browser.</doc>
<status status="PASS" starttime="20220419 14:59:09.747" endtime="20220419 14:59:11.800"></status>
</kw>
<status status="PASS" starttime="20220419 14:59:09.747" endtime="20220419 14:59:11.800"></status>
</kw>
<status status="PASS" starttime="20220419 14:59:05.322" endtime="20220419 14:59:11.801"></status>
</kw>
<kw name="Scenario 4: Login with username tidak diketahui">
<doc>Feature: Login Invalid</doc>
<kw name="Given Login page is open" library="login">
<kw name="Open Browser" library="browser">
<kw name="Start Testcase Headless" library="browser">
<kw name="Evaluate" library="BuiltIn">
<doc>Evaluates the given expression in Python and returns the result.</doc>
<arguments>
<arg>sys.modules['selenium.webdriver'].ChromeOptions()</arg>
</arguments>
<assign>
<var>${options}</var>
</assign>
<msg timestamp="20220419 14:59:11.809" level="INFO">${options} = &lt;selenium.webdriver.chrome.options.Options object at 0x04764AA8&gt;</msg>
<status status="PASS" starttime="20220419 14:59:11.807" endtime="20220419 14:59:11.809"></status>
</kw>
<kw name="Call Method" library="BuiltIn">
<doc>Calls the named method of the given object with the provided arguments.</doc>
<arguments>
<arg>${options}</arg>
<arg>add_argument</arg>
<arg>--ignore-certificate-errors</arg>
</arguments>
<status status="PASS" starttime="20220419 14:59:11.809" endtime="20220419 14:59:11.810"></status>
</kw>
<kw name="Call Method" library="BuiltIn">
<doc>Calls the named method of the given object with the provided arguments.</doc>
<arguments>
<arg>${options}</arg>
<arg>add_argument</arg>
<arg>--ignore-ssl-errors</arg>
</arguments>
<status status="PASS" starttime="20220419 14:59:11.811" endtime="20220419 14:59:11.811"></status>
</kw>
<kw name="Call Method" library="BuiltIn">
<doc>Calls the named method of the given object with the provided arguments.</doc>
<arguments>
<arg>${options}</arg>
<arg>add_argument</arg>
<arg>--disable-notifications</arg>
</arguments>
<status status="PASS" starttime="20220419 14:59:11.812" endtime="20220419 14:59:11.813"></status>
</kw>
<kw name="Call Method" library="BuiltIn">
<doc>Calls the named method of the given object with the provided arguments.</doc>
<arguments>
<arg>${options}</arg>
<arg>add_argument</arg>
<arg>--no-sandbox</arg>
</arguments>
<status status="PASS" starttime="20220419 14:59:11.813" endtime="20220419 14:59:11.814"></status>
</kw>
<kw name="Call Method" library="BuiltIn">
<doc>Calls the named method of the given object with the provided arguments.</doc>
<arguments>
<arg>${options}</arg>
<arg>add_argument</arg>
<arg>--disable-gpu</arg>
</arguments>
<status status="PASS" starttime="20220419 14:59:11.814" endtime="20220419 14:59:11.815"></status>
</kw>
<kw name="Call Method" library="BuiltIn">
<doc>Calls the named method of the given object with the provided arguments.</doc>
<arguments>
<arg>${options}</arg>
<arg>add_argument</arg>
<arg>--window-size\=1366,768</arg>
</arguments>
<status status="PASS" starttime="20220419 14:59:11.816" endtime="20220419 14:59:11.817"></status>
</kw>
<kw name="Call Method" library="BuiltIn">
<doc>Calls the named method of the given object with the provided arguments.</doc>
<arguments>
<arg>${options}</arg>
<arg>add_argument</arg>
<arg>--headless</arg>
</arguments>
<status status="PASS" starttime="20220419 14:59:11.817" endtime="20220419 14:59:11.818"></status>
</kw>
<kw name="Call Method" library="BuiltIn">
<doc>Calls the named method of the given object with the provided arguments.</doc>
<arguments>
<arg>${options}</arg>
<arg>add_argument</arg>
<arg>--disable-dev-shm-usage</arg>
</arguments>
<status status="PASS" starttime="20220419 14:59:11.818" endtime="20220419 14:59:11.819"></status>
</kw>
<kw name="Create Webdriver" library="SeleniumLibrary">
<doc>Creates an instance of Selenium WebDriver.</doc>
<arguments>
<arg>Chrome</arg>
<arg>chrome_options=${options}</arg>
</arguments>
<msg timestamp="20220419 14:59:11.820" level="INFO">Creating an instance of the Chrome WebDriver.</msg>
<status status="PASS" starttime="20220419 14:59:11.819" endtime="20220419 14:59:12.887"></status>
</kw>
<status status="PASS" starttime="20220419 14:59:11.806" endtime="20220419 14:59:12.888"></status>
</kw>
<kw name="Go To" library="SeleniumLibrary">
<doc>Navigates the active browser instance to the provided ``url``.</doc>
<arguments>
<arg>${chrome_browser}</arg>
</arguments>
<msg timestamp="20220419 14:59:12.889" level="INFO">Opening url 'http://pmrms.greatpmo.com/admin/login'</msg>
<status status="PASS" starttime="20220419 14:59:12.888" endtime="20220419 14:59:15.343"></status>
</kw>
<status status="PASS" starttime="20220419 14:59:11.805" endtime="20220419 14:59:15.343"></status>
</kw>
<status status="PASS" starttime="20220419 14:59:11.804" endtime="20220419 14:59:15.343"></status>
</kw>
<kw name="Input Valid Username role komponen 4" library="login">
<kw name="Input Text" library="SeleniumLibrary">
<doc>Types the given ``text`` into text field identified by ``locator``.</doc>
<arguments>
<arg>${username}</arg>
<arg>${usr_role4}</arg>
</arguments>
<msg timestamp="20220419 14:59:15.344" level="INFO">Typing text 'ptm16@madrasah.kemenag.go.id' into text field '//input[@id='email']'.</msg>
<status status="PASS" starttime="20220419 14:59:15.344" endtime="20220419 14:59:15.432"></status>
</kw>
<status status="PASS" starttime="20220419 14:59:15.343" endtime="20220419 14:59:15.432"></status>
</kw>
<kw name="And Input Invalid Password" library="login">
<kw name="Input Text" library="SeleniumLibrary">
<doc>Types the given ``text`` into text field identified by ``locator``.</doc>
<arguments>
<arg>${pwd}</arg>
<arg>${adm_pwd_wrong}</arg>
</arguments>
<msg timestamp="20220419 14:59:15.433" level="INFO">Typing text '1234567890' into text field '//input[@type='password']'.</msg>
<status status="PASS" starttime="20220419 14:59:15.432" endtime="20220419 14:59:15.504"></status>
</kw>
<status status="PASS" starttime="20220419 14:59:15.432" endtime="20220419 14:59:15.504"></status>
</kw>
<kw name="When Click button submit" library="login">
<kw name="Execute Javascript" library="SeleniumLibrary">
<doc>Executes the given JavaScript code with possible arguments.</doc>
<arguments>
<arg>document.evaluate("${btnSubmit}",</arg>
<arg>document, null, XPathResult.ORDERED_NODE_SNAPSHOT_TYPE, null).</arg>
<arg>snapshotItem(0).click();</arg>
</arguments>
<msg timestamp="20220419 14:59:15.505" level="INFO">Executing JavaScript:
document.evaluate("//button[@class='btn']",document, null, XPathResult.ORDERED_NODE_SNAPSHOT_TYPE, null).snapshotItem(0).click();
Without any arguments.</msg>
<status status="PASS" starttime="20220419 14:59:15.504" endtime="20220419 14:59:15.511"></status>
</kw>
<status status="PASS" starttime="20220419 14:59:15.504" endtime="20220419 14:59:15.511"></status>
</kw>
<kw name="Verify Notif Pengguna tidak diketahui" library="login">
<kw name="Wait Until Element Is Visible" library="SeleniumLibrary">
<doc>Waits until element ``locator`` is visible.</doc>
<arguments>
<arg>${usr_tdk_diketahui}</arg>
</arguments>
<status status="PASS" starttime="20220419 14:59:15.511" endtime="20220419 14:59:15.536"></status>
</kw>
<kw name="Page Should Contain Element" library="SeleniumLibrary">
<doc>Verifies that element ``locator`` is found on the current page.</doc>
<arguments>
<arg>${usr_tdk_diketahui}</arg>
</arguments>
<msg timestamp="20220419 14:59:15.543" level="INFO">Current page contains element '//ngb-alert[text()='Pengguna tidak diketahui']'.</msg>
<status status="PASS" starttime="20220419 14:59:15.536" endtime="20220419 14:59:15.543"></status>
</kw>
<status status="PASS" starttime="20220419 14:59:15.511" endtime="20220419 14:59:15.543"></status>
</kw>
<kw name="Finish Testcase" library="browser" type="teardown">
<kw name="Close Browser" library="SeleniumLibrary">
<doc>Closes the current browser.</doc>
<status status="PASS" starttime="20220419 14:59:15.544" endtime="20220419 14:59:17.591"></status>
</kw>
<status status="PASS" starttime="20220419 14:59:15.543" endtime="20220419 14:59:17.592"></status>
</kw>
<status status="PASS" starttime="20220419 14:59:11.802" endtime="20220419 14:59:17.592"></status>
</kw>
<kw name="Scenario 5: Login with username valid and password valid">
<doc>Feature: Login Valid</doc>
<kw name="Given Login page is open" library="login">
<kw name="Open Browser" library="browser">
<kw name="Start Testcase Headless" library="browser">
<kw name="Evaluate" library="BuiltIn">
<doc>Evaluates the given expression in Python and returns the result.</doc>
<arguments>
<arg>sys.modules['selenium.webdriver'].ChromeOptions()</arg>
</arguments>
<assign>
<var>${options}</var>
</assign>
<msg timestamp="20220419 14:59:17.597" level="INFO">${options} = &lt;selenium.webdriver.chrome.options.Options object at 0x04A207D8&gt;</msg>
<status status="PASS" starttime="20220419 14:59:17.596" endtime="20220419 14:59:17.597"></status>
</kw>
<kw name="Call Method" library="BuiltIn">
<doc>Calls the named method of the given object with the provided arguments.</doc>
<arguments>
<arg>${options}</arg>
<arg>add_argument</arg>
<arg>--ignore-certificate-errors</arg>
</arguments>
<status status="PASS" starttime="20220419 14:59:17.597" endtime="20220419 14:59:17.598"></status>
</kw>
<kw name="Call Method" library="BuiltIn">
<doc>Calls the named method of the given object with the provided arguments.</doc>
<arguments>
<arg>${options}</arg>
<arg>add_argument</arg>
<arg>--ignore-ssl-errors</arg>
</arguments>
<status status="PASS" starttime="20220419 14:59:17.598" endtime="20220419 14:59:17.598"></status>
</kw>
<kw name="Call Method" library="BuiltIn">
<doc>Calls the named method of the given object with the provided arguments.</doc>
<arguments>
<arg>${options}</arg>
<arg>add_argument</arg>
<arg>--disable-notifications</arg>
</arguments>
<status status="PASS" starttime="20220419 14:59:17.598" endtime="20220419 14:59:17.598"></status>
</kw>
<kw name="Call Method" library="BuiltIn">
<doc>Calls the named method of the given object with the provided arguments.</doc>
<arguments>
<arg>${options}</arg>
<arg>add_argument</arg>
<arg>--no-sandbox</arg>
</arguments>
<status status="PASS" starttime="20220419 14:59:17.598" endtime="20220419 14:59:17.599"></status>
</kw>
<kw name="Call Method" library="BuiltIn">
<doc>Calls the named method of the given object with the provided arguments.</doc>
<arguments>
<arg>${options}</arg>
<arg>add_argument</arg>
<arg>--disable-gpu</arg>
</arguments>
<status status="PASS" starttime="20220419 14:59:17.599" endtime="20220419 14:59:17.599"></status>
</kw>
<kw name="Call Method" library="BuiltIn">
<doc>Calls the named method of the given object with the provided arguments.</doc>
<arguments>
<arg>${options}</arg>
<arg>add_argument</arg>
<arg>--window-size\=1366,768</arg>
</arguments>
<status status="PASS" starttime="20220419 14:59:17.599" endtime="20220419 14:59:17.600"></status>
</kw>
<kw name="Call Method" library="BuiltIn">
<doc>Calls the named method of the given object with the provided arguments.</doc>
<arguments>
<arg>${options}</arg>
<arg>add_argument</arg>
<arg>--headless</arg>
</arguments>
<status status="PASS" starttime="20220419 14:59:17.600" endtime="20220419 14:59:17.600"></status>
</kw>
<kw name="Call Method" library="BuiltIn">
<doc>Calls the named method of the given object with the provided arguments.</doc>
<arguments>
<arg>${options}</arg>
<arg>add_argument</arg>
<arg>--disable-dev-shm-usage</arg>
</arguments>
<status status="PASS" starttime="20220419 14:59:17.601" endtime="20220419 14:59:17.601"></status>
</kw>
<kw name="Create Webdriver" library="SeleniumLibrary">
<doc>Creates an instance of Selenium WebDriver.</doc>
<arguments>
<arg>Chrome</arg>
<arg>chrome_options=${options}</arg>
</arguments>
<msg timestamp="20220419 14:59:17.602" level="INFO">Creating an instance of the Chrome WebDriver.</msg>
<status status="PASS" starttime="20220419 14:59:17.601" endtime="20220419 14:59:18.688"></status>
</kw>
<status status="PASS" starttime="20220419 14:59:17.596" endtime="20220419 14:59:18.688"></status>
</kw>
<kw name="Go To" library="SeleniumLibrary">
<doc>Navigates the active browser instance to the provided ``url``.</doc>
<arguments>
<arg>${chrome_browser}</arg>
</arguments>
<msg timestamp="20220419 14:59:18.689" level="INFO">Opening url 'http://pmrms.greatpmo.com/admin/login'</msg>
<status status="PASS" starttime="20220419 14:59:18.689" endtime="20220419 14:59:20.620"></status>
</kw>
<status status="PASS" starttime="20220419 14:59:17.595" endtime="20220419 14:59:20.620"></status>
</kw>
<status status="PASS" starttime="20220419 14:59:17.594" endtime="20220419 14:59:20.620"></status>
</kw>
<kw name="Input Valid Username role komponen 4" library="login">
<kw name="Input Text" library="SeleniumLibrary">
<doc>Types the given ``text`` into text field identified by ``locator``.</doc>
<arguments>
<arg>${username}</arg>
<arg>${usr_role4}</arg>
</arguments>
<msg timestamp="20220419 14:59:20.621" level="INFO">Typing text 'ptm16@madrasah.kemenag.go.id' into text field '//input[@id='email']'.</msg>
<status status="PASS" starttime="20220419 14:59:20.620" endtime="20220419 14:59:20.704"></status>
</kw>
<status status="PASS" starttime="20220419 14:59:20.620" endtime="20220419 14:59:20.704"></status>
</kw>
<kw name="And Input Valid Password Role" library="login">
<kw name="Input Text" library="SeleniumLibrary">
<doc>Types the given ``text`` into text field identified by ``locator``.</doc>
<arguments>
<arg>${pwd}</arg>
<arg>${user_pwd}</arg>
</arguments>
<msg timestamp="20220419 14:59:20.705" level="INFO">Typing text 'User@madrasah2022' into text field '//input[@type='password']'.</msg>
<status status="PASS" starttime="20220419 14:59:20.705" endtime="20220419 14:59:20.780"></status>
</kw>
<status status="PASS" starttime="20220419 14:59:20.704" endtime="20220419 14:59:20.780"></status>
</kw>
<kw name="When Click button submit" library="login">
<kw name="Execute Javascript" library="SeleniumLibrary">
<doc>Executes the given JavaScript code with possible arguments.</doc>
<arguments>
<arg>document.evaluate("${btnSubmit}",</arg>
<arg>document, null, XPathResult.ORDERED_NODE_SNAPSHOT_TYPE, null).</arg>
<arg>snapshotItem(0).click();</arg>
</arguments>
<msg timestamp="20220419 14:59:20.781" level="INFO">Executing JavaScript:
document.evaluate("//button[@class='btn']",document, null, XPathResult.ORDERED_NODE_SNAPSHOT_TYPE, null).snapshotItem(0).click();
Without any arguments.</msg>
<status status="PASS" starttime="20220419 14:59:20.780" endtime="20220419 14:59:20.790"></status>
</kw>
<status status="PASS" starttime="20220419 14:59:20.780" endtime="20220419 14:59:20.790"></status>
</kw>
<kw name="Then Verify Home Page Penanggung Jawab is open" library="login">
<kw name="Wait Until Element Is Visible" library="SeleniumLibrary">
<doc>Waits until element ``locator`` is visible.</doc>
<arguments>
<arg>${Verify_Profile}</arg>
<arg>timeout=30s</arg>
</arguments>
<status status="PASS" starttime="20220419 14:59:20.791" endtime="20220419 14:59:22.609"></status>
</kw>
<kw name="Page Should Contain Element" library="SeleniumLibrary">
<doc>Verifies that element ``locator`` is found on the current page.</doc>
<arguments>
<arg>${Verify_Profile}</arg>
</arguments>
<msg timestamp="20220419 14:59:22.615" level="INFO">Current page contains element 'css= .profile-button'.</msg>
<status status="PASS" starttime="20220419 14:59:22.609" endtime="20220419 14:59:22.616"></status>
</kw>
<status status="PASS" starttime="20220419 14:59:20.791" endtime="20220419 14:59:22.616"></status>
</kw>
<kw name="Finish Testcase" library="browser" type="teardown">
<kw name="Close Browser" library="SeleniumLibrary">
<doc>Closes the current browser.</doc>
<status status="PASS" starttime="20220419 14:59:22.616" endtime="20220419 14:59:24.659"></status>
</kw>
<status status="PASS" starttime="20220419 14:59:22.616" endtime="20220419 14:59:24.659"></status>
</kw>
<status status="PASS" starttime="20220419 14:59:17.593" endtime="20220419 14:59:24.659"></status>
</kw>
<kw name="Finish Testcase" library="browser" type="teardown">
<kw name="Close Browser" library="SeleniumLibrary">
<doc>Closes the current browser.</doc>
<status status="PASS" starttime="20220419 14:59:24.661" endtime="20220419 14:59:24.662"></status>
</kw>
<status status="PASS" starttime="20220419 14:59:24.661" endtime="20220419 14:59:24.662"></status>
</kw>
<doc>Regression Login Role Komponen</doc>
<tags>
<tag>Functionality</tag>
</tags>
<status status="PASS" starttime="20220419 14:58:54.568" endtime="20220419 14:59:24.662" critical="yes"></status>
</test>
<doc>Regression Test Login Role Komponen</doc>
<status status="PASS" starttime="20220419 14:58:54.549" endtime="20220419 14:59:24.664"></status>
</suite>
<suite id="s1-s3" name="03 Login Staff Administrasi" source="D:\pyCharmProject\pmrms-testing\Features\03_Login_Staff_Administrasi.robot">
<test id="s1-s3-t1" name="Login Staff Administrasi">
<kw name="Scenario 1: Login with username valid and password blank">
<doc>Feature: Login Invalid</doc>
<kw name="Given Login page is open" library="login">
<kw name="Open Browser" library="browser">
<kw name="Start Testcase Headless" library="browser">
<kw name="Evaluate" library="BuiltIn">
<doc>Evaluates the given expression in Python and returns the result.</doc>
<arguments>
<arg>sys.modules['selenium.webdriver'].ChromeOptions()</arg>
</arguments>
<assign>
<var>${options}</var>
</assign>
<msg timestamp="20220419 14:59:24.681" level="INFO">${options} = &lt;selenium.webdriver.chrome.options.Options object at 0x04A1A2E0&gt;</msg>
<status status="PASS" starttime="20220419 14:59:24.680" endtime="20220419 14:59:24.681"></status>
</kw>
<kw name="Call Method" library="BuiltIn">
<doc>Calls the named method of the given object with the provided arguments.</doc>
<arguments>
<arg>${options}</arg>
<arg>add_argument</arg>
<arg>--ignore-certificate-errors</arg>
</arguments>
<status status="PASS" starttime="20220419 14:59:24.681" endtime="20220419 14:59:24.681"></status>
</kw>
<kw name="Call Method" library="BuiltIn">
<doc>Calls the named method of the given object with the provided arguments.</doc>
<arguments>
<arg>${options}</arg>
<arg>add_argument</arg>
<arg>--ignore-ssl-errors</arg>
</arguments>
<status status="PASS" starttime="20220419 14:59:24.681" endtime="20220419 14:59:24.681"></status>
</kw>
<kw name="Call Method" library="BuiltIn">
<doc>Calls the named method of the given object with the provided arguments.</doc>
<arguments>
<arg>${options}</arg>
<arg>add_argument</arg>
<arg>--disable-notifications</arg>
</arguments>
<status status="PASS" starttime="20220419 14:59:24.682" endtime="20220419 14:59:24.682"></status>
</kw>
<kw name="Call Method" library="BuiltIn">
<doc>Calls the named method of the given object with the provided arguments.</doc>
<arguments>
<arg>${options}</arg>
<arg>add_argument</arg>
<arg>--no-sandbox</arg>
</arguments>
<status status="PASS" starttime="20220419 14:59:24.682" endtime="20220419 14:59:24.682"></status>
</kw>
<kw name="Call Method" library="BuiltIn">
<doc>Calls the named method of the given object with the provided arguments.</doc>
<arguments>
<arg>${options}</arg>
<arg>add_argument</arg>
<arg>--disable-gpu</arg>
</arguments>
<status status="PASS" starttime="20220419 14:59:24.682" endtime="20220419 14:59:24.682"></status>
</kw>
<kw name="Call Method" library="BuiltIn">
<doc>Calls the named method of the given object with the provided arguments.</doc>
<arguments>
<arg>${options}</arg>
<arg>add_argument</arg>
<arg>--window-size\=1366,768</arg>
</arguments>
<status status="PASS" starttime="20220419 14:59:24.683" endtime="20220419 14:59:24.683"></status>
</kw>
<kw name="Call Method" library="BuiltIn">
<doc>Calls the named method of the given object with the provided arguments.</doc>
<arguments>
<arg>${options}</arg>
<arg>add_argument</arg>
<arg>--headless</arg>
</arguments>
<status status="PASS" starttime="20220419 14:59:24.683" endtime="20220419 14:59:24.683"></status>
</kw>
<kw name="Call Method" library="BuiltIn">
<doc>Calls the named method of the given object with the provided arguments.</doc>
<arguments>
<arg>${options}</arg>
<arg>add_argument</arg>
<arg>--disable-dev-shm-usage</arg>
</arguments>
<status status="PASS" starttime="20220419 14:59:24.683" endtime="20220419 14:59:24.683"></status>
</kw>
<kw name="Create Webdriver" library="SeleniumLibrary">
<doc>Creates an instance of Selenium WebDriver.</doc>
<arguments>
<arg>Chrome</arg>
<arg>chrome_options=${options}</arg>
</arguments>
<msg timestamp="20220419 14:59:24.684" level="INFO">Creating an instance of the Chrome WebDriver.</msg>
<status status="PASS" starttime="20220419 14:59:24.684" endtime="20220419 14:59:25.760"></status>
</kw>
<status status="PASS" starttime="20220419 14:59:24.680" endtime="20220419 14:59:25.760"></status>
</kw>
<kw name="Go To" library="SeleniumLibrary">
<doc>Navigates the active browser instance to the provided ``url``.</doc>
<arguments>
<arg>${chrome_browser}</arg>
</arguments>
<msg timestamp="20220419 14:59:25.760" level="INFO">Opening url 'http://pmrms.greatpmo.com/admin/login'</msg>
<status status="PASS" starttime="20220419 14:59:25.760" endtime="20220419 14:59:28.123"></status>
</kw>
[...]
<doc>Verifies that element ``locator`` is found on the current page.</doc>
<arguments>
<arg>${noData}</arg>
</arguments>
<msg timestamp="20220419 15:02:50.860" level="INFO">Current page contains element '//td[text()='No data!']'.</msg>
<status status="PASS" starttime="20220419 15:02:50.851" endtime="20220419 15:02:50.862"></status>
</kw>
<status status="PASS" starttime="20220419 15:02:50.595" endtime="20220419 15:02:50.862"></status>
</kw>
<status status="PASS" starttime="20220419 15:02:48.048" endtime="20220419 15:02:50.862"></status>
</kw>
<kw name="Scenario 4: User melakukan pencarian data by nama kegiatan">
<kw name="Search Pencarian by Nama Kegiatan" library="event">
<kw name="Go To" library="SeleniumLibrary">
<doc>Navigates the active browser instance to the provided ``url``.</doc>
<arguments>
<arg>http://pmrms.greatpmo.com/activity/event</arg>
</arguments>
<msg timestamp="20220419 15:02:50.863" level="INFO">Opening url 'http://pmrms.greatpmo.com/activity/event'</msg>
<status status="PASS" starttime="20220419 15:02:50.863" endtime="20220419 15:02:51.377"></status>
</kw>
<kw name="Wait Until Element Is Visible" library="SeleniumLibrary">
<doc>Waits until element ``locator`` is visible.</doc>
<arguments>
<arg>${inputCari}</arg>
</arguments>
<status status="PASS" starttime="20220419 15:02:51.377" endtime="20220419 15:02:53.604"></status>
</kw>
<kw name="Input Text" library="SeleniumLibrary">
<doc>Types the given ``text`` into text field identified by ``locator``.</doc>
<arguments>
<arg>${inputCari}</arg>
<arg>Automation Testing</arg>
</arguments>
<msg timestamp="20220419 15:02:53.605" level="INFO">Typing text 'Automation Testing' into text field '//input[contains(@class,'form-control ng-untouched')]'.</msg>
<status status="PASS" starttime="20220419 15:02:53.604" endtime="20220419 15:02:53.715"></status>
</kw>
<status status="PASS" starttime="20220419 15:02:50.863" endtime="20220419 15:02:53.715"></status>
</kw>
<kw name="Click Button Cari" library="event">
<kw name="Click Element" library="SeleniumLibrary">
<doc>Click element identified by ``locator``.</doc>
<arguments>
<arg>${btnCari}</arg>
</arguments>
<msg timestamp="20220419 15:02:53.715" level="INFO">Clicking element '//button[text()='Cari']'.</msg>
<status status="PASS" starttime="20220419 15:02:53.715" endtime="20220419 15:02:53.759"></status>
</kw>
<status status="PASS" starttime="20220419 15:02:53.715" endtime="20220419 15:02:53.759"></status>
</kw>
<status status="PASS" starttime="20220419 15:02:50.862" endtime="20220419 15:02:53.759"></status>
</kw>
<kw name="Scenario 5: User Mengklik Lihat Detail Event">
<kw name="Click Button Lihat Event" library="event">
<kw name="Wait Until Element Is Visible" library="SeleniumLibrary">
<doc>Waits until element ``locator`` is visible.</doc>
<arguments>
<arg>${lihatDetail}</arg>
<arg>timeout=30s</arg>
</arguments>
<status status="PASS" starttime="20220419 15:02:53.760" endtime="20220419 15:02:53.792"></status>
</kw>
<kw name="Execute Javascript" library="SeleniumLibrary">
<doc>Executes the given JavaScript code with possible arguments.</doc>
<arguments>
<arg>document.evaluate("${lihatDetail}",</arg>
<arg>document, null, XPathResult.ORDERED_NODE_SNAPSHOT_TYPE, null).</arg>
<arg>snapshotItem(0).click();</arg>
</arguments>
<msg timestamp="20220419 15:02:53.793" level="INFO">Executing JavaScript:
document.evaluate("//button[text()='Lihat']",document, null, XPathResult.ORDERED_NODE_SNAPSHOT_TYPE, null).snapshotItem(0).click();
Without any arguments.</msg>
<status status="PASS" starttime="20220419 15:02:53.792" endtime="20220419 15:02:53.826"></status>
</kw>
<status status="PASS" starttime="20220419 15:02:53.759" endtime="20220419 15:02:53.826"></status>
</kw>
<kw name="Verify Page Detail Event" library="event">
<kw name="Wait Until Element Is Visible" library="SeleniumLibrary">
<doc>Waits until element ``locator`` is visible.</doc>
<arguments>
<arg>${verifyDetail}</arg>
<arg>timeout=30s</arg>
</arguments>
<status status="PASS" starttime="20220419 15:02:53.826" endtime="20220419 15:02:54.600"></status>
</kw>
<kw name="Page Should Contain Element" library="SeleniumLibrary">
<doc>Verifies that element ``locator`` is found on the current page.</doc>
<arguments>
<arg>${verifyDetail}</arg>
</arguments>
<msg timestamp="20220419 15:02:54.607" level="INFO">Current page contains element '//label[@class='font-size-20 mt-2']'.</msg>
<status status="PASS" starttime="20220419 15:02:54.600" endtime="20220419 15:02:54.607"></status>
</kw>
<status status="PASS" starttime="20220419 15:02:53.826" endtime="20220419 15:02:54.607"></status>
</kw>
<status status="PASS" starttime="20220419 15:02:53.759" endtime="20220419 15:02:54.607"></status>
</kw>
<kw name="Scenario 6: User mengklik button Tab laporan event">
<kw name="Click Tab Laporan Event" library="event">
<kw name="Wait Until Element Is Visible" library="SeleniumLibrary">
<doc>Waits until element ``locator`` is visible.</doc>
<arguments>
<arg>${laporanEvent}</arg>
<arg>timeout=30s</arg>
</arguments>
<status status="PASS" starttime="20220419 15:02:54.608" endtime="20220419 15:02:54.627"></status>
</kw>
<kw name="Click Element" library="SeleniumLibrary">
<doc>Click element identified by ``locator``.</doc>
<arguments>
<arg>${laporanEvent}</arg>
</arguments>
<msg timestamp="20220419 15:02:54.627" level="INFO">Clicking element '//span[text()='Laporan Event']'.</msg>
<status status="PASS" starttime="20220419 15:02:54.627" endtime="20220419 15:02:54.666"></status>
</kw>
<status status="PASS" starttime="20220419 15:02:54.608" endtime="20220419 15:02:54.666"></status>
</kw>
<status status="PASS" starttime="20220419 15:02:54.608" endtime="20220419 15:02:54.666"></status>
</kw>
<kw name="Scenario 7: User Mengklik Detail Laporan Event">
<kw name="Click Button Laporan Event" library="event">
<kw name="Wait Until Element Is Visible" library="SeleniumLibrary">
<doc>Waits until element ``locator`` is visible.</doc>
<arguments>
<arg>${btnLaporanEvent}</arg>
<arg>timeout=30s</arg>
</arguments>
<status status="PASS" starttime="20220419 15:02:54.667" endtime="20220419 15:02:54.938"></status>
</kw>
<kw name="Click Element" library="SeleniumLibrary">
<doc>Click element identified by ``locator``.</doc>
<arguments>
<arg>${btnLaporanEvent}</arg>
</arguments>
<msg timestamp="20220419 15:02:54.939" level="INFO">Clicking element '//button[.='Laporan Event']'.</msg>
<status status="PASS" starttime="20220419 15:02:54.938" endtime="20220419 15:02:54.998"></status>
</kw>
<status status="PASS" starttime="20220419 15:02:54.667" endtime="20220419 15:02:54.998"></status>
</kw>
<kw name="Verify Page Detail Laporan Event" library="event">
<kw name="Wait Until Element Is Visible" library="SeleniumLibrary">
<doc>Waits until element ``locator`` is visible.</doc>
<arguments>
<arg>${verifyDetailLaporanEvent}</arg>
<arg>timeout=30s</arg>
</arguments>
<status status="PASS" starttime="20220419 15:02:54.998" endtime="20220419 15:02:55.738"></status>
</kw>
<kw name="Page Should Contain Element" library="SeleniumLibrary">
<doc>Verifies that element ``locator`` is found on the current page.</doc>
<arguments>
<arg>${verifyDetailLaporanEvent}</arg>
</arguments>
<msg timestamp="20220419 15:02:55.746" level="INFO">Current page contains element 'css= .font-size-20'.</msg>
<status status="PASS" starttime="20220419 15:02:55.738" endtime="20220419 15:02:55.746"></status>
</kw>
<status status="PASS" starttime="20220419 15:02:54.998" endtime="20220419 15:02:55.746"></status>
</kw>
<status status="PASS" starttime="20220419 15:02:54.667" endtime="20220419 15:02:55.747"></status>
</kw>
<kw name="Scenario 8: User Mengklik History Pada Detail Laporan Event">
<kw name="Click Button History" library="event">
<kw name="Click Element" library="SeleniumLibrary">
<doc>Click element identified by ``locator``.</doc>
<arguments>
<arg>${btnHistory}</arg>
</arguments>
<msg timestamp="20220419 15:02:55.748" level="INFO">Clicking element '//label[text()='History']'.</msg>
<status status="PASS" starttime="20220419 15:02:55.748" endtime="20220419 15:02:55.819"></status>
</kw>
<status status="PASS" starttime="20220419 15:02:55.748" endtime="20220419 15:02:55.820"></status>
</kw>
<kw name="Verify Page History" library="event">
<kw name="Wait Until Element Is Visible" library="SeleniumLibrary">
<doc>Waits until element ``locator`` is visible.</doc>
<arguments>
<arg>${verifyHistoryCatatan}</arg>
<arg>timeout=30s</arg>
</arguments>
<status status="PASS" starttime="20220419 15:02:55.820" endtime="20220419 15:02:55.837"></status>
</kw>
<kw name="Page Should Contain Element" library="SeleniumLibrary">
<doc>Verifies that element ``locator`` is found on the current page.</doc>
<arguments>
<arg>${verifyHistoryCatatan}</arg>
</arguments>
<msg timestamp="20220419 15:02:55.843" level="INFO">Current page contains element '//h5[text()='History Catatan']'.</msg>
<status status="PASS" starttime="20220419 15:02:55.837" endtime="20220419 15:02:55.843"></status>
</kw>
<status status="PASS" starttime="20220419 15:02:55.820" endtime="20220419 15:02:55.843"></status>
</kw>
<kw name="Click Button Close" library="event">
<kw name="Click Element" library="SeleniumLibrary">
<doc>Click element identified by ``locator``.</doc>
<arguments>
<arg>${btnClose}</arg>
</arguments>
<msg timestamp="20220419 15:02:55.844" level="INFO">Clicking element '//button[@class='btn-close']'.</msg>
<status status="PASS" starttime="20220419 15:02:55.844" endtime="20220419 15:02:55.882"></status>
</kw>
<status status="PASS" starttime="20220419 15:02:55.844" endtime="20220419 15:02:55.882"></status>
</kw>
<status status="PASS" starttime="20220419 15:02:55.747" endtime="20220419 15:02:55.882"></status>
</kw>
<kw name="Scenario 9: User Mengklik Button Kembali dari Page detail laporan Event">
<kw name="Click Button Kembali" library="event">
<kw name="Click Element" library="SeleniumLibrary">
<doc>Click element identified by ``locator``.</doc>
<arguments>
<arg>${btnKembali}</arg>
</arguments>
<msg timestamp="20220419 15:02:55.883" level="INFO">Clicking element '//label[text()='Kembali']'.</msg>
<status status="PASS" starttime="20220419 15:02:55.883" endtime="20220419 15:02:55.997"></status>
</kw>
<status status="PASS" starttime="20220419 15:02:55.883" endtime="20220419 15:02:55.997"></status>
</kw>
<status status="PASS" starttime="20220419 15:02:55.882" endtime="20220419 15:02:55.998"></status>
</kw>
<kw name="Scenario 10: User Mengklik Button kembali dari page detail event">
<kw name="Click Button Kembali" library="event">
<kw name="Click Element" library="SeleniumLibrary">
<doc>Click element identified by ``locator``.</doc>
<arguments>
<arg>${btnKembali}</arg>
</arguments>
<msg timestamp="20220419 15:02:55.999" level="INFO">Clicking element '//label[text()='Kembali']'.</msg>
<status status="PASS" starttime="20220419 15:02:55.999" endtime="20220419 15:02:56.080"></status>
</kw>
<status status="PASS" starttime="20220419 15:02:55.999" endtime="20220419 15:02:56.080"></status>
</kw>
<kw name="Verify Page Event" library="event">
<kw name="Wait Until Element Is Visible" library="SeleniumLibrary">
<doc>Waits until element ``locator`` is visible.</doc>
<arguments>
<arg>${verifyEvent}</arg>
<arg>timeout=30s</arg>
</arguments>
<status status="PASS" starttime="20220419 15:02:56.081" endtime="20220419 15:02:56.096"></status>
</kw>
<kw name="Page Should Contain Element" library="SeleniumLibrary">
<doc>Verifies that element ``locator`` is found on the current page.</doc>
<arguments>
<arg>${verifyEvent}</arg>
</arguments>
<msg timestamp="20220419 15:02:56.103" level="INFO">Current page contains element '//label[@class='title-header']'.</msg>
<status status="PASS" starttime="20220419 15:02:56.096" endtime="20220419 15:02:56.103"></status>
</kw>
<status status="PASS" starttime="20220419 15:02:56.080" endtime="20220419 15:02:56.104"></status>
</kw>
<status status="PASS" starttime="20220419 15:02:55.998" endtime="20220419 15:02:56.104"></status>
</kw>
<kw name="Scenario 11: User Mnegklik Button Keluar dari page detail event">
<kw name="Click Button Lihat Event" library="event">
<kw name="Wait Until Element Is Visible" library="SeleniumLibrary">
<doc>Waits until element ``locator`` is visible.</doc>
<arguments>
<arg>${lihatDetail}</arg>
<arg>timeout=30s</arg>
</arguments>
<status status="PASS" starttime="20220419 15:02:56.105" endtime="20220419 15:02:58.900"></status>
</kw>
<kw name="Execute Javascript" library="SeleniumLibrary">
<doc>Executes the given JavaScript code with possible arguments.</doc>
<arguments>
<arg>document.evaluate("${lihatDetail}",</arg>
<arg>document, null, XPathResult.ORDERED_NODE_SNAPSHOT_TYPE, null).</arg>
<arg>snapshotItem(0).click();</arg>
</arguments>
<msg timestamp="20220419 15:02:58.901" level="INFO">Executing JavaScript:
document.evaluate("//button[text()='Lihat']",document, null, XPathResult.ORDERED_NODE_SNAPSHOT_TYPE, null).snapshotItem(0).click();
Without any arguments.</msg>
<status status="PASS" starttime="20220419 15:02:58.900" endtime="20220419 15:02:58.919"></status>
</kw>
<status status="PASS" starttime="20220419 15:02:56.104" endtime="20220419 15:02:58.919"></status>
</kw>
<kw name="Verify Page Detail Event" library="event">
<kw name="Wait Until Element Is Visible" library="SeleniumLibrary">
<doc>Waits until element ``locator`` is visible.</doc>
<arguments>
<arg>${verifyDetail}</arg>
<arg>timeout=30s</arg>
</arguments>
<status status="PASS" starttime="20220419 15:02:58.919" endtime="20220419 15:02:59.662"></status>
</kw>
<kw name="Page Should Contain Element" library="SeleniumLibrary">
<doc>Verifies that element ``locator`` is found on the current page.</doc>
<arguments>
<arg>${verifyDetail}</arg>
</arguments>
<msg timestamp="20220419 15:02:59.672" level="INFO">Current page contains element '//label[@class='font-size-20 mt-2']'.</msg>
<status status="PASS" starttime="20220419 15:02:59.662" endtime="20220419 15:02:59.672"></status>
</kw>
<status status="PASS" starttime="20220419 15:02:58.919" endtime="20220419 15:02:59.673"></status>
</kw>
<kw name="Click Button Keluar" library="event">
<kw name="Execute Javascript" library="SeleniumLibrary">
<doc>Executes the given JavaScript code with possible arguments.</doc>
<arguments>
<arg>document.evaluate("${btnKeluar}",</arg>
<arg>document, null, XPathResult.ORDERED_NODE_SNAPSHOT_TYPE, null).</arg>
<arg>snapshotItem(0).click();</arg>
</arguments>
<msg timestamp="20220419 15:02:59.673" level="INFO">Executing JavaScript:
document.evaluate("//button[text()='Keluar']",document, null, XPathResult.ORDERED_NODE_SNAPSHOT_TYPE, null).snapshotItem(0).click();
Without any arguments.</msg>
<status status="PASS" starttime="20220419 15:02:59.673" endtime="20220419 15:02:59.706"></status>
</kw>
<status status="PASS" starttime="20220419 15:02:59.673" endtime="20220419 15:02:59.706"></status>
</kw>
<kw name="Verify Page Event" library="event">
<kw name="Wait Until Element Is Visible" library="SeleniumLibrary">
<doc>Waits until element ``locator`` is visible.</doc>
<arguments>
<arg>${verifyEvent}</arg>
<arg>timeout=30s</arg>
</arguments>
<status status="PASS" starttime="20220419 15:02:59.706" endtime="20220419 15:02:59.724"></status>
</kw>
<kw name="Page Should Contain Element" library="SeleniumLibrary">
<doc>Verifies that element ``locator`` is found on the current page.</doc>
<arguments>
<arg>${verifyEvent}</arg>
</arguments>
<msg timestamp="20220419 15:02:59.731" level="INFO">Current page contains element '//label[@class='title-header']'.</msg>
<status status="PASS" starttime="20220419 15:02:59.724" endtime="20220419 15:02:59.731"></status>
</kw>
<status status="PASS" starttime="20220419 15:02:59.706" endtime="20220419 15:02:59.731"></status>
</kw>
<status status="PASS" starttime="20220419 15:02:56.104" endtime="20220419 15:02:59.731"></status>
</kw>
<kw name="Scenario 12: User mengklik button kalender event">
<kw name="Click Tab Calender Event" library="event">
<kw name="Wait Until Element Is Visible" library="SeleniumLibrary">
<doc>Waits until element ``locator`` is visible.</doc>
<arguments>
<arg>${kalender}</arg>
<arg>timeout=30s</arg>
</arguments>
<status status="PASS" starttime="20220419 15:02:59.733" endtime="20220419 15:03:01.681"></status>
</kw>
<kw name="Click Element" library="SeleniumLibrary">
<doc>Click element identified by ``locator``.</doc>
<arguments>
<arg>${kalender}</arg>
</arguments>
<msg timestamp="20220419 15:03:01.682" level="INFO">Clicking element '//span[text()='Kalender Event']'.</msg>
<status status="PASS" starttime="20220419 15:03:01.681" endtime="20220419 15:03:01.741"></status>
</kw>
<status status="PASS" starttime="20220419 15:02:59.732" endtime="20220419 15:03:01.742"></status>
</kw>
<kw name="Verify Page Calender Event" library="event">
<kw name="Wait Until Element Is Visible" library="SeleniumLibrary">
<doc>Waits until element ``locator`` is visible.</doc>
<arguments>
<arg>${verifyJadwal}</arg>
<arg>timeout=30s</arg>
</arguments>
<status status="PASS" starttime="20220419 15:03:01.742" endtime="20220419 15:03:03.595"></status>
</kw>
<kw name="Page Should Contain Element" library="SeleniumLibrary">
<doc>Verifies that element ``locator`` is found on the current page.</doc>
<arguments>
<arg>${verifyJadwal}</arg>
</arguments>
<msg timestamp="20220419 15:03:03.601" level="INFO">Current page contains element '//label[text()='JADWAL']'.</msg>
<status status="PASS" starttime="20220419 15:03:03.595" endtime="20220419 15:03:03.601"></status>
</kw>
<status status="PASS" starttime="20220419 15:03:01.742" endtime="20220419 15:03:03.601"></status>
</kw>
<status status="PASS" starttime="20220419 15:02:59.732" endtime="20220419 15:03:03.601"></status>
</kw>
<kw name="Finish Testcase" library="browser" type="teardown">
<kw name="Close Browser" library="SeleniumLibrary">
<doc>Closes the current browser.</doc>
<status status="PASS" starttime="20220419 15:03:03.602" endtime="20220419 15:03:05.676"></status>
</kw>
<status status="PASS" starttime="20220419 15:03:03.602" endtime="20220419 15:03:05.676"></status>
</kw>
<doc>Regression Menu Event</doc>
<tags>
<tag>Functionality</tag>
</tags>
<status status="PASS" starttime="20220419 15:02:39.445" endtime="20220419 15:03:05.678" critical="yes"></status>
</test>
<doc>Regression Test Menu Event</doc>
<status status="PASS" starttime="20220419 15:02:39.416" endtime="20220419 15:03:05.683"></status>
</suite>
<status status="PASS" starttime="20220419 14:58:24.612" endtime="20220419 15:03:05.696"></status>
</suite>
<statistics>
<total>
<stat pass="13" fail="0">Critical Tests</stat>
<stat pass="13" fail="0">All Tests</stat>
</total>
<tag>
<stat pass="13" fail="0">Functionality</stat>
</tag>
<suite>
<stat pass="13" fail="0" id="s1" name="Features">Features</stat>
<stat pass="1" fail="0" id="s1-s1" name="01 Login Admin">Features.01 Login Admin</stat>
<stat pass="1" fail="0" id="s1-s2" name="02 Login Role Komponen">Features.02 Login Role Komponen</stat>
<stat pass="1" fail="0" id="s1-s3" name="03 Login Staff Administrasi">Features.03 Login Staff Administrasi</stat>
<stat pass="1" fail="0" id="s1-s4" name="04 Lupa Password">Features.04 Lupa Password</stat>
<stat pass="1" fail="0" id="s1-s5" name="05 Awp">Features.05 Awp</stat>
<stat pass="1" fail="0" id="s1-s6" name="06 Project Component">Features.06 Project Component</stat>
<stat pass="1" fail="0" id="s1-s7" name="07 Profile">Features.07 Profile</stat>
<stat pass="1" fail="0" id="s1-s8" name="08 Konfigurasi">Features.08 Konfigurasi</stat>
<stat pass="1" fail="0" id="s1-s9" name="09 Daftar Tugas">Features.09 Daftar Tugas</stat>
<stat pass="1" fail="0" id="s1-s10" name="11 Administrasi DirektoriStaff">Features.11 Administrasi DirektoriStaff</stat>
<stat pass="1" fail="0" id="s1-s11" name="13 Pustaka">Features.13 Pustaka</stat>
<stat pass="1" fail="0" id="s1-s12" name="15 Kegiatan">Features.15 Kegiatan</stat>
<stat pass="1" fail="0" id="s1-s13" name="16 Event">Features.16 Event</stat>
</suite>
</statistics>
<errors>
</errors>
</robot>
