<?xml version="1.0" encoding="UTF-8"?>
<robot generator="Robot 5.0.1 (Python 3.10.5 on win32)" generated="20220704 09:20:36.056" rpa="false" schemaversion="3">
<suite id="s1" name="17 Monev" source="D:\pmrms-testing\Features\17_Monev.robot">
<test id="s1-t1" name="Menu Monev" line="15">
<kw name="Scenario 1: Login with username valid and password valid">
<kw name="Given Login page is open" library="login">
<kw name="Open Browser" library="browser">
<kw name="Start Testcase Headless" library="browser">
<kw name="Evaluate" library="BuiltIn">
<var>${options}</var>
<arg>sys.modules['selenium.webdriver'].ChromeOptions()</arg>
<doc>Evaluates the given expression in Python and returns the result.</doc>
<msg timestamp="20220704 09:20:36.244" level="INFO">${options} = &lt;selenium.webdriver.chrome.options.Options object at 0x000001BB5548C9A0&gt;</msg>
<status status="PASS" starttime="20220704 09:20:36.244" endtime="20220704 09:20:36.244"/>
</kw>
<kw name="Call Method" library="BuiltIn">
<arg>${options}</arg>
<arg>add_argument</arg>
<arg>--ignore-certificate-errors</arg>
<doc>Calls the named method of the given object with the provided arguments.</doc>
<status status="PASS" starttime="20220704 09:20:36.244" endtime="20220704 09:20:36.244"/>
</kw>
<kw name="Call Method" library="BuiltIn">
<arg>${options}</arg>
<arg>add_argument</arg>
<arg>--ignore-ssl-errors</arg>
<doc>Calls the named method of the given object with the provided arguments.</doc>
<status status="PASS" starttime="20220704 09:20:36.244" endtime="20220704 09:20:36.244"/>
</kw>
<kw name="Call Method" library="BuiltIn">
<arg>${options}</arg>
<arg>add_argument</arg>
<arg>--disable-notifications</arg>
<doc>Calls the named method of the given object with the provided arguments.</doc>
<status status="PASS" starttime="20220704 09:20:36.245" endtime="20220704 09:20:36.245"/>
</kw>
<kw name="Call Method" library="BuiltIn">
<arg>${options}</arg>
<arg>add_argument</arg>
<arg>--no-sandbox</arg>
<doc>Calls the named method of the given object with the provided arguments.</doc>
<status status="PASS" starttime="20220704 09:20:36.245" endtime="20220704 09:20:36.245"/>
</kw>
<kw name="Call Method" library="BuiltIn">
<arg>${options}</arg>
<arg>add_argument</arg>
<arg>--disable-gpu</arg>
<doc>Calls the named method of the given object with the provided arguments.</doc>
<status status="PASS" starttime="20220704 09:20:36.245" endtime="20220704 09:20:36.245"/>
</kw>
<kw name="Call Method" library="BuiltIn">
<arg>${options}</arg>
<arg>add_argument</arg>
<arg>--window-size\=1366,768</arg>
<doc>Calls the named method of the given object with the provided arguments.</doc>
<status status="PASS" starttime="20220704 09:20:36.245" endtime="20220704 09:20:36.245"/>
</kw>
<kw name="Call Method" library="BuiltIn">
<arg>${options}</arg>
<arg>add_argument</arg>
<arg>--disable-dev-shm-usage</arg>
<doc>Calls the named method of the given object with the provided arguments.</doc>
<status status="PASS" starttime="20220704 09:20:36.245" endtime="20220704 09:20:36.245"/>
</kw>
<kw name="Create Webdriver" library="SeleniumLibrary">
<arg>Chrome</arg>
<arg>chrome_options=${options}</arg>
<doc>Creates an instance of Selenium WebDriver.</doc>
<msg timestamp="20220704 09:20:36.245" level="INFO">Creating an instance of the Chrome WebDriver.</msg>
<status status="PASS" starttime="20220704 09:20:36.245" endtime="20220704 09:20:39.730"/>
</kw>
<status status="PASS" starttime="20220704 09:20:36.244" endtime="20220704 09:20:39.730"/>
</kw>
<kw name="Go To" library="SeleniumLibrary">
<arg>${chrome_browser}</arg>
<doc>Navigates the current browser window to the provided ``url``.</doc>
<msg timestamp="20220704 09:20:39.732" level="INFO">Opening url 'http://pmrms.greatpmo.com/admin/login'</msg>
<status status="PASS" starttime="20220704 09:20:39.731" endtime="20220704 09:20:44.711"/>
</kw>
<status status="PASS" starttime="20220704 09:20:36.244" endtime="20220704 09:20:44.712"/>
</kw>
<status status="PASS" starttime="20220704 09:20:36.243" endtime="20220704 09:20:44.712"/>
</kw>
<kw name="And Input Valid Username" library="login">
<kw name="Input Text" library="SeleniumLibrary">
<arg>${username}</arg>
<arg>${adm_usr}</arg>
<doc>Types the given ``text`` into the text field identified by ``locator``.</doc>
<msg timestamp="20220704 09:20:44.714" level="INFO">Typing text 'ptm15@madrasah.kemenag.go.id' into text field '//input[@id='email']'.</msg>
<status status="PASS" starttime="20220704 09:20:44.713" endtime="20220704 09:20:44.826"/>
</kw>
<status status="PASS" starttime="20220704 09:20:44.713" endtime="20220704 09:20:44.826"/>
</kw>
<kw name="And Input Valid Password" library="login">
<kw name="Input Text" library="SeleniumLibrary">
<arg>${pwd}</arg>
<arg>${adm_pwd}</arg>
<doc>Types the given ``text`` into the text field identified by ``locator``.</doc>
<msg timestamp="20220704 09:20:44.826" level="INFO">Typing text 'User@madrasah2022' into text field '//input[@type='password']'.</msg>
<status status="PASS" starttime="20220704 09:20:44.826" endtime="20220704 09:20:44.916"/>
</kw>
<status status="PASS" starttime="20220704 09:20:44.826" endtime="20220704 09:20:44.916"/>
</kw>
<kw name="When Click button submit" library="login">
<kw name="Execute Javascript" library="SeleniumLibrary">
<arg>document.evaluate("${btnSubmit}",</arg>
<arg>document, null, XPathResult.ORDERED_NODE_SNAPSHOT_TYPE, null).</arg>
<arg>snapshotItem(0).click();</arg>
<doc>Executes the given JavaScript code with possible arguments.</doc>
<msg timestamp="20220704 09:20:44.917" level="INFO">Executing JavaScript:
document.evaluate("//button[@class='btn']",document, null, XPathResult.ORDERED_NODE_SNAPSHOT_TYPE, null).snapshotItem(0).click();
Without any arguments.</msg>
<status status="PASS" starttime="20220704 09:20:44.916" endtime="20220704 09:20:44.923"/>
</kw>
<status status="PASS" starttime="20220704 09:20:44.916" endtime="20220704 09:20:44.923"/>
</kw>
<kw name="Then Verify Home Page is open" library="login">
<kw name="Wait Until Element Is Visible" library="SeleniumLibrary">
<arg>${Verify_Profile}</arg>
<arg>timeout=30s</arg>
<doc>Waits until the element ``locator`` is visible.</doc>
<status status="PASS" starttime="20220704 09:20:44.924" endtime="20220704 09:20:46.508"/>
</kw>
<kw name="Page Should Contain Element" library="SeleniumLibrary">
<arg>${Verify_Profile}</arg>
<doc>Verifies that element ``locator`` is found on the current page.</doc>
<msg timestamp="20220704 09:20:46.518" level="INFO">Current page contains element 'css= .profile-button'.</msg>
<status status="PASS" starttime="20220704 09:20:46.508" endtime="20220704 09:20:46.518"/>
</kw>
<status status="PASS" starttime="20220704 09:20:44.924" endtime="20220704 09:20:46.519"/>
</kw>
<status status="PASS" starttime="20220704 09:20:36.243" endtime="20220704 09:20:46.519"/>
</kw>
<kw name="Scenario 2: User Klik Menu Monev Longterm Target">
<kw name="Click Monev Longterm target" library="monev">
<kw name="Go To" library="SeleniumLibrary">
<arg>http://pmrms.greatpmo.com/monev/monev-longterm/Longterm</arg>
<doc>Navigates the current browser window to the provided ``url``.</doc>
<msg timestamp="20220704 09:20:46.521" level="INFO">Opening url 'http://pmrms.greatpmo.com/monev/monev-longterm/Longterm'</msg>
<status status="PASS" starttime="20220704 09:20:46.521" endtime="20220704 09:20:48.560"/>
</kw>
<kw name="Wait Until Element Is Visible" library="SeleniumLibrary">
<arg>${pageLongTerm}</arg>
<doc>Waits until the element ``locator`` is visible.</doc>
<status status="PASS" starttime="20220704 09:20:48.560" endtime="20220704 09:20:48.590"/>
</kw>
<status status="PASS" starttime="20220704 09:20:46.520" endtime="20220704 09:20:48.590"/>
</kw>
<status status="PASS" starttime="20220704 09:20:46.519" endtime="20220704 09:20:48.590"/>
</kw>
<kw name="Scenario 3: User Klik View Longterm Target">
<kw name="Click View Target" library="monev">
<kw name="Wait Until Element Is Visible" library="SeleniumLibrary">
<arg>${viewLongTerm}</arg>
<doc>Waits until the element ``locator`` is visible.</doc>
<status status="PASS" starttime="20220704 09:20:48.592" endtime="20220704 09:20:48.834"/>
</kw>
<kw name="Click Element" library="SeleniumLibrary">
<arg>${viewLongTerm}</arg>
<doc>Click the element identified by ``locator``.</doc>
<msg timestamp="20220704 09:20:48.835" level="INFO">Clicking element 'css= .spacing'.</msg>
<status status="PASS" starttime="20220704 09:20:48.834" endtime="20220704 09:20:48.893"/>
</kw>
<status status="PASS" starttime="20220704 09:20:48.591" endtime="20220704 09:20:48.893"/>
</kw>
<status status="PASS" starttime="20220704 09:20:48.591" endtime="20220704 09:20:48.893"/>
</kw>
<kw name="Scenario 4: User Klik Close View Longterm Target">
<kw name="Click Close View" library="monev">
<kw name="Wait Until Element Is Visible" library="SeleniumLibrary">
<arg>${closeLongTerm}</arg>
<doc>Waits until the element ``locator`` is visible.</doc>
<status status="PASS" starttime="20220704 09:20:48.895" endtime="20220704 09:20:48.929"/>
</kw>
<kw name="Click Element" library="SeleniumLibrary">
<arg>${closeLongTerm}</arg>
<doc>Click the element identified by ``locator``.</doc>
<msg timestamp="20220704 09:20:48.929" level="INFO">Clicking element 'css=.btn-close'.</msg>
<status status="PASS" starttime="20220704 09:20:48.929" endtime="20220704 09:20:48.974"/>
</kw>
<status status="PASS" starttime="20220704 09:20:48.894" endtime="20220704 09:20:48.974"/>
</kw>
<status status="PASS" starttime="20220704 09:20:48.894" endtime="20220704 09:20:48.974"/>
</kw>
<kw name="Scenario 5: User Klik Button Edit Longterm">
<kw name="Click Button Edit" library="monev">
<kw name="Wait Until Element Is Visible" library="SeleniumLibrary">
<arg>${btnEdit}</arg>
<arg>timeout=30s</arg>
<doc>Waits until the element ``locator`` is visible.</doc>
<status status="PASS" starttime="20220704 09:20:48.975" endtime="20220704 09:20:49.007"/>
</kw>
<kw name="Click Element" library="SeleniumLibrary">
<arg>${btnEdit}</arg>
<doc>Click the element identified by ``locator``.</doc>
<msg timestamp="20220704 09:20:49.007" level="INFO">Clicking element '//button[text()='Edit']'.</msg>
<status status="PASS" starttime="20220704 09:20:49.007" endtime="20220704 09:20:49.150"/>
</kw>
<status status="PASS" starttime="20220704 09:20:48.975" endtime="20220704 09:20:49.150"/>
</kw>
<status status="PASS" starttime="20220704 09:20:48.975" endtime="20220704 09:20:49.151"/>
</kw>
<kw name="Scenario 6: User Pilih Indikator Klik Simpan Longterm Target">
<kw name="Pilih indikator longterm" library="monev">
<kw name="Wait Until Element Is Visible" library="SeleniumLibrary">
<arg>${pilihIndikator}</arg>
<arg>timeout=30s</arg>
<doc>Waits until the element ``locator`` is visible.</doc>
<status status="PASS" starttime="20220704 09:20:49.152" endtime="20220704 09:20:49.853"/>
</kw>
<kw name="Execute Javascript" library="SeleniumLibrary">
<arg>document.evaluate("${pilihIndikator}",</arg>
<arg>document, null, XPathResult.ORDERED_NODE_SNAPSHOT_TYPE, null).</arg>
<arg>snapshotItem(0).click();</arg>
<doc>Executes the given JavaScript code with possible arguments.</doc>
<msg timestamp="20220704 09:20:49.854" level="INFO">Executing JavaScript:
document.evaluate("//label[text()='Pilih Indikator Keberhasilan']",document, null, XPathResult.ORDERED_NODE_SNAPSHOT_TYPE, null).snapshotItem(0).click();
Without any arguments.</msg>
<status status="PASS" starttime="20220704 09:20:49.853" endtime="20220704 09:20:49.868"/>
</kw>
<kw name="Click Element" library="SeleniumLibrary">
<arg>${indikatorLongterm}</arg>
<doc>Click the element identified by ``locator``.</doc>
<msg timestamp="20220704 09:20:49.869" level="INFO">Clicking element '//label[text()='L.1.1 - Persentase Madrasah yang mengalami perbaikan capaian tingkat madrasah dalam Sistem Pendidikan Nasional']'.</msg>
<status status="PASS" starttime="20220704 09:20:49.868" endtime="20220704 09:20:49.929"/>
</kw>
<status status="PASS" starttime="20220704 09:20:49.152" endtime="20220704 09:20:49.929"/>
</kw>
<kw name="Click Button Lanjut" library="monev">
<kw name="Execute Javascript" library="SeleniumLibrary">
<arg>document.evaluate("${lanjut}",</arg>
<arg>document, null, XPathResult.ORDERED_NODE_SNAPSHOT_TYPE, null).</arg>
<arg>snapshotItem(0).click();</arg>
<doc>Executes the given JavaScript code with possible arguments.</doc>
<msg timestamp="20220704 09:20:49.930" level="INFO">Executing JavaScript:
document.evaluate("//label[text()='Lanjut']",document, null, XPathResult.ORDERED_NODE_SNAPSHOT_TYPE, null).snapshotItem(0).click();
Without any arguments.</msg>
<status status="PASS" starttime="20220704 09:20:49.930" endtime="20220704 09:20:49.941"/>
</kw>
<status status="PASS" starttime="20220704 09:20:49.929" endtime="20220704 09:20:49.941"/>
</kw>
<kw name="Click Button Simpan" library="monev">
<kw name="Wait Until Element Is Visible" library="SeleniumLibrary">
<arg>${btnSimpan}</arg>
<doc>Waits until the element ``locator`` is visible.</doc>
<status status="PASS" starttime="20220704 09:20:49.943" endtime="20220704 09:20:49.971"/>
</kw>
<kw name="Execute Javascript" library="SeleniumLibrary">
<arg>document.evaluate("${btnSimpan}",</arg>
<arg>document, null, XPathResult.ORDERED_NODE_SNAPSHOT_TYPE, null).</arg>
<arg>snapshotItem(0).click();</arg>
<doc>Executes the given JavaScript code with possible arguments.</doc>
<msg timestamp="20220704 09:20:49.972" level="INFO">Executing JavaScript:
document.evaluate("//label[text()='Simpan']",document, null, XPathResult.ORDERED_NODE_SNAPSHOT_TYPE, null).snapshotItem(0).click();
Without any arguments.</msg>
<status status="PASS" starttime="20220704 09:20:49.971" endtime="20220704 09:20:49.982"/>
</kw>
<status status="PASS" starttime="20220704 09:20:49.941" endtime="20220704 09:20:49.982"/>
</kw>
<status status="PASS" starttime="20220704 09:20:49.151" endtime="20220704 09:20:49.982"/>
</kw>
<kw name="Scenario 7: User Klik Menu Monev Midterm Target">
<kw name="Click Monev Midterm Output Target" library="monev">
<kw name="Go To" library="SeleniumLibrary">
<arg>http://pmrms.greatpmo.com/monev/monev-midterm/Midterm</arg>
<doc>Navigates the current browser window to the provided ``url``.</doc>
<msg timestamp="20220704 09:20:49.983" level="INFO">Opening url 'http://pmrms.greatpmo.com/monev/monev-midterm/Midterm'</msg>
<status status="PASS" starttime="20220704 09:20:49.983" endtime="20220704 09:20:50.740"/>
</kw>
<kw name="Wait Until Element Is Visible" library="SeleniumLibrary">
<arg>${pageMonevMidterm}</arg>
<arg>timeout=30s</arg>
<doc>Waits until the element ``locator`` is visible.</doc>
<status status="PASS" starttime="20220704 09:20:50.740" endtime="20220704 09:20:50.766"/>
</kw>
<kw name="Page Should Contain Element" library="SeleniumLibrary">
<arg>${pageMonevMidterm}</arg>
<doc>Verifies that element ``locator`` is found on the current page.</doc>
<msg timestamp="20220704 09:20:50.774" level="INFO">Current page contains element '//label[text()='Midterm Outcome']'.</msg>
<status status="PASS" starttime="20220704 09:20:50.766" endtime="20220704 09:20:50.774"/>
</kw>
<status status="PASS" starttime="20220704 09:20:49.983" endtime="20220704 09:20:50.774"/>
</kw>
<status status="PASS" starttime="20220704 09:20:49.982" endtime="20220704 09:20:50.774"/>
</kw>
<kw name="Scenario 8: User Klik View Midterm Target">
<kw name="Click View Target" library="monev">
<kw name="Wait Until Element Is Visible" library="SeleniumLibrary">
<arg>${viewLongTerm}</arg>
<doc>Waits until the element ``locator`` is visible.</doc>
<status status="PASS" starttime="20220704 09:20:50.775" endtime="20220704 09:20:51.018"/>
</kw>
<kw name="Click Element" library="SeleniumLibrary">
<arg>${viewLongTerm}</arg>
<doc>Click the element identified by ``locator``.</doc>
<msg timestamp="20220704 09:20:51.019" level="INFO">Clicking element 'css= .spacing'.</msg>
<status status="PASS" starttime="20220704 09:20:51.019" endtime="20220704 09:20:51.087"/>
</kw>
<status status="PASS" starttime="20220704 09:20:50.775" endtime="20220704 09:20:51.087"/>
</kw>
<status status="PASS" starttime="20220704 09:20:50.775" endtime="20220704 09:20:51.087"/>
</kw>
<kw name="Scenario 9: User Klik Close View Midterm Target">
<kw name="Click Close View" library="monev">
<kw name="Wait Until Element Is Visible" library="SeleniumLibrary">
<arg>${closeLongTerm}</arg>
<doc>Waits until the element ``locator`` is visible.</doc>
<status status="PASS" starttime="20220704 09:20:51.089" endtime="20220704 09:20:51.126"/>
</kw>
<kw name="Click Element" library="SeleniumLibrary">
<arg>${closeLongTerm}</arg>
<doc>Click the element identified by ``locator``.</doc>
<msg timestamp="20220704 09:20:51.127" level="INFO">Clicking element 'css=.btn-close'.</msg>
<status status="PASS" starttime="20220704 09:20:51.126" endtime="20220704 09:20:51.174"/>
</kw>
<status status="PASS" starttime="20220704 09:20:51.089" endtime="20220704 09:20:51.174"/>
</kw>
<status status="PASS" starttime="20220704 09:20:51.089" endtime="20220704 09:20:51.174"/>
</kw>
<kw name="Scenario 10: User Klik Button Edit Midterm">
<kw name="Click Button Edit" library="monev">
<kw name="Wait Until Element Is Visible" library="SeleniumLibrary">
<arg>${btnEdit}</arg>
<arg>timeout=30s</arg>
<doc>Waits until the element ``locator`` is visible.</doc>
<status status="PASS" starttime="20220704 09:20:51.175" endtime="20220704 09:20:51.200"/>
</kw>
<kw name="Click Element" library="SeleniumLibrary">
<arg>${btnEdit}</arg>
<doc>Click the element identified by ``locator``.</doc>
<msg timestamp="20220704 09:20:51.201" level="INFO">Clicking element '//button[text()='Edit']'.</msg>
<status status="PASS" starttime="20220704 09:20:51.200" endtime="20220704 09:20:51.342"/>
</kw>
<status status="PASS" starttime="20220704 09:20:51.175" endtime="20220704 09:20:51.342"/>
</kw>
<status status="PASS" starttime="20220704 09:20:51.175" endtime="20220704 09:20:51.342"/>
</kw>
<kw name="Scenario 11: User Pilih Indikator Klik Simpan Midterm Target">
<kw name="Pilih indikator midterm" library="monev">
<kw name="Wait Until Element Is Visible" library="SeleniumLibrary">
<arg>${pilihIndikator}</arg>
<arg>timeout=30s</arg>
<doc>Waits until the element ``locator`` is visible.</doc>
<status status="PASS" starttime="20220704 09:20:51.345" endtime="20220704 09:20:52.520"/>
</kw>
<kw name="Execute Javascript" library="SeleniumLibrary">
<arg>document.evaluate("${pilihIndikator}",</arg>
<arg>document, null, XPathResult.ORDERED_NODE_SNAPSHOT_TYPE, null).</arg>
<arg>snapshotItem(0).click();</arg>
<doc>Executes the given JavaScript code with possible arguments.</doc>
<msg timestamp="20220704 09:20:52.521" level="INFO">Executing JavaScript:
document.evaluate("//label[text()='Pilih Indikator Keberhasilan']",document, null, XPathResult.ORDERED_NODE_SNAPSHOT_TYPE, null).snapshotItem(0).click();
Without any arguments.</msg>
<status status="PASS" starttime="20220704 09:20:52.520" endtime="20220704 09:20:52.539"/>
</kw>
<kw name="Execute Javascript" library="SeleniumLibrary">
<arg>document.evaluate("${indikatormidterm}",</arg>
<arg>document, null, XPathResult.ORDERED_NODE_SNAPSHOT_TYPE, null).</arg>
<arg>snapshotItem(0).click();</arg>
<doc>Executes the given JavaScript code with possible arguments.</doc>
<msg timestamp="20220704 09:20:52.540" level="INFO">Executing JavaScript:
document.evaluate("//label[text()='M.1.1 - Rerata nilai guru dalam Rapor Mutu Guru berbasis AKG']",document, null, XPathResult.ORDERED_NODE_SNAPSHOT_TYPE, null).snapshotItem(0).click();
Without any arguments.</msg>
<status status="PASS" starttime="20220704 09:20:52.539" endtime="20220704 09:20:52.562"/>
</kw>
<status status="PASS" starttime="20220704 09:20:51.344" endtime="20220704 09:20:52.564"/>
</kw>
<kw name="Click Button Lanjut" library="monev">
<kw name="Execute Javascript" library="SeleniumLibrary">
<arg>document.evaluate("${lanjut}",</arg>
<arg>document, null, XPathResult.ORDERED_NODE_SNAPSHOT_TYPE, null).</arg>
<arg>snapshotItem(0).click();</arg>
<doc>Executes the given JavaScript code with possible arguments.</doc>
<msg timestamp="20220704 09:20:52.566" level="INFO">Executing JavaScript:
document.evaluate("//label[text()='Lanjut']",document, null, XPathResult.ORDERED_NODE_SNAPSHOT_TYPE, null).snapshotItem(0).click();
Without any arguments.</msg>
<status status="PASS" starttime="20220704 09:20:52.565" endtime="20220704 09:20:52.578"/>
</kw>
<status status="PASS" starttime="20220704 09:20:52.564" endtime="20220704 09:20:52.578"/>
</kw>
<kw name="Click Button Simpan" library="monev">
<kw name="Wait Until Element Is Visible" library="SeleniumLibrary">
<arg>${btnSimpan}</arg>
<doc>Waits until the element ``locator`` is visible.</doc>
<status status="PASS" starttime="20220704 09:20:52.578" endtime="20220704 09:20:52.604"/>
</kw>
<kw name="Execute Javascript" library="SeleniumLibrary">
<arg>document.evaluate("${btnSimpan}",</arg>
<arg>document, null, XPathResult.ORDERED_NODE_SNAPSHOT_TYPE, null).</arg>
<arg>snapshotItem(0).click();</arg>
<doc>Executes the given JavaScript code with possible arguments.</doc>
<msg timestamp="20220704 09:20:52.604" level="INFO">Executing JavaScript:
document.evaluate("//label[text()='Simpan']",document, null, XPathResult.ORDERED_NODE_SNAPSHOT_TYPE, null).snapshotItem(0).click();
Without any arguments.</msg>
<status status="PASS" starttime="20220704 09:20:52.604" endtime="20220704 09:20:52.611"/>
</kw>
<status status="PASS" starttime="20220704 09:20:52.578" endtime="20220704 09:20:52.611"/>
</kw>
<status status="PASS" starttime="20220704 09:20:51.344" endtime="20220704 09:20:52.611"/>
</kw>
<kw name="Scenario 12: User Klik Menu Monev Intermediate Target">
<kw name="Click Monev Intermediate Output Target" library="monev">
<kw name="Go To" library="SeleniumLibrary">
<arg>http://pmrms.greatpmo.com/monev/monev-intermediate/intermediate</arg>
<doc>Navigates the current browser window to the provided ``url``.</doc>
<msg timestamp="20220704 09:20:52.615" level="INFO">Opening url 'http://pmrms.greatpmo.com/monev/monev-intermediate/intermediate'</msg>
<status status="PASS" starttime="20220704 09:20:52.615" endtime="20220704 09:20:53.061"/>
</kw>
<kw name="Wait Until Element Is Visible" library="SeleniumLibrary">
<arg>${pageMonevIntermediate}</arg>
<arg>timeout=30s</arg>
<doc>Waits until the element ``locator`` is visible.</doc>
<status status="PASS" starttime="20220704 09:20:53.061" endtime="20220704 09:20:53.097"/>
</kw>
<kw name="Page Should Contain Element" library="SeleniumLibrary">
<arg>${pageMonevIntermediate}</arg>
<doc>Verifies that element ``locator`` is found on the current page.</doc>
<msg timestamp="20220704 09:20:53.106" level="INFO">Current page contains element '//label[text()='Intermediate Outcome']'.</msg>
<status status="PASS" starttime="20220704 09:20:53.098" endtime="20220704 09:20:53.106"/>
</kw>
<status status="PASS" starttime="20220704 09:20:52.614" endtime="20220704 09:20:53.106"/>
</kw>
<status status="PASS" starttime="20220704 09:20:52.613" endtime="20220704 09:20:53.106"/>
</kw>
<kw name="Scenario 13: User Klik View Intermediate Target">
<kw name="Click View Target" library="monev">
<kw name="Wait Until Element Is Visible" library="SeleniumLibrary">
<arg>${viewLongTerm}</arg>
<doc>Waits until the element ``locator`` is visible.</doc>
<status status="PASS" starttime="20220704 09:20:53.107" endtime="20220704 09:20:53.344"/>
</kw>
<kw name="Click Element" library="SeleniumLibrary">
<arg>${viewLongTerm}</arg>
<doc>Click the element identified by ``locator``.</doc>
<msg timestamp="20220704 09:20:53.345" level="INFO">Clicking element 'css= .spacing'.</msg>
<status status="PASS" starttime="20220704 09:20:53.344" endtime="20220704 09:20:53.422"/>
</kw>
<status status="PASS" starttime="20220704 09:20:53.107" endtime="20220704 09:20:53.422"/>
</kw>
<status status="PASS" starttime="20220704 09:20:53.107" endtime="20220704 09:20:53.422"/>
</kw>
<kw name="Scenario 14: User Klik Close View Intermediate Target">
<kw name="Click Close View" library="monev">
<kw name="Wait Until Element Is Visible" library="SeleniumLibrary">
<arg>${closeLongTerm}</arg>
<doc>Waits until the element ``locator`` is visible.</doc>
<status status="PASS" starttime="20220704 09:20:53.422" endtime="20220704 09:20:53.458"/>
</kw>
<kw name="Click Element" library="SeleniumLibrary">
<arg>${closeLongTerm}</arg>
<doc>Click the element identified by ``locator``.</doc>
<msg timestamp="20220704 09:20:53.459" level="INFO">Clicking element 'css=.btn-close'.</msg>
<status status="PASS" starttime="20220704 09:20:53.458" endtime="20220704 09:20:53.510"/>
</kw>
<status status="PASS" starttime="20220704 09:20:53.422" endtime="20220704 09:20:53.511"/>
</kw>
<status status="PASS" starttime="20220704 09:20:53.422" endtime="20220704 09:20:53.511"/>
</kw>
<kw name="Scenario 15: User Klik Button Edit Intermediate">
<kw name="Click Button Edit" library="monev">
<kw name="Wait Until Element Is Visible" library="SeleniumLibrary">
<arg>${btnEdit}</arg>
<arg>timeout=30s</arg>
<doc>Waits until the element ``locator`` is visible.</doc>
<status status="PASS" starttime="20220704 09:20:53.513" endtime="20220704 09:20:53.536"/>
</kw>
<kw name="Click Element" library="SeleniumLibrary">
<arg>${btnEdit}</arg>
<doc>Click the element identified by ``locator``.</doc>
<msg timestamp="20220704 09:20:53.537" level="INFO">Clicking element '//button[text()='Edit']'.</msg>
<status status="PASS" starttime="20220704 09:20:53.536" endtime="20220704 09:20:53.674"/>
</kw>
<status status="PASS" starttime="20220704 09:20:53.512" endtime="20220704 09:20:53.674"/>
</kw>
<status status="PASS" starttime="20220704 09:20:53.512" endtime="20220704 09:20:53.674"/>
</kw>
<kw name="Scenario 16: User User Pilih Indikator Klik Simpan Intermediate Target">
<kw name="Pilih indikator intermediate" library="monev">
<kw name="Wait Until Element Is Visible" library="SeleniumLibrary">
<arg>${pilihIndikator}</arg>
<arg>timeout=30s</arg>
<doc>Waits until the element ``locator`` is visible.</doc>
<status status="PASS" starttime="20220704 09:20:53.675" endtime="20220704 09:20:54.430"/>
</kw>
<kw name="Execute Javascript" library="SeleniumLibrary">
<arg>document.evaluate("${pilihIndikator}",</arg>
<arg>document, null, XPathResult.ORDERED_NODE_SNAPSHOT_TYPE, null).</arg>
<arg>snapshotItem(0).click();</arg>
<doc>Executes the given JavaScript code with possible arguments.</doc>
<msg timestamp="20220704 09:20:54.432" level="INFO">Executing JavaScript:
document.evaluate("//label[text()='Pilih Indikator Keberhasilan']",document, null, XPathResult.ORDERED_NODE_SNAPSHOT_TYPE, null).snapshotItem(0).click();
Without any arguments.</msg>
<status status="PASS" starttime="20220704 09:20:54.430" endtime="20220704 09:20:54.447"/>
</kw>
<kw name="Execute Javascript" library="SeleniumLibrary">
<arg>document.evaluate("${indikatorIntermediate}",</arg>
<arg>document, null, XPathResult.ORDERED_NODE_SNAPSHOT_TYPE, null).</arg>
<arg>snapshotItem(0).click();</arg>
<doc>Executes the given JavaScript code with possible arguments.</doc>
<msg timestamp="20220704 09:20:54.447" level="INFO">Executing JavaScript:
document.evaluate("//label[text()='I.1.A.1 - Buat Baru']",document, null, XPathResult.ORDERED_NODE_SNAPSHOT_TYPE, null).snapshotItem(0).click();
Without any arguments.</msg>
<status status="PASS" starttime="20220704 09:20:54.447" endtime="20220704 09:20:54.462"/>
</kw>
<status status="PASS" starttime="20220704 09:20:53.675" endtime="20220704 09:20:54.462"/>
</kw>
<kw name="Click Button Lanjut" library="monev">
<kw name="Execute Javascript" library="SeleniumLibrary">
<arg>document.evaluate("${lanjut}",</arg>
<arg>document, null, XPathResult.ORDERED_NODE_SNAPSHOT_TYPE, null).</arg>
<arg>snapshotItem(0).click();</arg>
<doc>Executes the given JavaScript code with possible arguments.</doc>
<msg timestamp="20220704 09:20:54.464" level="INFO">Executing JavaScript:
document.evaluate("//label[text()='Lanjut']",document, null, XPathResult.ORDERED_NODE_SNAPSHOT_TYPE, null).snapshotItem(0).click();
Without any arguments.</msg>
<status status="PASS" starttime="20220704 09:20:54.463" endtime="20220704 09:20:54.486"/>
</kw>
<status status="PASS" starttime="20220704 09:20:54.462" endtime="20220704 09:20:54.486"/>
</kw>
<kw name="Click Button Simpan" library="monev">
<kw name="Wait Until Element Is Visible" library="SeleniumLibrary">
<arg>${btnSimpan}</arg>
<doc>Waits until the element ``locator`` is visible.</doc>
<status status="PASS" starttime="20220704 09:20:54.486" endtime="20220704 09:20:54.511"/>
</kw>
<kw name="Execute Javascript" library="SeleniumLibrary">
<arg>document.evaluate("${btnSimpan}",</arg>
<arg>document, null, XPathResult.ORDERED_NODE_SNAPSHOT_TYPE, null).</arg>
<arg>snapshotItem(0).click();</arg>
<doc>Executes the given JavaScript code with possible arguments.</doc>
<msg timestamp="20220704 09:20:54.511" level="INFO">Executing JavaScript:
document.evaluate("//label[text()='Simpan']",document, null, XPathResult.ORDERED_NODE_SNAPSHOT_TYPE, null).snapshotItem(0).click();
Without any arguments.</msg>
<status status="PASS" starttime="20220704 09:20:54.511" endtime="20220704 09:20:54.520"/>
</kw>
<status status="PASS" starttime="20220704 09:20:54.486" endtime="20220704 09:20:54.520"/>
</kw>
<status status="PASS" starttime="20220704 09:20:53.675" endtime="20220704 09:20:54.520"/>
</kw>
<kw name="Scenario 17: User klik button edit Output">
<kw name="Click Edit Monev output" library="monev">
<kw name="Go To" library="SeleniumLibrary">
<arg>http://pmrms.greatpmo.com/monev/list-monev/output</arg>
<doc>Navigates the current browser window to the provided ``url``.</doc>
<msg timestamp="20220704 09:20:54.521" level="INFO">Opening url 'http://pmrms.greatpmo.com/monev/list-monev/output'</msg>
<status status="PASS" starttime="20220704 09:20:54.521" endtime="20220704 09:20:54.874"/>
</kw>
<kw name="Sleep" library="BuiltIn">
<arg>3s</arg>
<doc>Pauses the test executed for the given time.</doc>
<msg timestamp="20220704 09:20:57.884" level="INFO">Slept 3 seconds</msg>
<status status="PASS" starttime="20220704 09:20:54.874" endtime="20220704 09:20:57.884"/>
</kw>
<kw name="Click Element" library="SeleniumLibrary">
<arg>${btnEdit}</arg>
<doc>Click the element identified by ``locator``.</doc>
<msg timestamp="20220704 09:20:57.885" level="INFO">Clicking element '//button[text()='Edit']'.</msg>
<status status="PASS" starttime="20220704 09:20:57.884" endtime="20220704 09:20:57.953"/>
</kw>
<status status="PASS" starttime="20220704 09:20:54.520" endtime="20220704 09:20:57.953"/>
</kw>
<status status="PASS" starttime="20220704 09:20:54.520" endtime="20220704 09:20:57.953"/>
</kw>
<kw name="Scenario 18: User klik button kembali from edit output">
<kw name="Click Button Kembali" library="monev">
<kw name="Wait Until Element Is Visible" library="SeleniumLibrary">
<arg>${btnKembali}</arg>
<arg>timeout=30s</arg>
<doc>Waits until the element ``locator`` is visible.</doc>
<status status="PASS" starttime="20220704 09:20:57.954" endtime="20220704 09:20:57.977"/>
</kw>
<kw name="Click Element" library="SeleniumLibrary">
<arg>${btnKembali}</arg>
<doc>Click the element identified by ``locator``.</doc>
<msg timestamp="20220704 09:20:57.977" level="INFO">Clicking element '//label[text()='Kembali']'.</msg>
<status status="PASS" starttime="20220704 09:20:57.977" endtime="20220704 09:20:58.034"/>
</kw>
<status status="PASS" starttime="20220704 09:20:57.954" endtime="20220704 09:20:58.034"/>
</kw>
<status status="PASS" starttime="20220704 09:20:57.954" endtime="20220704 09:20:58.034"/>
</kw>
<kw name="Scenario 19: User mengklik tambah output, mengisi form output kegiatan">
<kw name="Click Button Tambah Output indikator keberhasilan" library="monev">
<kw name="Click Element" library="SeleniumLibrary">
<arg>${btnTambahOutput}</arg>
<doc>Click the element identified by ``locator``.</doc>
<msg timestamp="20220704 09:20:58.035" level="INFO">Clicking element '//button[text()='Tambah Output/Indikator Keberhasilan']'.</msg>
<status status="PASS" starttime="20220704 09:20:58.035" endtime="20220704 09:20:58.173"/>
</kw>
<status status="PASS" starttime="20220704 09:20:58.035" endtime="20220704 09:20:58.173"/>
</kw>
<status status="PASS" starttime="20220704 09:20:58.035" endtime="20220704 09:20:58.173"/>
</kw>
<kw name="Scenario 20: User Klik Button Kembali from page indikator keberhasilan">
<kw name="Click Button Kembali" library="monev">
<kw name="Wait Until Element Is Visible" library="SeleniumLibrary">
<arg>${btnKembali}</arg>
<arg>timeout=30s</arg>
<doc>Waits until the element ``locator`` is visible.</doc>
<status status="PASS" starttime="20220704 09:20:58.174" endtime="20220704 09:20:58.197"/>
</kw>
<kw name="Click Element" library="SeleniumLibrary">
<arg>${btnKembali}</arg>
<doc>Click the element identified by ``locator``.</doc>
<msg timestamp="20220704 09:20:58.198" level="INFO">Clicking element '//label[text()='Kembali']'.</msg>
<status status="PASS" starttime="20220704 09:20:58.198" endtime="20220704 09:20:58.252"/>
</kw>
<status status="PASS" starttime="20220704 09:20:58.174" endtime="20220704 09:20:58.252"/>
</kw>
<status status="PASS" starttime="20220704 09:20:58.174" endtime="20220704 09:20:58.252"/>
</kw>
<kw name="Finish Testcase" library="browser" type="TEARDOWN">
<kw name="Close Browser" library="SeleniumLibrary">
<doc>Closes the current browser.</doc>
<status status="PASS" starttime="20220704 09:20:58.253" endtime="20220704 09:21:01.777"/>
</kw>
<status status="PASS" starttime="20220704 09:20:58.253" endtime="20220704 09:21:01.778"/>
</kw>
<doc>Regression Menu Monev</doc>
<tag>Functionality</tag>
<status status="PASS" starttime="20220704 09:20:36.242" endtime="20220704 09:21:01.779"/>
</test>
<doc>Regression Test Menu Monev</doc>
<status status="PASS" starttime="20220704 09:20:36.059" endtime="20220704 09:21:01.782"/>
</suite>
<statistics>
<total>
<stat pass="1" fail="0" skip="0">All Tests</stat>
</total>
<tag>
<stat pass="1" fail="0" skip="0">Functionality</stat>
</tag>
<suite>
<stat pass="1" fail="0" skip="0" id="s1" name="17 Monev">17 Monev</stat>
</suite>
</statistics>
<errors>
</errors>
</robot>
