<?xml version="1.0" encoding="UTF-8"?>
<robot generator="Robot 5.0.1 (Python 3.10.5 on win32)" generated="20220709 01:07:33.771" rpa="false" schemaversion="3">
<suite id="s1" name="11 Administrasi DirektoriStaff" source="E:\pmrms-testing\Features\11_Administrasi_DirektoriStaff.robot">
<test id="s1-t1" name="Menu Administrasi Direktori Staff" line="15">
<kw name="Scenario 1: Login with username valid and password valid">
<kw name="Given Login page is open" library="login">
<kw name="Open Browser" library="browser">
<kw name="Start Testcase Headless" library="browser">
<kw name="Evaluate" library="BuiltIn">
<var>${options}</var>
<arg>sys.modules['selenium.webdriver'].ChromeOptions()</arg>
<doc>Evaluates the given expression in Python and returns the result.</doc>
<msg timestamp="20220709 01:07:35.092" level="INFO">${options} = &lt;selenium.webdriver.chrome.options.Options object at 0x0000024848BB1C60&gt;</msg>
<status status="PASS" starttime="20220709 01:07:35.091" endtime="20220709 01:07:35.092"/>
</kw>
<kw name="Call Method" library="BuiltIn">
<arg>${options}</arg>
<arg>add_argument</arg>
<arg>--ignore-certificate-errors</arg>
<doc>Calls the named method of the given object with the provided arguments.</doc>
<status status="PASS" starttime="20220709 01:07:35.093" endtime="20220709 01:07:35.094"/>
</kw>
<kw name="Call Method" library="BuiltIn">
<arg>${options}</arg>
<arg>add_argument</arg>
<arg>--ignore-ssl-errors</arg>
<doc>Calls the named method of the given object with the provided arguments.</doc>
<status status="PASS" starttime="20220709 01:07:35.094" endtime="20220709 01:07:35.095"/>
</kw>
<kw name="Call Method" library="BuiltIn">
<arg>${options}</arg>
<arg>add_argument</arg>
<arg>--disable-notifications</arg>
<doc>Calls the named method of the given object with the provided arguments.</doc>
<status status="PASS" starttime="20220709 01:07:35.095" endtime="20220709 01:07:35.097"/>
</kw>
<kw name="Call Method" library="BuiltIn">
<arg>${options}</arg>
<arg>add_argument</arg>
<arg>--no-sandbox</arg>
<doc>Calls the named method of the given object with the provided arguments.</doc>
<status status="PASS" starttime="20220709 01:07:35.098" endtime="20220709 01:07:35.100"/>
</kw>
<kw name="Call Method" library="BuiltIn">
<arg>${options}</arg>
<arg>add_argument</arg>
<arg>--disable-gpu</arg>
<doc>Calls the named method of the given object with the provided arguments.</doc>
<status status="PASS" starttime="20220709 01:07:35.101" endtime="20220709 01:07:35.102"/>
</kw>
<kw name="Call Method" library="BuiltIn">
<arg>${options}</arg>
<arg>add_argument</arg>
<arg>--window-size\=1366,768</arg>
<doc>Calls the named method of the given object with the provided arguments.</doc>
<status status="PASS" starttime="20220709 01:07:35.102" endtime="20220709 01:07:35.103"/>
</kw>
<kw name="Call Method" library="BuiltIn">
<arg>${options}</arg>
<arg>add_argument</arg>
<arg>--disable-dev-shm-usage</arg>
<doc>Calls the named method of the given object with the provided arguments.</doc>
<status status="PASS" starttime="20220709 01:07:35.104" endtime="20220709 01:07:35.105"/>
</kw>
<kw name="Create Webdriver" library="SeleniumLibrary">
<arg>Chrome</arg>
<arg>chrome_options=${options}</arg>
<doc>Creates an instance of Selenium WebDriver.</doc>
<msg timestamp="20220709 01:07:35.108" level="INFO">Creating an instance of the Chrome WebDriver.</msg>
<status status="PASS" starttime="20220709 01:07:35.106" endtime="20220709 01:07:38.263"/>
</kw>
<status status="PASS" starttime="20220709 01:07:35.090" endtime="20220709 01:07:38.264"/>
</kw>
<kw name="Go To" library="SeleniumLibrary">
<arg>${chrome_browser}</arg>
<doc>Navigates the current browser window to the provided ``url``.</doc>
<msg timestamp="20220709 01:07:38.267" level="INFO">Opening url 'http://pmrms.greatpmo.com/admin/login'</msg>
<status status="PASS" starttime="20220709 01:07:38.265" endtime="20220709 01:07:48.416"/>
</kw>
<status status="PASS" starttime="20220709 01:07:35.089" endtime="20220709 01:07:48.417"/>
</kw>
<status status="PASS" starttime="20220709 01:07:35.088" endtime="20220709 01:07:48.417"/>
</kw>
<kw name="And Input Valid Username" library="login">
<kw name="Input Text" library="SeleniumLibrary">
<arg>${username}</arg>
<arg>${adm_usr}</arg>
<doc>Types the given ``text`` into the text field identified by ``locator``.</doc>
<msg timestamp="20220709 01:07:48.423" level="INFO">Typing text 'ptm15@madrasah.kemenag.go.id' into text field '//input[@id='email']'.</msg>
<status status="PASS" starttime="20220709 01:07:48.420" endtime="20220709 01:07:49.094"/>
</kw>
<status status="PASS" starttime="20220709 01:07:48.418" endtime="20220709 01:07:49.095"/>
</kw>
<kw name="And Input Valid Password" library="login">
<kw name="Input Text" library="SeleniumLibrary">
<arg>${pwd}</arg>
<arg>${adm_pwd}</arg>
<doc>Types the given ``text`` into the text field identified by ``locator``.</doc>
<msg timestamp="20220709 01:07:49.100" level="INFO">Typing text 'User@madrasah2022' into text field '//input[@type='password']'.</msg>
<status status="PASS" starttime="20220709 01:07:49.098" endtime="20220709 01:07:49.541"/>
</kw>
<status status="PASS" starttime="20220709 01:07:49.096" endtime="20220709 01:07:49.541"/>
</kw>
<kw name="When Click button submit" library="login">
<kw name="Execute Javascript" library="SeleniumLibrary">
<arg>document.evaluate("${btnSubmit}",</arg>
<arg>document, null, XPathResult.ORDERED_NODE_SNAPSHOT_TYPE, null).</arg>
<arg>snapshotItem(0).click();</arg>
<doc>Executes the given JavaScript code with possible arguments.</doc>
<msg timestamp="20220709 01:07:49.549" level="INFO">Executing JavaScript:
document.evaluate("//button[@class='btn']",document, null, XPathResult.ORDERED_NODE_SNAPSHOT_TYPE, null).snapshotItem(0).click();
Without any arguments.</msg>
<status status="PASS" starttime="20220709 01:07:49.545" endtime="20220709 01:07:49.599"/>
</kw>
<status status="PASS" starttime="20220709 01:07:49.543" endtime="20220709 01:07:49.600"/>
</kw>
<kw name="Then Verify Home Page is open" library="login">
<kw name="Wait Until Element Is Visible" library="SeleniumLibrary">
<arg>${Verify_Profile}</arg>
<arg>timeout=30s</arg>
<doc>Waits until the element ``locator`` is visible.</doc>
<status status="PASS" starttime="20220709 01:07:49.603" endtime="20220709 01:07:52.077"/>
</kw>
<kw name="Page Should Contain Element" library="SeleniumLibrary">
<arg>${Verify_Profile}</arg>
<doc>Verifies that element ``locator`` is found on the current page.</doc>
<msg timestamp="20220709 01:07:52.218" level="INFO">Current page contains element 'css= .profile-button'.</msg>
<status status="PASS" starttime="20220709 01:07:52.078" endtime="20220709 01:07:52.219"/>
</kw>
<status status="PASS" starttime="20220709 01:07:49.601" endtime="20220709 01:07:52.220"/>
</kw>
<status status="PASS" starttime="20220709 01:07:35.086" endtime="20220709 01:07:52.220"/>
</kw>
<kw name="Scenario 2: User mengklik Menu Administrasi lalu pilih menu Direktori Staff">
<kw name="Click Menu Administrasi" library="administrasi">
<kw name="Wait Until Element Is Visible" library="SeleniumLibrary">
<arg>${menuAdministrasi}</arg>
<doc>Waits until the element ``locator`` is visible.</doc>
<status status="PASS" starttime="20220709 01:07:52.227" endtime="20220709 01:07:53.426"/>
</kw>
<kw name="Click Element" library="SeleniumLibrary">
<arg>${menuAdministrasi}</arg>
<doc>Click the element identified by ``locator``.</doc>
<msg timestamp="20220709 01:07:53.429" level="INFO">Clicking element '//a[contains(.,'Administrasi')]'.</msg>
<status status="PASS" starttime="20220709 01:07:53.427" endtime="20220709 01:07:53.643"/>
</kw>
<status status="PASS" starttime="20220709 01:07:52.225" endtime="20220709 01:07:53.645"/>
</kw>
<kw name="Click Direktori Staff" library="administrasi">
<kw name="Click Element" library="SeleniumLibrary">
<arg>${menuDirektoriStaff}</arg>
<doc>Click the element identified by ``locator``.</doc>
<msg timestamp="20220709 01:07:53.650" level="INFO">Clicking element '//a[contains(.,'Direktori Staf')]'.</msg>
<status status="PASS" starttime="20220709 01:07:53.648" endtime="20220709 01:07:54.040"/>
</kw>
<status status="PASS" starttime="20220709 01:07:53.646" endtime="20220709 01:07:54.042"/>
</kw>
<kw name="Verify Page Direktori Staff" library="administrasi">
<kw name="Wait Until Element Is Visible" library="SeleniumLibrary">
<arg>${verifyDaftarStaff}</arg>
<arg>timeout=30s</arg>
<doc>Waits until the element ``locator`` is visible.</doc>
<status status="PASS" starttime="20220709 01:07:54.045" endtime="20220709 01:07:55.360"/>
</kw>
<kw name="Page Should Contain Element" library="SeleniumLibrary">
<arg>${verifyDaftarStaff}</arg>
<doc>Verifies that element ``locator`` is found on the current page.</doc>
<msg timestamp="20220709 01:07:55.389" level="INFO">Current page contains element '//label[text()='Daftar Staf']'.</msg>
<status status="PASS" starttime="20220709 01:07:55.361" endtime="20220709 01:07:55.390"/>
</kw>
<status status="PASS" starttime="20220709 01:07:54.043" endtime="20220709 01:07:55.390"/>
</kw>
<status status="PASS" starttime="20220709 01:07:52.222" endtime="20220709 01:07:55.391"/>
</kw>
<kw name="Scenario 13: User mengfilter daftar staf komponen 1">
<kw name="Click Button Filter Komponen 1" library="administrasi">
<kw name="Wait Until Element Is Visible" library="SeleniumLibrary">
<arg>${btnFilter}</arg>
<doc>Waits until the element ``locator`` is visible.</doc>
<status status="PASS" starttime="20220709 01:07:55.398" endtime="20220709 01:07:57.271"/>
</kw>
<kw name="Click Element" library="SeleniumLibrary">
<arg>${btnFilter}</arg>
<doc>Click the element identified by ``locator``.</doc>
<msg timestamp="20220709 01:07:57.275" level="INFO">Clicking element '//div[@class='col-md-6 text-end']'.</msg>
<status status="PASS" starttime="20220709 01:07:57.272" endtime="20220709 01:07:58.234"/>
</kw>
<kw name="Click Element" library="SeleniumLibrary">
<arg>${pilihkomponen}</arg>
<doc>Click the element identified by ``locator``.</doc>
<msg timestamp="20220709 01:07:58.237" level="INFO">Clicking element '//label[text()='Colored']/following::input'.</msg>
<status status="PASS" starttime="20220709 01:07:58.235" endtime="20220709 01:07:59.270"/>
</kw>
<kw name="Click Element" library="SeleniumLibrary">
<arg>${komponen1}</arg>
<doc>Click the element identified by ``locator``.</doc>
<msg timestamp="20220709 01:07:59.273" level="INFO">Clicking element '//span[text()='Komponen 1']'.</msg>
<status status="PASS" starttime="20220709 01:07:59.271" endtime="20220709 01:07:59.709"/>
</kw>
<status status="PASS" starttime="20220709 01:07:55.397" endtime="20220709 01:07:59.710"/>
</kw>
<status status="PASS" starttime="20220709 01:07:55.395" endtime="20220709 01:07:59.714"/>
</kw>
<kw name="Scenario 14: User mengfilter daftar staf komponen 2">
<kw name="Click Button Filter Komponen 2" library="administrasi">
<kw name="Click Element" library="SeleniumLibrary">
<arg>${pilihkomponen}</arg>
<doc>Click the element identified by ``locator``.</doc>
<msg timestamp="20220709 01:07:59.727" level="INFO">Clicking element '//label[text()='Colored']/following::input'.</msg>
<status status="PASS" starttime="20220709 01:07:59.724" endtime="20220709 01:08:00.085"/>
</kw>
<kw name="Click Element" library="SeleniumLibrary">
<arg>${komponen2}</arg>
<doc>Click the element identified by ``locator``.</doc>
<msg timestamp="20220709 01:08:00.091" level="INFO">Clicking element '//span[text()='Komponen 2']'.</msg>
<status status="PASS" starttime="20220709 01:08:00.087" endtime="20220709 01:08:00.584"/>
</kw>
<status status="PASS" starttime="20220709 01:07:59.722" endtime="20220709 01:08:00.585"/>
</kw>
<status status="PASS" starttime="20220709 01:07:59.718" endtime="20220709 01:08:00.586"/>
</kw>
<kw name="Scenario 15: User mengfilter daftar staf komponen 3">
<kw name="Click Button Filter Komponen 3" library="administrasi">
<kw name="Click Element" library="SeleniumLibrary">
<arg>${pilihkomponen}</arg>
<doc>Click the element identified by ``locator``.</doc>
<msg timestamp="20220709 01:08:00.592" level="INFO">Clicking element '//label[text()='Colored']/following::input'.</msg>
<status status="PASS" starttime="20220709 01:08:00.591" endtime="20220709 01:08:00.900"/>
</kw>
<kw name="Click Element" library="SeleniumLibrary">
<arg>${komponen3}</arg>
<doc>Click the element identified by ``locator``.</doc>
<msg timestamp="20220709 01:08:00.903" level="INFO">Clicking element '//span[text()='Komponen 3']'.</msg>
<status status="PASS" starttime="20220709 01:08:00.901" endtime="20220709 01:08:01.220"/>
</kw>
<status status="PASS" starttime="20220709 01:08:00.589" endtime="20220709 01:08:01.221"/>
</kw>
<status status="PASS" starttime="20220709 01:08:00.587" endtime="20220709 01:08:01.222"/>
</kw>
<kw name="Scenario 16: User mengfilter daftar staf komponen 4.1">
<kw name="Click Button Filter Komponen 4.1" library="administrasi">
<kw name="Click Element" library="SeleniumLibrary">
<arg>${pilihkomponen}</arg>
<doc>Click the element identified by ``locator``.</doc>
<msg timestamp="20220709 01:08:01.232" level="INFO">Clicking element '//label[text()='Colored']/following::input'.</msg>
<status status="PASS" starttime="20220709 01:08:01.229" endtime="20220709 01:08:01.451"/>
</kw>
<kw name="Click Element" library="SeleniumLibrary">
<arg>${komponen4.1}</arg>
<doc>Click the element identified by ``locator``.</doc>
<msg timestamp="20220709 01:08:01.455" level="INFO">Clicking element '//span[text()='Komponen 4.1']'.</msg>
<status status="PASS" starttime="20220709 01:08:01.451" endtime="20220709 01:08:01.781"/>
</kw>
<status status="PASS" starttime="20220709 01:08:01.227" endtime="20220709 01:08:01.782"/>
</kw>
<status status="PASS" starttime="20220709 01:08:01.224" endtime="20220709 01:08:01.783"/>
</kw>
<kw name="Scenario 17: User mengfilter daftar staf komponen 4.2">
<kw name="Click Button Filter Komponen 4.2" library="administrasi">
<kw name="Click Element" library="SeleniumLibrary">
<arg>${pilihkomponen}</arg>
<doc>Click the element identified by ``locator``.</doc>
<msg timestamp="20220709 01:08:01.790" level="INFO">Clicking element '//label[text()='Colored']/following::input'.</msg>
<status status="PASS" starttime="20220709 01:08:01.789" endtime="20220709 01:08:02.084"/>
</kw>
<kw name="Click Element" library="SeleniumLibrary">
<arg>${komponen4.2}</arg>
<doc>Click the element identified by ``locator``.</doc>
<msg timestamp="20220709 01:08:02.089" level="INFO">Clicking element '//span[text()='Komponen 4.2']'.</msg>
<status status="PASS" starttime="20220709 01:08:02.085" endtime="20220709 01:08:02.521"/>
</kw>
<status status="PASS" starttime="20220709 01:08:01.787" endtime="20220709 01:08:02.524"/>
</kw>
<status status="PASS" starttime="20220709 01:08:01.785" endtime="20220709 01:08:02.525"/>
</kw>
<kw name="Scenario 18: User mengfilter daftar staf komponen 4.3">
<kw name="Click Button Filter Komponen 4.3" library="administrasi">
<kw name="Click Element" library="SeleniumLibrary">
<arg>${pilihkomponen}</arg>
<doc>Click the element identified by ``locator``.</doc>
<msg timestamp="20220709 01:08:02.533" level="INFO">Clicking element '//label[text()='Colored']/following::input'.</msg>
<status status="PASS" starttime="20220709 01:08:02.532" endtime="20220709 01:08:03.059"/>
</kw>
<kw name="Click Element" library="SeleniumLibrary">
<arg>${komponen4.3}</arg>
<doc>Click the element identified by ``locator``.</doc>
<msg timestamp="20220709 01:08:03.063" level="INFO">Clicking element '//span[text()='Komponen 4.3']'.</msg>
<status status="PASS" starttime="20220709 01:08:03.061" endtime="20220709 01:08:03.475"/>
</kw>
<status status="PASS" starttime="20220709 01:08:02.529" endtime="20220709 01:08:03.479"/>
</kw>
<status status="PASS" starttime="20220709 01:08:02.527" endtime="20220709 01:08:03.480"/>
</kw>
<kw name="Scenario 19: User mengfilter daftar staf komponen 4.4">
<kw name="Click Button Filter Komponen 4.4" library="administrasi">
<kw name="Click Element" library="SeleniumLibrary">
<arg>${pilihkomponen}</arg>
<doc>Click the element identified by ``locator``.</doc>
<msg timestamp="20220709 01:08:03.490" level="INFO">Clicking element '//label[text()='Colored']/following::input'.</msg>
<status status="PASS" starttime="20220709 01:08:03.488" endtime="20220709 01:08:03.766"/>
</kw>
<kw name="Click Element" library="SeleniumLibrary">
<arg>${komponen4.4}</arg>
<doc>Click the element identified by ``locator``.</doc>
<msg timestamp="20220709 01:08:03.769" level="INFO">Clicking element '//span[text()='Komponen 4.4']'.</msg>
<status status="PASS" starttime="20220709 01:08:03.767" endtime="20220709 01:08:04.093"/>
</kw>
<status status="PASS" starttime="20220709 01:08:03.487" endtime="20220709 01:08:04.095"/>
</kw>
<status status="PASS" starttime="20220709 01:08:03.484" endtime="20220709 01:08:04.096"/>
</kw>
<kw name="Finish Testcase" library="browser" type="TEARDOWN">
<kw name="Close Browser" library="SeleniumLibrary">
<doc>Closes the current browser.</doc>
<status status="PASS" starttime="20220709 01:08:04.107" endtime="20220709 01:08:07.418"/>
</kw>
<status status="PASS" starttime="20220709 01:08:04.103" endtime="20220709 01:08:07.419"/>
</kw>
<doc>Regression Test Menu Administrasi Direktori Staff</doc>
<tag>Functionality</tag>
<status status="PASS" starttime="20220709 01:07:35.080" endtime="20220709 01:08:07.420"/>
</test>
<doc>Regression Test Menu Administrasi Direktori Staff</doc>
<status status="PASS" starttime="20220709 01:07:33.779" endtime="20220709 01:08:07.428"/>
</suite>
<statistics>
<total>
<stat pass="1" fail="0" skip="0">All Tests</stat>
</total>
<tag>
<stat pass="1" fail="0" skip="0">Functionality</stat>
</tag>
<suite>
<stat pass="1" fail="0" skip="0" id="s1" name="11 Administrasi DirektoriStaff">11 Administrasi DirektoriStaff</stat>
</suite>
</statistics>
<errors>
</errors>
</robot>
