<?xml version="1.0" encoding="UTF-8"?>
<robot generator="Robot 3.2.2 (Python 3.8.5 on win32)" generated="20220314 08:14:35.430" rpa="false">
<suite id="s1" name="08 Konfigurasi" source="D:\pyCharmProject\pmrms-testing\Features\08_Konfigurasi.robot">
<test id="s1-t1" name="Menu Konfigurasi">
<kw name="Scenario 1: Login with username valid and password valid">
<kw name="Given Login page is open" library="login">
<kw name="Open Browser" library="browser">
<kw name="Start Testcase Headless" library="browser">
<kw name="Evaluate" library="BuiltIn">
<doc>Evaluates the given expression in Python and returns the result.</doc>
<arguments>
<arg>sys.modules['selenium.webdriver'].ChromeOptions()</arg>
</arguments>
<assign>
<var>${options}</var>
</assign>
<msg timestamp="20220314 08:14:35.727" level="INFO">${options} = &lt;selenium.webdriver.chrome.options.Options object at 0x0412C4A8&gt;</msg>
<status status="PASS" starttime="20220314 08:14:35.726" endtime="20220314 08:14:35.727"></status>
</kw>
<kw name="Call Method" library="BuiltIn">
<doc>Calls the named method of the given object with the provided arguments.</doc>
<arguments>
<arg>${options}</arg>
<arg>add_argument</arg>
<arg>--disable-notifications</arg>
</arguments>
<status status="PASS" starttime="20220314 08:14:35.727" endtime="20220314 08:14:35.728"></status>
</kw>
<kw name="Call Method" library="BuiltIn">
<doc>Calls the named method of the given object with the provided arguments.</doc>
<arguments>
<arg>${options}</arg>
<arg>add_argument</arg>
<arg>--no-sandbox</arg>
</arguments>
<status status="PASS" starttime="20220314 08:14:35.728" endtime="20220314 08:14:35.728"></status>
</kw>
<kw name="Call Method" library="BuiltIn">
<doc>Calls the named method of the given object with the provided arguments.</doc>
<arguments>
<arg>${options}</arg>
<arg>add_argument</arg>
<arg>--disable-gpu</arg>
</arguments>
<status status="PASS" starttime="20220314 08:14:35.729" endtime="20220314 08:14:35.729"></status>
</kw>
<kw name="Call Method" library="BuiltIn">
<doc>Calls the named method of the given object with the provided arguments.</doc>
<arguments>
<arg>${options}</arg>
<arg>add_argument</arg>
<arg>--window-size\=1366,768</arg>
</arguments>
<status status="PASS" starttime="20220314 08:14:35.729" endtime="20220314 08:14:35.729"></status>
</kw>
<kw name="Call Method" library="BuiltIn">
<doc>Calls the named method of the given object with the provided arguments.</doc>
<arguments>
<arg>${options}</arg>
<arg>add_argument</arg>
<arg>--disable-dev-shm-usage</arg>
</arguments>
<status status="PASS" starttime="20220314 08:14:35.729" endtime="20220314 08:14:35.729"></status>
</kw>
<kw name="Create Webdriver" library="SeleniumLibrary">
<doc>Creates an instance of Selenium WebDriver.</doc>
<arguments>
<arg>Chrome</arg>
<arg>chrome_options=${options}</arg>
</arguments>
<msg timestamp="20220314 08:14:35.730" level="INFO">Creating an instance of the Chrome WebDriver.</msg>
<status status="PASS" starttime="20220314 08:14:35.730" endtime="20220314 08:14:36.975"></status>
</kw>
<status status="PASS" starttime="20220314 08:14:35.726" endtime="20220314 08:14:36.976"></status>
</kw>
<kw name="Go To" library="SeleniumLibrary">
<doc>Navigates the active browser instance to the provided ``url``.</doc>
<arguments>
<arg>${chrome_browser}</arg>
</arguments>
<msg timestamp="20220314 08:14:36.977" level="INFO">Opening url 'http://pmrms.greatpmo.com/admin/login'</msg>
<status status="PASS" starttime="20220314 08:14:36.976" endtime="20220314 08:14:51.382"></status>
</kw>
<status status="PASS" starttime="20220314 08:14:35.725" endtime="20220314 08:14:51.382"></status>
</kw>
<status status="PASS" starttime="20220314 08:14:35.724" endtime="20220314 08:14:51.383"></status>
</kw>
<kw name="And Input Valid Username" library="login">
<kw name="Input Text" library="SeleniumLibrary">
<doc>Types the given ``text`` into text field identified by ``locator``.</doc>
<arguments>
<arg>${username}</arg>
<arg>${adm_usr}</arg>
</arguments>
<msg timestamp="20220314 08:14:51.386" level="INFO">Typing text 'ptm15@madrasah.kemenag.go.id' into text field '//input[@id='email']'.</msg>
<status status="PASS" starttime="20220314 08:14:51.385" endtime="20220314 08:14:51.610"></status>
</kw>
<status status="PASS" starttime="20220314 08:14:51.384" endtime="20220314 08:14:51.610"></status>
</kw>
<kw name="And Input Valid Password" library="login">
<kw name="Input Text" library="SeleniumLibrary">
<doc>Types the given ``text`` into text field identified by ``locator``.</doc>
<arguments>
<arg>${pwd}</arg>
<arg>${adm_pwd}</arg>
</arguments>
<msg timestamp="20220314 08:14:51.612" level="INFO">Typing text '123BisA#' into text field '//input[@type='password']'.</msg>
<status status="PASS" starttime="20220314 08:14:51.611" endtime="20220314 08:14:51.733"></status>
</kw>
<status status="PASS" starttime="20220314 08:14:51.610" endtime="20220314 08:14:51.733"></status>
</kw>
<kw name="When Click button submit" library="login">
<kw name="Execute Javascript" library="SeleniumLibrary">
<doc>Executes the given JavaScript code with possible arguments.</doc>
<arguments>
<arg>document.evaluate("${btnSubmit}",</arg>
<arg>document, null, XPathResult.ORDERED_NODE_SNAPSHOT_TYPE, null).</arg>
<arg>snapshotItem(0).click();</arg>
</arguments>
<msg timestamp="20220314 08:14:51.735" level="INFO">Executing JavaScript:
document.evaluate("//button[@class='btn']",document, null, XPathResult.ORDERED_NODE_SNAPSHOT_TYPE, null).snapshotItem(0).click();
Without any arguments.</msg>
<status status="PASS" starttime="20220314 08:14:51.734" endtime="20220314 08:14:51.763"></status>
</kw>
<status status="PASS" starttime="20220314 08:14:51.734" endtime="20220314 08:14:51.764"></status>
</kw>
<kw name="Then Verify Home Page is open" library="login">
<kw name="Wait Until Element Is Visible" library="SeleniumLibrary">
<doc>Waits until element ``locator`` is visible.</doc>
<arguments>
<arg>${Verify_Home_Admin}</arg>
<arg>timeout=30s</arg>
</arguments>
<status status="PASS" starttime="20220314 08:14:51.764" endtime="20220314 08:14:55.467"></status>
</kw>
<kw name="Page Should Contain Element" library="SeleniumLibrary">
<doc>Verifies that element ``locator`` is found on the current page.</doc>
<arguments>
<arg>${Verify_Home_Admin}</arg>
</arguments>
<msg timestamp="20220314 08:14:55.477" level="INFO">Current page contains element '//span[text()='User Administrator']'.</msg>
<status status="PASS" starttime="20220314 08:14:55.467" endtime="20220314 08:14:55.477"></status>
</kw>
<status status="PASS" starttime="20220314 08:14:51.764" endtime="20220314 08:14:55.478"></status>
</kw>
<status status="PASS" starttime="20220314 08:14:35.724" endtime="20220314 08:14:55.478"></status>
</kw>
<kw name="Scenario 2: User mengklik menu konfigurasi">
<kw name="Click Menu Konfigurasi" library="konfigurasi">
<kw name="Wait Until Element Is Visible" library="SeleniumLibrary">
<doc>Waits until element ``locator`` is visible.</doc>
<arguments>
<arg>${menuKonfigurasi}</arg>
</arguments>
<status status="PASS" starttime="20220314 08:14:55.479" endtime="20220314 08:14:56.208"></status>
</kw>
<kw name="Click Element" library="SeleniumLibrary">
<doc>Click element identified by ``locator``.</doc>
<arguments>
<arg>${menuKonfigurasi}</arg>
</arguments>
<msg timestamp="20220314 08:14:56.209" level="INFO">Clicking element '//a[contains(.,'Konfigurasi')]'.</msg>
<status status="PASS" starttime="20220314 08:14:56.209" endtime="20220314 08:14:56.272"></status>
</kw>
<status status="PASS" starttime="20220314 08:14:55.479" endtime="20220314 08:14:56.272"></status>
</kw>
<kw name="Verify Page Konfigurasi" library="konfigurasi">
<kw name="Wait Until Element Is Visible" library="SeleniumLibrary">
<doc>Waits until element ``locator`` is visible.</doc>
<arguments>
<arg>${verifyPengguna}</arg>
</arguments>
<status status="PASS" starttime="20220314 08:14:56.273" endtime="20220314 08:14:57.215"></status>
</kw>
<kw name="Page Should Contain Element" library="SeleniumLibrary">
<doc>Verifies that element ``locator`` is found on the current page.</doc>
<arguments>
<arg>${verifyPengguna}</arg>
</arguments>
<msg timestamp="20220314 08:14:57.228" level="INFO">Current page contains element '//label[text()='Pengguna']'.</msg>
<status status="PASS" starttime="20220314 08:14:57.215" endtime="20220314 08:14:57.228"></status>
</kw>
<status status="PASS" starttime="20220314 08:14:56.272" endtime="20220314 08:14:57.228"></status>
</kw>
<status status="PASS" starttime="20220314 08:14:55.478" endtime="20220314 08:14:57.228"></status>
</kw>
<kw name="Scenario 3: User mengklik button tambah pengguna">
<kw name="Click Button Tambah Pengguna" library="konfigurasi">
<kw name="Wait Until Element Is Visible" library="SeleniumLibrary">
<doc>Waits until element ``locator`` is visible.</doc>
<arguments>
<arg>${tambahPengguna}</arg>
</arguments>
<status status="PASS" starttime="20220314 08:14:57.230" endtime="20220314 08:14:57.272"></status>
</kw>
<kw name="Click Element" library="SeleniumLibrary">
<doc>Click element identified by ``locator``.</doc>
<arguments>
<arg>${tambahPengguna}</arg>
</arguments>
<msg timestamp="20220314 08:14:57.272" level="INFO">Clicking element '//button[text()='Tambah Pengguna']'.</msg>
<status status="PASS" starttime="20220314 08:14:57.272" endtime="20220314 08:14:57.374"></status>
</kw>
<status status="PASS" starttime="20220314 08:14:57.230" endtime="20220314 08:14:57.374"></status>
</kw>
<kw name="Verify Page Tambah Pengguna" library="konfigurasi">
<kw name="Wait Until Element Is Visible" library="SeleniumLibrary">
<doc>Waits until element ``locator`` is visible.</doc>
<arguments>
<arg>${verifyTambahPengguna}</arg>
</arguments>
<status status="PASS" starttime="20220314 08:14:57.375" endtime="20220314 08:14:59.451"></status>
</kw>
<kw name="Page Should Contain Element" library="SeleniumLibrary">
<doc>Verifies that element ``locator`` is found on the current page.</doc>
<arguments>
<arg>${verifyTambahPengguna}</arg>
</arguments>
<msg timestamp="20220314 08:14:59.464" level="INFO">Current page contains element '//label[text()='Tambah Pengguna']'.</msg>
<status status="PASS" starttime="20220314 08:14:59.452" endtime="20220314 08:14:59.464"></status>
</kw>
<status status="PASS" starttime="20220314 08:14:57.374" endtime="20220314 08:14:59.465"></status>
</kw>
<status status="PASS" starttime="20220314 08:14:57.229" endtime="20220314 08:14:59.465"></status>
</kw>
<kw name="Scenario 5: User mengklik Batal dari page tambah pengguna">
<kw name="Click Button Batal Tambah Pengguna" library="konfigurasi">
<kw name="Wait Until Element Is Visible" library="SeleniumLibrary">
<doc>Waits until element ``locator`` is visible.</doc>
<arguments>
<arg>${btnBatalPengguna}</arg>
</arguments>
<status status="PASS" starttime="20220314 08:14:59.467" endtime="20220314 08:14:59.508"></status>
</kw>
<kw name="Execute Javascript" library="SeleniumLibrary">
<doc>Executes the given JavaScript code with possible arguments.</doc>
<arguments>
<arg>document.evaluate("${btnBatalPengguna}",</arg>
<arg>document, null, XPathResult.ORDERED_NODE_SNAPSHOT_TYPE, null).</arg>
<arg>snapshotItem(0).click();</arg>
</arguments>
<msg timestamp="20220314 08:14:59.509" level="INFO">Executing JavaScript:
document.evaluate("//button[text()='Batal']",document, null, XPathResult.ORDERED_NODE_SNAPSHOT_TYPE, null).snapshotItem(0).click();
Without any arguments.</msg>
<status status="PASS" starttime="20220314 08:14:59.508" endtime="20220314 08:14:59.589"></status>
</kw>
<status status="PASS" starttime="20220314 08:14:59.466" endtime="20220314 08:14:59.589"></status>
</kw>
<kw name="Verify Page Konfigurasi" library="konfigurasi">
<kw name="Wait Until Element Is Visible" library="SeleniumLibrary">
<doc>Waits until element ``locator`` is visible.</doc>
<arguments>
<arg>${verifyPengguna}</arg>
</arguments>
<status status="PASS" starttime="20220314 08:14:59.590" endtime="20220314 08:14:59.622"></status>
</kw>
<kw name="Page Should Contain Element" library="SeleniumLibrary">
<doc>Verifies that element ``locator`` is found on the current page.</doc>
<arguments>
<arg>${verifyPengguna}</arg>
</arguments>
<msg timestamp="20220314 08:14:59.635" level="INFO">Current page contains element '//label[text()='Pengguna']'.</msg>
<status status="PASS" starttime="20220314 08:14:59.623" endtime="20220314 08:14:59.636"></status>
</kw>
<status status="PASS" starttime="20220314 08:14:59.590" endtime="20220314 08:14:59.636"></status>
</kw>
<status status="PASS" starttime="20220314 08:14:59.465" endtime="20220314 08:14:59.637"></status>
</kw>
<kw name="Scenario 6: User Search Pencarian by Nama Lengkap">
<kw name="Search Pencarian by Nama Lengkap" library="konfigurasi">
<kw name="Wait Until Element Is Visible" library="SeleniumLibrary">
<doc>Waits until element ``locator`` is visible.</doc>
<arguments>
<arg>${inputCari}</arg>
</arguments>
<status status="PASS" starttime="20220314 08:14:59.640" endtime="20220314 08:15:00.728"></status>
</kw>
<kw name="Input Text" library="SeleniumLibrary">
<doc>Types the given ``text`` into text field identified by ``locator``.</doc>
<arguments>
<arg>${inputCari}</arg>
<arg>Abiratno</arg>
</arguments>
<msg timestamp="20220314 08:15:00.729" level="INFO">Typing text 'Abiratno' into text field '//input[contains(@class,'form-control ng-untouched')]'.</msg>
<status status="PASS" starttime="20220314 08:15:00.729" endtime="20220314 08:15:00.877"></status>
</kw>
<status status="PASS" starttime="20220314 08:14:59.639" endtime="20220314 08:15:00.877"></status>
</kw>
<kw name="Click Button Cari" library="konfigurasi">
<kw name="Click Element" library="SeleniumLibrary">
<doc>Click element identified by ``locator``.</doc>
<arguments>
<arg>${btnCari}</arg>
</arguments>
<msg timestamp="20220314 08:15:00.878" level="INFO">Clicking element '//button[text()='Cari']'.</msg>
<status status="PASS" starttime="20220314 08:15:00.877" endtime="20220314 08:15:00.945"></status>
</kw>
<status status="PASS" starttime="20220314 08:15:00.877" endtime="20220314 08:15:00.945"></status>
</kw>
<status status="PASS" starttime="20220314 08:14:59.638" endtime="20220314 08:15:00.946"></status>
</kw>
<kw name="Scenario 7: User Search Pencarian by Email">
<kw name="Search Pencarian by Email" library="konfigurasi">
<kw name="Go To" library="SeleniumLibrary">
<doc>Navigates the active browser instance to the provided ``url``.</doc>
<arguments>
<arg>http://pmrms.greatpmo.com/configuration/list</arg>
</arguments>
<msg timestamp="20220314 08:15:00.948" level="INFO">Opening url 'http://pmrms.greatpmo.com/configuration/list'</msg>
<status status="PASS" starttime="20220314 08:15:00.948" endtime="20220314 08:15:01.657"></status>
</kw>
<kw name="Wait Until Element Is Visible" library="SeleniumLibrary">
<doc>Waits until element ``locator`` is visible.</doc>
<arguments>
<arg>${inputCari}</arg>
</arguments>
<status status="PASS" starttime="20220314 08:15:01.657" endtime="20220314 08:15:02.489"></status>
</kw>
<kw name="Input Text" library="SeleniumLibrary">
<doc>Types the given ``text`` into text field identified by ``locator``.</doc>
<arguments>
<arg>${inputCari}</arg>
<arg>ptm18@madrasah.kemenag.go.id</arg>
</arguments>
<msg timestamp="20220314 08:15:02.491" level="INFO">Typing text 'ptm18@madrasah.kemenag.go.id' into text field '//input[contains(@class,'form-control ng-untouched')]'.</msg>
<status status="PASS" starttime="20220314 08:15:02.490" endtime="20220314 08:15:02.676"></status>
</kw>
<status status="PASS" starttime="20220314 08:15:00.947" endtime="20220314 08:15:02.676"></status>
</kw>
<kw name="Click Button Cari" library="konfigurasi">
<kw name="Click Element" library="SeleniumLibrary">
<doc>Click element identified by ``locator``.</doc>
<arguments>
<arg>${btnCari}</arg>
</arguments>
<msg timestamp="20220314 08:15:02.677" level="INFO">Clicking element '//button[text()='Cari']'.</msg>
<status status="PASS" starttime="20220314 08:15:02.677" endtime="20220314 08:15:02.750"></status>
</kw>
<status status="PASS" starttime="20220314 08:15:02.676" endtime="20220314 08:15:02.750"></status>
</kw>
<kw name="Verify Email" library="konfigurasi">
<kw name="Wait Until Element Is Visible" library="SeleniumLibrary">
<doc>Waits until element ``locator`` is visible.</doc>
<arguments>
<arg>${verifyEmail}</arg>
</arguments>
<status status="PASS" starttime="20220314 08:15:02.751" endtime="20220314 08:15:02.784"></status>
</kw>
<kw name="Page Should Contain Element" library="SeleniumLibrary">
<doc>Verifies that element ``locator`` is found on the current page.</doc>
<arguments>
<arg>${verifyEmail}</arg>
</arguments>
<msg timestamp="20220314 08:15:02.793" level="INFO">Current page contains element '//td[text()='ptm18@madrasah.kemenag.go.id']'.</msg>
<status status="PASS" starttime="20220314 08:15:02.784" endtime="20220314 08:15:02.794"></status>
</kw>
<status status="PASS" starttime="20220314 08:15:02.750" endtime="20220314 08:15:02.794"></status>
</kw>
<status status="PASS" starttime="20220314 08:15:00.946" endtime="20220314 08:15:02.794"></status>
</kw>
<kw name="Finish Testcase" library="browser" type="teardown">
<kw name="Close Browser" library="SeleniumLibrary">
<doc>Closes the current browser.</doc>
<status status="PASS" starttime="20220314 08:15:02.795" endtime="20220314 08:15:05.259"></status>
</kw>
<status status="PASS" starttime="20220314 08:15:02.794" endtime="20220314 08:15:05.259"></status>
</kw>
<doc>Regression Menu Konfigurasi Pengguna</doc>
<tags>
<tag>Functionality</tag>
</tags>
<status status="PASS" starttime="20220314 08:14:35.723" endtime="20220314 08:15:05.260" critical="yes"></status>
</test>
<doc>Regression Test Konfigurasi Pengguna</doc>
<status status="PASS" starttime="20220314 08:14:35.433" endtime="20220314 08:15:05.264"></status>
</suite>
<statistics>
<total>
<stat pass="1" fail="0">Critical Tests</stat>
<stat pass="1" fail="0">All Tests</stat>
</total>
<tag>
<stat pass="1" fail="0">Functionality</stat>
</tag>
<suite>
<stat pass="1" fail="0" id="s1" name="08 Konfigurasi">08 Konfigurasi</stat>
</suite>
</statistics>
<errors>
</errors>
</robot>
