<?xml version="1.0" encoding="UTF-8"?>
<robot generator="Robot 3.2.2 (Python 3.8.5 on win32)" generated="20220404 09:55:33.989" rpa="false">
<suite id="s1" name="15 Kegiatan" source="D:\pyCharmProject\pmrms-testing\Features\15_Kegiatan.robot">
<test id="s1-t1" name="Menu Kegiatan">
<kw name="Scenario 1: Login with username valid and password valid">
<kw name="Given Login page is open" library="login">
<kw name="Open Browser" library="browser">
<kw name="Start Testcase Headless" library="browser">
<kw name="Evaluate" library="BuiltIn">
<doc>Evaluates the given expression in Python and returns the result.</doc>
<arguments>
<arg>sys.modules['selenium.webdriver'].ChromeOptions()</arg>
</arguments>
<assign>
<var>${options}</var>
</assign>
<msg timestamp="20220404 09:55:34.217" level="INFO">${options} = &lt;selenium.webdriver.chrome.options.Options object at 0x0486D5E0&gt;</msg>
<status status="PASS" starttime="20220404 09:55:34.217" endtime="20220404 09:55:34.217"></status>
</kw>
<kw name="Call Method" library="BuiltIn">
<doc>Calls the named method of the given object with the provided arguments.</doc>
<arguments>
<arg>${options}</arg>
<arg>add_argument</arg>
<arg>--disable-notifications</arg>
</arguments>
<status status="PASS" starttime="20220404 09:55:34.217" endtime="20220404 09:55:34.217"></status>
</kw>
<kw name="Call Method" library="BuiltIn">
<doc>Calls the named method of the given object with the provided arguments.</doc>
<arguments>
<arg>${options}</arg>
<arg>add_argument</arg>
<arg>--no-sandbox</arg>
</arguments>
<status status="PASS" starttime="20220404 09:55:34.217" endtime="20220404 09:55:34.218"></status>
</kw>
<kw name="Call Method" library="BuiltIn">
<doc>Calls the named method of the given object with the provided arguments.</doc>
<arguments>
<arg>${options}</arg>
<arg>add_argument</arg>
<arg>--disable-gpu</arg>
</arguments>
<status status="PASS" starttime="20220404 09:55:34.218" endtime="20220404 09:55:34.218"></status>
</kw>
<kw name="Call Method" library="BuiltIn">
<doc>Calls the named method of the given object with the provided arguments.</doc>
<arguments>
<arg>${options}</arg>
<arg>add_argument</arg>
<arg>--window-size\=1366,768</arg>
</arguments>
<status status="PASS" starttime="20220404 09:55:34.218" endtime="20220404 09:55:34.218"></status>
</kw>
<kw name="Call Method" library="BuiltIn">
<doc>Calls the named method of the given object with the provided arguments.</doc>
<arguments>
<arg>${options}</arg>
<arg>add_argument</arg>
<arg>--disable-dev-shm-usage</arg>
</arguments>
<status status="PASS" starttime="20220404 09:55:34.218" endtime="20220404 09:55:34.219"></status>
</kw>
<kw name="Create Webdriver" library="SeleniumLibrary">
<doc>Creates an instance of Selenium WebDriver.</doc>
<arguments>
<arg>Chrome</arg>
<arg>chrome_options=${options}</arg>
</arguments>
<msg timestamp="20220404 09:55:34.219" level="INFO">Creating an instance of the Chrome WebDriver.</msg>
<status status="PASS" starttime="20220404 09:55:34.219" endtime="20220404 09:55:35.316"></status>
</kw>
<status status="PASS" starttime="20220404 09:55:34.216" endtime="20220404 09:55:35.316"></status>
</kw>
<kw name="Go To" library="SeleniumLibrary">
<doc>Navigates the active browser instance to the provided ``url``.</doc>
<arguments>
<arg>${chrome_browser}</arg>
</arguments>
<msg timestamp="20220404 09:55:35.317" level="INFO">Opening url 'http://pmrms.greatpmo.com/admin/login'</msg>
<status status="PASS" starttime="20220404 09:55:35.316" endtime="20220404 09:55:40.416"></status>
</kw>
<status status="PASS" starttime="20220404 09:55:34.216" endtime="20220404 09:55:40.416"></status>
</kw>
<status status="PASS" starttime="20220404 09:55:34.216" endtime="20220404 09:55:40.416"></status>
</kw>
<kw name="And Input Username Consultant" library="login">
<kw name="Input Text" library="SeleniumLibrary">
<doc>Types the given ``text`` into text field identified by ``locator``.</doc>
<arguments>
<arg>${username}</arg>
<arg>ptm37@madrasah.kemenag.go.id</arg>
</arguments>
<msg timestamp="20220404 09:55:40.417" level="INFO">Typing text 'ptm37@madrasah.kemenag.go.id' into text field '//input[@id='email']'.</msg>
<status status="PASS" starttime="20220404 09:55:40.417" endtime="20220404 09:55:40.517"></status>
</kw>
<status status="PASS" starttime="20220404 09:55:40.416" endtime="20220404 09:55:40.517"></status>
</kw>
<kw name="And Input Valid Password" library="login">
<kw name="Input Text" library="SeleniumLibrary">
<doc>Types the given ``text`` into text field identified by ``locator``.</doc>
<arguments>
<arg>${pwd}</arg>
<arg>${adm_pwd}</arg>
</arguments>
<msg timestamp="20220404 09:55:40.519" level="INFO">Typing text 'User@madrasah2022' into text field '//input[@type='password']'.</msg>
<status status="PASS" starttime="20220404 09:55:40.519" endtime="20220404 09:55:40.604"></status>
</kw>
<status status="PASS" starttime="20220404 09:55:40.518" endtime="20220404 09:55:40.604"></status>
</kw>
<kw name="When Click button submit" library="login">
<kw name="Execute Javascript" library="SeleniumLibrary">
<doc>Executes the given JavaScript code with possible arguments.</doc>
<arguments>
<arg>document.evaluate("${btnSubmit}",</arg>
<arg>document, null, XPathResult.ORDERED_NODE_SNAPSHOT_TYPE, null).</arg>
<arg>snapshotItem(0).click();</arg>
</arguments>
<msg timestamp="20220404 09:55:40.605" level="INFO">Executing JavaScript:
document.evaluate("//button[@class='btn']",document, null, XPathResult.ORDERED_NODE_SNAPSHOT_TYPE, null).snapshotItem(0).click();
Without any arguments.</msg>
<status status="PASS" starttime="20220404 09:55:40.605" endtime="20220404 09:55:40.617"></status>
</kw>
<status status="PASS" starttime="20220404 09:55:40.604" endtime="20220404 09:55:40.617"></status>
</kw>
<kw name="Verify Home Page Penanggung Jawab is open" library="login">
<kw name="Wait Until Element Is Visible" library="SeleniumLibrary">
<doc>Waits until element ``locator`` is visible.</doc>
<arguments>
<arg>${Verify_Profile}</arg>
<arg>timeout=30s</arg>
</arguments>
<status status="PASS" starttime="20220404 09:55:40.618" endtime="20220404 09:55:42.151"></status>
</kw>
<kw name="Page Should Contain Element" library="SeleniumLibrary">
<doc>Verifies that element ``locator`` is found on the current page.</doc>
<arguments>
<arg>${Verify_Profile}</arg>
</arguments>
<msg timestamp="20220404 09:55:42.159" level="INFO">Current page contains element 'css= .profile-button'.</msg>
<status status="PASS" starttime="20220404 09:55:42.151" endtime="20220404 09:55:42.159"></status>
</kw>
<status status="PASS" starttime="20220404 09:55:40.617" endtime="20220404 09:55:42.159"></status>
</kw>
<status status="PASS" starttime="20220404 09:55:34.215" endtime="20220404 09:55:42.159"></status>
</kw>
<kw name="Scenario 2: User mengklik sidebar menu kegiatan">
<kw name="Click Menu Kegiatan" library="kegiatan">
<kw name="Wait Until Element Is Visible" library="SeleniumLibrary">
<doc>Waits until element ``locator`` is visible.</doc>
<arguments>
<arg>${menuKegiatan}</arg>
</arguments>
<status status="PASS" starttime="20220404 09:55:42.161" endtime="20220404 09:55:43.269"></status>
</kw>
<kw name="Click Element" library="SeleniumLibrary">
<doc>Click element identified by ``locator``.</doc>
<arguments>
<arg>${menuKegiatan}</arg>
</arguments>
<msg timestamp="20220404 09:55:43.270" level="INFO">Clicking element '//a[contains(.,'Kegiatan')]'.</msg>
<status status="PASS" starttime="20220404 09:55:43.270" endtime="20220404 09:55:43.315"></status>
</kw>
<status status="PASS" starttime="20220404 09:55:42.160" endtime="20220404 09:55:43.315"></status>
</kw>
<kw name="Verify Page Kegiatan" library="kegiatan">
<kw name="Wait Until Element Is Visible" library="SeleniumLibrary">
<doc>Waits until element ``locator`` is visible.</doc>
<arguments>
<arg>${verifyKegiatan}</arg>
</arguments>
<status status="PASS" starttime="20220404 09:55:43.316" endtime="20220404 09:55:44.288"></status>
</kw>
<kw name="Page Should Contain Element" library="SeleniumLibrary">
<doc>Verifies that element ``locator`` is found on the current page.</doc>
<arguments>
<arg>${verifyKegiatan}</arg>
</arguments>
<msg timestamp="20220404 09:55:44.297" level="INFO">Current page contains element '//label[@class='title-header']'.</msg>
<status status="PASS" starttime="20220404 09:55:44.289" endtime="20220404 09:55:44.297"></status>
</kw>
<status status="PASS" starttime="20220404 09:55:43.315" endtime="20220404 09:55:44.297"></status>
</kw>
<status status="PASS" starttime="20220404 09:55:42.160" endtime="20220404 09:55:44.297"></status>
</kw>
<kw name="Scenario 3: User melakukan pencarian dengan data tidak sesuai">
<kw name="Search Pencarian No Data" library="kegiatan">
<kw name="Wait Until Element Is Visible" library="SeleniumLibrary">
<doc>Waits until element ``locator`` is visible.</doc>
<arguments>
<arg>${inputCari}</arg>
</arguments>
<status status="PASS" starttime="20220404 09:55:44.298" endtime="20220404 09:55:44.969"></status>
</kw>
<kw name="Input Text" library="SeleniumLibrary">
<doc>Types the given ``text`` into text field identified by ``locator``.</doc>
<arguments>
<arg>${inputCari}</arg>
<arg>testing123</arg>
</arguments>
<msg timestamp="20220404 09:55:44.969" level="INFO">Typing text 'testing123' into text field '//input[contains(@class,'form-control ng-untouched')]'.</msg>
<status status="PASS" starttime="20220404 09:55:44.969" endtime="20220404 09:55:45.063"></status>
</kw>
<status status="PASS" starttime="20220404 09:55:44.298" endtime="20220404 09:55:45.063"></status>
</kw>
<kw name="Click Button Cari" library="kegiatan">
<kw name="Click Element" library="SeleniumLibrary">
<doc>Click element identified by ``locator``.</doc>
<arguments>
<arg>${btnCari}</arg>
</arguments>
<msg timestamp="20220404 09:55:45.064" level="INFO">Clicking element '//button[text()='Cari']'.</msg>
<status status="PASS" starttime="20220404 09:55:45.064" endtime="20220404 09:55:45.119"></status>
</kw>
<status status="PASS" starttime="20220404 09:55:45.064" endtime="20220404 09:55:45.120"></status>
</kw>
<kw name="Verify No Data" library="kegiatan">
<kw name="Wait Until Element Is Visible" library="SeleniumLibrary">
<doc>Waits until element ``locator`` is visible.</doc>
<arguments>
<arg>${noData}</arg>
</arguments>
<status status="PASS" starttime="20220404 09:55:45.120" endtime="20220404 09:55:46.015"></status>
</kw>
<kw name="Page Should Contain Element" library="SeleniumLibrary">
<doc>Verifies that element ``locator`` is found on the current page.</doc>
<arguments>
<arg>${noData}</arg>
</arguments>
<msg timestamp="20220404 09:55:46.022" level="INFO">Current page contains element '//td[text()='No data!']'.</msg>
<status status="PASS" starttime="20220404 09:55:46.015" endtime="20220404 09:55:46.022"></status>
</kw>
<status status="PASS" starttime="20220404 09:55:45.120" endtime="20220404 09:55:46.022"></status>
</kw>
<status status="PASS" starttime="20220404 09:55:44.298" endtime="20220404 09:55:46.022"></status>
</kw>
<kw name="Scenario 4: User melakukan pencarian data by nama kegiatan">
<kw name="Search Pencarian by Nama Kegiatan" library="kegiatan">
<kw name="Go To" library="SeleniumLibrary">
<doc>Navigates the active browser instance to the provided ``url``.</doc>
<arguments>
<arg>http://pmrms.greatpmo.com/implement/kegiatan</arg>
</arguments>
<msg timestamp="20220404 09:55:46.023" level="INFO">Opening url 'http://pmrms.greatpmo.com/implement/kegiatan'</msg>
<status status="PASS" starttime="20220404 09:55:46.023" endtime="20220404 09:55:46.629"></status>
</kw>
<kw name="Wait Until Element Is Visible" library="SeleniumLibrary">
<doc>Waits until element ``locator`` is visible.</doc>
<arguments>
<arg>${inputCari}</arg>
</arguments>
<status status="PASS" starttime="20220404 09:55:46.629" endtime="20220404 09:55:47.319"></status>
</kw>
<kw name="Input Text" library="SeleniumLibrary">
<doc>Types the given ``text`` into text field identified by ``locator``.</doc>
<arguments>
<arg>${inputCari}</arg>
<arg>Automation</arg>
</arguments>
<msg timestamp="20220404 09:55:47.320" level="INFO">Typing text 'Automation' into text field '//input[contains(@class,'form-control ng-untouched')]'.</msg>
<status status="PASS" starttime="20220404 09:55:47.319" endtime="20220404 09:55:47.405"></status>
</kw>
<status status="PASS" starttime="20220404 09:55:46.023" endtime="20220404 09:55:47.405"></status>
</kw>
<kw name="Click Button Cari" library="kegiatan">
<kw name="Click Element" library="SeleniumLibrary">
<doc>Click element identified by ``locator``.</doc>
<arguments>
<arg>${btnCari}</arg>
</arguments>
<msg timestamp="20220404 09:55:47.406" level="INFO">Clicking element '//button[text()='Cari']'.</msg>
<status status="PASS" starttime="20220404 09:55:47.406" endtime="20220404 09:55:47.454"></status>
</kw>
<status status="PASS" starttime="20220404 09:55:47.406" endtime="20220404 09:55:47.454"></status>
</kw>
<status status="PASS" starttime="20220404 09:55:46.022" endtime="20220404 09:55:47.454"></status>
</kw>
<kw name="Scenario 5: User Mengklik Sorting Status">
<kw name="Click Sorting Status" library="kegiatan">
<kw name="Click Element" library="SeleniumLibrary">
<doc>Click element identified by ``locator``.</doc>
<arguments>
<arg>${sorting}</arg>
</arguments>
<msg timestamp="20220404 09:55:47.456" level="INFO">Clicking element '//th[text()='Status']'.</msg>
<status status="PASS" starttime="20220404 09:55:47.456" endtime="20220404 09:55:47.510"></status>
</kw>
<status status="PASS" starttime="20220404 09:55:47.455" endtime="20220404 09:55:47.511"></status>
</kw>
<status status="PASS" starttime="20220404 09:55:47.455" endtime="20220404 09:55:47.511"></status>
</kw>
<kw name="Scenario 6: Konsultan Melakukan Implementasi Kegiatan">
<kw name="Click Button Lihat Kegiatan New" library="kegiatan">
<kw name="Sleep" library="BuiltIn">
<doc>Pauses the test executed for the given time.</doc>
<arguments>
<arg>3s</arg>
</arguments>
<msg timestamp="20220404 09:55:50.523" level="INFO">Slept 3 seconds</msg>
<status status="PASS" starttime="20220404 09:55:47.512" endtime="20220404 09:55:50.523"></status>
</kw>
<kw name="Wait Until Element Is Visible" library="SeleniumLibrary">
<doc>Waits until element ``locator`` is visible.</doc>
<arguments>
<arg>${btnLihatDetailNew}</arg>
<arg>timeout=30s</arg>
</arguments>
<status status="PASS" starttime="20220404 09:55:50.523" endtime="20220404 09:55:50.549"></status>
</kw>
<kw name="Click Element" library="SeleniumLibrary">
<doc>Click element identified by ``locator``.</doc>
<arguments>
<arg>${btnLihatDetailNew}</arg>
</arguments>
<msg timestamp="20220404 09:55:50.549" level="INFO">Clicking element '//td[.='Baru']/..//td[.='Lihat']'.</msg>
<status status="PASS" starttime="20220404 09:55:50.549" endtime="20220404 09:55:50.610"></status>
</kw>
<status status="PASS" starttime="20220404 09:55:47.512" endtime="20220404 09:55:50.610"></status>
</kw>
<kw name="Click Button Implementasi Kegiatan" library="kegiatan">
<kw name="Wait Until Element Is Visible" library="SeleniumLibrary">
<doc>Waits until element ``locator`` is visible.</doc>
<arguments>
<arg>${btnImplementasiKegiatan}</arg>
<arg>timeout=30s</arg>
</arguments>
<status status="PASS" starttime="20220404 09:55:50.610" endtime="20220404 09:55:51.289"></status>
</kw>
<kw name="Click Element" library="SeleniumLibrary">
<doc>Click element identified by ``locator``.</doc>
<arguments>
<arg>${btnImplementasiKegiatan}</arg>
</arguments>
<msg timestamp="20220404 09:55:51.290" level="INFO">Clicking element '//button[text()='Implementasi Kegiatan']'.</msg>
<status status="PASS" starttime="20220404 09:55:51.290" endtime="20220404 09:55:51.839"></status>
</kw>
<status status="PASS" starttime="20220404 09:55:50.610" endtime="20220404 09:55:51.839"></status>
</kw>
<kw name="Input Data Umum" library="kegiatan">
<kw name="Wait Until Element Is Visible" library="SeleniumLibrary">
<doc>Waits until element ``locator`` is visible.</doc>
<arguments>
<arg>${radioAdaPOK}</arg>
<arg>timeout=30s</arg>
</arguments>
<status status="PASS" starttime="20220404 09:55:51.839" endtime="20220404 09:55:53.949"></status>
</kw>
<kw name="Execute Javascript" library="SeleniumLibrary">
<doc>Executes the given JavaScript code with possible arguments.</doc>
<arguments>
<arg>document.evaluate("${radioAdaPOK}",</arg>
<arg>document, null, XPathResult.ORDERED_NODE_SNAPSHOT_TYPE, null).</arg>
<arg>snapshotItem(0).click();</arg>
</arguments>
<msg timestamp="20220404 09:55:53.950" level="INFO">Executing JavaScript:
document.evaluate("//input[@name='radios']",document, null, XPathResult.ORDERED_NODE_SNAPSHOT_TYPE, null).snapshotItem(0).click();
Without any arguments.</msg>
<status status="PASS" starttime="20220404 09:55:53.949" endtime="20220404 09:55:53.957"></status>
</kw>
<kw name="Execute Javascript" library="SeleniumLibrary">
<doc>Executes the given JavaScript code with possible arguments.</doc>
<arguments>
<arg>document.evaluate("${btnLanjut}",</arg>
<arg>document, null, XPathResult.ORDERED_NODE_SNAPSHOT_TYPE, null).</arg>
<arg>snapshotItem(0).click();</arg>
</arguments>
<msg timestamp="20220404 09:55:53.958" level="INFO">Executing JavaScript:
document.evaluate("//button[text()='Lanjut']",document, null, XPathResult.ORDERED_NODE_SNAPSHOT_TYPE, null).snapshotItem(0).click();
Without any arguments.</msg>
<status status="PASS" starttime="20220404 09:55:53.957" endtime="20220404 09:55:53.965"></status>
</kw>
<kw name="Sleep" library="BuiltIn">
<doc>Pauses the test executed for the given time.</doc>
<arguments>
<arg>3s</arg>
</arguments>
<msg timestamp="20220404 09:55:56.979" level="INFO">Slept 3 seconds</msg>
<status status="PASS" starttime="20220404 09:55:53.965" endtime="20220404 09:55:56.979"></status>
</kw>
<kw name="Execute Javascript" library="SeleniumLibrary">
<doc>Executes the given JavaScript code with possible arguments.</doc>
<arguments>
<arg>document.evaluate("${btnLanjut}",</arg>
<arg>document, null, XPathResult.ORDERED_NODE_SNAPSHOT_TYPE, null).</arg>
<arg>snapshotItem(0).click();</arg>
</arguments>
<msg timestamp="20220404 09:55:56.980" level="INFO">Executing JavaScript:
document.evaluate("//button[text()='Lanjut']",document, null, XPathResult.ORDERED_NODE_SNAPSHOT_TYPE, null).snapshotItem(0).click();
Without any arguments.</msg>
<status status="PASS" starttime="20220404 09:55:56.979" endtime="20220404 09:55:56.986"></status>
</kw>
<status status="PASS" starttime="20220404 09:55:51.839" endtime="20220404 09:55:56.986"></status>
</kw>
<kw name="Input Data Kegiatan" library="kegiatan">
<kw name="Execute Javascript" library="SeleniumLibrary">
<doc>Executes the given JavaScript code with possible arguments.</doc>
<arguments>
<arg>document.evaluate("${btnLanjut}",</arg>
<arg>document, null, XPathResult.ORDERED_NODE_SNAPSHOT_TYPE, null).</arg>
<arg>snapshotItem(0).click();</arg>
</arguments>
<msg timestamp="20220404 09:55:56.987" level="INFO">Executing JavaScript:
document.evaluate("//button[text()='Lanjut']",document, null, XPathResult.ORDERED_NODE_SNAPSHOT_TYPE, null).snapshotItem(0).click();
Without any arguments.</msg>
<status status="PASS" starttime="20220404 09:55:56.987" endtime="20220404 09:55:57.028"></status>
</kw>
<status status="PASS" starttime="20220404 09:55:56.986" endtime="20220404 09:55:57.028"></status>
</kw>
<kw name="Input Data Pelaksanaan" library="kegiatan">
<kw name="Wait Until Element Is Visible" library="SeleniumLibrary">
<doc>Waits until element ``locator`` is visible.</doc>
<arguments>
<arg>${inputAsumsi}</arg>
</arguments>
<status status="PASS" starttime="20220404 09:55:57.029" endtime="20220404 09:55:57.056"></status>
</kw>
<kw name="Input Text" library="SeleniumLibrary">
<doc>Types the given ``text`` into text field identified by ``locator``.</doc>
<arguments>
<arg>${inputAsumsi}</arg>
<arg>Automation Testing</arg>
</arguments>
<msg timestamp="20220404 09:55:57.056" level="INFO">Typing text 'Automation Testing' into text field '//div[@id='layout-wrapper']/div[1]/div[1]/app-add-kegiatan[1]/div[1]/div[1]/div[2]/div[1]/div[1]/aw-wizard[1]/div[1]/aw-wizard-step[4]/div[3]/div[1]/ckeditor[1]/div[2]/div[2]/div[1]'.</msg>
<status status="PASS" starttime="20220404 09:55:57.056" endtime="20220404 09:55:57.304"></status>
</kw>
<kw name="Input Text" library="SeleniumLibrary">
<doc>Types the given ``text`` into text field identified by ``locator``.</doc>
<arguments>
<arg>${inputResiko}</arg>
<arg>Automation testing</arg>
</arguments>
<msg timestamp="20220404 09:55:57.304" level="INFO">Typing text 'Automation testing' into text field '//div[@id='layout-wrapper']/div[1]/div[1]/app-add-kegiatan[1]/div[1]/div[1]/div[2]/div[1]/div[1]/aw-wizard[1]/div[1]/aw-wizard-step[4]/div[4]/div[1]/ckeditor[1]/div[2]/div[2]/div[1]'.</msg>
<status status="PASS" starttime="20220404 09:55:57.304" endtime="20220404 09:55:57.518"></status>
</kw>
<kw name="Execute Javascript" library="SeleniumLibrary">
<doc>Executes the given JavaScript code with possible arguments.</doc>
<arguments>
<arg>document.evaluate("${angkapotensi}",</arg>
<arg>document, null, XPathResult.ORDERED_NODE_SNAPSHOT_TYPE, null).</arg>
<arg>snapshotItem(0).click();</arg>
</arguments>
<msg timestamp="20220404 09:55:57.520" level="INFO">Executing JavaScript:
document.evaluate("//input[@value='male']",document, null, XPathResult.ORDERED_NODE_SNAPSHOT_TYPE, null).snapshotItem(0).click();
Without any arguments.</msg>
<status status="PASS" starttime="20220404 09:55:57.518" endtime="20220404 09:55:57.528"></status>
</kw>
<kw name="Execute Javascript" library="SeleniumLibrary">
<doc>Executes the given JavaScript code with possible arguments.</doc>
<arguments>
<arg>document.evaluate("${angkadampak}",</arg>
<arg>document, null, XPathResult.ORDERED_NODE_SNAPSHOT_TYPE, null).</arg>
<arg>snapshotItem(0).click();</arg>
</arguments>
<msg timestamp="20220404 09:55:57.529" level="INFO">Executing JavaScript:
document.evaluate("//label[text()='Tidak Pernah']/following::input",document, null, XPathResult.ORDERED_NODE_SNAPSHOT_TYPE, null).snapshotItem(0).click();
Without any arguments.</msg>
<status status="PASS" starttime="20220404 09:55:57.528" endtime="20220404 09:55:57.537"></status>
</kw>
<status status="PASS" starttime="20220404 09:55:57.029" endtime="20220404 09:55:57.537"></status>
</kw>
<kw name="Click Button Simpan" library="kegiatan">
<kw name="Wait Until Element Is Visible" library="SeleniumLibrary">
<doc>Waits until element ``locator`` is visible.</doc>
<arguments>
<arg>${btnsimpan}</arg>
</arguments>
<status status="PASS" starttime="20220404 09:55:57.538" endtime="20220404 09:55:57.565"></status>
</kw>
<kw name="Execute Javascript" library="SeleniumLibrary">
<doc>Executes the given JavaScript code with possible arguments.</doc>
<arguments>
<arg>document.evaluate("${btnsimpan}",</arg>
<arg>document, null, XPathResult.ORDERED_NODE_SNAPSHOT_TYPE, null).</arg>
<arg>snapshotItem(0).click();</arg>
</arguments>
<msg timestamp="20220404 09:55:57.567" level="INFO">Executing JavaScript:
document.evaluate("//label[text()='Simpan']",document, null, XPathResult.ORDERED_NODE_SNAPSHOT_TYPE, null).snapshotItem(0).click();
Without any arguments.</msg>
<status status="PASS" starttime="20220404 09:55:57.565" endtime="20220404 09:55:57.575"></status>
</kw>
<status status="PASS" starttime="20220404 09:55:57.537" endtime="20220404 09:55:57.576"></status>
</kw>
<status status="PASS" starttime="20220404 09:55:47.511" endtime="20220404 09:55:57.576"></status>
</kw>
<kw name="Scenario 7: User Mengklik Button Keluar dari detail kegiatan">
<kw name="Click Button keluar" library="kegiatan">
<kw name="Wait Until Element Is Visible" library="SeleniumLibrary">
<doc>Waits until element ``locator`` is visible.</doc>
<arguments>
<arg>${btnKeluar}</arg>
<arg>timeout=30s</arg>
</arguments>
<status status="PASS" starttime="20220404 09:55:57.577" endtime="20220404 09:55:59.155"></status>
</kw>
<kw name="Execute Javascript" library="SeleniumLibrary">
<doc>Executes the given JavaScript code with possible arguments.</doc>
<arguments>
<arg>document.evaluate("${btnKeluar}",</arg>
<arg>document, null, XPathResult.ORDERED_NODE_SNAPSHOT_TYPE, null).</arg>
<arg>snapshotItem(0).click();</arg>
</arguments>
<msg timestamp="20220404 09:55:59.156" level="INFO">Executing JavaScript:
document.evaluate("//div[text()='Keluar']",document, null, XPathResult.ORDERED_NODE_SNAPSHOT_TYPE, null).snapshotItem(0).click();
Without any arguments.</msg>
<status status="PASS" starttime="20220404 09:55:59.155" endtime="20220404 09:55:59.171"></status>
</kw>
<status status="PASS" starttime="20220404 09:55:57.577" endtime="20220404 09:55:59.172"></status>
</kw>
<status status="PASS" starttime="20220404 09:55:57.576" endtime="20220404 09:55:59.172"></status>
</kw>
<kw name="Scenario 8: User Mengklik Lihat Detail kegiatan">
<kw name="Click Button Lihat Kegiatan" library="kegiatan">
<kw name="Wait Until Element Is Visible" library="SeleniumLibrary">
<doc>Waits until element ``locator`` is visible.</doc>
<arguments>
<arg>${lihatDetail}</arg>
</arguments>
<status status="PASS" starttime="20220404 09:55:59.173" endtime="20220404 09:55:59.871"></status>
</kw>
<kw name="Click Element" library="SeleniumLibrary">
<doc>Click element identified by ``locator``.</doc>
<arguments>
<arg>${lihatDetail}</arg>
</arguments>
<msg timestamp="20220404 09:55:59.872" level="INFO">Clicking element '//button[text()='Lihat']'.</msg>
<status status="PASS" starttime="20220404 09:55:59.871" endtime="20220404 09:55:59.921"></status>
</kw>
<status status="PASS" starttime="20220404 09:55:59.173" endtime="20220404 09:55:59.921"></status>
</kw>
<status status="PASS" starttime="20220404 09:55:59.172" endtime="20220404 09:55:59.922"></status>
</kw>
<kw name="Scenario 9: User Mengklik Button kembali dari page detail kegiatan">
<kw name="Click Button Kembali" library="kegiatan">
<kw name="Execute Javascript" library="SeleniumLibrary">
<doc>Executes the given JavaScript code with possible arguments.</doc>
<arguments>
<arg>document.evaluate("${btnKembali}",</arg>
<arg>document, null, XPathResult.ORDERED_NODE_SNAPSHOT_TYPE, null).</arg>
<arg>snapshotItem(0).click();</arg>
</arguments>
<msg timestamp="20220404 09:55:59.924" level="INFO">Executing JavaScript:
document.evaluate("//label[text()='Kembali']",document, null, XPathResult.ORDERED_NODE_SNAPSHOT_TYPE, null).snapshotItem(0).click();
Without any arguments.</msg>
<status status="PASS" starttime="20220404 09:55:59.923" endtime="20220404 09:55:59.937"></status>
</kw>
<status status="PASS" starttime="20220404 09:55:59.923" endtime="20220404 09:55:59.937"></status>
</kw>
<kw name="Verify Page Kegiatan" library="kegiatan">
<kw name="Wait Until Element Is Visible" library="SeleniumLibrary">
<doc>Waits until element ``locator`` is visible.</doc>
<arguments>
<arg>${verifyKegiatan}</arg>
</arguments>
<status status="PASS" starttime="20220404 09:55:59.938" endtime="20220404 09:55:59.961"></status>
</kw>
<kw name="Page Should Contain Element" library="SeleniumLibrary">
<doc>Verifies that element ``locator`` is found on the current page.</doc>
<arguments>
<arg>${verifyKegiatan}</arg>
</arguments>
<msg timestamp="20220404 09:55:59.968" level="INFO">Current page contains element '//label[@class='title-header']'.</msg>
<status status="PASS" starttime="20220404 09:55:59.961" endtime="20220404 09:55:59.968"></status>
</kw>
<status status="PASS" starttime="20220404 09:55:59.937" endtime="20220404 09:55:59.968"></status>
</kw>
<status status="PASS" starttime="20220404 09:55:59.922" endtime="20220404 09:55:59.969"></status>
</kw>
<kw name="Scenario 10: Consultan Logout">
<kw name="User Logout" library="kegiatan">
<kw name="Click Element" library="SeleniumLibrary">
<doc>Click element identified by ``locator``.</doc>
<arguments>
<arg>${profile}</arg>
</arguments>
<msg timestamp="20220404 09:55:59.970" level="INFO">Clicking element 'css= .profile-button'.</msg>
<status status="PASS" starttime="20220404 09:55:59.970" endtime="20220404 09:56:00.035"></status>
</kw>
<kw name="Click Element" library="SeleniumLibrary">
<doc>Click element identified by ``locator``.</doc>
<arguments>
<arg>${btnLogout}</arg>
</arguments>
<msg timestamp="20220404 09:56:00.035" level="INFO">Clicking element '//a[contains(.,'Logout')]'.</msg>
<status status="PASS" starttime="20220404 09:56:00.035" endtime="20220404 09:56:00.097"></status>
</kw>
<status status="PASS" starttime="20220404 09:55:59.970" endtime="20220404 09:56:00.097"></status>
</kw>
<status status="PASS" starttime="20220404 09:55:59.969" endtime="20220404 09:56:00.097"></status>
</kw>
<kw name="Scenario 11: Login Coordinator">
<kw name="Given Login page is open" library="login">
<kw name="Open Browser" library="browser">
<kw name="Start Testcase Headless" library="browser">
<kw name="Evaluate" library="BuiltIn">
<doc>Evaluates the given expression in Python and returns the result.</doc>
<arguments>
<arg>sys.modules['selenium.webdriver'].ChromeOptions()</arg>
</arguments>
<assign>
<var>${options}</var>
</assign>
<msg timestamp="20220404 09:56:00.100" level="INFO">${options} = &lt;selenium.webdriver.chrome.options.Options object at 0x04AED040&gt;</msg>
<status status="PASS" starttime="20220404 09:56:00.100" endtime="20220404 09:56:00.101"></status>
</kw>
<kw name="Call Method" library="BuiltIn">
<doc>Calls the named method of the given object with the provided arguments.</doc>
<arguments>
<arg>${options}</arg>
<arg>add_argument</arg>
<arg>--disable-notifications</arg>
</arguments>
<status status="PASS" starttime="20220404 09:56:00.101" endtime="20220404 09:56:00.101"></status>
</kw>
<kw name="Call Method" library="BuiltIn">
<doc>Calls the named method of the given object with the provided arguments.</doc>
<arguments>
<arg>${options}</arg>
<arg>add_argument</arg>
<arg>--no-sandbox</arg>
</arguments>
<status status="PASS" starttime="20220404 09:56:00.101" endtime="20220404 09:56:00.101"></status>
</kw>
<kw name="Call Method" library="BuiltIn">
<doc>Calls the named method of the given object with the provided arguments.</doc>
<arguments>
<arg>${options}</arg>
<arg>add_argument</arg>
<arg>--disable-gpu</arg>
</arguments>
<status status="PASS" starttime="20220404 09:56:00.101" endtime="20220404 09:56:00.102"></status>
</kw>
<kw name="Call Method" library="BuiltIn">
<doc>Calls the named method of the given object with the provided arguments.</doc>
<arguments>
<arg>${options}</arg>
<arg>add_argument</arg>
<arg>--window-size\=1366,768</arg>
</arguments>
<status status="PASS" starttime="20220404 09:56:00.102" endtime="20220404 09:56:00.102"></status>
</kw>
<kw name="Call Method" library="BuiltIn">
<doc>Calls the named method of the given object with the provided arguments.</doc>
<arguments>
<arg>${options}</arg>
<arg>add_argument</arg>
<arg>--disable-dev-shm-usage</arg>
</arguments>
<status status="PASS" starttime="20220404 09:56:00.102" endtime="20220404 09:56:00.102"></status>
</kw>
<kw name="Create Webdriver" library="SeleniumLibrary">
<doc>Creates an instance of Selenium WebDriver.</doc>
<arguments>
<arg>Chrome</arg>
<arg>chrome_options=${options}</arg>
</arguments>
<msg timestamp="20220404 09:56:00.103" level="INFO">Creating an instance of the Chrome WebDriver.</msg>
<status status="PASS" starttime="20220404 09:56:00.103" endtime="20220404 09:56:01.188"></status>
</kw>
<status status="PASS" starttime="20220404 09:56:00.100" endtime="20220404 09:56:01.188"></status>
</kw>
<kw name="Go To" library="SeleniumLibrary">
<doc>Navigates the active browser instance to the provided ``url``.</doc>
<arguments>
<arg>${chrome_browser}</arg>
</arguments>
<msg timestamp="20220404 09:56:01.189" level="INFO">Opening url 'http://pmrms.greatpmo.com/admin/login'</msg>
<status status="PASS" starttime="20220404 09:56:01.188" endtime="20220404 09:56:20.778"></status>
</kw>
<status status="PASS" starttime="20220404 09:56:00.099" endtime="20220404 09:56:20.778"></status>
</kw>
<status status="PASS" starttime="20220404 09:56:00.099" endtime="20220404 09:56:20.778"></status>
</kw>
<kw name="Input Username Koordinator" library="login">
<kw name="Input Text" library="SeleniumLibrary">
<doc>Types the given ``text`` into text field identified by ``locator``.</doc>
<arguments>
<arg>${username}</arg>
<arg>ptm34@madrasah.kemenag.go.id</arg>
</arguments>
<msg timestamp="20220404 09:56:20.780" level="INFO">Typing text 'ptm34@madrasah.kemenag.go.id' into text field '//input[@id='email']'.</msg>
<status status="PASS" starttime="20220404 09:56:20.779" endtime="20220404 09:56:20.911"></status>
</kw>
<status status="PASS" starttime="20220404 09:56:20.779" endtime="20220404 09:56:20.912"></status>
</kw>
<kw name="Input Valid Password" library="login">
<kw name="Input Text" library="SeleniumLibrary">
<doc>Types the given ``text`` into text field identified by ``locator``.</doc>
<arguments>
<arg>${pwd}</arg>
<arg>${adm_pwd}</arg>
</arguments>
<msg timestamp="20220404 09:56:20.913" level="INFO">Typing text 'User@madrasah2022' into text field '//input[@type='password']'.</msg>
<status status="PASS" starttime="20220404 09:56:20.912" endtime="20220404 09:56:21.011"></status>
</kw>
<status status="PASS" starttime="20220404 09:56:20.912" endtime="20220404 09:56:21.011"></status>
</kw>
<kw name="Click Button Submit" library="login">
<kw name="Execute Javascript" library="SeleniumLibrary">
<doc>Executes the given JavaScript code with possible arguments.</doc>
<arguments>
<arg>document.evaluate("${btnSubmit}",</arg>
<arg>document, null, XPathResult.ORDERED_NODE_SNAPSHOT_TYPE, null).</arg>
<arg>snapshotItem(0).click();</arg>
</arguments>
<msg timestamp="20220404 09:56:21.012" level="INFO">Executing JavaScript:
document.evaluate("//button[@class='btn']",document, null, XPathResult.ORDERED_NODE_SNAPSHOT_TYPE, null).snapshotItem(0).click();
Without any arguments.</msg>
<status status="PASS" starttime="20220404 09:56:21.012" endtime="20220404 09:56:21.021"></status>
</kw>
<status status="PASS" starttime="20220404 09:56:21.011" endtime="20220404 09:56:21.021"></status>
</kw>
<kw name="Verify Home Page Penanggung Jawab is open" library="login">
<kw name="Wait Until Element Is Visible" library="SeleniumLibrary">
<doc>Waits until element ``locator`` is visible.</doc>
<arguments>
<arg>${Verify_Profile}</arg>
<arg>timeout=30s</arg>
</arguments>
<status status="PASS" starttime="20220404 09:56:21.022" endtime="20220404 09:56:22.567"></status>
</kw>
<kw name="Page Should Contain Element" library="SeleniumLibrary">
<doc>Verifies that element ``locator`` is found on the current page.</doc>
<arguments>
<arg>${Verify_Profile}</arg>
</arguments>
<msg timestamp="20220404 09:56:22.576" level="INFO">Current page contains element 'css= .profile-button'.</msg>
<status status="PASS" starttime="20220404 09:56:22.567" endtime="20220404 09:56:22.576"></status>
</kw>
<status status="PASS" starttime="20220404 09:56:21.021" endtime="20220404 09:56:22.576"></status>
</kw>
<status status="PASS" starttime="20220404 09:56:00.098" endtime="20220404 09:56:22.576"></status>
</kw>
<kw name="Scenario 12: Coordinator Melakukan Quality Entry">
<kw name="Go To" library="SeleniumLibrary">
<doc>Navigates the active browser instance to the provided ``url``.</doc>
<arguments>
<arg>http://pmrms.greatpmo.com/implement/kegiatan</arg>
</arguments>
<msg timestamp="20220404 09:56:22.577" level="INFO">Opening url 'http://pmrms.greatpmo.com/implement/kegiatan'</msg>
<status status="PASS" starttime="20220404 09:56:22.577" endtime="20220404 09:56:24.140"></status>
</kw>
<kw name="Scenario 4: User melakukan pencarian data by nama kegiatan">
<kw name="Search Pencarian by Nama Kegiatan" library="kegiatan">
<kw name="Go To" library="SeleniumLibrary">
<doc>Navigates the active browser instance to the provided ``url``.</doc>
<arguments>
<arg>http://pmrms.greatpmo.com/implement/kegiatan</arg>
</arguments>
<msg timestamp="20220404 09:56:24.141" level="INFO">Opening url 'http://pmrms.greatpmo.com/implement/kegiatan'</msg>
<status status="PASS" starttime="20220404 09:56:24.140" endtime="20220404 09:56:24.669"></status>
</kw>
<kw name="Wait Until Element Is Visible" library="SeleniumLibrary">
<doc>Waits until element ``locator`` is visible.</doc>
<arguments>
<arg>${inputCari}</arg>
</arguments>
<status status="PASS" starttime="20220404 09:56:24.669" endtime="20220404 09:56:25.204"></status>
</kw>
<kw name="Input Text" library="SeleniumLibrary">
<doc>Types the given ``text`` into text field identified by ``locator``.</doc>
<arguments>
<arg>${inputCari}</arg>
<arg>Automation</arg>
</arguments>
<msg timestamp="20220404 09:56:25.204" level="INFO">Typing text 'Automation' into text field '//input[contains(@class,'form-control ng-untouched')]'.</msg>
<status status="PASS" starttime="20220404 09:56:25.204" endtime="20220404 09:56:25.313"></status>
</kw>
<status status="PASS" starttime="20220404 09:56:24.140" endtime="20220404 09:56:25.313"></status>
</kw>
<kw name="Click Button Cari" library="kegiatan">
<kw name="Click Element" library="SeleniumLibrary">
<doc>Click element identified by ``locator``.</doc>
<arguments>
<arg>${btnCari}</arg>
</arguments>
<msg timestamp="20220404 09:56:25.314" level="INFO">Clicking element '//button[text()='Cari']'.</msg>
<status status="PASS" starttime="20220404 09:56:25.314" endtime="20220404 09:56:25.359"></status>
</kw>
<status status="PASS" starttime="20220404 09:56:25.313" endtime="20220404 09:56:25.360"></status>
</kw>
<status status="PASS" starttime="20220404 09:56:24.140" endtime="20220404 09:56:25.360"></status>
</kw>
<kw name="Scenario 5: User Mengklik Sorting Status">
<kw name="Click Sorting Status" library="kegiatan">
<kw name="Click Element" library="SeleniumLibrary">
<doc>Click element identified by ``locator``.</doc>
<arguments>
<arg>${sorting}</arg>
</arguments>
<msg timestamp="20220404 09:56:25.361" level="INFO">Clicking element '//th[text()='Status']'.</msg>
<status status="PASS" starttime="20220404 09:56:25.361" endtime="20220404 09:56:25.400"></status>
</kw>
<status status="PASS" starttime="20220404 09:56:25.360" endtime="20220404 09:56:25.400"></status>
</kw>
<status status="PASS" starttime="20220404 09:56:25.360" endtime="20220404 09:56:25.401"></status>
</kw>
<kw name="Click Button Lihat Kegiatan Perencanaan" library="kegiatan">
<kw name="Sleep" library="BuiltIn">
<doc>Pauses the test executed for the given time.</doc>
<arguments>
<arg>3s</arg>
</arguments>
<msg timestamp="20220404 09:56:28.412" level="INFO">Slept 3 seconds</msg>
<status status="PASS" starttime="20220404 09:56:25.401" endtime="20220404 09:56:28.412"></status>
</kw>
<kw name="Wait Until Element Is Visible" library="SeleniumLibrary">
<doc>Waits until element ``locator`` is visible.</doc>
<arguments>
<arg>${btnLihatDetailRencana}</arg>
<arg>timeout=30s</arg>
</arguments>
<status status="PASS" starttime="20220404 09:56:28.412" endtime="20220404 09:56:28.441"></status>
</kw>
<kw name="Click Element" library="SeleniumLibrary">
<doc>Click element identified by ``locator``.</doc>
<arguments>
<arg>${btnLihatDetailRencana}</arg>
</arguments>
<msg timestamp="20220404 09:56:28.442" level="INFO">Clicking element '//td[.='Perencanaan']/..//td[.='Lihat']'.</msg>
<status status="PASS" starttime="20220404 09:56:28.441" endtime="20220404 09:56:28.515"></status>
</kw>
<status status="PASS" starttime="20220404 09:56:25.401" endtime="20220404 09:56:28.515"></status>
</kw>
<kw name="Coordinator Quality Entry" library="kegiatan">
<kw name="Wait Until Element Is Visible" library="SeleniumLibrary">
<doc>Waits until element ``locator`` is visible.</doc>
<arguments>
<arg>${qualityEntry}</arg>
</arguments>
<status status="PASS" starttime="20220404 09:56:28.516" endtime="20220404 09:56:29.222"></status>
</kw>
<kw name="Execute Javascript" library="SeleniumLibrary">
<doc>Executes the given JavaScript code with possible arguments.</doc>
<arguments>
<arg>document.evaluate("${qualityEntry}",</arg>
<arg>document, null, XPathResult.ORDERED_NODE_SNAPSHOT_TYPE, null).</arg>
<arg>snapshotItem(0).click();</arg>
</arguments>
<msg timestamp="20220404 09:56:29.223" level="INFO">Executing JavaScript:
document.evaluate("//button[@class='btn quality-start']",document, null, XPathResult.ORDERED_NODE_SNAPSHOT_TYPE, null).snapshotItem(0).click();
Without any arguments.</msg>
<status status="PASS" starttime="20220404 09:56:29.222" endtime="20220404 09:56:29.279"></status>
</kw>
<kw name="Click Element" library="SeleniumLibrary">
<doc>Click element identified by ``locator``.</doc>
<arguments>
<arg>${entry1}</arg>
</arguments>
<msg timestamp="20220404 09:56:29.279" level="INFO">Clicking element '//input[contains(@class,'form-check-input ng-untouched')]'.</msg>
<status status="PASS" starttime="20220404 09:56:29.279" endtime="20220404 09:56:29.345"></status>
</kw>
<kw name="Click Element" library="SeleniumLibrary">
<doc>Click element identified by ``locator``.</doc>
<arguments>
<arg>${entry2}</arg>
</arguments>
<msg timestamp="20220404 09:56:29.346" level="INFO">Clicking element '(//div[contains(@class,'form-check form-radio-outline')]//input)[3]'.</msg>
<status status="PASS" starttime="20220404 09:56:29.345" endtime="20220404 09:56:29.402"></status>
</kw>
<kw name="Click Element" library="SeleniumLibrary">
<doc>Click element identified by ``locator``.</doc>
<arguments>
<arg>${entry3}</arg>
</arguments>
<msg timestamp="20220404 09:56:29.403" level="INFO">Clicking element '(//label[text()=' Iya '])[3]'.</msg>
<status status="PASS" starttime="20220404 09:56:29.403" endtime="20220404 09:56:29.460"></status>
</kw>
<kw name="Click Element" library="SeleniumLibrary">
<doc>Click element identified by ``locator``.</doc>
<arguments>
<arg>${entry4}</arg>
</arguments>
<msg timestamp="20220404 09:56:29.460" level="INFO">Clicking element '//div[@class='modal-body']//div[4]//label[contains(.,'Iya')]'.</msg>
<status status="PASS" starttime="20220404 09:56:29.460" endtime="20220404 09:56:29.518"></status>
</kw>
<kw name="Click Element" library="SeleniumLibrary">
<doc>Click element identified by ``locator``.</doc>
<arguments>
<arg>${entry5}</arg>
</arguments>
<msg timestamp="20220404 09:56:29.519" level="INFO">Clicking element '//div[@class='modal-body']//div[5]//label[contains(.,'Iya')]'.</msg>
<status status="PASS" starttime="20220404 09:56:29.518" endtime="20220404 09:56:29.578"></status>
</kw>
<kw name="Click Element" library="SeleniumLibrary">
<doc>Click element identified by ``locator``.</doc>
<arguments>
<arg>${entry6}</arg>
</arguments>
<msg timestamp="20220404 09:56:29.580" level="INFO">Clicking element '//div[@class='modal-body']//div[6]//label[contains(.,'Iya')]'.</msg>
<status status="PASS" starttime="20220404 09:56:29.579" endtime="20220404 09:56:29.641"></status>
</kw>
<kw name="Click Element" library="SeleniumLibrary">
<doc>Click element identified by ``locator``.</doc>
<arguments>
<arg>${entry7}</arg>
</arguments>
<msg timestamp="20220404 09:56:29.642" level="INFO">Clicking element '//div[7]//label[contains(.,'Iya')]'.</msg>
<status status="PASS" starttime="20220404 09:56:29.641" endtime="20220404 09:56:29.700"></status>
</kw>
<kw name="Click Element" library="SeleniumLibrary">
<doc>Click element identified by ``locator``.</doc>
<arguments>
<arg>${simpanQuality}</arg>
</arguments>
<msg timestamp="20220404 09:56:29.701" level="INFO">Clicking element '//button[text()=' Simpan ']'.</msg>
<status status="PASS" starttime="20220404 09:56:29.700" endtime="20220404 09:56:29.761"></status>
</kw>
<status status="PASS" starttime="20220404 09:56:28.516" endtime="20220404 09:56:29.761"></status>
</kw>
<status status="PASS" starttime="20220404 09:56:22.577" endtime="20220404 09:56:29.762"></status>
</kw>
<kw name="Scenario 13: Coordinator Melakukan Approval">
<kw name="Click Button Setuju" library="kegiatan">
<kw name="Wait Until Element Is Visible" library="SeleniumLibrary">
<doc>Waits until element ``locator`` is visible.</doc>
<arguments>
<arg>${btnSetuju}</arg>
</arguments>
<status status="PASS" starttime="20220404 09:56:29.763" endtime="20220404 09:56:29.790"></status>
</kw>
<kw name="Execute Javascript" library="SeleniumLibrary">
<doc>Executes the given JavaScript code with possible arguments.</doc>
<arguments>
<arg>document.evaluate("${btnSetuju}",</arg>
<arg>document, null, XPathResult.ORDERED_NODE_SNAPSHOT_TYPE, null).</arg>
<arg>snapshotItem(0).click();</arg>
</arguments>
<msg timestamp="20220404 09:56:29.791" level="INFO">Executing JavaScript:
document.evaluate("//label[.='Setuju']",document, null, XPathResult.ORDERED_NODE_SNAPSHOT_TYPE, null).snapshotItem(0).click();
Without any arguments.</msg>
<status status="PASS" starttime="20220404 09:56:29.790" endtime="20220404 09:56:29.850"></status>
</kw>
<status status="PASS" starttime="20220404 09:56:29.763" endtime="20220404 09:56:29.851"></status>
</kw>
<kw name="Input Catatan" library="kegiatan">
<kw name="Input Text" library="SeleniumLibrary">
<doc>Types the given ``text`` into text field identified by ``locator``.</doc>
<arguments>
<arg>${catatan}</arg>
<arg>automation testing</arg>
</arguments>
<msg timestamp="20220404 09:56:29.851" level="INFO">Typing text 'automation testing' into text field '//label[text()='Catatan :']/following::textarea'.</msg>
<status status="PASS" starttime="20220404 09:56:29.851" endtime="20220404 09:56:29.981"></status>
</kw>
<status status="PASS" starttime="20220404 09:56:29.851" endtime="20220404 09:56:29.981"></status>
</kw>
<kw name="Click Button Kirim" library="kegiatan">
<kw name="Execute Javascript" library="SeleniumLibrary">
<doc>Executes the given JavaScript code with possible arguments.</doc>
<arguments>
<arg>document.evaluate("${btnKirim}",</arg>
<arg>document, null, XPathResult.ORDERED_NODE_SNAPSHOT_TYPE, null).</arg>
<arg>snapshotItem(0).click();</arg>
</arguments>
<msg timestamp="20220404 09:56:29.983" level="INFO">Executing JavaScript:
document.evaluate("//label[.='Kirim']",document, null, XPathResult.ORDERED_NODE_SNAPSHOT_TYPE, null).snapshotItem(0).click();
Without any arguments.</msg>
<status status="PASS" starttime="20220404 09:56:29.982" endtime="20220404 09:56:29.999"></status>
</kw>
<status status="PASS" starttime="20220404 09:56:29.981" endtime="20220404 09:56:29.999"></status>
</kw>
<status status="PASS" starttime="20220404 09:56:29.762" endtime="20220404 09:56:30.000"></status>
</kw>
<kw name="Scenario 14: Login PMU">
<kw name="Given Login page is open" library="login">
<kw name="Open Browser" library="browser">
<kw name="Start Testcase Headless" library="browser">
<kw name="Evaluate" library="BuiltIn">
<doc>Evaluates the given expression in Python and returns the result.</doc>
<arguments>
<arg>sys.modules['selenium.webdriver'].ChromeOptions()</arg>
</arguments>
<assign>
<var>${options}</var>
</assign>
<msg timestamp="20220404 09:56:30.004" level="INFO">${options} = &lt;selenium.webdriver.chrome.options.Options object at 0x04AE9E50&gt;</msg>
<status status="PASS" starttime="20220404 09:56:30.003" endtime="20220404 09:56:30.004"></status>
</kw>
<kw name="Call Method" library="BuiltIn">
<doc>Calls the named method of the given object with the provided arguments.</doc>
<arguments>
<arg>${options}</arg>
<arg>add_argument</arg>
<arg>--disable-notifications</arg>
</arguments>
<status status="PASS" starttime="20220404 09:56:30.004" endtime="20220404 09:56:30.005"></status>
</kw>
<kw name="Call Method" library="BuiltIn">
<doc>Calls the named method of the given object with the provided arguments.</doc>
<arguments>
<arg>${options}</arg>
<arg>add_argument</arg>
<arg>--no-sandbox</arg>
</arguments>
<status status="PASS" starttime="20220404 09:56:30.005" endtime="20220404 09:56:30.005"></status>
</kw>
<kw name="Call Method" library="BuiltIn">
<doc>Calls the named method of the given object with the provided arguments.</doc>
<arguments>
<arg>${options}</arg>
<arg>add_argument</arg>
<arg>--disable-gpu</arg>
</arguments>
<status status="PASS" starttime="20220404 09:56:30.006" endtime="20220404 09:56:30.006"></status>
</kw>
<kw name="Call Method" library="BuiltIn">
<doc>Calls the named method of the given object with the provided arguments.</doc>
<arguments>
<arg>${options}</arg>
<arg>add_argument</arg>
<arg>--window-size\=1366,768</arg>
</arguments>
<status status="PASS" starttime="20220404 09:56:30.006" endtime="20220404 09:56:30.007"></status>
</kw>
<kw name="Call Method" library="BuiltIn">
<doc>Calls the named method of the given object with the provided arguments.</doc>
<arguments>
<arg>${options}</arg>
<arg>add_argument</arg>
<arg>--disable-dev-shm-usage</arg>
</arguments>
<status status="PASS" starttime="20220404 09:56:30.007" endtime="20220404 09:56:30.008"></status>
</kw>
<kw name="Create Webdriver" library="SeleniumLibrary">
<doc>Creates an instance of Selenium WebDriver.</doc>
<arguments>
<arg>Chrome</arg>
<arg>chrome_options=${options}</arg>
</arguments>
<msg timestamp="20220404 09:56:30.009" level="INFO">Creating an instance of the Chrome WebDriver.</msg>
<status status="PASS" starttime="20220404 09:56:30.008" endtime="20220404 09:56:31.096"></status>
</kw>
<status status="PASS" starttime="20220404 09:56:30.003" endtime="20220404 09:56:31.096"></status>
</kw>
<kw name="Go To" library="SeleniumLibrary">
<doc>Navigates the active browser instance to the provided ``url``.</doc>
<arguments>
<arg>${chrome_browser}</arg>
</arguments>
<msg timestamp="20220404 09:56:31.097" level="INFO">Opening url 'http://pmrms.greatpmo.com/admin/login'</msg>
<status status="PASS" starttime="20220404 09:56:31.096" endtime="20220404 09:56:45.625"></status>
</kw>
<status status="PASS" starttime="20220404 09:56:30.002" endtime="20220404 09:56:45.625"></status>
</kw>
<status status="PASS" starttime="20220404 09:56:30.002" endtime="20220404 09:56:45.625"></status>
</kw>
<kw name="Input Username PMU" library="login">
<kw name="Input Text" library="SeleniumLibrary">
<doc>Types the given ``text`` into text field identified by ``locator``.</doc>
<arguments>
<arg>${username}</arg>
<arg>ptm16@madrasah.kemenag.go.id</arg>
</arguments>
<msg timestamp="20220404 09:56:45.627" level="INFO">Typing text 'ptm16@madrasah.kemenag.go.id' into text field '//input[@id='email']'.</msg>
<status status="PASS" starttime="20220404 09:56:45.626" endtime="20220404 09:56:45.744"></status>
</kw>
<status status="PASS" starttime="20220404 09:56:45.626" endtime="20220404 09:56:45.745"></status>
</kw>
<kw name="Input Valid Password" library="login">
<kw name="Input Text" library="SeleniumLibrary">
<doc>Types the given ``text`` into text field identified by ``locator``.</doc>
<arguments>
<arg>${pwd}</arg>
<arg>${adm_pwd}</arg>
</arguments>
<msg timestamp="20220404 09:56:45.745" level="INFO">Typing text 'User@madrasah2022' into text field '//input[@type='password']'.</msg>
<status status="PASS" starttime="20220404 09:56:45.745" endtime="20220404 09:56:45.835"></status>
</kw>
<status status="PASS" starttime="20220404 09:56:45.745" endtime="20220404 09:56:45.835"></status>
</kw>
<kw name="Click Button Submit" library="login">
<kw name="Execute Javascript" library="SeleniumLibrary">
<doc>Executes the given JavaScript code with possible arguments.</doc>
<arguments>
<arg>document.evaluate("${btnSubmit}",</arg>
<arg>document, null, XPathResult.ORDERED_NODE_SNAPSHOT_TYPE, null).</arg>
<arg>snapshotItem(0).click();</arg>
</arguments>
<msg timestamp="20220404 09:56:45.837" level="INFO">Executing JavaScript:
document.evaluate("//button[@class='btn']",document, null, XPathResult.ORDERED_NODE_SNAPSHOT_TYPE, null).snapshotItem(0).click();
Without any arguments.</msg>
<status status="PASS" starttime="20220404 09:56:45.836" endtime="20220404 09:56:45.847"></status>
</kw>
<status status="PASS" starttime="20220404 09:56:45.836" endtime="20220404 09:56:45.847"></status>
</kw>
<kw name="Verify Home Page Penanggung Jawab is open" library="login">
<kw name="Wait Until Element Is Visible" library="SeleniumLibrary">
<doc>Waits until element ``locator`` is visible.</doc>
<arguments>
<arg>${Verify_Profile}</arg>
<arg>timeout=30s</arg>
</arguments>
<status status="PASS" starttime="20220404 09:56:45.848" endtime="20220404 09:56:47.400"></status>
</kw>
<kw name="Page Should Contain Element" library="SeleniumLibrary">
<doc>Verifies that element ``locator`` is found on the current page.</doc>
<arguments>
<arg>${Verify_Profile}</arg>
</arguments>
<msg timestamp="20220404 09:56:47.409" level="INFO">Current page contains element 'css= .profile-button'.</msg>
<status status="PASS" starttime="20220404 09:56:47.400" endtime="20220404 09:56:47.409"></status>
</kw>
<status status="PASS" starttime="20220404 09:56:45.847" endtime="20220404 09:56:47.409"></status>
</kw>
<status status="PASS" starttime="20220404 09:56:30.001" endtime="20220404 09:56:47.409"></status>
</kw>
<kw name="Scenario 15: PMU Melakukan Approval">
<kw name="Go To" library="SeleniumLibrary">
<doc>Navigates the active browser instance to the provided ``url``.</doc>
<arguments>
<arg>http://pmrms.greatpmo.com/implement/kegiatan</arg>
</arguments>
<msg timestamp="20220404 09:56:47.411" level="INFO">Opening url 'http://pmrms.greatpmo.com/implement/kegiatan'</msg>
<status status="PASS" starttime="20220404 09:56:47.411" endtime="20220404 09:56:49.701"></status>
</kw>
<kw name="Scenario 4: User melakukan pencarian data by nama kegiatan">
<kw name="Search Pencarian by Nama Kegiatan" library="kegiatan">
<kw name="Go To" library="SeleniumLibrary">
<doc>Navigates the active browser instance to the provided ``url``.</doc>
<arguments>
<arg>http://pmrms.greatpmo.com/implement/kegiatan</arg>
</arguments>
<msg timestamp="20220404 09:56:49.701" level="INFO">Opening url 'http://pmrms.greatpmo.com/implement/kegiatan'</msg>
<status status="PASS" starttime="20220404 09:56:49.701" endtime="20220404 09:56:50.227"></status>
</kw>
<kw name="Wait Until Element Is Visible" library="SeleniumLibrary">
<doc>Waits until element ``locator`` is visible.</doc>
<arguments>
<arg>${inputCari}</arg>
</arguments>
<status status="PASS" starttime="20220404 09:56:50.227" endtime="20220404 09:56:50.778"></status>
</kw>
<kw name="Input Text" library="SeleniumLibrary">
<doc>Types the given ``text`` into text field identified by ``locator``.</doc>
<arguments>
<arg>${inputCari}</arg>
<arg>Automation</arg>
</arguments>
<msg timestamp="20220404 09:56:50.778" level="INFO">Typing text 'Automation' into text field '//input[contains(@class,'form-control ng-untouched')]'.</msg>
<status status="PASS" starttime="20220404 09:56:50.778" endtime="20220404 09:56:50.880"></status>
</kw>
<status status="PASS" starttime="20220404 09:56:49.701" endtime="20220404 09:56:50.880"></status>
</kw>
<kw name="Click Button Cari" library="kegiatan">
<kw name="Click Element" library="SeleniumLibrary">
<doc>Click element identified by ``locator``.</doc>
<arguments>
<arg>${btnCari}</arg>
</arguments>
<msg timestamp="20220404 09:56:50.881" level="INFO">Clicking element '//button[text()='Cari']'.</msg>
<status status="PASS" starttime="20220404 09:56:50.881" endtime="20220404 09:56:50.931"></status>
</kw>
<status status="PASS" starttime="20220404 09:56:50.881" endtime="20220404 09:56:50.932"></status>
</kw>
<status status="PASS" starttime="20220404 09:56:49.701" endtime="20220404 09:56:50.932"></status>
</kw>
<kw name="Click Sorting Status Asc" library="kegiatan">
<kw name="Click Element" library="SeleniumLibrary">
<doc>Click element identified by ``locator``.</doc>
<arguments>
<arg>${sorting}</arg>
</arguments>
<msg timestamp="20220404 09:56:50.933" level="INFO">Clicking element '//th[text()='Status']'.</msg>
<status status="PASS" starttime="20220404 09:56:50.932" endtime="20220404 09:56:50.976"></status>
</kw>
<kw name="Sleep" library="BuiltIn">
<doc>Pauses the test executed for the given time.</doc>
<arguments>
<arg>3s</arg>
</arguments>
<msg timestamp="20220404 09:56:53.984" level="INFO">Slept 3 seconds</msg>
<status status="PASS" starttime="20220404 09:56:50.976" endtime="20220404 09:56:53.984"></status>
</kw>
<kw name="Click Element" library="SeleniumLibrary">
<doc>Click element identified by ``locator``.</doc>
<arguments>
<arg>${sorting}</arg>
</arguments>
<msg timestamp="20220404 09:56:53.985" level="INFO">Clicking element '//th[text()='Status']'.</msg>
<status status="PASS" starttime="20220404 09:56:53.984" endtime="20220404 09:56:54.019"></status>
</kw>
<status status="PASS" starttime="20220404 09:56:50.932" endtime="20220404 09:56:54.019"></status>
</kw>
<kw name="Click Button Lihat Menunggu Persetujuan" library="kegiatan">
<kw name="Sleep" library="BuiltIn">
<doc>Pauses the test executed for the given time.</doc>
<arguments>
<arg>3s</arg>
</arguments>
<msg timestamp="20220404 09:56:57.033" level="INFO">Slept 3 seconds</msg>
<status status="PASS" starttime="20220404 09:56:54.020" endtime="20220404 09:56:57.033"></status>
</kw>
<kw name="Wait Until Element Is Visible" library="SeleniumLibrary">
<doc>Waits until element ``locator`` is visible.</doc>
<arguments>
<arg>${btnLihatPersetujuan}</arg>
<arg>timeout=30s</arg>
</arguments>
<status status="PASS" starttime="20220404 09:56:57.033" endtime="20220404 09:56:57.056"></status>
</kw>
<kw name="Click Element" library="SeleniumLibrary">
<doc>Click element identified by ``locator``.</doc>
<arguments>
<arg>${btnLihatPersetujuan}</arg>
</arguments>
<msg timestamp="20220404 09:56:57.057" level="INFO">Clicking element '//td[.='Menunggu Persetujuan']/..//td[.='Lihat']'.</msg>
<status status="PASS" starttime="20220404 09:56:57.056" endtime="20220404 09:56:57.137"></status>
</kw>
<status status="PASS" starttime="20220404 09:56:54.020" endtime="20220404 09:56:57.137"></status>
</kw>
<kw name="Click Button Setuju" library="kegiatan">
<kw name="Wait Until Element Is Visible" library="SeleniumLibrary">
<doc>Waits until element ``locator`` is visible.</doc>
<arguments>
<arg>${btnSetuju}</arg>
</arguments>
<status status="PASS" starttime="20220404 09:56:57.138" endtime="20220404 09:56:58.461"></status>
</kw>
<kw name="Execute Javascript" library="SeleniumLibrary">
<doc>Executes the given JavaScript code with possible arguments.</doc>
<arguments>
<arg>document.evaluate("${btnSetuju}",</arg>
<arg>document, null, XPathResult.ORDERED_NODE_SNAPSHOT_TYPE, null).</arg>
<arg>snapshotItem(0).click();</arg>
</arguments>
<msg timestamp="20220404 09:56:58.462" level="INFO">Executing JavaScript:
document.evaluate("//label[.='Setuju']",document, null, XPathResult.ORDERED_NODE_SNAPSHOT_TYPE, null).snapshotItem(0).click();
Without any arguments.</msg>
<status status="PASS" starttime="20220404 09:56:58.462" endtime="20220404 09:56:58.524"></status>
</kw>
<status status="PASS" starttime="20220404 09:56:57.137" endtime="20220404 09:56:58.525"></status>
</kw>
<kw name="Input Catatan Setuju" library="kegiatan">
<kw name="Input Text" library="SeleniumLibrary">
<doc>Types the given ``text`` into text field identified by ``locator``.</doc>
<arguments>
<arg>${catatanSetuju}</arg>
<arg>automation testing</arg>
</arguments>
<msg timestamp="20220404 09:56:58.526" level="INFO">Typing text 'automation testing' into text field '//label[text()='Colored']/following::textarea'.</msg>
<status status="PASS" starttime="20220404 09:56:58.526" endtime="20220404 09:56:58.653"></status>
</kw>
<status status="PASS" starttime="20220404 09:56:58.525" endtime="20220404 09:56:58.653"></status>
</kw>
<kw name="Click Button Kirim" library="kegiatan">
<kw name="Execute Javascript" library="SeleniumLibrary">
<doc>Executes the given JavaScript code with possible arguments.</doc>
<arguments>
<arg>document.evaluate("${btnKirim}",</arg>
<arg>document, null, XPathResult.ORDERED_NODE_SNAPSHOT_TYPE, null).</arg>
<arg>snapshotItem(0).click();</arg>
</arguments>
<msg timestamp="20220404 09:56:58.656" level="INFO">Executing JavaScript:
document.evaluate("//label[.='Kirim']",document, null, XPathResult.ORDERED_NODE_SNAPSHOT_TYPE, null).snapshotItem(0).click();
Without any arguments.</msg>
<status status="PASS" starttime="20220404 09:56:58.655" endtime="20220404 09:56:58.664"></status>
</kw>
<status status="PASS" starttime="20220404 09:56:58.654" endtime="20220404 09:56:58.664"></status>
</kw>
<status status="PASS" starttime="20220404 09:56:47.410" endtime="20220404 09:56:58.664"></status>
</kw>
<doc>Regression Menu Kegiatan</doc>
<tags>
<tag>Functionality</tag>
</tags>
<status status="PASS" starttime="20220404 09:55:34.215" endtime="20220404 09:56:58.665" critical="yes"></status>
</test>
<doc>Regression Test Menu Kegiatan</doc>
<status status="PASS" starttime="20220404 09:55:33.991" endtime="20220404 09:56:58.666"></status>
</suite>
<statistics>
<total>
<stat pass="1" fail="0">Critical Tests</stat>
<stat pass="1" fail="0">All Tests</stat>
</total>
<tag>
<stat pass="1" fail="0">Functionality</stat>
</tag>
<suite>
<stat pass="1" fail="0" id="s1" name="15 Kegiatan">15 Kegiatan</stat>
</suite>
</statistics>
<errors>
</errors>
</robot>
