<?xml version="1.0" encoding="UTF-8"?>
<robot generator="Robot 3.2.2 (Python 3.8.5 on win32)" generated="20220628 21:43:01.147" rpa="false">
<suite id="s1" name="05 Awp" source="D:\pyCharmProject\pmrms-testing\Features\05_Awp.robot">
<test id="s1-t1" name="Menu AWP">
<kw name="Scenario 1: Login with username valid and password valid">
<kw name="Given Login page is open" library="login">
<kw name="Open Browser" library="browser">
<kw name="Start Testcase Headless" library="browser">
<kw name="Evaluate" library="BuiltIn">
<doc>Evaluates the given expression in Python and returns the result.</doc>
<arguments>
<arg>sys.modules['selenium.webdriver'].ChromeOptions()</arg>
</arguments>
<assign>
<var>${options}</var>
</assign>
<msg timestamp="20220628 21:43:01.654" level="INFO">${options} = &lt;selenium.webdriver.chrome.options.Options object at 0x0489B760&gt;</msg>
<status status="PASS" starttime="20220628 21:43:01.654" endtime="20220628 21:43:01.654"></status>
</kw>
<kw name="Call Method" library="BuiltIn">
<doc>Calls the named method of the given object with the provided arguments.</doc>
<arguments>
<arg>${options}</arg>
<arg>add_argument</arg>
<arg>--ignore-certificate-errors</arg>
</arguments>
<status status="PASS" starttime="20220628 21:43:01.654" endtime="20220628 21:43:01.655"></status>
</kw>
<kw name="Call Method" library="BuiltIn">
<doc>Calls the named method of the given object with the provided arguments.</doc>
<arguments>
<arg>${options}</arg>
<arg>add_argument</arg>
<arg>--ignore-ssl-errors</arg>
</arguments>
<status status="PASS" starttime="20220628 21:43:01.655" endtime="20220628 21:43:01.655"></status>
</kw>
<kw name="Call Method" library="BuiltIn">
<doc>Calls the named method of the given object with the provided arguments.</doc>
<arguments>
<arg>${options}</arg>
<arg>add_argument</arg>
<arg>--disable-notifications</arg>
</arguments>
<status status="PASS" starttime="20220628 21:43:01.655" endtime="20220628 21:43:01.655"></status>
</kw>
<kw name="Call Method" library="BuiltIn">
<doc>Calls the named method of the given object with the provided arguments.</doc>
<arguments>
<arg>${options}</arg>
<arg>add_argument</arg>
<arg>--no-sandbox</arg>
</arguments>
<status status="PASS" starttime="20220628 21:43:01.655" endtime="20220628 21:43:01.655"></status>
</kw>
<kw name="Call Method" library="BuiltIn">
<doc>Calls the named method of the given object with the provided arguments.</doc>
<arguments>
<arg>${options}</arg>
<arg>add_argument</arg>
<arg>--disable-gpu</arg>
</arguments>
<status status="PASS" starttime="20220628 21:43:01.655" endtime="20220628 21:43:01.655"></status>
</kw>
<kw name="Call Method" library="BuiltIn">
<doc>Calls the named method of the given object with the provided arguments.</doc>
<arguments>
<arg>${options}</arg>
<arg>add_argument</arg>
<arg>--window-size\=1366,768</arg>
</arguments>
<status status="PASS" starttime="20220628 21:43:01.655" endtime="20220628 21:43:01.655"></status>
</kw>
<kw name="Call Method" library="BuiltIn">
<doc>Calls the named method of the given object with the provided arguments.</doc>
<arguments>
<arg>${options}</arg>
<arg>add_argument</arg>
<arg>--disable-dev-shm-usage</arg>
</arguments>
<status status="PASS" starttime="20220628 21:43:01.655" endtime="20220628 21:43:01.655"></status>
</kw>
<kw name="Create Webdriver" library="SeleniumLibrary">
<doc>Creates an instance of Selenium WebDriver.</doc>
<arguments>
<arg>Chrome</arg>
<arg>chrome_options=${options}</arg>
</arguments>
<msg timestamp="20220628 21:43:01.655" level="INFO">Creating an instance of the Chrome WebDriver.</msg>
<status status="PASS" starttime="20220628 21:43:01.655" endtime="20220628 21:43:03.261"></status>
</kw>
<status status="PASS" starttime="20220628 21:43:01.654" endtime="20220628 21:43:03.261"></status>
</kw>
<kw name="Go To" library="SeleniumLibrary">
<doc>Navigates the active browser instance to the provided ``url``.</doc>
<arguments>
<arg>${chrome_browser}</arg>
</arguments>
<msg timestamp="20220628 21:43:03.262" level="INFO">Opening url 'http://pmrms.greatpmo.com/admin/login'</msg>
<status status="PASS" starttime="20220628 21:43:03.261" endtime="20220628 21:43:11.023"></status>
</kw>
<status status="PASS" starttime="20220628 21:43:01.653" endtime="20220628 21:43:11.024"></status>
</kw>
<status status="PASS" starttime="20220628 21:43:01.652" endtime="20220628 21:43:11.024"></status>
</kw>
<kw name="And Input Valid Username" library="login">
<kw name="Input Text" library="SeleniumLibrary">
<doc>Types the given ``text`` into text field identified by ``locator``.</doc>
<arguments>
<arg>${username}</arg>
<arg>${adm_usr}</arg>
</arguments>
<msg timestamp="20220628 21:43:11.025" level="INFO">Typing text 'ptm15@madrasah.kemenag.go.id' into text field '//input[@id='email']'.</msg>
<status status="PASS" starttime="20220628 21:43:11.025" endtime="20220628 21:43:11.233"></status>
</kw>
<status status="PASS" starttime="20220628 21:43:11.025" endtime="20220628 21:43:11.233"></status>
</kw>
<kw name="And Input Valid Password" library="login">
<kw name="Input Text" library="SeleniumLibrary">
<doc>Types the given ``text`` into text field identified by ``locator``.</doc>
<arguments>
<arg>${pwd}</arg>
<arg>${adm_pwd}</arg>
</arguments>
<msg timestamp="20220628 21:43:11.233" level="INFO">Typing text 'User@madrasah2022' into text field '//input[@type='password']'.</msg>
<status status="PASS" starttime="20220628 21:43:11.233" endtime="20220628 21:43:11.409"></status>
</kw>
<status status="PASS" starttime="20220628 21:43:11.233" endtime="20220628 21:43:11.409"></status>
</kw>
<kw name="When Click button submit" library="login">
<kw name="Execute Javascript" library="SeleniumLibrary">
<doc>Executes the given JavaScript code with possible arguments.</doc>
<arguments>
<arg>document.evaluate("${btnSubmit}",</arg>
<arg>document, null, XPathResult.ORDERED_NODE_SNAPSHOT_TYPE, null).</arg>
<arg>snapshotItem(0).click();</arg>
</arguments>
<msg timestamp="20220628 21:43:11.410" level="INFO">Executing JavaScript:
document.evaluate("//button[@class='btn']",document, null, XPathResult.ORDERED_NODE_SNAPSHOT_TYPE, null).snapshotItem(0).click();
Without any arguments.</msg>
<status status="PASS" starttime="20220628 21:43:11.410" endtime="20220628 21:43:11.436"></status>
</kw>
<status status="PASS" starttime="20220628 21:43:11.409" endtime="20220628 21:43:11.437"></status>
</kw>
<kw name="Then Verify Home Page is open" library="login">
<kw name="Wait Until Element Is Visible" library="SeleniumLibrary">
<doc>Waits until element ``locator`` is visible.</doc>
<arguments>
<arg>${Verify_Profile}</arg>
<arg>timeout=30s</arg>
</arguments>
<status status="PASS" starttime="20220628 21:43:11.439" endtime="20220628 21:43:13.992"></status>
</kw>
<kw name="Page Should Contain Element" library="SeleniumLibrary">
<doc>Verifies that element ``locator`` is found on the current page.</doc>
<arguments>
<arg>${Verify_Profile}</arg>
</arguments>
<msg timestamp="20220628 21:43:14.009" level="INFO">Current page contains element 'css= .profile-button'.</msg>
<status status="PASS" starttime="20220628 21:43:13.992" endtime="20220628 21:43:14.010"></status>
</kw>
<status status="PASS" starttime="20220628 21:43:11.437" endtime="20220628 21:43:14.010"></status>
</kw>
<status status="PASS" starttime="20220628 21:43:01.651" endtime="20220628 21:43:14.011"></status>
</kw>
<kw name="Scenario 2: User mengklik sidebar menu awp">
<kw name="Click Menu AWP" library="awp">
<kw name="Wait Until Element Is Visible" library="SeleniumLibrary">
<doc>Waits until element ``locator`` is visible.</doc>
<arguments>
<arg>${menuAwp}</arg>
<arg>timeout=30s</arg>
</arguments>
<status status="PASS" starttime="20220628 21:43:14.013" endtime="20220628 21:43:15.366"></status>
</kw>
<kw name="Click Element" library="SeleniumLibrary">
<doc>Click element identified by ``locator``.</doc>
<arguments>
<arg>${menuAwp}</arg>
</arguments>
<msg timestamp="20220628 21:43:15.366" level="INFO">Clicking element '//a[@href='/admin/awp']'.</msg>
<status status="PASS" starttime="20220628 21:43:15.366" endtime="20220628 21:43:15.463"></status>
</kw>
<status status="PASS" starttime="20220628 21:43:14.012" endtime="20220628 21:43:15.464"></status>
</kw>
<kw name="Verify Page AWP" library="awp">
<kw name="Wait Until Element Is Visible" library="SeleniumLibrary">
<doc>Waits until element ``locator`` is visible.</doc>
<arguments>
<arg>${verifyAwp}</arg>
<arg>timeout=30s</arg>
</arguments>
<status status="PASS" starttime="20220628 21:43:15.465" endtime="20220628 21:43:16.882"></status>
</kw>
<kw name="Page Should Contain Element" library="SeleniumLibrary">
<doc>Verifies that element ``locator`` is found on the current page.</doc>
<arguments>
<arg>${verifyAwp}</arg>
</arguments>
<msg timestamp="20220628 21:43:16.894" level="INFO">Current page contains element '//label[text()='Annual Work Plan (AWP)']'.</msg>
<status status="PASS" starttime="20220628 21:43:16.882" endtime="20220628 21:43:16.894"></status>
</kw>
<status status="PASS" starttime="20220628 21:43:15.464" endtime="20220628 21:43:16.894"></status>
</kw>
<status status="PASS" starttime="20220628 21:43:14.012" endtime="20220628 21:43:16.894"></status>
</kw>
<kw name="Scenario 3: User mengklik button index page untuk melihat data selanjutnya">
<kw name="Click Pagination AWP" library="awp">
<kw name="Wait Until Element Is Visible" library="SeleniumLibrary">
<doc>Waits until element ``locator`` is visible.</doc>
<arguments>
<arg>${pagination}</arg>
</arguments>
<status status="PASS" starttime="20220628 21:43:16.894" endtime="20220628 21:43:18.787"></status>
</kw>
<kw name="Execute Javascript" library="SeleniumLibrary">
<doc>Executes the given JavaScript code with possible arguments.</doc>
<arguments>
<arg>document.evaluate("${pagination}",</arg>
<arg>document, null, XPathResult.ORDERED_NODE_SNAPSHOT_TYPE, null).</arg>
<arg>snapshotItem(0).click();</arg>
</arguments>
<msg timestamp="20220628 21:43:18.788" level="INFO">Executing JavaScript:
document.evaluate("//a[.='2']",document, null, XPathResult.ORDERED_NODE_SNAPSHOT_TYPE, null).snapshotItem(0).click();
Without any arguments.</msg>
<status status="PASS" starttime="20220628 21:43:18.787" endtime="20220628 21:43:18.804"></status>
</kw>
<status status="PASS" starttime="20220628 21:43:16.894" endtime="20220628 21:43:18.804"></status>
</kw>
<status status="PASS" starttime="20220628 21:43:16.894" endtime="20220628 21:43:18.805"></status>
</kw>
<kw name="Scenario 4: User mengklik field search input by Nama Kegiatan">
<kw name="Input Search by Nama kegiatan AWP" library="awp">
<kw name="Wait Until Element Is Visible" library="SeleniumLibrary">
<doc>Waits until element ``locator`` is visible.</doc>
<arguments>
<arg>${searchAwp}</arg>
<arg>timeout=30s</arg>
</arguments>
<status status="PASS" starttime="20220628 21:43:18.809" endtime="20220628 21:43:18.852"></status>
</kw>
<kw name="Input Text" library="SeleniumLibrary">
<doc>Types the given ``text`` into text field identified by ``locator``.</doc>
<arguments>
<arg>${searchAwp}</arg>
<arg>Automation</arg>
</arguments>
<msg timestamp="20220628 21:43:18.852" level="INFO">Typing text 'Automation' into text field '//input[contains(@class,'form-control ng-untouched')]'.</msg>
<status status="PASS" starttime="20220628 21:43:18.852" endtime="20220628 21:43:19.057"></status>
</kw>
<status status="PASS" starttime="20220628 21:43:18.807" endtime="20220628 21:43:19.057"></status>
</kw>
<kw name="Click Button Cari" library="awp">
<kw name="Click Element" library="SeleniumLibrary">
<doc>Click element identified by ``locator``.</doc>
<arguments>
<arg>${btnCari}</arg>
</arguments>
<msg timestamp="20220628 21:43:19.060" level="INFO">Clicking element '//button[@class='btn form-control text-white']'.</msg>
<status status="PASS" starttime="20220628 21:43:19.059" endtime="20220628 21:43:19.175"></status>
</kw>
<status status="PASS" starttime="20220628 21:43:19.058" endtime="20220628 21:43:19.175"></status>
</kw>
<status status="PASS" starttime="20220628 21:43:18.806" endtime="20220628 21:43:19.175"></status>
</kw>
<kw name="Scenario 5: User mengklik field search input by Pagu Anggaran Awp">
<kw name="Input Search by Pagu Anggaran AWP" library="awp">
<kw name="Go To" library="SeleniumLibrary">
<doc>Navigates the active browser instance to the provided ``url``.</doc>
<arguments>
<arg>http://pmrms.greatpmo.com/admin/awp</arg>
</arguments>
<msg timestamp="20220628 21:43:19.181" level="INFO">Opening url 'http://pmrms.greatpmo.com/admin/awp'</msg>
<status status="PASS" starttime="20220628 21:43:19.181" endtime="20220628 21:43:20.497"></status>
</kw>
<kw name="Wait Until Element Is Visible" library="SeleniumLibrary">
<doc>Waits until element ``locator`` is visible.</doc>
<arguments>
<arg>${searchAwp}</arg>
<arg>timeout=30s</arg>
</arguments>
<status status="PASS" starttime="20220628 21:43:20.497" endtime="20220628 21:43:23.460"></status>
</kw>
<kw name="Input Text" library="SeleniumLibrary">
<doc>Types the given ``text`` into text field identified by ``locator``.</doc>
<arguments>
<arg>${searchAwp}</arg>
<arg>200</arg>
</arguments>
<msg timestamp="20220628 21:43:23.462" level="INFO">Typing text '200' into text field '//input[contains(@class,'form-control ng-untouched')]'.</msg>
<status status="PASS" starttime="20220628 21:43:23.461" endtime="20220628 21:43:23.637"></status>
</kw>
<status status="PASS" starttime="20220628 21:43:19.180" endtime="20220628 21:43:23.637"></status>
</kw>
<kw name="Click Button Cari" library="awp">
<kw name="Click Element" library="SeleniumLibrary">
<doc>Click element identified by ``locator``.</doc>
<arguments>
<arg>${btnCari}</arg>
</arguments>
<msg timestamp="20220628 21:43:23.638" level="INFO">Clicking element '//button[@class='btn form-control text-white']'.</msg>
<status status="PASS" starttime="20220628 21:43:23.638" endtime="20220628 21:43:23.740"></status>
</kw>
<status status="PASS" starttime="20220628 21:43:23.637" endtime="20220628 21:43:23.740"></status>
</kw>
<status status="PASS" starttime="20220628 21:43:19.179" endtime="20220628 21:43:23.741"></status>
</kw>
<kw name="Scenario 8: User mengklik field search input by Komponen Awp">
<kw name="Input Search by Komponen AWP" library="awp">
<kw name="Go To" library="SeleniumLibrary">
<doc>Navigates the active browser instance to the provided ``url``.</doc>
<arguments>
<arg>http://pmrms.greatpmo.com/admin/awp</arg>
</arguments>
<msg timestamp="20220628 21:43:23.744" level="INFO">Opening url 'http://pmrms.greatpmo.com/admin/awp'</msg>
<status status="PASS" starttime="20220628 21:43:23.743" endtime="20220628 21:43:24.918"></status>
</kw>
<kw name="Wait Until Element Is Visible" library="SeleniumLibrary">
<doc>Waits until element ``locator`` is visible.</doc>
<arguments>
<arg>${searchAwp}</arg>
<arg>timeout=30s</arg>
</arguments>
<status status="PASS" starttime="20220628 21:43:24.918" endtime="20220628 21:43:27.464"></status>
</kw>
<kw name="Input Text" library="SeleniumLibrary">
<doc>Types the given ``text`` into text field identified by ``locator``.</doc>
<arguments>
<arg>${searchAwp}</arg>
<arg>Kelompok Kerja Guru</arg>
</arguments>
<msg timestamp="20220628 21:43:27.465" level="INFO">Typing text 'Kelompok Kerja Guru' into text field '//input[contains(@class,'form-control ng-untouched')]'.</msg>
<status status="PASS" starttime="20220628 21:43:27.464" endtime="20220628 21:43:27.695"></status>
</kw>
<status status="PASS" starttime="20220628 21:43:23.743" endtime="20220628 21:43:27.695"></status>
</kw>
<kw name="Click Button Cari" library="awp">
<kw name="Click Element" library="SeleniumLibrary">
<doc>Click element identified by ``locator``.</doc>
<arguments>
<arg>${btnCari}</arg>
</arguments>
<msg timestamp="20220628 21:43:27.696" level="INFO">Clicking element '//button[@class='btn form-control text-white']'.</msg>
<status status="PASS" starttime="20220628 21:43:27.696" endtime="20220628 21:43:27.777"></status>
</kw>
<status status="PASS" starttime="20220628 21:43:27.695" endtime="20220628 21:43:27.778"></status>
</kw>
<status status="PASS" starttime="20220628 21:43:23.742" endtime="20220628 21:43:27.778"></status>
</kw>
<kw name="Scenario 9: User menginputkan karakter dan angka tidak sesuai">
<kw name="Input Search Karakter Angka Tidak sesuai" library="awp">
<kw name="Go To" library="SeleniumLibrary">
<doc>Navigates the active browser instance to the provided ``url``.</doc>
<arguments>
<arg>http://pmrms.greatpmo.com/admin/awp</arg>
</arguments>
<msg timestamp="20220628 21:43:27.780" level="INFO">Opening url 'http://pmrms.greatpmo.com/admin/awp'</msg>
<status status="PASS" starttime="20220628 21:43:27.780" endtime="20220628 21:43:28.583"></status>
</kw>
<kw name="Wait Until Element Is Visible" library="SeleniumLibrary">
<doc>Waits until element ``locator`` is visible.</doc>
<arguments>
<arg>${searchAwp}</arg>
<arg>timeout=30s</arg>
</arguments>
<status status="PASS" starttime="20220628 21:43:28.584" endtime="20220628 21:43:30.260"></status>
</kw>
<kw name="Input Text" library="SeleniumLibrary">
<doc>Types the given ``text`` into text field identified by ``locator``.</doc>
<arguments>
<arg>${searchAwp}</arg>
<arg>testing123</arg>
</arguments>
<msg timestamp="20220628 21:43:30.262" level="INFO">Typing text 'testing123' into text field '//input[contains(@class,'form-control ng-untouched')]'.</msg>
<status status="PASS" starttime="20220628 21:43:30.261" endtime="20220628 21:43:30.443"></status>
</kw>
<status status="PASS" starttime="20220628 21:43:27.779" endtime="20220628 21:43:30.443"></status>
</kw>
<kw name="Click Button Cari" library="awp">
<kw name="Click Element" library="SeleniumLibrary">
<doc>Click element identified by ``locator``.</doc>
<arguments>
<arg>${btnCari}</arg>
</arguments>
<msg timestamp="20220628 21:43:30.444" level="INFO">Clicking element '//button[@class='btn form-control text-white']'.</msg>
<status status="PASS" starttime="20220628 21:43:30.444" endtime="20220628 21:43:30.557"></status>
</kw>
<status status="PASS" starttime="20220628 21:43:30.443" endtime="20220628 21:43:30.557"></status>
</kw>
<kw name="Verify No Data" library="awp">
<kw name="Wait Until Element Is Visible" library="SeleniumLibrary">
<doc>Waits until element ``locator`` is visible.</doc>
<arguments>
<arg>${verifyNoData}</arg>
</arguments>
<status status="PASS" starttime="20220628 21:43:30.558" endtime="20220628 21:43:31.317"></status>
</kw>
<kw name="Page Should Contain Element" library="SeleniumLibrary">
<doc>Verifies that element ``locator`` is found on the current page.</doc>
<arguments>
<arg>${verifyNoData}</arg>
</arguments>
<msg timestamp="20220628 21:43:31.344" level="INFO">Current page contains element '//td[text()='No data!']'.</msg>
<status status="PASS" starttime="20220628 21:43:31.318" endtime="20220628 21:43:31.345"></status>
</kw>
<status status="PASS" starttime="20220628 21:43:30.557" endtime="20220628 21:43:31.345"></status>
</kw>
<status status="PASS" starttime="20220628 21:43:27.779" endtime="20220628 21:43:31.346"></status>
</kw>
<kw name="Scenario 14: User Download Export AWP ke Doc">
<kw name="Click Button Export Awp ke Doc" library="awp">
<kw name="Wait Until Element Is Visible" library="SeleniumLibrary">
<doc>Waits until element ``locator`` is visible.</doc>
<arguments>
<arg>${exportAwpDoc}</arg>
<arg>timeout=30s</arg>
</arguments>
<status status="PASS" starttime="20220628 21:43:31.349" endtime="20220628 21:43:31.430"></status>
</kw>
<kw name="Click Element" library="SeleniumLibrary">
<doc>Click element identified by ``locator``.</doc>
<arguments>
<arg>${exportAwpDoc}</arg>
</arguments>
<msg timestamp="20220628 21:43:31.432" level="INFO">Clicking element '//label[text()='Export AWP ke Doc']'.</msg>
<status status="PASS" starttime="20220628 21:43:31.431" endtime="20220628 21:43:31.677"></status>
</kw>
<status status="PASS" starttime="20220628 21:43:31.348" endtime="20220628 21:43:31.678"></status>
</kw>
<kw name="Pilih Export 2021" library="awp">
<kw name="Click Element" library="SeleniumLibrary">
<doc>Click element identified by ``locator``.</doc>
<arguments>
<arg>${export2021}</arg>
</arguments>
<msg timestamp="20220628 21:43:31.681" level="INFO">Clicking element '//label[text()='Export Tahun 2021']'.</msg>
<status status="PASS" starttime="20220628 21:43:31.679" endtime="20220628 21:43:31.815"></status>
</kw>
<kw name="Wait Until Element Is Visible" library="SeleniumLibrary">
<doc>Waits until element ``locator`` is visible.</doc>
<arguments>
<arg>${DownloadAwp}</arg>
</arguments>
<status status="PASS" starttime="20220628 21:43:31.816" endtime="20220628 21:43:32.612"></status>
</kw>
<status status="PASS" starttime="20220628 21:43:31.678" endtime="20220628 21:43:32.613"></status>
</kw>
<kw name="Click Donwload Awp" library="awp">
<kw name="Click Element" library="SeleniumLibrary">
<doc>Click element identified by ``locator``.</doc>
<arguments>
<arg>${DownloadAwp}</arg>
</arguments>
<msg timestamp="20220628 21:43:32.614" level="INFO">Clicking element '//label[text()='Download AWP']'.</msg>
<status status="PASS" starttime="20220628 21:43:32.614" endtime="20220628 21:43:32.779"></status>
</kw>
<status status="PASS" starttime="20220628 21:43:32.613" endtime="20220628 21:43:32.779"></status>
</kw>
<status status="PASS" starttime="20220628 21:43:31.347" endtime="20220628 21:43:32.779"></status>
</kw>
<kw name="Scenario 15: User Edit Informasi Tambahan pada Konfirmasi Export AWP">
<kw name="Click Button Export Awp ke Doc" library="awp">
<kw name="Wait Until Element Is Visible" library="SeleniumLibrary">
<doc>Waits until element ``locator`` is visible.</doc>
<arguments>
<arg>${exportAwpDoc}</arg>
<arg>timeout=30s</arg>
</arguments>
<status status="PASS" starttime="20220628 21:43:32.782" endtime="20220628 21:43:43.990"></status>
</kw>
<kw name="Click Element" library="SeleniumLibrary">
<doc>Click element identified by ``locator``.</doc>
<arguments>
<arg>${exportAwpDoc}</arg>
</arguments>
<msg timestamp="20220628 21:43:43.991" level="INFO">Clicking element '//label[text()='Export AWP ke Doc']'.</msg>
<status status="PASS" starttime="20220628 21:43:43.991" endtime="20220628 21:43:44.415"></status>
</kw>
<status status="PASS" starttime="20220628 21:43:32.781" endtime="20220628 21:43:44.416"></status>
</kw>
<kw name="Pilih Export 2021" library="awp">
<kw name="Click Element" library="SeleniumLibrary">
<doc>Click element identified by ``locator``.</doc>
<arguments>
<arg>${export2021}</arg>
</arguments>
<msg timestamp="20220628 21:43:44.418" level="INFO">Clicking element '//label[text()='Export Tahun 2021']'.</msg>
<status status="PASS" starttime="20220628 21:43:44.417" endtime="20220628 21:43:44.609"></status>
</kw>
<kw name="Wait Until Element Is Visible" library="SeleniumLibrary">
<doc>Waits until element ``locator`` is visible.</doc>
<arguments>
<arg>${DownloadAwp}</arg>
</arguments>
<status status="PASS" starttime="20220628 21:43:44.609" endtime="20220628 21:43:45.356"></status>
</kw>
<status status="PASS" starttime="20220628 21:43:44.416" endtime="20220628 21:43:45.358"></status>
</kw>
<kw name="Click Edit Informasi Tambahan" library="awp">
<kw name="Click Element" library="SeleniumLibrary">
<doc>Click element identified by ``locator``.</doc>
<arguments>
<arg>${editInfoTambahan}</arg>
</arguments>
<msg timestamp="20220628 21:43:45.363" level="INFO">Clicking element '//label[text()='Edit Informasi Tambahan']'.</msg>
<status status="PASS" starttime="20220628 21:43:45.361" endtime="20220628 21:43:45.628"></status>
</kw>
<status status="PASS" starttime="20220628 21:43:45.359" endtime="20220628 21:43:45.629"></status>
</kw>
<status status="PASS" starttime="20220628 21:43:32.780" endtime="20220628 21:43:45.629"></status>
</kw>
<kw name="Scenario 16: User Input Capaian PDO">
<kw name="Input Capaian PDO" library="awp">
<kw name="Wait Until Element Is Visible" library="SeleniumLibrary">
<doc>Waits until element ``locator`` is visible.</doc>
<arguments>
<arg>${btnLanjut}</arg>
<arg>timeout=30s</arg>
</arguments>
<status status="PASS" starttime="20220628 21:43:45.635" endtime="20220628 21:43:49.973"></status>
</kw>
<kw name="Execute Javascript" library="SeleniumLibrary">
<doc>Executes the given JavaScript code with possible arguments.</doc>
<arguments>
<arg>document.evaluate("${btnLanjut}",</arg>
<arg>document, null, XPathResult.ORDERED_NODE_SNAPSHOT_TYPE, null).</arg>
<arg>snapshotItem(0).click();</arg>
</arguments>
<msg timestamp="20220628 21:43:49.975" level="INFO">Executing JavaScript:
document.evaluate("//button[text()='Lanjut']",document, null, XPathResult.ORDERED_NODE_SNAPSHOT_TYPE, null).snapshotItem(0).click();
Without any arguments.</msg>
<status status="PASS" starttime="20220628 21:43:49.974" endtime="20220628 21:43:50.092"></status>
</kw>
<kw name="Execute Javascript" library="SeleniumLibrary">
<doc>Executes the given JavaScript code with possible arguments.</doc>
<arguments>
<arg>document.evaluate("${btnLanjut}",</arg>
<arg>document, null, XPathResult.ORDERED_NODE_SNAPSHOT_TYPE, null).</arg>
<arg>snapshotItem(0).click();</arg>
</arguments>
<msg timestamp="20220628 21:43:50.093" level="INFO">Executing JavaScript:
document.evaluate("//button[text()='Lanjut']",document, null, XPathResult.ORDERED_NODE_SNAPSHOT_TYPE, null).snapshotItem(0).click();
Without any arguments.</msg>
<status status="PASS" starttime="20220628 21:43:50.092" endtime="20220628 21:43:50.107"></status>
</kw>
<kw name="Wait Until Element Is Visible" library="SeleniumLibrary">
<doc>Waits until element ``locator`` is visible.</doc>
<arguments>
<arg>${inputCapaian}</arg>
<arg>timeout=30s</arg>
</arguments>
<kw name="Capture Page Screenshot" library="SeleniumLibrary">
<doc>Takes screenshot of the current page and embeds it into log file.</doc>
<msg timestamp="20220628 21:44:20.672" level="INFO" html="yes">&lt;/td&gt;&lt;/tr&gt;&lt;tr&gt;&lt;td colspan="3"&gt;&lt;a href="selenium-screenshot-67.png"&gt;&lt;img src="selenium-screenshot-67.png" width="800px"&gt;&lt;/a&gt;</msg>
<status status="PASS" starttime="20220628 21:44:20.294" endtime="20220628 21:44:20.672"></status>
</kw>
<msg timestamp="20220628 21:44:20.673" level="FAIL">Element '//*[@role = 'textbox' and @aria-label = 'Rich Text Editor, main']' not visible after 30 seconds.</msg>
<status status="FAIL" starttime="20220628 21:43:50.107" endtime="20220628 21:44:20.673"></status>
</kw>
<status status="FAIL" starttime="20220628 21:43:45.633" endtime="20220628 21:44:20.673"></status>
</kw>
<status status="FAIL" starttime="20220628 21:43:45.632" endtime="20220628 21:44:20.677"></status>
</kw>
<doc>Regression Menu AWP</doc>
<tags>
<tag>Functionality</tag>
</tags>
<status status="FAIL" starttime="20220628 21:43:01.650" endtime="20220628 21:44:20.678" critical="yes">Element '//*[@role = 'textbox' and @aria-label = 'Rich Text Editor, main']' not visible after 30 seconds.</status>
</test>
<doc>Regression Test Menu AWP</doc>
<status status="FAIL" starttime="20220628 21:43:01.149" endtime="20220628 21:44:20.681"></status>
</suite>
<statistics>
<total>
<stat pass="0" fail="1">Critical Tests</stat>
<stat pass="0" fail="1">All Tests</stat>
</total>
<tag>
<stat pass="0" fail="1">Functionality</stat>
</tag>
<suite>
<stat pass="0" fail="1" id="s1" name="05 Awp">05 Awp</stat>
</suite>
</statistics>
<errors>
</errors>
</robot>
