<?xml version="1.0" encoding="UTF-8"?>
<robot generator="Robot 3.2.2 (Python 3.8.5 on win32)" generated="20220718 06:13:20.346" rpa="false">
<suite id="s1" name="16 Event" source="D:\pyCharmProject\pmrms-testing-new\Features\16_Event.robot">
<test id="s1-t1" name="Menu Event">
<kw name="Scenario 1: Login with username valid and password valid">
<kw name="Given Login page is open" library="login">
<kw name="Open Browser" library="browser">
<kw name="Start Testcase Headless" library="browser">
<kw name="Evaluate" library="BuiltIn">
<doc>Evaluates the given expression in Python and returns the result.</doc>
<arguments>
<arg>sys.modules['selenium.webdriver'].ChromeOptions()</arg>
</arguments>
<assign>
<var>${options}</var>
</assign>
<msg timestamp="20220718 06:13:20.588" level="INFO">${options} = &lt;selenium.webdriver.chrome.options.Options object at 0x03A6C5B0&gt;</msg>
<status status="PASS" starttime="20220718 06:13:20.588" endtime="20220718 06:13:20.588"></status>
</kw>
<kw name="Call Method" library="BuiltIn">
<doc>Calls the named method of the given object with the provided arguments.</doc>
<arguments>
<arg>${options}</arg>
<arg>add_argument</arg>
<arg>--ignore-certificate-errors</arg>
</arguments>
<status status="PASS" starttime="20220718 06:13:20.588" endtime="20220718 06:13:20.588"></status>
</kw>
<kw name="Call Method" library="BuiltIn">
<doc>Calls the named method of the given object with the provided arguments.</doc>
<arguments>
<arg>${options}</arg>
<arg>add_argument</arg>
<arg>--ignore-ssl-errors</arg>
</arguments>
<status status="PASS" starttime="20220718 06:13:20.588" endtime="20220718 06:13:20.589"></status>
</kw>
<kw name="Call Method" library="BuiltIn">
<doc>Calls the named method of the given object with the provided arguments.</doc>
<arguments>
<arg>${options}</arg>
<arg>add_argument</arg>
<arg>--disable-notifications</arg>
</arguments>
<status status="PASS" starttime="20220718 06:13:20.589" endtime="20220718 06:13:20.589"></status>
</kw>
<kw name="Call Method" library="BuiltIn">
<doc>Calls the named method of the given object with the provided arguments.</doc>
<arguments>
<arg>${options}</arg>
<arg>add_argument</arg>
<arg>--no-sandbox</arg>
</arguments>
<status status="PASS" starttime="20220718 06:13:20.589" endtime="20220718 06:13:20.589"></status>
</kw>
<kw name="Call Method" library="BuiltIn">
<doc>Calls the named method of the given object with the provided arguments.</doc>
<arguments>
<arg>${options}</arg>
<arg>add_argument</arg>
<arg>--disable-gpu</arg>
</arguments>
<status status="PASS" starttime="20220718 06:13:20.589" endtime="20220718 06:13:20.589"></status>
</kw>
<kw name="Call Method" library="BuiltIn">
<doc>Calls the named method of the given object with the provided arguments.</doc>
<arguments>
<arg>${options}</arg>
<arg>add_argument</arg>
<arg>--window-size\=1366,768</arg>
</arguments>
<status status="PASS" starttime="20220718 06:13:20.590" endtime="20220718 06:13:20.590"></status>
</kw>
<kw name="Call Method" library="BuiltIn">
<doc>Calls the named method of the given object with the provided arguments.</doc>
<arguments>
<arg>${options}</arg>
<arg>add_argument</arg>
<arg>--disable-dev-shm-usage</arg>
</arguments>
<status status="PASS" starttime="20220718 06:13:20.590" endtime="20220718 06:13:20.590"></status>
</kw>
<kw name="Create Webdriver" library="SeleniumLibrary">
<doc>Creates an instance of Selenium WebDriver.</doc>
<arguments>
<arg>Chrome</arg>
<arg>chrome_options=${options}</arg>
</arguments>
<msg timestamp="20220718 06:13:20.590" level="INFO">Creating an instance of the Chrome WebDriver.</msg>
<status status="PASS" starttime="20220718 06:13:20.590" endtime="20220718 06:13:21.864"></status>
</kw>
<status status="PASS" starttime="20220718 06:13:20.587" endtime="20220718 06:13:21.865"></status>
</kw>
<kw name="Go To" library="SeleniumLibrary">
<doc>Navigates the active browser instance to the provided ``url``.</doc>
<arguments>
<arg>${chrome_browser}</arg>
</arguments>
<msg timestamp="20220718 06:13:21.865" level="INFO">Opening url 'http://pmrms.greatpmo.com/admin/login'</msg>
<status status="PASS" starttime="20220718 06:13:21.865" endtime="20220718 06:13:25.948"></status>
</kw>
<status status="PASS" starttime="20220718 06:13:20.587" endtime="20220718 06:13:25.948"></status>
</kw>
<status status="PASS" starttime="20220718 06:13:20.587" endtime="20220718 06:13:25.948"></status>
</kw>
<kw name="And Input Username Consultant" library="login">
<kw name="Input Text" library="SeleniumLibrary">
<doc>Types the given ``text`` into text field identified by ``locator``.</doc>
<arguments>
<arg>${username}</arg>
<arg>farmanizhar@madrasah.kemenag.go.id</arg>
</arguments>
<msg timestamp="20220718 06:13:25.949" level="INFO">Typing text 'farmanizhar@madrasah.kemenag.go.id' into text field '//input[@id='email']'.</msg>
<status status="PASS" starttime="20220718 06:13:25.949" endtime="20220718 06:13:26.060"></status>
</kw>
<status status="PASS" starttime="20220718 06:13:25.948" endtime="20220718 06:13:26.061"></status>
</kw>
<kw name="And Input Valid Password" library="login">
<kw name="Input Text" library="SeleniumLibrary">
<doc>Types the given ``text`` into text field identified by ``locator``.</doc>
<arguments>
<arg>${pwd}</arg>
<arg>${adm_pwd}</arg>
</arguments>
<msg timestamp="20220718 06:13:26.061" level="INFO">Typing text 'User@madrasah2022' into text field '//input[@type='password']'.</msg>
<status status="PASS" starttime="20220718 06:13:26.061" endtime="20220718 06:13:26.151"></status>
</kw>
<status status="PASS" starttime="20220718 06:13:26.061" endtime="20220718 06:13:26.151"></status>
</kw>
<kw name="When Click button submit" library="login">
<kw name="Execute Javascript" library="SeleniumLibrary">
<doc>Executes the given JavaScript code with possible arguments.</doc>
<arguments>
<arg>document.evaluate("${btnSubmit}",</arg>
<arg>document, null, XPathResult.ORDERED_NODE_SNAPSHOT_TYPE, null).</arg>
<arg>snapshotItem(0).click();</arg>
</arguments>
<msg timestamp="20220718 06:13:26.152" level="INFO">Executing JavaScript:
document.evaluate("//button[@class='btn']",document, null, XPathResult.ORDERED_NODE_SNAPSHOT_TYPE, null).snapshotItem(0).click();
Without any arguments.</msg>
<status status="PASS" starttime="20220718 06:13:26.152" endtime="20220718 06:13:26.161"></status>
</kw>
<status status="PASS" starttime="20220718 06:13:26.151" endtime="20220718 06:13:26.161"></status>
</kw>
<kw name="Then Verify Home Page is open" library="login">
<kw name="Wait Until Element Is Visible" library="SeleniumLibrary">
<doc>Waits until element ``locator`` is visible.</doc>
<arguments>
<arg>${Verify_Profile}</arg>
<arg>timeout=30s</arg>
</arguments>
<status status="PASS" starttime="20220718 06:13:26.161" endtime="20220718 06:13:27.695"></status>
</kw>
<kw name="Page Should Contain Element" library="SeleniumLibrary">
<doc>Verifies that element ``locator`` is found on the current page.</doc>
<arguments>
<arg>${Verify_Profile}</arg>
</arguments>
<msg timestamp="20220718 06:13:27.704" level="INFO">Current page contains element 'css= .profile-button'.</msg>
<status status="PASS" starttime="20220718 06:13:27.695" endtime="20220718 06:13:27.704"></status>
</kw>
<status status="PASS" starttime="20220718 06:13:26.161" endtime="20220718 06:13:27.704"></status>
</kw>
<status status="PASS" starttime="20220718 06:13:20.586" endtime="20220718 06:13:27.704"></status>
</kw>
<kw name="Scenario 2: User mengklik sidebar menu Event">
<kw name="Click Menu Event" library="event">
<kw name="Wait Until Element Is Visible" library="SeleniumLibrary">
<doc>Waits until element ``locator`` is visible.</doc>
<arguments>
<arg>${menuEvent}</arg>
<arg>timeout=30s</arg>
</arguments>
<status status="PASS" starttime="20220718 06:13:27.706" endtime="20220718 06:13:29.034"></status>
</kw>
<kw name="Click Element" library="SeleniumLibrary">
<doc>Click element identified by ``locator``.</doc>
<arguments>
<arg>${menuEvent}</arg>
</arguments>
<msg timestamp="20220718 06:13:29.035" level="INFO">Clicking element '//a[@href='/activity/event']'.</msg>
<status status="PASS" starttime="20220718 06:13:29.034" endtime="20220718 06:13:29.087"></status>
</kw>
<status status="PASS" starttime="20220718 06:13:27.706" endtime="20220718 06:13:29.088"></status>
</kw>
<kw name="Verify Page Event" library="event">
<kw name="Wait Until Element Is Visible" library="SeleniumLibrary">
<doc>Waits until element ``locator`` is visible.</doc>
<arguments>
<arg>${verifyEvent}</arg>
<arg>timeout=30s</arg>
</arguments>
<status status="PASS" starttime="20220718 06:13:29.089" endtime="20220718 06:13:30.903"></status>
</kw>
<kw name="Page Should Contain Element" library="SeleniumLibrary">
<doc>Verifies that element ``locator`` is found on the current page.</doc>
<arguments>
<arg>${verifyEvent}</arg>
</arguments>
<msg timestamp="20220718 06:13:30.911" level="INFO">Current page contains element '//label[@class='title-header']'.</msg>
<status status="PASS" starttime="20220718 06:13:30.904" endtime="20220718 06:13:30.911"></status>
</kw>
<status status="PASS" starttime="20220718 06:13:29.088" endtime="20220718 06:13:30.911"></status>
</kw>
<status status="PASS" starttime="20220718 06:13:27.705" endtime="20220718 06:13:30.911"></status>
</kw>
<kw name="Scenario 4: User melakukan pencarian data by nama kegiatan">
<kw name="Search Pencarian by Nama Kegiatan" library="event">
<kw name="Go To" library="SeleniumLibrary">
<doc>Navigates the active browser instance to the provided ``url``.</doc>
<arguments>
<arg>http://pmrms.greatpmo.com/activity/event</arg>
</arguments>
<msg timestamp="20220718 06:13:30.912" level="INFO">Opening url 'http://pmrms.greatpmo.com/activity/event'</msg>
<status status="PASS" starttime="20220718 06:13:30.912" endtime="20220718 06:13:31.588"></status>
</kw>
<kw name="Wait Until Element Is Visible" library="SeleniumLibrary">
<doc>Waits until element ``locator`` is visible.</doc>
<arguments>
<arg>${inputCari}</arg>
<arg>timeout=30s</arg>
</arguments>
<status status="PASS" starttime="20220718 06:13:31.589" endtime="20220718 06:13:31.612"></status>
</kw>
<kw name="Input Text" library="SeleniumLibrary">
<doc>Types the given ``text`` into text field identified by ``locator``.</doc>
<arguments>
<arg>${inputCari}</arg>
<arg>Automation Testing</arg>
</arguments>
<msg timestamp="20220718 06:13:31.612" level="INFO">Typing text 'Automation Testing' into text field '//input[contains(@class,'form-control ng-untouched')]'.</msg>
<status status="PASS" starttime="20220718 06:13:31.612" endtime="20220718 06:13:31.740"></status>
</kw>
<status status="PASS" starttime="20220718 06:13:30.912" endtime="20220718 06:13:31.740"></status>
</kw>
<kw name="Click Button Cari" library="event">
<kw name="Click Element" library="SeleniumLibrary">
<doc>Click element identified by ``locator``.</doc>
<arguments>
<arg>${btnCari}</arg>
</arguments>
<msg timestamp="20220718 06:13:31.741" level="INFO">Clicking element '//button[text()='Cari']'.</msg>
<status status="PASS" starttime="20220718 06:13:31.741" endtime="20220718 06:13:31.796"></status>
</kw>
<status status="PASS" starttime="20220718 06:13:31.741" endtime="20220718 06:13:31.796"></status>
</kw>
<status status="PASS" starttime="20220718 06:13:30.912" endtime="20220718 06:13:31.796"></status>
</kw>
<kw name="Scenario 24: Go to Detail Event">
<kw name="Go To" library="SeleniumLibrary">
<doc>Navigates the active browser instance to the provided ``url``.</doc>
<arguments>
<arg>http://pmrms.greatpmo.com/activity/event</arg>
</arguments>
<msg timestamp="20220718 06:13:31.798" level="INFO">Opening url 'http://pmrms.greatpmo.com/activity/event'</msg>
<status status="PASS" starttime="20220718 06:13:31.797" endtime="20220718 06:13:32.336"></status>
</kw>
<status status="PASS" starttime="20220718 06:13:31.797" endtime="20220718 06:13:32.337"></status>
</kw>
<kw name="Scenario 25: Sort Status">
<kw name="Wait Until Element Is Visible" library="SeleniumLibrary">
<doc>Waits until element ``locator`` is visible.</doc>
<arguments>
<arg>//th[text()='Status']</arg>
<arg>timeout=30s</arg>
</arguments>
<kw name="Capture Page Screenshot" library="SeleniumLibrary">
<doc>Takes screenshot of the current page and embeds it into log file.</doc>
<msg timestamp="20220718 06:14:02.783" level="INFO" html="yes">&lt;/td&gt;&lt;/tr&gt;&lt;tr&gt;&lt;td colspan="3"&gt;&lt;a href="selenium-screenshot-141.png"&gt;&lt;img src="selenium-screenshot-141.png" width="800px"&gt;&lt;/a&gt;</msg>
<status status="PASS" starttime="20220718 06:14:02.564" endtime="20220718 06:14:02.783"></status>
</kw>
<msg timestamp="20220718 06:14:02.784" level="FAIL">Element '//th[text()='Status']' not visible after 30 seconds.</msg>
<status status="FAIL" starttime="20220718 06:13:32.339" endtime="20220718 06:14:02.784"></status>
</kw>
<status status="FAIL" starttime="20220718 06:13:32.338" endtime="20220718 06:14:02.784"></status>
</kw>
<kw name="Finish Testcase" library="browser" type="teardown">
<kw name="Close Browser" library="SeleniumLibrary">
<doc>Closes the current browser.</doc>
<status status="PASS" starttime="20220718 06:14:02.786" endtime="20220718 06:14:05.046"></status>
</kw>
<status status="PASS" starttime="20220718 06:14:02.785" endtime="20220718 06:14:05.047"></status>
</kw>
<doc>Regression Menu Event</doc>
<tags>
<tag>Functionality</tag>
</tags>
<status status="FAIL" starttime="20220718 06:13:20.586" endtime="20220718 06:14:05.048" critical="yes">Element '//th[text()='Status']' not visible after 30 seconds.</status>
</test>
<doc>Regression Test Menu Event</doc>
<status status="FAIL" starttime="20220718 06:13:20.348" endtime="20220718 06:14:05.054"></status>
</suite>
<statistics>
<total>
<stat pass="0" fail="1">Critical Tests</stat>
<stat pass="0" fail="1">All Tests</stat>
</total>
<tag>
<stat pass="0" fail="1">Functionality</stat>
</tag>
<suite>
<stat pass="0" fail="1" id="s1" name="16 Event">16 Event</stat>
</suite>
</statistics>
<errors>
</errors>
</robot>
